CRITICAL - 2021-09-20 00:25:30 --> Invalid file: Arsip_masuk/arsip_masuk.php
#0 C:\Users\ACER\pengarsipan\vendor\codeigniter4\framework\system\View\View.php(198): CodeIgniter\Exceptions\FrameworkException::forInvalidFile('Arsip_masuk/ars...')
#1 C:\Users\ACER\pengarsipan\vendor\codeigniter4\framework\system\Common.php(1092): CodeIgniter\View\View->render('Arsip_masuk/ars...', Array, true)
#2 C:\Users\ACER\pengarsipan\app\Controllers\Arsip_masuk.php(12): view('Arsip_masuk/ars...')
#3 C:\Users\ACER\pengarsipan\vendor\codeigniter4\framework\system\CodeIgniter.php(802): App\Controllers\Arsip_Masuk->index()
#4 C:\Users\ACER\pengarsipan\vendor\codeigniter4\framework\system\CodeIgniter.php(399): CodeIgniter\CodeIgniter->runController(Object(App\Controllers\Arsip_Masuk))
#5 C:\Users\ACER\pengarsipan\vendor\codeigniter4\framework\system\CodeIgniter.php(317): CodeIgniter\CodeIgniter->handleRequest(NULL, Object(Config\Cache), false)
#6 C:\Users\ACER\pengarsipan\public\index.php(37): CodeIgniter\CodeIgniter->run()
#7 C:\Users\ACER\pengarsipan\vendor\codeigniter4\framework\system\Commands\Server\rewrite.php(43): require_once('C:\\Users\\ACER\\p...')
#8 {main}
CRITICAL - 2021-09-20 01:26:57 --> Invalid file: Arsip_masuk/arsip_masuk.php
#0 C:\Users\ACER\pengarsipan\vendor\codeigniter4\framework\system\View\View.php(198): CodeIgniter\Exceptions\FrameworkException::forInvalidFile('Arsip_masuk/ars...')
#1 C:\Users\ACER\pengarsipan\vendor\codeigniter4\framework\system\Common.php(1092): CodeIgniter\View\View->render('Arsip_masuk/ars...', Array, true)
#2 C:\Users\ACER\pengarsipan\app\Controllers\Arsip_masuk.php(12): view('Arsip_masuk/ars...')
#3 C:\Users\ACER\pengarsipan\vendor\codeigniter4\framework\system\CodeIgniter.php(802): App\Controllers\Arsip_Masuk->index()
#4 C:\Users\ACER\pengarsipan\vendor\codeigniter4\framework\system\CodeIgniter.php(399): CodeIgniter\CodeIgniter->runController(Object(App\Controllers\Arsip_Masuk))
#5 C:\Users\ACER\pengarsipan\vendor\codeigniter4\framework\system\CodeIgniter.php(317): CodeIgniter\CodeIgniter->handleRequest(NULL, Object(Config\Cache), false)
#6 C:\Users\ACER\pengarsipan\public\index.php(37): CodeIgniter\CodeIgniter->run()
#7 C:\Users\ACER\pengarsipan\vendor\codeigniter4\framework\system\Commands\Server\rewrite.php(43): require_once('C:\\Users\\ACER\\p...')
#8 {main}
CRITICAL - 2021-09-20 02:07:46 --> Invalid file: Arsip_masuk/arsip_masuk.php
#0 C:\Users\ACER\pengarsipan\vendor\codeigniter4\framework\system\View\View.php(198): CodeIgniter\Exceptions\FrameworkException::forInvalidFile('Arsip_masuk/ars...')
#1 C:\Users\ACER\pengarsipan\vendor\codeigniter4\framework\system\Common.php(1092): CodeIgniter\View\View->render('Arsip_masuk/ars...', Array, true)
#2 C:\Users\ACER\pengarsipan\app\Controllers\Arsip_masuk.php(12): view('Arsip_masuk/ars...')
#3 C:\Users\ACER\pengarsipan\vendor\codeigniter4\framework\system\CodeIgniter.php(802): App\Controllers\Arsip_Masuk->index()
#4 C:\Users\ACER\pengarsipan\vendor\codeigniter4\framework\system\CodeIgniter.php(399): CodeIgniter\CodeIgniter->runController(Object(App\Controllers\Arsip_Masuk))
#5 C:\Users\ACER\pengarsipan\vendor\codeigniter4\framework\system\CodeIgniter.php(317): CodeIgniter\CodeIgniter->handleRequest(NULL, Object(Config\Cache), false)
#6 C:\Users\ACER\pengarsipan\public\index.php(37): CodeIgniter\CodeIgniter->run()
#7 C:\Users\ACER\pengarsipan\vendor\codeigniter4\framework\system\Commands\Server\rewrite.php(43): require_once('C:\\Users\\ACER\\p...')
#8 {main}
CRITICAL - 2021-09-20 02:08:43 --> Invalid file: Arsip_masuk/arsip_masuk.php
#0 C:\Users\ACER\pengarsipan\vendor\codeigniter4\framework\system\View\View.php(198): CodeIgniter\Exceptions\FrameworkException::forInvalidFile('Arsip_masuk/ars...')
#1 C:\Users\ACER\pengarsipan\vendor\codeigniter4\framework\system\Common.php(1092): CodeIgniter\View\View->render('Arsip_masuk/ars...', Array, true)
#2 C:\Users\ACER\pengarsipan\app\Controllers\Arsip_masuk.php(12): view('Arsip_masuk/ars...')
#3 C:\Users\ACER\pengarsipan\vendor\codeigniter4\framework\system\CodeIgniter.php(802): App\Controllers\Arsip_Masuk->index()
#4 C:\Users\ACER\pengarsipan\vendor\codeigniter4\framework\system\CodeIgniter.php(399): CodeIgniter\CodeIgniter->runController(Object(App\Controllers\Arsip_Masuk))
#5 C:\Users\ACER\pengarsipan\vendor\codeigniter4\framework\system\CodeIgniter.php(317): CodeIgniter\CodeIgniter->handleRequest(NULL, Object(Config\Cache), false)
#6 C:\Users\ACER\pengarsipan\public\index.php(37): CodeIgniter\CodeIgniter->run()
#7 C:\Users\ACER\pengarsipan\vendor\codeigniter4\framework\system\Commands\Server\rewrite.php(43): require_once('C:\\Users\\ACER\\p...')
#8 {main}
CRITICAL - 2021-09-20 02:15:21 --> Invalid file: Arsip_masuk.php
#0 C:\Users\ACER\pengarsipan\vendor\codeigniter4\framework\system\View\View.php(198): CodeIgniter\Exceptions\FrameworkException::forInvalidFile('Arsip_masuk.php')
#1 C:\Users\ACER\pengarsipan\vendor\codeigniter4\framework\system\Common.php(1092): CodeIgniter\View\View->render('Arsip_masuk', Array, true)
#2 C:\Users\ACER\pengarsipan\app\Controllers\Arsip_masuk.php(12): view('Arsip_masuk')
#3 C:\Users\ACER\pengarsipan\vendor\codeigniter4\framework\system\CodeIgniter.php(802): App\Controllers\Arsip_Masuk->index()
#4 C:\Users\ACER\pengarsipan\vendor\codeigniter4\framework\system\CodeIgniter.php(399): CodeIgniter\CodeIgniter->runController(Object(App\Controllers\Arsip_Masuk))
#5 C:\Users\ACER\pengarsipan\vendor\codeigniter4\framework\system\CodeIgniter.php(317): CodeIgniter\CodeIgniter->handleRequest(NULL, Object(Config\Cache), false)
#6 C:\Users\ACER\pengarsipan\public\index.php(37): CodeIgniter\CodeIgniter->run()
#7 C:\Users\ACER\pengarsipan\vendor\codeigniter4\framework\system\Commands\Server\rewrite.php(43): require_once('C:\\Users\\ACER\\p...')
#8 {main}
CRITICAL - 2021-09-20 02:18:05 --> Invalid file: Arsip_masuk.php
#0 C:\Users\ACER\pengarsipan\vendor\codeigniter4\framework\system\View\View.php(198): CodeIgniter\Exceptions\FrameworkException::forInvalidFile('Arsip_masuk.php')
#1 C:\Users\ACER\pengarsipan\vendor\codeigniter4\framework\system\Common.php(1092): CodeIgniter\View\View->render('Arsip_masuk', Array, true)
#2 C:\Users\ACER\pengarsipan\app\Controllers\Arsip_masuk.php(12): view('Arsip_masuk')
#3 C:\Users\ACER\pengarsipan\vendor\codeigniter4\framework\system\CodeIgniter.php(802): App\Controllers\Arsip_Masuk->index()
#4 C:\Users\ACER\pengarsipan\vendor\codeigniter4\framework\system\CodeIgniter.php(399): CodeIgniter\CodeIgniter->runController(Object(App\Controllers\Arsip_Masuk))
#5 C:\Users\ACER\pengarsipan\vendor\codeigniter4\framework\system\CodeIgniter.php(317): CodeIgniter\CodeIgniter->handleRequest(NULL, Object(Config\Cache), false)
#6 C:\Users\ACER\pengarsipan\public\index.php(37): CodeIgniter\CodeIgniter->run()
#7 C:\Users\ACER\pengarsipan\vendor\codeigniter4\framework\system\Commands\Server\rewrite.php(43): require_once('C:\\Users\\ACER\\p...')
#8 {main}
CRITICAL - 2021-09-20 02:20:24 --> Invalid file: Arsip_masuk.php
#0 C:\Users\ACER\pengarsipan\vendor\codeigniter4\framework\system\View\View.php(198): CodeIgniter\Exceptions\FrameworkException::forInvalidFile('Arsip_masuk.php')
#1 C:\Users\ACER\pengarsipan\vendor\codeigniter4\framework\system\Common.php(1092): CodeIgniter\View\View->render('Arsip_masuk', Array, true)
#2 C:\Users\ACER\pengarsipan\app\Controllers\Arsip_masuk.php(12): view('Arsip_masuk')
#3 C:\Users\ACER\pengarsipan\vendor\codeigniter4\framework\system\CodeIgniter.php(802): App\Controllers\Arsip_Masuk->index()
#4 C:\Users\ACER\pengarsipan\vendor\codeigniter4\framework\system\CodeIgniter.php(399): CodeIgniter\CodeIgniter->runController(Object(App\Controllers\Arsip_Masuk))
#5 C:\Users\ACER\pengarsipan\vendor\codeigniter4\framework\system\CodeIgniter.php(317): CodeIgniter\CodeIgniter->handleRequest(NULL, Object(Config\Cache), false)
#6 C:\Users\ACER\pengarsipan\public\index.php(37): CodeIgniter\CodeIgniter->run()
#7 C:\Users\ACER\pengarsipan\vendor\codeigniter4\framework\system\Commands\Server\rewrite.php(43): require_once('C:\\Users\\ACER\\p...')
#8 {main}
CRITICAL - 2021-09-20 02:25:20 --> Invalid file: arsipmasuk.php
#0 C:\Users\ACER\pengarsipan\vendor\codeigniter4\framework\system\View\View.php(198): CodeIgniter\Exceptions\FrameworkException::forInvalidFile('arsipmasuk.php')
#1 C:\Users\ACER\pengarsipan\vendor\codeigniter4\framework\system\Common.php(1092): CodeIgniter\View\View->render('arsipmasuk', Array, true)
#2 C:\Users\ACER\pengarsipan\app\Controllers\ArsipMasuk.php(12): view('arsipmasuk')
#3 C:\Users\ACER\pengarsipan\vendor\codeigniter4\framework\system\CodeIgniter.php(802): App\Controllers\ArsipMasuk->index()
#4 C:\Users\ACER\pengarsipan\vendor\codeigniter4\framework\system\CodeIgniter.php(399): CodeIgniter\CodeIgniter->runController(Object(App\Controllers\ArsipMasuk))
#5 C:\Users\ACER\pengarsipan\vendor\codeigniter4\framework\system\CodeIgniter.php(317): CodeIgniter\CodeIgniter->handleRequest(NULL, Object(Config\Cache), false)
#6 C:\Users\ACER\pengarsipan\public\index.php(37): CodeIgniter\CodeIgniter->run()
#7 C:\Users\ACER\pengarsipan\vendor\codeigniter4\framework\system\Commands\Server\rewrite.php(43): require_once('C:\\Users\\ACER\\p...')
#8 {main}
CRITICAL - 2021-09-20 02:25:34 --> Invalid file: arsipmasuk.php
#0 C:\Users\ACER\pengarsipan\vendor\codeigniter4\framework\system\View\View.php(198): CodeIgniter\Exceptions\FrameworkException::forInvalidFile('arsipmasuk.php')
#1 C:\Users\ACER\pengarsipan\vendor\codeigniter4\framework\system\Common.php(1092): CodeIgniter\View\View->render('arsipmasuk', Array, true)
#2 C:\Users\ACER\pengarsipan\app\Controllers\ArsipMasuk.php(12): view('arsipmasuk')
#3 C:\Users\ACER\pengarsipan\vendor\codeigniter4\framework\system\CodeIgniter.php(802): App\Controllers\ArsipMasuk->index()
#4 C:\Users\ACER\pengarsipan\vendor\codeigniter4\framework\system\CodeIgniter.php(399): CodeIgniter\CodeIgniter->runController(Object(App\Controllers\ArsipMasuk))
#5 C:\Users\ACER\pengarsipan\vendor\codeigniter4\framework\system\CodeIgniter.php(317): CodeIgniter\CodeIgniter->handleRequest(NULL, Object(Config\Cache), false)
#6 C:\Users\ACER\pengarsipan\public\index.php(37): CodeIgniter\CodeIgniter->run()
#7 C:\Users\ACER\pengarsipan\vendor\codeigniter4\framework\system\Commands\Server\rewrite.php(43): require_once('C:\\Users\\ACER\\p...')
#8 {main}
CRITICAL - 2021-09-20 02:25:37 --> Invalid file: arsipmasuk.php
#0 C:\Users\ACER\pengarsipan\vendor\codeigniter4\framework\system\View\View.php(198): CodeIgniter\Exceptions\FrameworkException::forInvalidFile('arsipmasuk.php')
#1 C:\Users\ACER\pengarsipan\vendor\codeigniter4\framework\system\Common.php(1092): CodeIgniter\View\View->render('arsipmasuk', Array, true)
#2 C:\Users\ACER\pengarsipan\app\Controllers\ArsipMasuk.php(12): view('arsipmasuk')
#3 C:\Users\ACER\pengarsipan\vendor\codeigniter4\framework\system\CodeIgniter.php(802): App\Controllers\ArsipMasuk->index()
#4 C:\Users\ACER\pengarsipan\vendor\codeigniter4\framework\system\CodeIgniter.php(399): CodeIgniter\CodeIgniter->runController(Object(App\Controllers\ArsipMasuk))
#5 C:\Users\ACER\pengarsipan\vendor\codeigniter4\framework\system\CodeIgniter.php(317): CodeIgniter\CodeIgniter->handleRequest(NULL, Object(Config\Cache), false)
#6 C:\Users\ACER\pengarsipan\public\index.php(37): CodeIgniter\CodeIgniter->run()
#7 C:\Users\ACER\pengarsipan\vendor\codeigniter4\framework\system\Commands\Server\rewrite.php(43): require_once('C:\\Users\\ACER\\p...')
#8 {main}
CRITICAL - 2021-09-20 02:25:54 --> Invalid file: arsipmasuk.php
#0 C:\Users\ACER\pengarsipan\vendor\codeigniter4\framework\system\View\View.php(198): CodeIgniter\Exceptions\FrameworkException::forInvalidFile('arsipmasuk.php')
#1 C:\Users\ACER\pengarsipan\vendor\codeigniter4\framework\system\Common.php(1092): CodeIgniter\View\View->render('arsipmasuk', Array, true)
#2 C:\Users\ACER\pengarsipan\app\Controllers\ArsipMasuk.php(12): view('arsipmasuk')
#3 C:\Users\ACER\pengarsipan\vendor\codeigniter4\framework\system\CodeIgniter.php(802): App\Controllers\ArsipMasuk->index()
#4 C:\Users\ACER\pengarsipan\vendor\codeigniter4\framework\system\CodeIgniter.php(399): CodeIgniter\CodeIgniter->runController(Object(App\Controllers\ArsipMasuk))
#5 C:\Users\ACER\pengarsipan\vendor\codeigniter4\framework\system\CodeIgniter.php(317): CodeIgniter\CodeIgniter->handleRequest(NULL, Object(Config\Cache), false)
#6 C:\Users\ACER\pengarsipan\public\index.php(37): CodeIgniter\CodeIgniter->run()
#7 C:\Users\ACER\pengarsipan\vendor\codeigniter4\framework\system\Commands\Server\rewrite.php(43): require_once('C:\\Users\\ACER\\p...')
#8 {main}
CRITICAL - 2021-09-20 02:46:53 --> Invalid file: ArsipMasuk.php
#0 C:\Users\ACER\pengarsipan\vendor\codeigniter4\framework\system\View\View.php(198): CodeIgniter\Exceptions\FrameworkException::forInvalidFile('ArsipMasuk.php')
#1 C:\Users\ACER\pengarsipan\vendor\codeigniter4\framework\system\Common.php(1092): CodeIgniter\View\View->render('ArsipMasuk', Array, true)
#2 C:\Users\ACER\pengarsipan\app\Controllers\ArsipMasuk.php(12): view('ArsipMasuk')
#3 C:\Users\ACER\pengarsipan\vendor\codeigniter4\framework\system\CodeIgniter.php(802): App\Controllers\ArsipMasuk->index()
#4 C:\Users\ACER\pengarsipan\vendor\codeigniter4\framework\system\CodeIgniter.php(399): CodeIgniter\CodeIgniter->runController(Object(App\Controllers\ArsipMasuk))
#5 C:\Users\ACER\pengarsipan\vendor\codeigniter4\framework\system\CodeIgniter.php(317): CodeIgniter\CodeIgniter->handleRequest(NULL, Object(Config\Cache), false)
#6 C:\Users\ACER\pengarsipan\public\index.php(37): CodeIgniter\CodeIgniter->run()
#7 C:\Users\ACER\pengarsipan\vendor\codeigniter4\framework\system\Commands\Server\rewrite.php(43): require_once('C:\\Users\\ACER\\p...')
#8 {main}
CRITICAL - 2021-09-20 02:47:16 --> Invalid file: ArsipMasuk.php
#0 C:\Users\ACER\pengarsipan\vendor\codeigniter4\framework\system\View\View.php(198): CodeIgniter\Exceptions\FrameworkException::forInvalidFile('ArsipMasuk.php')
#1 C:\Users\ACER\pengarsipan\vendor\codeigniter4\framework\system\Common.php(1092): CodeIgniter\View\View->render('ArsipMasuk', Array, true)
#2 C:\Users\ACER\pengarsipan\app\Controllers\ArsipMasuk.php(12): view('ArsipMasuk')
#3 C:\Users\ACER\pengarsipan\vendor\codeigniter4\framework\system\CodeIgniter.php(802): App\Controllers\ArsipMasuk->index()
#4 C:\Users\ACER\pengarsipan\vendor\codeigniter4\framework\system\CodeIgniter.php(399): CodeIgniter\CodeIgniter->runController(Object(App\Controllers\ArsipMasuk))
#5 C:\Users\ACER\pengarsipan\vendor\codeigniter4\framework\system\CodeIgniter.php(317): CodeIgniter\CodeIgniter->handleRequest(NULL, Object(Config\Cache), false)
#6 C:\Users\ACER\pengarsipan\public\index.php(37): CodeIgniter\CodeIgniter->run()
#7 C:\Users\ACER\pengarsipan\vendor\codeigniter4\framework\system\Commands\Server\rewrite.php(43): require_once('C:\\Users\\ACER\\p...')
#8 {main}
CRITICAL - 2021-09-20 02:47:22 --> Invalid file: ArsipMasuk.php
#0 C:\Users\ACER\pengarsipan\vendor\codeigniter4\framework\system\View\View.php(198): CodeIgniter\Exceptions\FrameworkException::forInvalidFile('ArsipMasuk.php')
#1 C:\Users\ACER\pengarsipan\vendor\codeigniter4\framework\system\Common.php(1092): CodeIgniter\View\View->render('ArsipMasuk', Array, true)
#2 C:\Users\ACER\pengarsipan\app\Controllers\ArsipMasuk.php(12): view('ArsipMasuk')
#3 C:\Users\ACER\pengarsipan\vendor\codeigniter4\framework\system\CodeIgniter.php(802): App\Controllers\ArsipMasuk->index()
#4 C:\Users\ACER\pengarsipan\vendor\codeigniter4\framework\system\CodeIgniter.php(399): CodeIgniter\CodeIgniter->runController(Object(App\Controllers\ArsipMasuk))
#5 C:\Users\ACER\pengarsipan\vendor\codeigniter4\framework\system\CodeIgniter.php(317): CodeIgniter\CodeIgniter->handleRequest(NULL, Object(Config\Cache), false)
#6 C:\Users\ACER\pengarsipan\public\index.php(37): CodeIgniter\CodeIgniter->run()
#7 C:\Users\ACER\pengarsipan\vendor\codeigniter4\framework\system\Commands\Server\rewrite.php(43): require_once('C:\\Users\\ACER\\p...')
#8 {main}
CRITICAL - 2021-09-20 07:45:18 --> Invalid file: home.php
#0 C:\Users\ACER\pengarsipan\vendor\codeigniter4\framework\system\View\View.php(198): CodeIgniter\Exceptions\FrameworkException::forInvalidFile('home.php')
#1 C:\Users\ACER\pengarsipan\vendor\codeigniter4\framework\system\Common.php(1092): CodeIgniter\View\View->render('home', Array, true)
#2 C:\Users\ACER\pengarsipan\app\Controllers\Home.php(9): view('home')
#3 C:\Users\ACER\pengarsipan\vendor\codeigniter4\framework\system\CodeIgniter.php(802): App\Controllers\Home->index()
#4 C:\Users\ACER\pengarsipan\vendor\codeigniter4\framework\system\CodeIgniter.php(399): CodeIgniter\CodeIgniter->runController(Object(App\Controllers\Home))
#5 C:\Users\ACER\pengarsipan\vendor\codeigniter4\framework\system\CodeIgniter.php(317): CodeIgniter\CodeIgniter->handleRequest(NULL, Object(Config\Cache), false)
#6 C:\Users\ACER\pengarsipan\public\index.php(37): CodeIgniter\CodeIgniter->run()
#7 C:\Users\ACER\pengarsipan\vendor\codeigniter4\framework\system\Commands\Server\rewrite.php(43): require_once('C:\\Users\\ACER\\p...')
#8 {main}
CRITICAL - 2021-09-20 08:03:41 --> Invalid file: home.php
#0 C:\Users\ACER\pengarsipan\vendor\codeigniter4\framework\system\View\View.php(198): CodeIgniter\Exceptions\FrameworkException::forInvalidFile('home.php')
#1 C:\Users\ACER\pengarsipan\vendor\codeigniter4\framework\system\Common.php(1092): CodeIgniter\View\View->render('home', Array, true)
#2 C:\Users\ACER\pengarsipan\app\Controllers\Home.php(9): view('home')
#3 C:\Users\ACER\pengarsipan\vendor\codeigniter4\framework\system\CodeIgniter.php(802): App\Controllers\Home->index()
#4 C:\Users\ACER\pengarsipan\vendor\codeigniter4\framework\system\CodeIgniter.php(399): CodeIgniter\CodeIgniter->runController(Object(App\Controllers\Home))
#5 C:\Users\ACER\pengarsipan\vendor\codeigniter4\framework\system\CodeIgniter.php(317): CodeIgniter\CodeIgniter->handleRequest(NULL, Object(Config\Cache), false)
#6 C:\Users\ACER\pengarsipan\public\index.php(37): CodeIgniter\CodeIgniter->run()
#7 C:\Users\ACER\pengarsipan\vendor\codeigniter4\framework\system\Commands\Server\rewrite.php(43): require_once('C:\\Users\\ACER\\p...')
#8 {main}
