CRITICAL - 2021-10-06 01:19:04 --> Undefined property: CodeIgniter\View\View::$session
#0 C:\xampp\htdocs\pengarsipan\app\Views\parsial\sidebar.php(16): CodeIgniter\Debug\Exceptions->errorHandler(8, 'Undefined prope...', 'C:\\xampp\\htdocs...', 16, Array)
#1 C:\xampp\htdocs\pengarsipan\vendor\codeigniter4\framework\system\View\View.php(214): include('C:\\xampp\\htdocs...')
#2 C:\xampp\htdocs\pengarsipan\vendor\codeigniter4\framework\system\View\View.php(217): CodeIgniter\View\View->CodeIgniter\View\{closure}()
#3 C:\xampp\htdocs\pengarsipan\vendor\codeigniter4\framework\system\Common.php(1092): CodeIgniter\View\View->render('parsial/sidebar', Array, true)
#4 C:\xampp\htdocs\pengarsipan\app\Views\User\dashboard.php(2): view('parsial/sidebar')
#5 C:\xampp\htdocs\pengarsipan\vendor\codeigniter4\framework\system\View\View.php(214): include('C:\\xampp\\htdocs...')
#6 C:\xampp\htdocs\pengarsipan\vendor\codeigniter4\framework\system\View\View.php(217): CodeIgniter\View\View->CodeIgniter\View\{closure}()
#7 C:\xampp\htdocs\pengarsipan\vendor\codeigniter4\framework\system\Common.php(1092): CodeIgniter\View\View->render('/user/dashboard', Array, true)
#8 C:\xampp\htdocs\pengarsipan\app\Controllers\User.php(17): view('/user/dashboard')
#9 C:\xampp\htdocs\pengarsipan\vendor\codeigniter4\framework\system\CodeIgniter.php(802): App\Controllers\User->index()
#10 C:\xampp\htdocs\pengarsipan\vendor\codeigniter4\framework\system\CodeIgniter.php(399): CodeIgniter\CodeIgniter->runController(Object(App\Controllers\User))
#11 C:\xampp\htdocs\pengarsipan\vendor\codeigniter4\framework\system\CodeIgniter.php(317): CodeIgniter\CodeIgniter->handleRequest(NULL, Object(Config\Cache), false)
#12 C:\xampp\htdocs\pengarsipan\public\index.php(37): CodeIgniter\CodeIgniter->run()
#13 C:\xampp\htdocs\pengarsipan\vendor\codeigniter4\framework\system\Commands\Server\rewrite.php(43): require_once('C:\\xampp\\htdocs...')
#14 {main}
CRITICAL - 2021-10-06 04:05:55 --> Undefined property: CodeIgniter\View\View::$session
#0 C:\xampp\htdocs\pengarsipan\app\Views\parsial\sidebar.php(15): CodeIgniter\Debug\Exceptions->errorHandler(8, 'Undefined prope...', 'C:\\xampp\\htdocs...', 15, Array)
#1 C:\xampp\htdocs\pengarsipan\vendor\codeigniter4\framework\system\View\View.php(214): include('C:\\xampp\\htdocs...')
#2 C:\xampp\htdocs\pengarsipan\vendor\codeigniter4\framework\system\View\View.php(217): CodeIgniter\View\View->CodeIgniter\View\{closure}()
#3 C:\xampp\htdocs\pengarsipan\vendor\codeigniter4\framework\system\Common.php(1092): CodeIgniter\View\View->render('parsial/sidebar', Array, true)
#4 C:\xampp\htdocs\pengarsipan\app\Views\Admin\dashboard.php(2): view('parsial/sidebar')
#5 C:\xampp\htdocs\pengarsipan\vendor\codeigniter4\framework\system\View\View.php(214): include('C:\\xampp\\htdocs...')
#6 C:\xampp\htdocs\pengarsipan\vendor\codeigniter4\framework\system\View\View.php(217): CodeIgniter\View\View->CodeIgniter\View\{closure}()
#7 C:\xampp\htdocs\pengarsipan\vendor\codeigniter4\framework\system\Common.php(1092): CodeIgniter\View\View->render('/admin/dashboar...', Array, true)
#8 C:\xampp\htdocs\pengarsipan\app\Controllers\Admin.php(20): view('/admin/dashboar...')
#9 C:\xampp\htdocs\pengarsipan\vendor\codeigniter4\framework\system\CodeIgniter.php(802): App\Controllers\Admin->index()
#10 C:\xampp\htdocs\pengarsipan\vendor\codeigniter4\framework\system\CodeIgniter.php(399): CodeIgniter\CodeIgniter->runController(Object(App\Controllers\Admin))
#11 C:\xampp\htdocs\pengarsipan\vendor\codeigniter4\framework\system\CodeIgniter.php(317): CodeIgniter\CodeIgniter->handleRequest(NULL, Object(Config\Cache), false)
#12 C:\xampp\htdocs\pengarsipan\public\index.php(37): CodeIgniter\CodeIgniter->run()
#13 C:\xampp\htdocs\pengarsipan\vendor\codeigniter4\framework\system\Commands\Server\rewrite.php(43): require_once('C:\\xampp\\htdocs...')
#14 {main}
CRITICAL - 2021-10-06 05:05:31 --> Invalid file: /user/parsial/header.php
#0 C:\xampp\htdocs\pengarsipan\vendor\codeigniter4\framework\system\View\View.php(198): CodeIgniter\Exceptions\FrameworkException::forInvalidFile('/user/parsial/h...')
#1 C:\xampp\htdocs\pengarsipan\vendor\codeigniter4\framework\system\Common.php(1092): CodeIgniter\View\View->render('/user/parsial/h...', Array, true)
#2 C:\xampp\htdocs\pengarsipan\app\Views\User\dashboard.php(1): view('/user/parsial/h...')
#3 C:\xampp\htdocs\pengarsipan\vendor\codeigniter4\framework\system\View\View.php(214): include('C:\\xampp\\htdocs...')
#4 C:\xampp\htdocs\pengarsipan\vendor\codeigniter4\framework\system\View\View.php(217): CodeIgniter\View\View->CodeIgniter\View\{closure}()
#5 C:\xampp\htdocs\pengarsipan\vendor\codeigniter4\framework\system\Common.php(1092): CodeIgniter\View\View->render('/user/dashboard', Array, true)
#6 C:\xampp\htdocs\pengarsipan\app\Controllers\User.php(17): view('/user/dashboard')
#7 C:\xampp\htdocs\pengarsipan\vendor\codeigniter4\framework\system\CodeIgniter.php(802): App\Controllers\User->index()
#8 C:\xampp\htdocs\pengarsipan\vendor\codeigniter4\framework\system\CodeIgniter.php(399): CodeIgniter\CodeIgniter->runController(Object(App\Controllers\User))
#9 C:\xampp\htdocs\pengarsipan\vendor\codeigniter4\framework\system\CodeIgniter.php(317): CodeIgniter\CodeIgniter->handleRequest(NULL, Object(Config\Cache), false)
#10 C:\xampp\htdocs\pengarsipan\public\index.php(37): CodeIgniter\CodeIgniter->run()
#11 C:\xampp\htdocs\pengarsipan\vendor\codeigniter4\framework\system\Commands\Server\rewrite.php(43): require_once('C:\\xampp\\htdocs...')
#12 {main}
CRITICAL - 2021-10-06 06:30:04 --> syntax error, unexpected '}', expecting end of file
#0 C:\xampp\htdocs\pengarsipan\vendor\codeigniter4\framework\system\View\View.php(217): CodeIgniter\View\View->CodeIgniter\View\{closure}()
#1 C:\xampp\htdocs\pengarsipan\vendor\codeigniter4\framework\system\Common.php(1092): CodeIgniter\View\View->render('parsial/sidebar', Array, true)
#2 C:\xampp\htdocs\pengarsipan\app\Views\dashboard.php(2): view('parsial/sidebar')
#3 C:\xampp\htdocs\pengarsipan\vendor\codeigniter4\framework\system\View\View.php(214): include('C:\\xampp\\htdocs...')
#4 C:\xampp\htdocs\pengarsipan\vendor\codeigniter4\framework\system\View\View.php(217): CodeIgniter\View\View->CodeIgniter\View\{closure}()
#5 C:\xampp\htdocs\pengarsipan\vendor\codeigniter4\framework\system\Common.php(1092): CodeIgniter\View\View->render('dashboard', Array, true)
#6 C:\xampp\htdocs\pengarsipan\app\Controllers\Home.php(14): view('dashboard')
#7 C:\xampp\htdocs\pengarsipan\vendor\codeigniter4\framework\system\CodeIgniter.php(802): App\Controllers\Home->dashboard()
#8 C:\xampp\htdocs\pengarsipan\vendor\codeigniter4\framework\system\CodeIgniter.php(399): CodeIgniter\CodeIgniter->runController(Object(App\Controllers\Home))
#9 C:\xampp\htdocs\pengarsipan\vendor\codeigniter4\framework\system\CodeIgniter.php(317): CodeIgniter\CodeIgniter->handleRequest(NULL, Object(Config\Cache), false)
#10 C:\xampp\htdocs\pengarsipan\public\index.php(37): CodeIgniter\CodeIgniter->run()
#11 C:\xampp\htdocs\pengarsipan\vendor\codeigniter4\framework\system\Commands\Server\rewrite.php(43): require_once('C:\\xampp\\htdocs...')
#12 {main}
CRITICAL - 2021-10-06 21:31:20 --> syntax error, unexpected ':', expecting ',' or ';'
#0 C:\xampp\htdocs\pengarsipan\vendor\codeigniter4\framework\system\View\View.php(217): CodeIgniter\View\View->CodeIgniter\View\{closure}()
#1 C:\xampp\htdocs\pengarsipan\vendor\codeigniter4\framework\system\Common.php(1092): CodeIgniter\View\View->render('SuratMasuk/sura...', Array, true)
#2 C:\xampp\htdocs\pengarsipan\app\Controllers\SuratMasuk.php(111): view('SuratMasuk/sura...', Array)
#3 C:\xampp\htdocs\pengarsipan\vendor\codeigniter4\framework\system\CodeIgniter.php(802): App\Controllers\SuratMasuk->datasurat()
#4 C:\xampp\htdocs\pengarsipan\vendor\codeigniter4\framework\system\CodeIgniter.php(399): CodeIgniter\CodeIgniter->runController(Object(App\Controllers\SuratMasuk))
#5 C:\xampp\htdocs\pengarsipan\vendor\codeigniter4\framework\system\CodeIgniter.php(317): CodeIgniter\CodeIgniter->handleRequest(NULL, Object(Config\Cache), false)
#6 C:\xampp\htdocs\pengarsipan\public\index.php(37): CodeIgniter\CodeIgniter->run()
#7 C:\xampp\htdocs\pengarsipan\vendor\codeigniter4\framework\system\Commands\Server\rewrite.php(43): require_once('C:\\xampp\\htdocs...')
#8 {main}
CRITICAL - 2021-10-06 21:31:41 --> Undefined variable: pager
#0 C:\xampp\htdocs\pengarsipan\app\Views\SuratMasuk\surat_masuk.php(71): CodeIgniter\Debug\Exceptions->errorHandler(8, 'Undefined varia...', 'C:\\xampp\\htdocs...', 71, Array)
#1 C:\xampp\htdocs\pengarsipan\vendor\codeigniter4\framework\system\View\View.php(214): include('C:\\xampp\\htdocs...')
#2 C:\xampp\htdocs\pengarsipan\vendor\codeigniter4\framework\system\View\View.php(217): CodeIgniter\View\View->CodeIgniter\View\{closure}()
#3 C:\xampp\htdocs\pengarsipan\vendor\codeigniter4\framework\system\Common.php(1092): CodeIgniter\View\View->render('SuratMasuk/sura...', Array, true)
#4 C:\xampp\htdocs\pengarsipan\app\Controllers\SuratMasuk.php(111): view('SuratMasuk/sura...', Array)
#5 C:\xampp\htdocs\pengarsipan\vendor\codeigniter4\framework\system\CodeIgniter.php(802): App\Controllers\SuratMasuk->datasurat()
#6 C:\xampp\htdocs\pengarsipan\vendor\codeigniter4\framework\system\CodeIgniter.php(399): CodeIgniter\CodeIgniter->runController(Object(App\Controllers\SuratMasuk))
#7 C:\xampp\htdocs\pengarsipan\vendor\codeigniter4\framework\system\CodeIgniter.php(317): CodeIgniter\CodeIgniter->handleRequest(NULL, Object(Config\Cache), false)
#8 C:\xampp\htdocs\pengarsipan\public\index.php(37): CodeIgniter\CodeIgniter->run()
#9 C:\xampp\htdocs\pengarsipan\vendor\codeigniter4\framework\system\Commands\Server\rewrite.php(43): require_once('C:\\xampp\\htdocs...')
#10 {main}
CRITICAL - 2021-10-06 21:40:10 --> Undefined variable: pager
#0 C:\xampp\htdocs\pengarsipan\app\Views\SuratMasuk\surat_masuk.php(71): CodeIgniter\Debug\Exceptions->errorHandler(8, 'Undefined varia...', 'C:\\xampp\\htdocs...', 71, Array)
#1 C:\xampp\htdocs\pengarsipan\vendor\codeigniter4\framework\system\View\View.php(214): include('C:\\xampp\\htdocs...')
#2 C:\xampp\htdocs\pengarsipan\vendor\codeigniter4\framework\system\View\View.php(217): CodeIgniter\View\View->CodeIgniter\View\{closure}()
#3 C:\xampp\htdocs\pengarsipan\vendor\codeigniter4\framework\system\Common.php(1092): CodeIgniter\View\View->render('SuratMasuk/sura...', Array, true)
#4 C:\xampp\htdocs\pengarsipan\app\Controllers\SuratMasuk.php(111): view('SuratMasuk/sura...', Array)
#5 C:\xampp\htdocs\pengarsipan\vendor\codeigniter4\framework\system\CodeIgniter.php(802): App\Controllers\SuratMasuk->datasurat()
#6 C:\xampp\htdocs\pengarsipan\vendor\codeigniter4\framework\system\CodeIgniter.php(399): CodeIgniter\CodeIgniter->runController(Object(App\Controllers\SuratMasuk))
#7 C:\xampp\htdocs\pengarsipan\vendor\codeigniter4\framework\system\CodeIgniter.php(317): CodeIgniter\CodeIgniter->handleRequest(NULL, Object(Config\Cache), false)
#8 C:\xampp\htdocs\pengarsipan\public\index.php(37): CodeIgniter\CodeIgniter->run()
#9 C:\xampp\htdocs\pengarsipan\vendor\codeigniter4\framework\system\Commands\Server\rewrite.php(43): require_once('C:\\xampp\\htdocs...')
#10 {main}
CRITICAL - 2021-10-06 21:40:14 --> Undefined variable: pager
#0 C:\xampp\htdocs\pengarsipan\app\Views\SuratMasuk\surat_masuk.php(71): CodeIgniter\Debug\Exceptions->errorHandler(8, 'Undefined varia...', 'C:\\xampp\\htdocs...', 71, Array)
#1 C:\xampp\htdocs\pengarsipan\vendor\codeigniter4\framework\system\View\View.php(214): include('C:\\xampp\\htdocs...')
#2 C:\xampp\htdocs\pengarsipan\vendor\codeigniter4\framework\system\View\View.php(217): CodeIgniter\View\View->CodeIgniter\View\{closure}()
#3 C:\xampp\htdocs\pengarsipan\vendor\codeigniter4\framework\system\Common.php(1092): CodeIgniter\View\View->render('SuratMasuk/sura...', Array, true)
#4 C:\xampp\htdocs\pengarsipan\app\Controllers\SuratMasuk.php(111): view('SuratMasuk/sura...', Array)
#5 C:\xampp\htdocs\pengarsipan\vendor\codeigniter4\framework\system\CodeIgniter.php(802): App\Controllers\SuratMasuk->datasurat()
#6 C:\xampp\htdocs\pengarsipan\vendor\codeigniter4\framework\system\CodeIgniter.php(399): CodeIgniter\CodeIgniter->runController(Object(App\Controllers\SuratMasuk))
#7 C:\xampp\htdocs\pengarsipan\vendor\codeigniter4\framework\system\CodeIgniter.php(317): CodeIgniter\CodeIgniter->handleRequest(NULL, Object(Config\Cache), false)
#8 C:\xampp\htdocs\pengarsipan\public\index.php(37): CodeIgniter\CodeIgniter->run()
#9 C:\xampp\htdocs\pengarsipan\vendor\codeigniter4\framework\system\Commands\Server\rewrite.php(43): require_once('C:\\xampp\\htdocs...')
#10 {main}
CRITICAL - 2021-10-06 21:43:41 --> Undefined variable: pager
#0 C:\xampp\htdocs\pengarsipan\app\Views\SuratMasuk\surat_masuk.php(71): CodeIgniter\Debug\Exceptions->errorHandler(8, 'Undefined varia...', 'C:\\xampp\\htdocs...', 71, Array)
#1 C:\xampp\htdocs\pengarsipan\vendor\codeigniter4\framework\system\View\View.php(214): include('C:\\xampp\\htdocs...')
#2 C:\xampp\htdocs\pengarsipan\vendor\codeigniter4\framework\system\View\View.php(217): CodeIgniter\View\View->CodeIgniter\View\{closure}()
#3 C:\xampp\htdocs\pengarsipan\vendor\codeigniter4\framework\system\Common.php(1092): CodeIgniter\View\View->render('SuratMasuk/sura...', Array, true)
#4 C:\xampp\htdocs\pengarsipan\app\Controllers\SuratMasuk.php(111): view('SuratMasuk/sura...', Array)
#5 C:\xampp\htdocs\pengarsipan\vendor\codeigniter4\framework\system\CodeIgniter.php(802): App\Controllers\SuratMasuk->datasurat()
#6 C:\xampp\htdocs\pengarsipan\vendor\codeigniter4\framework\system\CodeIgniter.php(399): CodeIgniter\CodeIgniter->runController(Object(App\Controllers\SuratMasuk))
#7 C:\xampp\htdocs\pengarsipan\vendor\codeigniter4\framework\system\CodeIgniter.php(317): CodeIgniter\CodeIgniter->handleRequest(NULL, Object(Config\Cache), false)
#8 C:\xampp\htdocs\pengarsipan\public\index.php(37): CodeIgniter\CodeIgniter->run()
#9 C:\xampp\htdocs\pengarsipan\vendor\codeigniter4\framework\system\Commands\Server\rewrite.php(43): require_once('C:\\xampp\\htdocs...')
#10 {main}
CRITICAL - 2021-10-06 21:45:20 --> pagination_custom is not a valid Pager template.
#0 C:\xampp\htdocs\pengarsipan\vendor\codeigniter4\framework\system\Pager\Pager.php(120): CodeIgniter\Pager\Exceptions\PagerException::forInvalidTemplate('pagination_cust...')
#1 C:\xampp\htdocs\pengarsipan\vendor\codeigniter4\framework\system\Pager\Pager.php(83): CodeIgniter\Pager\Pager->displayLinks('suratmasuk_page...', 'pagination_cust...')
#2 C:\xampp\htdocs\pengarsipan\app\Views\SuratMasuk\surat_masuk.php(71): CodeIgniter\Pager\Pager->links('suratmasuk_page...', 'pagination_cust...')
#3 C:\xampp\htdocs\pengarsipan\vendor\codeigniter4\framework\system\View\View.php(214): include('C:\\xampp\\htdocs...')
#4 C:\xampp\htdocs\pengarsipan\vendor\codeigniter4\framework\system\View\View.php(217): CodeIgniter\View\View->CodeIgniter\View\{closure}()
#5 C:\xampp\htdocs\pengarsipan\vendor\codeigniter4\framework\system\Common.php(1092): CodeIgniter\View\View->render('SuratMasuk/sura...', Array, true)
#6 C:\xampp\htdocs\pengarsipan\app\Controllers\SuratMasuk.php(111): view('SuratMasuk/sura...', Array)
#7 C:\xampp\htdocs\pengarsipan\vendor\codeigniter4\framework\system\CodeIgniter.php(802): App\Controllers\SuratMasuk->datasurat()
#8 C:\xampp\htdocs\pengarsipan\vendor\codeigniter4\framework\system\CodeIgniter.php(399): CodeIgniter\CodeIgniter->runController(Object(App\Controllers\SuratMasuk))
#9 C:\xampp\htdocs\pengarsipan\vendor\codeigniter4\framework\system\CodeIgniter.php(317): CodeIgniter\CodeIgniter->handleRequest(NULL, Object(Config\Cache), false)
#10 C:\xampp\htdocs\pengarsipan\public\index.php(37): CodeIgniter\CodeIgniter->run()
#11 C:\xampp\htdocs\pengarsipan\vendor\codeigniter4\framework\system\Commands\Server\rewrite.php(43): require_once('C:\\xampp\\htdocs...')
#12 {main}
CRITICAL - 2021-10-06 21:46:44 --> custom_pagination is not a valid Pager template.
#0 C:\xampp\htdocs\pengarsipan\vendor\codeigniter4\framework\system\Pager\Pager.php(120): CodeIgniter\Pager\Exceptions\PagerException::forInvalidTemplate('custom_paginati...')
#1 C:\xampp\htdocs\pengarsipan\vendor\codeigniter4\framework\system\Pager\Pager.php(83): CodeIgniter\Pager\Pager->displayLinks('suratmasuk_page...', 'custom_paginati...')
#2 C:\xampp\htdocs\pengarsipan\app\Views\SuratMasuk\surat_masuk.php(71): CodeIgniter\Pager\Pager->links('suratmasuk_page...', 'custom_paginati...')
#3 C:\xampp\htdocs\pengarsipan\vendor\codeigniter4\framework\system\View\View.php(214): include('C:\\xampp\\htdocs...')
#4 C:\xampp\htdocs\pengarsipan\vendor\codeigniter4\framework\system\View\View.php(217): CodeIgniter\View\View->CodeIgniter\View\{closure}()
#5 C:\xampp\htdocs\pengarsipan\vendor\codeigniter4\framework\system\Common.php(1092): CodeIgniter\View\View->render('SuratMasuk/sura...', Array, true)
#6 C:\xampp\htdocs\pengarsipan\app\Controllers\SuratMasuk.php(111): view('SuratMasuk/sura...', Array)
#7 C:\xampp\htdocs\pengarsipan\vendor\codeigniter4\framework\system\CodeIgniter.php(802): App\Controllers\SuratMasuk->datasurat()
#8 C:\xampp\htdocs\pengarsipan\vendor\codeigniter4\framework\system\CodeIgniter.php(399): CodeIgniter\CodeIgniter->runController(Object(App\Controllers\SuratMasuk))
#9 C:\xampp\htdocs\pengarsipan\vendor\codeigniter4\framework\system\CodeIgniter.php(317): CodeIgniter\CodeIgniter->handleRequest(NULL, Object(Config\Cache), false)
#10 C:\xampp\htdocs\pengarsipan\public\index.php(37): CodeIgniter\CodeIgniter->run()
#11 C:\xampp\htdocs\pengarsipan\vendor\codeigniter4\framework\system\Commands\Server\rewrite.php(43): require_once('C:\\xampp\\htdocs...')
#12 {main}
CRITICAL - 2021-10-06 21:50:59 --> is_file is not a valid rule.
#0 C:\xampp\htdocs\pengarsipan\vendor\codeigniter4\framework\system\Validation\Validation.php(285): CodeIgniter\Validation\Exceptions\ValidationException::forRuleNotFound('is_file')
#1 C:\xampp\htdocs\pengarsipan\vendor\codeigniter4\framework\system\Validation\Validation.php(151): CodeIgniter\Validation\Validation->processRules('file', 'File', NULL, Array, Array)
#2 C:\xampp\htdocs\pengarsipan\vendor\codeigniter4\framework\system\Controller.php(160): CodeIgniter\Validation\Validation->run()
#3 C:\xampp\htdocs\pengarsipan\app\Controllers\SuratMasuk.php(25): CodeIgniter\Controller->validate(Array)
#4 C:\xampp\htdocs\pengarsipan\vendor\codeigniter4\framework\system\CodeIgniter.php(802): App\Controllers\SuratMasuk->simpan()
#5 C:\xampp\htdocs\pengarsipan\vendor\codeigniter4\framework\system\CodeIgniter.php(399): CodeIgniter\CodeIgniter->runController(Object(App\Controllers\SuratMasuk))
#6 C:\xampp\htdocs\pengarsipan\vendor\codeigniter4\framework\system\CodeIgniter.php(317): CodeIgniter\CodeIgniter->handleRequest(NULL, Object(Config\Cache), false)
#7 C:\xampp\htdocs\pengarsipan\public\index.php(37): CodeIgniter\CodeIgniter->run()
#8 C:\xampp\htdocs\pengarsipan\vendor\codeigniter4\framework\system\Commands\Server\rewrite.php(43): require_once('C:\\xampp\\htdocs...')
#9 {main}
CRITICAL - 2021-10-06 21:51:35 --> Undefined variable: data
#0 C:\xampp\htdocs\pengarsipan\app\Controllers\SuratMasuk.php(98): CodeIgniter\Debug\Exceptions->errorHandler(8, 'Undefined varia...', 'C:\\xampp\\htdocs...', 98, Array)
#1 C:\xampp\htdocs\pengarsipan\vendor\codeigniter4\framework\system\CodeIgniter.php(802): App\Controllers\SuratMasuk->simpan()
#2 C:\xampp\htdocs\pengarsipan\vendor\codeigniter4\framework\system\CodeIgniter.php(399): CodeIgniter\CodeIgniter->runController(Object(App\Controllers\SuratMasuk))
#3 C:\xampp\htdocs\pengarsipan\vendor\codeigniter4\framework\system\CodeIgniter.php(317): CodeIgniter\CodeIgniter->handleRequest(NULL, Object(Config\Cache), false)
#4 C:\xampp\htdocs\pengarsipan\public\index.php(37): CodeIgniter\CodeIgniter->run()
#5 C:\xampp\htdocs\pengarsipan\vendor\codeigniter4\framework\system\Commands\Server\rewrite.php(43): require_once('C:\\xampp\\htdocs...')
#6 {main}
CRITICAL - 2021-10-06 22:51:18 --> Undefined variable: pager
#0 C:\xampp\htdocs\pengarsipan\app\Views\SuratKeluar\surat_keluar.php(70): CodeIgniter\Debug\Exceptions->errorHandler(8, 'Undefined varia...', 'C:\\xampp\\htdocs...', 70, Array)
#1 C:\xampp\htdocs\pengarsipan\vendor\codeigniter4\framework\system\View\View.php(214): include('C:\\xampp\\htdocs...')
#2 C:\xampp\htdocs\pengarsipan\vendor\codeigniter4\framework\system\View\View.php(217): CodeIgniter\View\View->CodeIgniter\View\{closure}()
#3 C:\xampp\htdocs\pengarsipan\vendor\codeigniter4\framework\system\Common.php(1092): CodeIgniter\View\View->render('SuratKeluar/sur...', Array, true)
#4 C:\xampp\htdocs\pengarsipan\app\Controllers\SuratKeluar.php(104): view('SuratKeluar/sur...', Array)
#5 C:\xampp\htdocs\pengarsipan\vendor\codeigniter4\framework\system\CodeIgniter.php(802): App\Controllers\SuratKeluar->datasuratkeluar()
#6 C:\xampp\htdocs\pengarsipan\vendor\codeigniter4\framework\system\CodeIgniter.php(399): CodeIgniter\CodeIgniter->runController(Object(App\Controllers\SuratKeluar))
#7 C:\xampp\htdocs\pengarsipan\vendor\codeigniter4\framework\system\CodeIgniter.php(317): CodeIgniter\CodeIgniter->handleRequest(NULL, Object(Config\Cache), false)
#8 C:\xampp\htdocs\pengarsipan\public\index.php(37): CodeIgniter\CodeIgniter->run()
#9 C:\xampp\htdocs\pengarsipan\vendor\codeigniter4\framework\system\Commands\Server\rewrite.php(43): require_once('C:\\xampp\\htdocs...')
#10 {main}
