CRITICAL - 2021-09-15 21:19:38 --> Invalid file: home.php
#0 C:\Users\ACER\pengarsipan\vendor\codeigniter4\framework\system\View\View.php(198): CodeIgniter\Exceptions\FrameworkException::forInvalidFile('home.php')
#1 C:\Users\ACER\pengarsipan\vendor\codeigniter4\framework\system\Common.php(1092): CodeIgniter\View\View->render('home', Array, true)
#2 C:\Users\ACER\pengarsipan\app\Controllers\Home.php(9): view('home')
#3 C:\Users\ACER\pengarsipan\vendor\codeigniter4\framework\system\CodeIgniter.php(802): App\Controllers\Home->index()
#4 C:\Users\ACER\pengarsipan\vendor\codeigniter4\framework\system\CodeIgniter.php(399): CodeIgniter\CodeIgniter->runController(Object(App\Controllers\Home))
#5 C:\Users\ACER\pengarsipan\vendor\codeigniter4\framework\system\CodeIgniter.php(317): CodeIgniter\CodeIgniter->handleRequest(NULL, Object(Config\Cache), false)
#6 C:\Users\ACER\pengarsipan\public\index.php(37): CodeIgniter\CodeIgniter->run()
#7 C:\Users\ACER\pengarsipan\vendor\codeigniter4\framework\system\Commands\Server\rewrite.php(43): require_once('C:\\Users\\ACER\\p...')
#8 {main}
CRITICAL - 2021-09-15 22:32:09 --> Call to undefined function user()
#0 C:\Users\ACER\pengarsipan\vendor\codeigniter4\framework\system\View\View.php(214): include()
#1 C:\Users\ACER\pengarsipan\vendor\codeigniter4\framework\system\View\View.php(217): CodeIgniter\View\View->CodeIgniter\View\{closure}()
#2 C:\Users\ACER\pengarsipan\vendor\codeigniter4\framework\system\Common.php(1092): CodeIgniter\View\View->render('dashboard', Array, true)
#3 C:\Users\ACER\pengarsipan\app\Controllers\Home.php(19): view('dashboard')
#4 C:\Users\ACER\pengarsipan\vendor\codeigniter4\framework\system\CodeIgniter.php(802): App\Controllers\Home->dashboard()
#5 C:\Users\ACER\pengarsipan\vendor\codeigniter4\framework\system\CodeIgniter.php(399): CodeIgniter\CodeIgniter->runController(Object(App\Controllers\Home))
#6 C:\Users\ACER\pengarsipan\vendor\codeigniter4\framework\system\CodeIgniter.php(317): CodeIgniter\CodeIgniter->handleRequest(NULL, Object(Config\Cache), false)
#7 C:\Users\ACER\pengarsipan\public\index.php(37): CodeIgniter\CodeIgniter->run()
#8 C:\Users\ACER\pengarsipan\vendor\codeigniter4\framework\system\Commands\Server\rewrite.php(43): require_once('C:\\Users\\ACER\\p...')
#9 {main}
