ERROR - 2023-07-04 01:56:50 --> Table 'db_user.tb_kelurahan' doesn't exist
CRITICAL - 2023-07-04 01:56:50 --> Table 'db_user.tb_kelurahan' doesn't exist
#0 D:\ci-4(2)\vendor\codeigniter4\framework\system\Database\MySQLi\Connection.php(280): mysqli->query('SELECT *\nFROM `...')
#1 D:\ci-4(2)\vendor\codeigniter4\framework\system\Database\BaseConnection.php(663): CodeIgniter\Database\MySQLi\Connection->execute('SELECT *\nFROM `...')
#2 D:\ci-4(2)\vendor\codeigniter4\framework\system\Database\BaseConnection.php(591): CodeIgniter\Database\BaseConnection->simpleQuery('SELECT *\nFROM `...')
#3 D:\ci-4(2)\vendor\codeigniter4\framework\system\Database\BaseBuilder.php(1428): CodeIgniter\Database\BaseConnection->query('SELECT *\nFROM `...', Array, false)
#4 D:\ci-4(2)\vendor\codeigniter4\framework\system\Model.php(183): CodeIgniter\Database\BaseBuilder->get()
#5 D:\ci-4(2)\vendor\codeigniter4\framework\system\BaseModel.php(584): CodeIgniter\Model->doFindAll(0, 0)
#6 D:\ci-4(2)\app\Controllers\DataKelurahan.php(17): CodeIgniter\BaseModel->findAll()
#7 D:\ci-4(2)\vendor\codeigniter4\framework\system\CodeIgniter.php(802): App\Controllers\DataKelurahan->datakelurahan()
#8 D:\ci-4(2)\vendor\codeigniter4\framework\system\CodeIgniter.php(399): CodeIgniter\CodeIgniter->runController(Object(App\Controllers\DataKelurahan))
#9 D:\ci-4(2)\vendor\codeigniter4\framework\system\CodeIgniter.php(317): CodeIgniter\CodeIgniter->handleRequest(NULL, Object(Config\Cache), false)
#10 D:\ci-4(2)\public\index.php(37): CodeIgniter\CodeIgniter->run()
#11 D:\ci-4(2)\vendor\codeigniter4\framework\system\Commands\Server\rewrite.php(43): require_once('D:\\ci-4(2)\\publ...')
#12 {main}
CRITICAL - 2023-07-04 01:57:36 --> Undefined index: id_mustahiq
#0 D:\ci-4(2)\app\Views\DataKelurahan\datakelurahan.php(39): CodeIgniter\Debug\Exceptions->errorHandler(8, 'Undefined index...', 'D:\\ci-4(2)\\app\\...', 39, Array)
#1 D:\ci-4(2)\vendor\codeigniter4\framework\system\View\View.php(214): include('D:\\ci-4(2)\\app\\...')
#2 D:\ci-4(2)\vendor\codeigniter4\framework\system\View\View.php(217): CodeIgniter\View\View->CodeIgniter\View\{closure}()
#3 D:\ci-4(2)\vendor\codeigniter4\framework\system\Common.php(1092): CodeIgniter\View\View->render('DataKelurahan/d...', Array, true)
#4 D:\ci-4(2)\app\Controllers\DataKelurahan.php(19): view('DataKelurahan/d...', Array)
#5 D:\ci-4(2)\vendor\codeigniter4\framework\system\CodeIgniter.php(802): App\Controllers\DataKelurahan->datakelurahan()
#6 D:\ci-4(2)\vendor\codeigniter4\framework\system\CodeIgniter.php(399): CodeIgniter\CodeIgniter->runController(Object(App\Controllers\DataKelurahan))
#7 D:\ci-4(2)\vendor\codeigniter4\framework\system\CodeIgniter.php(317): CodeIgniter\CodeIgniter->handleRequest(NULL, Object(Config\Cache), false)
#8 D:\ci-4(2)\public\index.php(37): CodeIgniter\CodeIgniter->run()
#9 D:\ci-4(2)\vendor\codeigniter4\framework\system\Commands\Server\rewrite.php(43): require_once('D:\\ci-4(2)\\publ...')
#10 {main}
ERROR - 2023-07-04 02:17:02 --> Column 'id_kelurahan' cannot be null
CRITICAL - 2023-07-04 02:17:02 --> Column 'id_kelurahan' cannot be null
#0 D:\ci-4(2)\vendor\codeigniter4\framework\system\Database\MySQLi\Connection.php(280): mysqli->query('INSERT INTO `tb...')
#1 D:\ci-4(2)\vendor\codeigniter4\framework\system\Database\BaseConnection.php(663): CodeIgniter\Database\MySQLi\Connection->execute('INSERT INTO `tb...')
#2 D:\ci-4(2)\vendor\codeigniter4\framework\system\Database\BaseConnection.php(591): CodeIgniter\Database\BaseConnection->simpleQuery('INSERT INTO `tb...')
#3 D:\ci-4(2)\vendor\codeigniter4\framework\system\Database\BaseBuilder.php(1733): CodeIgniter\Database\BaseConnection->query('INSERT INTO `tb...', Array, false)
#4 D:\ci-4(2)\vendor\codeigniter4\framework\system\Model.php(239): CodeIgniter\Database\BaseBuilder->insert()
#5 D:\ci-4(2)\vendor\codeigniter4\framework\system\BaseModel.php(738): CodeIgniter\Model->doInsert(Array)
#6 D:\ci-4(2)\vendor\codeigniter4\framework\system\Model.php(620): CodeIgniter\BaseModel->insert(Array, true)
#7 D:\ci-4(2)\app\Controllers\DataKelurahan.php(68): CodeIgniter\Model->insert(Array)
#8 D:\ci-4(2)\vendor\codeigniter4\framework\system\CodeIgniter.php(802): App\Controllers\DataKelurahan->simpan()
#9 D:\ci-4(2)\vendor\codeigniter4\framework\system\CodeIgniter.php(399): CodeIgniter\CodeIgniter->runController(Object(App\Controllers\DataKelurahan))
#10 D:\ci-4(2)\vendor\codeigniter4\framework\system\CodeIgniter.php(317): CodeIgniter\CodeIgniter->handleRequest(NULL, Object(Config\Cache), false)
#11 D:\ci-4(2)\public\index.php(37): CodeIgniter\CodeIgniter->run()
#12 D:\ci-4(2)\vendor\codeigniter4\framework\system\Commands\Server\rewrite.php(43): require_once('D:\\ci-4(2)\\publ...')
#13 {main}
ERROR - 2023-07-04 02:19:15 --> Column 'id_kelurahan' cannot be null
CRITICAL - 2023-07-04 02:19:15 --> Column 'id_kelurahan' cannot be null
#0 D:\ci-4(2)\vendor\codeigniter4\framework\system\Database\MySQLi\Connection.php(280): mysqli->query('INSERT INTO `tb...')
#1 D:\ci-4(2)\vendor\codeigniter4\framework\system\Database\BaseConnection.php(663): CodeIgniter\Database\MySQLi\Connection->execute('INSERT INTO `tb...')
#2 D:\ci-4(2)\vendor\codeigniter4\framework\system\Database\BaseConnection.php(591): CodeIgniter\Database\BaseConnection->simpleQuery('INSERT INTO `tb...')
#3 D:\ci-4(2)\vendor\codeigniter4\framework\system\Database\BaseBuilder.php(1733): CodeIgniter\Database\BaseConnection->query('INSERT INTO `tb...', Array, false)
#4 D:\ci-4(2)\vendor\codeigniter4\framework\system\Model.php(239): CodeIgniter\Database\BaseBuilder->insert()
#5 D:\ci-4(2)\vendor\codeigniter4\framework\system\BaseModel.php(738): CodeIgniter\Model->doInsert(Array)
#6 D:\ci-4(2)\vendor\codeigniter4\framework\system\Model.php(620): CodeIgniter\BaseModel->insert(Array, true)
#7 D:\ci-4(2)\app\Controllers\DataKelurahan.php(68): CodeIgniter\Model->insert(Array)
#8 D:\ci-4(2)\vendor\codeigniter4\framework\system\CodeIgniter.php(802): App\Controllers\DataKelurahan->simpan()
#9 D:\ci-4(2)\vendor\codeigniter4\framework\system\CodeIgniter.php(399): CodeIgniter\CodeIgniter->runController(Object(App\Controllers\DataKelurahan))
#10 D:\ci-4(2)\vendor\codeigniter4\framework\system\CodeIgniter.php(317): CodeIgniter\CodeIgniter->handleRequest(NULL, Object(Config\Cache), false)
#11 D:\ci-4(2)\public\index.php(37): CodeIgniter\CodeIgniter->run()
#12 D:\ci-4(2)\vendor\codeigniter4\framework\system\Commands\Server\rewrite.php(43): require_once('D:\\ci-4(2)\\publ...')
#13 {main}
CRITICAL - 2023-07-04 02:34:22 --> Undefined property: App\Controllers\DataKelurahan::$DataKelurahanModel
#0 D:\ci-4(2)\app\Controllers\DataKelurahan.php(24): CodeIgniter\Debug\Exceptions->errorHandler(8, 'Undefined prope...', 'D:\\ci-4(2)\\app\\...', 24, Array)
#1 D:\ci-4(2)\vendor\codeigniter4\framework\system\CodeIgniter.php(802): App\Controllers\DataKelurahan->input()
#2 D:\ci-4(2)\vendor\codeigniter4\framework\system\CodeIgniter.php(399): CodeIgniter\CodeIgniter->runController(Object(App\Controllers\DataKelurahan))
#3 D:\ci-4(2)\vendor\codeigniter4\framework\system\CodeIgniter.php(317): CodeIgniter\CodeIgniter->handleRequest(NULL, Object(Config\Cache), false)
#4 D:\ci-4(2)\public\index.php(37): CodeIgniter\CodeIgniter->run()
#5 D:\ci-4(2)\vendor\codeigniter4\framework\system\Commands\Server\rewrite.php(43): require_once('D:\\ci-4(2)\\publ...')
#6 {main}
CRITICAL - 2023-07-04 02:34:28 --> Undefined property: App\Controllers\DataKelurahan::$DataKelurahanModel
#0 D:\ci-4(2)\app\Controllers\DataKelurahan.php(24): CodeIgniter\Debug\Exceptions->errorHandler(8, 'Undefined prope...', 'D:\\ci-4(2)\\app\\...', 24, Array)
#1 D:\ci-4(2)\vendor\codeigniter4\framework\system\CodeIgniter.php(802): App\Controllers\DataKelurahan->input()
#2 D:\ci-4(2)\vendor\codeigniter4\framework\system\CodeIgniter.php(399): CodeIgniter\CodeIgniter->runController(Object(App\Controllers\DataKelurahan))
#3 D:\ci-4(2)\vendor\codeigniter4\framework\system\CodeIgniter.php(317): CodeIgniter\CodeIgniter->handleRequest(NULL, Object(Config\Cache), false)
#4 D:\ci-4(2)\public\index.php(37): CodeIgniter\CodeIgniter->run()
#5 D:\ci-4(2)\vendor\codeigniter4\framework\system\Commands\Server\rewrite.php(43): require_once('D:\\ci-4(2)\\publ...')
#6 {main}
CRITICAL - 2023-07-04 02:36:34 --> Object of class App\Models\DataKelurahanModel could not be converted to string
#0 D:\ci-4(2)\app\Controllers\DataKelurahan.php(26): CodeIgniter\Debug\Exceptions->errorHandler(4096, 'Object of class...', 'D:\\ci-4(2)\\app\\...', 26, Array)
#1 D:\ci-4(2)\vendor\codeigniter4\framework\system\CodeIgniter.php(802): App\Controllers\DataKelurahan->input()
#2 D:\ci-4(2)\vendor\codeigniter4\framework\system\CodeIgniter.php(399): CodeIgniter\CodeIgniter->runController(Object(App\Controllers\DataKelurahan))
#3 D:\ci-4(2)\vendor\codeigniter4\framework\system\CodeIgniter.php(317): CodeIgniter\CodeIgniter->handleRequest(NULL, Object(Config\Cache), false)
#4 D:\ci-4(2)\public\index.php(37): CodeIgniter\CodeIgniter->run()
#5 D:\ci-4(2)\vendor\codeigniter4\framework\system\Commands\Server\rewrite.php(43): require_once('D:\\ci-4(2)\\publ...')
#6 {main}
CRITICAL - 2023-07-04 02:39:55 --> Undefined property: App\Controllers\DataKelurahan::$DatKelurahanModel
#0 D:\ci-4(2)\app\Controllers\DataKelurahan.php(28): CodeIgniter\Debug\Exceptions->errorHandler(8, 'Undefined prope...', 'D:\\ci-4(2)\\app\\...', 28, Array)
#1 D:\ci-4(2)\vendor\codeigniter4\framework\system\CodeIgniter.php(802): App\Controllers\DataKelurahan->input()
#2 D:\ci-4(2)\vendor\codeigniter4\framework\system\CodeIgniter.php(399): CodeIgniter\CodeIgniter->runController(Object(App\Controllers\DataKelurahan))
#3 D:\ci-4(2)\vendor\codeigniter4\framework\system\CodeIgniter.php(317): CodeIgniter\CodeIgniter->handleRequest(NULL, Object(Config\Cache), false)
#4 D:\ci-4(2)\public\index.php(37): CodeIgniter\CodeIgniter->run()
#5 D:\ci-4(2)\vendor\codeigniter4\framework\system\Commands\Server\rewrite.php(43): require_once('D:\\ci-4(2)\\publ...')
#6 {main}
CRITICAL - 2023-07-04 02:41:05 --> Call to undefined function KEL0003()
#0 D:\ci-4(2)\vendor\codeigniter4\framework\system\CodeIgniter.php(802): App\Controllers\DataKelurahan->input()
#1 D:\ci-4(2)\vendor\codeigniter4\framework\system\CodeIgniter.php(399): CodeIgniter\CodeIgniter->runController(Object(App\Controllers\DataKelurahan))
#2 D:\ci-4(2)\vendor\codeigniter4\framework\system\CodeIgniter.php(317): CodeIgniter\CodeIgniter->handleRequest(NULL, Object(Config\Cache), false)
#3 D:\ci-4(2)\public\index.php(37): CodeIgniter\CodeIgniter->run()
#4 D:\ci-4(2)\vendor\codeigniter4\framework\system\Commands\Server\rewrite.php(43): require_once('D:\\ci-4(2)\\publ...')
#5 {main}
CRITICAL - 2023-07-04 02:42:03 --> Call to undefined function KEL0003()
#0 D:\ci-4(2)\vendor\codeigniter4\framework\system\CodeIgniter.php(802): App\Controllers\DataKelurahan->input()
#1 D:\ci-4(2)\vendor\codeigniter4\framework\system\CodeIgniter.php(399): CodeIgniter\CodeIgniter->runController(Object(App\Controllers\DataKelurahan))
#2 D:\ci-4(2)\vendor\codeigniter4\framework\system\CodeIgniter.php(317): CodeIgniter\CodeIgniter->handleRequest(NULL, Object(Config\Cache), false)
#3 D:\ci-4(2)\public\index.php(37): CodeIgniter\CodeIgniter->run()
#4 D:\ci-4(2)\vendor\codeigniter4\framework\system\Commands\Server\rewrite.php(43): require_once('D:\\ci-4(2)\\publ...')
#5 {main}
CRITICAL - 2023-07-04 02:42:28 --> Call to undefined function KEL0003()
#0 D:\ci-4(2)\vendor\codeigniter4\framework\system\CodeIgniter.php(802): App\Controllers\DataKelurahan->input()
#1 D:\ci-4(2)\vendor\codeigniter4\framework\system\CodeIgniter.php(399): CodeIgniter\CodeIgniter->runController(Object(App\Controllers\DataKelurahan))
#2 D:\ci-4(2)\vendor\codeigniter4\framework\system\CodeIgniter.php(317): CodeIgniter\CodeIgniter->handleRequest(NULL, Object(Config\Cache), false)
#3 D:\ci-4(2)\public\index.php(37): CodeIgniter\CodeIgniter->run()
#4 D:\ci-4(2)\vendor\codeigniter4\framework\system\Commands\Server\rewrite.php(43): require_once('D:\\ci-4(2)\\publ...')
#5 {main}
CRITICAL - 2023-07-04 02:42:32 --> Call to undefined function KEL0003()
#0 D:\ci-4(2)\vendor\codeigniter4\framework\system\CodeIgniter.php(802): App\Controllers\DataKelurahan->input()
#1 D:\ci-4(2)\vendor\codeigniter4\framework\system\CodeIgniter.php(399): CodeIgniter\CodeIgniter->runController(Object(App\Controllers\DataKelurahan))
#2 D:\ci-4(2)\vendor\codeigniter4\framework\system\CodeIgniter.php(317): CodeIgniter\CodeIgniter->handleRequest(NULL, Object(Config\Cache), false)
#3 D:\ci-4(2)\public\index.php(37): CodeIgniter\CodeIgniter->run()
#4 D:\ci-4(2)\vendor\codeigniter4\framework\system\Commands\Server\rewrite.php(43): require_once('D:\\ci-4(2)\\publ...')
#5 {main}
ERROR - 2023-07-04 03:01:08 --> Unknown column 'tb_kelurahan.id' in 'where clause'
CRITICAL - 2023-07-04 03:01:08 --> Unknown column 'tb_kelurahan.id' in 'where clause'
#0 D:\ci-4(2)\vendor\codeigniter4\framework\system\Database\MySQLi\Connection.php(280): mysqli->query('SELECT *\nFROM `...')
#1 D:\ci-4(2)\vendor\codeigniter4\framework\system\Database\BaseConnection.php(663): CodeIgniter\Database\MySQLi\Connection->execute('SELECT *\nFROM `...')
#2 D:\ci-4(2)\vendor\codeigniter4\framework\system\Database\BaseConnection.php(591): CodeIgniter\Database\BaseConnection->simpleQuery('SELECT *\nFROM `...')
#3 D:\ci-4(2)\vendor\codeigniter4\framework\system\Database\BaseBuilder.php(1428): CodeIgniter\Database\BaseConnection->query('SELECT *\nFROM `...', Array, false)
#4 D:\ci-4(2)\vendor\codeigniter4\framework\system\Model.php(142): CodeIgniter\Database\BaseBuilder->get()
#5 D:\ci-4(2)\vendor\codeigniter4\framework\system\BaseModel.php(523): CodeIgniter\Model->doFind(true, 'KEL0001')
#6 D:\ci-4(2)\app\Controllers\DataKelurahan.php(84): CodeIgniter\BaseModel->find('KEL0001')
#7 D:\ci-4(2)\vendor\codeigniter4\framework\system\CodeIgniter.php(802): App\Controllers\DataKelurahan->edit('KEL0001')
#8 D:\ci-4(2)\vendor\codeigniter4\framework\system\CodeIgniter.php(399): CodeIgniter\CodeIgniter->runController(Object(App\Controllers\DataKelurahan))
#9 D:\ci-4(2)\vendor\codeigniter4\framework\system\CodeIgniter.php(317): CodeIgniter\CodeIgniter->handleRequest(NULL, Object(Config\Cache), false)
#10 D:\ci-4(2)\public\index.php(37): CodeIgniter\CodeIgniter->run()
#11 D:\ci-4(2)\vendor\codeigniter4\framework\system\Commands\Server\rewrite.php(43): require_once('D:\\ci-4(2)\\publ...')
#12 {main}
ERROR - 2023-07-04 03:01:50 --> Unknown column 'tb_kelurahan.id' in 'where clause'
CRITICAL - 2023-07-04 03:01:50 --> Unknown column 'tb_kelurahan.id' in 'where clause'
#0 D:\ci-4(2)\vendor\codeigniter4\framework\system\Database\MySQLi\Connection.php(280): mysqli->query('SELECT *\nFROM `...')
#1 D:\ci-4(2)\vendor\codeigniter4\framework\system\Database\BaseConnection.php(663): CodeIgniter\Database\MySQLi\Connection->execute('SELECT *\nFROM `...')
#2 D:\ci-4(2)\vendor\codeigniter4\framework\system\Database\BaseConnection.php(591): CodeIgniter\Database\BaseConnection->simpleQuery('SELECT *\nFROM `...')
#3 D:\ci-4(2)\vendor\codeigniter4\framework\system\Database\BaseBuilder.php(1428): CodeIgniter\Database\BaseConnection->query('SELECT *\nFROM `...', Array, false)
#4 D:\ci-4(2)\vendor\codeigniter4\framework\system\Model.php(142): CodeIgniter\Database\BaseBuilder->get()
#5 D:\ci-4(2)\vendor\codeigniter4\framework\system\BaseModel.php(523): CodeIgniter\Model->doFind(true, 'KEL0001')
#6 D:\ci-4(2)\app\Controllers\DataKelurahan.php(84): CodeIgniter\BaseModel->find('KEL0001')
#7 D:\ci-4(2)\vendor\codeigniter4\framework\system\CodeIgniter.php(802): App\Controllers\DataKelurahan->edit('KEL0001')
#8 D:\ci-4(2)\vendor\codeigniter4\framework\system\CodeIgniter.php(399): CodeIgniter\CodeIgniter->runController(Object(App\Controllers\DataKelurahan))
#9 D:\ci-4(2)\vendor\codeigniter4\framework\system\CodeIgniter.php(317): CodeIgniter\CodeIgniter->handleRequest(NULL, Object(Config\Cache), false)
#10 D:\ci-4(2)\public\index.php(37): CodeIgniter\CodeIgniter->run()
#11 D:\ci-4(2)\vendor\codeigniter4\framework\system\Commands\Server\rewrite.php(43): require_once('D:\\ci-4(2)\\publ...')
#12 {main}
CRITICAL - 2023-07-04 03:02:23 --> Undefined variable: id_kelurahan
#0 D:\ci-4(2)\app\Views\DataKelurahan\edit_datakelurahan.php(27): CodeIgniter\Debug\Exceptions->errorHandler(8, 'Undefined varia...', 'D:\\ci-4(2)\\app\\...', 27, Array)
#1 D:\ci-4(2)\vendor\codeigniter4\framework\system\View\View.php(214): include('D:\\ci-4(2)\\app\\...')
#2 D:\ci-4(2)\vendor\codeigniter4\framework\system\View\View.php(217): CodeIgniter\View\View->CodeIgniter\View\{closure}()
#3 D:\ci-4(2)\vendor\codeigniter4\framework\system\Common.php(1092): CodeIgniter\View\View->render('DataKelurahan/e...', Array, true)
#4 D:\ci-4(2)\app\Controllers\DataKelurahan.php(90): view('DataKelurahan/e...', Array)
#5 D:\ci-4(2)\vendor\codeigniter4\framework\system\CodeIgniter.php(802): App\Controllers\DataKelurahan->edit('KEL0001')
#6 D:\ci-4(2)\vendor\codeigniter4\framework\system\CodeIgniter.php(399): CodeIgniter\CodeIgniter->runController(Object(App\Controllers\DataKelurahan))
#7 D:\ci-4(2)\vendor\codeigniter4\framework\system\CodeIgniter.php(317): CodeIgniter\CodeIgniter->handleRequest(NULL, Object(Config\Cache), false)
#8 D:\ci-4(2)\public\index.php(37): CodeIgniter\CodeIgniter->run()
#9 D:\ci-4(2)\vendor\codeigniter4\framework\system\Commands\Server\rewrite.php(43): require_once('D:\\ci-4(2)\\publ...')
#10 {main}
CRITICAL - 2023-07-04 03:03:09 --> Undefined variable: pesan_validasi
#0 D:\ci-4(2)\app\Views\DataKelurahan\edit_datakelurahan.php(32): CodeIgniter\Debug\Exceptions->errorHandler(8, 'Undefined varia...', 'D:\\ci-4(2)\\app\\...', 32, Array)
#1 D:\ci-4(2)\vendor\codeigniter4\framework\system\View\View.php(214): include('D:\\ci-4(2)\\app\\...')
#2 D:\ci-4(2)\vendor\codeigniter4\framework\system\View\View.php(217): CodeIgniter\View\View->CodeIgniter\View\{closure}()
#3 D:\ci-4(2)\vendor\codeigniter4\framework\system\Common.php(1092): CodeIgniter\View\View->render('DataKelurahan/e...', Array, true)
#4 D:\ci-4(2)\app\Controllers\DataKelurahan.php(90): view('DataKelurahan/e...', Array)
#5 D:\ci-4(2)\vendor\codeigniter4\framework\system\CodeIgniter.php(802): App\Controllers\DataKelurahan->edit('KEL0001')
#6 D:\ci-4(2)\vendor\codeigniter4\framework\system\CodeIgniter.php(399): CodeIgniter\CodeIgniter->runController(Object(App\Controllers\DataKelurahan))
#7 D:\ci-4(2)\vendor\codeigniter4\framework\system\CodeIgniter.php(317): CodeIgniter\CodeIgniter->handleRequest(NULL, Object(Config\Cache), false)
#8 D:\ci-4(2)\public\index.php(37): CodeIgniter\CodeIgniter->run()
#9 D:\ci-4(2)\vendor\codeigniter4\framework\system\Commands\Server\rewrite.php(43): require_once('D:\\ci-4(2)\\publ...')
#10 {main}
CRITICAL - 2023-07-04 03:03:33 --> Undefined variable: pesan_validasi
#0 D:\ci-4(2)\app\Views\DataKelurahan\edit_datakelurahan.php(37): CodeIgniter\Debug\Exceptions->errorHandler(8, 'Undefined varia...', 'D:\\ci-4(2)\\app\\...', 37, Array)
#1 D:\ci-4(2)\vendor\codeigniter4\framework\system\View\View.php(214): include('D:\\ci-4(2)\\app\\...')
#2 D:\ci-4(2)\vendor\codeigniter4\framework\system\View\View.php(217): CodeIgniter\View\View->CodeIgniter\View\{closure}()
#3 D:\ci-4(2)\vendor\codeigniter4\framework\system\Common.php(1092): CodeIgniter\View\View->render('DataKelurahan/e...', Array, true)
#4 D:\ci-4(2)\app\Controllers\DataKelurahan.php(90): view('DataKelurahan/e...', Array)
#5 D:\ci-4(2)\vendor\codeigniter4\framework\system\CodeIgniter.php(802): App\Controllers\DataKelurahan->edit('KEL0001')
#6 D:\ci-4(2)\vendor\codeigniter4\framework\system\CodeIgniter.php(399): CodeIgniter\CodeIgniter->runController(Object(App\Controllers\DataKelurahan))
#7 D:\ci-4(2)\vendor\codeigniter4\framework\system\CodeIgniter.php(317): CodeIgniter\CodeIgniter->handleRequest(NULL, Object(Config\Cache), false)
#8 D:\ci-4(2)\public\index.php(37): CodeIgniter\CodeIgniter->run()
#9 D:\ci-4(2)\vendor\codeigniter4\framework\system\Commands\Server\rewrite.php(43): require_once('D:\\ci-4(2)\\publ...')
#10 {main}
CRITICAL - 2023-07-04 03:10:42 --> Too few arguments to function App\Controllers\DataKelurahan::proses_edit(), 0 passed in D:\ci-4(2)\vendor\codeigniter4\framework\system\CodeIgniter.php on line 802 and exactly 1 expected
#0 D:\ci-4(2)\vendor\codeigniter4\framework\system\CodeIgniter.php(802): App\Controllers\DataKelurahan->proses_edit()
#1 D:\ci-4(2)\vendor\codeigniter4\framework\system\CodeIgniter.php(399): CodeIgniter\CodeIgniter->runController(Object(App\Controllers\DataKelurahan))
#2 D:\ci-4(2)\vendor\codeigniter4\framework\system\CodeIgniter.php(317): CodeIgniter\CodeIgniter->handleRequest(NULL, Object(Config\Cache), false)
#3 D:\ci-4(2)\public\index.php(37): CodeIgniter\CodeIgniter->run()
#4 D:\ci-4(2)\vendor\codeigniter4\framework\system\Commands\Server\rewrite.php(43): require_once('D:\\ci-4(2)\\publ...')
#5 {main}
CRITICAL - 2023-07-04 03:12:13 --> Too few arguments to function App\Controllers\DataKelurahan::proses_edit(), 0 passed in D:\ci-4(2)\vendor\codeigniter4\framework\system\CodeIgniter.php on line 802 and exactly 1 expected
#0 D:\ci-4(2)\vendor\codeigniter4\framework\system\CodeIgniter.php(802): App\Controllers\DataKelurahan->proses_edit()
#1 D:\ci-4(2)\vendor\codeigniter4\framework\system\CodeIgniter.php(399): CodeIgniter\CodeIgniter->runController(Object(App\Controllers\DataKelurahan))
#2 D:\ci-4(2)\vendor\codeigniter4\framework\system\CodeIgniter.php(317): CodeIgniter\CodeIgniter->handleRequest(NULL, Object(Config\Cache), false)
#3 D:\ci-4(2)\public\index.php(37): CodeIgniter\CodeIgniter->run()
#4 D:\ci-4(2)\vendor\codeigniter4\framework\system\Commands\Server\rewrite.php(43): require_once('D:\\ci-4(2)\\publ...')
#5 {main}
CRITICAL - 2023-07-04 03:14:39 --> Too few arguments to function App\Controllers\DataKelurahan::proses_edit(), 0 passed in D:\ci-4(2)\vendor\codeigniter4\framework\system\CodeIgniter.php on line 802 and exactly 1 expected
#0 D:\ci-4(2)\vendor\codeigniter4\framework\system\CodeIgniter.php(802): App\Controllers\DataKelurahan->proses_edit()
#1 D:\ci-4(2)\vendor\codeigniter4\framework\system\CodeIgniter.php(399): CodeIgniter\CodeIgniter->runController(Object(App\Controllers\DataKelurahan))
#2 D:\ci-4(2)\vendor\codeigniter4\framework\system\CodeIgniter.php(317): CodeIgniter\CodeIgniter->handleRequest(NULL, Object(Config\Cache), false)
#3 D:\ci-4(2)\public\index.php(37): CodeIgniter\CodeIgniter->run()
#4 D:\ci-4(2)\vendor\codeigniter4\framework\system\Commands\Server\rewrite.php(43): require_once('D:\\ci-4(2)\\publ...')
#5 {main}
CRITICAL - 2023-07-04 03:47:56 --> Too few arguments to function App\Controllers\DataKelurahan::proses_edit(), 0 passed in D:\ci-4(2)\vendor\codeigniter4\framework\system\CodeIgniter.php on line 802 and exactly 1 expected
#0 D:\ci-4(2)\vendor\codeigniter4\framework\system\CodeIgniter.php(802): App\Controllers\DataKelurahan->proses_edit()
#1 D:\ci-4(2)\vendor\codeigniter4\framework\system\CodeIgniter.php(399): CodeIgniter\CodeIgniter->runController(Object(App\Controllers\DataKelurahan))
#2 D:\ci-4(2)\vendor\codeigniter4\framework\system\CodeIgniter.php(317): CodeIgniter\CodeIgniter->handleRequest(NULL, Object(Config\Cache), false)
#3 D:\ci-4(2)\public\index.php(37): CodeIgniter\CodeIgniter->run()
#4 D:\ci-4(2)\vendor\codeigniter4\framework\system\Commands\Server\rewrite.php(43): require_once('D:\\ci-4(2)\\publ...')
#5 {main}
CRITICAL - 2023-07-04 04:18:48 --> Too few arguments to function App\Controllers\DataKelurahan::proses_edit(), 0 passed in D:\ci-4(2)\vendor\codeigniter4\framework\system\CodeIgniter.php on line 802 and exactly 1 expected
#0 D:\ci-4(2)\vendor\codeigniter4\framework\system\CodeIgniter.php(802): App\Controllers\DataKelurahan->proses_edit()
#1 D:\ci-4(2)\vendor\codeigniter4\framework\system\CodeIgniter.php(399): CodeIgniter\CodeIgniter->runController(Object(App\Controllers\DataKelurahan))
#2 D:\ci-4(2)\vendor\codeigniter4\framework\system\CodeIgniter.php(317): CodeIgniter\CodeIgniter->handleRequest(NULL, Object(Config\Cache), false)
#3 D:\ci-4(2)\public\index.php(37): CodeIgniter\CodeIgniter->run()
#4 D:\ci-4(2)\vendor\codeigniter4\framework\system\Commands\Server\rewrite.php(43): require_once('D:\\ci-4(2)\\publ...')
#5 {main}
CRITICAL - 2023-07-04 04:19:17 --> Undefined variable: id
#0 D:\ci-4(2)\app\Controllers\DataKelurahan.php(95): CodeIgniter\Debug\Exceptions->errorHandler(8, 'Undefined varia...', 'D:\\ci-4(2)\\app\\...', 95, Array)
#1 D:\ci-4(2)\vendor\codeigniter4\framework\system\CodeIgniter.php(802): App\Controllers\DataKelurahan->proses_edit()
#2 D:\ci-4(2)\vendor\codeigniter4\framework\system\CodeIgniter.php(399): CodeIgniter\CodeIgniter->runController(Object(App\Controllers\DataKelurahan))
#3 D:\ci-4(2)\vendor\codeigniter4\framework\system\CodeIgniter.php(317): CodeIgniter\CodeIgniter->handleRequest(NULL, Object(Config\Cache), false)
#4 D:\ci-4(2)\public\index.php(37): CodeIgniter\CodeIgniter->run()
#5 D:\ci-4(2)\vendor\codeigniter4\framework\system\Commands\Server\rewrite.php(43): require_once('D:\\ci-4(2)\\publ...')
#6 {main}
CRITICAL - 2023-07-04 08:41:24 --> Undefined variable: datakelurahan
#0 D:\ci-4(2)\app\Views\RegistrasiPasien\regis_pasien.php(42): CodeIgniter\Debug\Exceptions->errorHandler(8, 'Undefined varia...', 'D:\\ci-4(2)\\app\\...', 42, Array)
#1 D:\ci-4(2)\vendor\codeigniter4\framework\system\View\View.php(214): include('D:\\ci-4(2)\\app\\...')
#2 D:\ci-4(2)\vendor\codeigniter4\framework\system\View\View.php(217): CodeIgniter\View\View->CodeIgniter\View\{closure}()
#3 D:\ci-4(2)\vendor\codeigniter4\framework\system\Common.php(1092): CodeIgniter\View\View->render('RegistrasiPasie...', Array, true)
#4 D:\ci-4(2)\app\Controllers\DataPasien.php(11): view('RegistrasiPasie...')
#5 D:\ci-4(2)\vendor\codeigniter4\framework\system\CodeIgniter.php(802): App\Controllers\DataPasien->index()
#6 D:\ci-4(2)\vendor\codeigniter4\framework\system\CodeIgniter.php(399): CodeIgniter\CodeIgniter->runController(Object(App\Controllers\DataPasien))
#7 D:\ci-4(2)\vendor\codeigniter4\framework\system\CodeIgniter.php(317): CodeIgniter\CodeIgniter->handleRequest(NULL, Object(Config\Cache), false)
#8 D:\ci-4(2)\public\index.php(37): CodeIgniter\CodeIgniter->run()
#9 D:\ci-4(2)\vendor\codeigniter4\framework\system\Commands\Server\rewrite.php(43): require_once('D:\\ci-4(2)\\publ...')
#10 {main}
CRITICAL - 2023-07-04 08:41:45 --> Undefined variable: x
#0 D:\ci-4(2)\app\Views\RegistrasiPasien\regis_pasien.php(47): CodeIgniter\Debug\Exceptions->errorHandler(8, 'Undefined varia...', 'D:\\ci-4(2)\\app\\...', 47, Array)
#1 D:\ci-4(2)\vendor\codeigniter4\framework\system\View\View.php(214): include('D:\\ci-4(2)\\app\\...')
#2 D:\ci-4(2)\vendor\codeigniter4\framework\system\View\View.php(217): CodeIgniter\View\View->CodeIgniter\View\{closure}()
#3 D:\ci-4(2)\vendor\codeigniter4\framework\system\Common.php(1092): CodeIgniter\View\View->render('RegistrasiPasie...', Array, true)
#4 D:\ci-4(2)\app\Controllers\DataPasien.php(11): view('RegistrasiPasie...')
#5 D:\ci-4(2)\vendor\codeigniter4\framework\system\CodeIgniter.php(802): App\Controllers\DataPasien->index()
#6 D:\ci-4(2)\vendor\codeigniter4\framework\system\CodeIgniter.php(399): CodeIgniter\CodeIgniter->runController(Object(App\Controllers\DataPasien))
#7 D:\ci-4(2)\vendor\codeigniter4\framework\system\CodeIgniter.php(317): CodeIgniter\CodeIgniter->handleRequest(NULL, Object(Config\Cache), false)
#8 D:\ci-4(2)\public\index.php(37): CodeIgniter\CodeIgniter->run()
#9 D:\ci-4(2)\vendor\codeigniter4\framework\system\Commands\Server\rewrite.php(43): require_once('D:\\ci-4(2)\\publ...')
#10 {main}
CRITICAL - 2023-07-04 09:14:53 --> Undefined variable: datapasien
#0 D:\ci-4(2)\app\Views\RegistrasiPasien\regis_pasien.php(47): CodeIgniter\Debug\Exceptions->errorHandler(8, 'Undefined varia...', 'D:\\ci-4(2)\\app\\...', 47, Array)
#1 D:\ci-4(2)\vendor\codeigniter4\framework\system\View\View.php(214): include('D:\\ci-4(2)\\app\\...')
#2 D:\ci-4(2)\vendor\codeigniter4\framework\system\View\View.php(217): CodeIgniter\View\View->CodeIgniter\View\{closure}()
#3 D:\ci-4(2)\vendor\codeigniter4\framework\system\Common.php(1092): CodeIgniter\View\View->render('RegistrasiPasie...', Array, true)
#4 D:\ci-4(2)\app\Controllers\DataPasien.php(15): view('RegistrasiPasie...')
#5 D:\ci-4(2)\vendor\codeigniter4\framework\system\CodeIgniter.php(802): App\Controllers\DataPasien->index()
#6 D:\ci-4(2)\vendor\codeigniter4\framework\system\CodeIgniter.php(399): CodeIgniter\CodeIgniter->runController(Object(App\Controllers\DataPasien))
#7 D:\ci-4(2)\vendor\codeigniter4\framework\system\CodeIgniter.php(317): CodeIgniter\CodeIgniter->handleRequest(NULL, Object(Config\Cache), false)
#8 D:\ci-4(2)\public\index.php(37): CodeIgniter\CodeIgniter->run()
#9 D:\ci-4(2)\vendor\codeigniter4\framework\system\Commands\Server\rewrite.php(43): require_once('D:\\ci-4(2)\\publ...')
#10 {main}
CRITICAL - 2023-07-04 09:15:20 --> Invalid file: DataPasien/datapasien.php
#0 D:\ci-4(2)\vendor\codeigniter4\framework\system\View\View.php(198): CodeIgniter\Exceptions\FrameworkException::forInvalidFile('DataPasien/data...')
#1 D:\ci-4(2)\vendor\codeigniter4\framework\system\Common.php(1092): CodeIgniter\View\View->render('DataPasien/data...', Array, true)
#2 D:\ci-4(2)\app\Controllers\DataPasien.php(22): view('DataPasien/data...', Array)
#3 D:\ci-4(2)\vendor\codeigniter4\framework\system\CodeIgniter.php(802): App\Controllers\DataPasien->datapasien()
#4 D:\ci-4(2)\vendor\codeigniter4\framework\system\CodeIgniter.php(399): CodeIgniter\CodeIgniter->runController(Object(App\Controllers\DataPasien))
#5 D:\ci-4(2)\vendor\codeigniter4\framework\system\CodeIgniter.php(317): CodeIgniter\CodeIgniter->handleRequest(NULL, Object(Config\Cache), false)
#6 D:\ci-4(2)\public\index.php(37): CodeIgniter\CodeIgniter->run()
#7 D:\ci-4(2)\vendor\codeigniter4\framework\system\Commands\Server\rewrite.php(43): require_once('D:\\ci-4(2)\\publ...')
#8 {main}
CRITICAL - 2023-07-04 09:15:30 --> Undefined variable: datapasien
#0 D:\ci-4(2)\app\Views\RegistrasiPasien\regis_pasien.php(47): CodeIgniter\Debug\Exceptions->errorHandler(8, 'Undefined varia...', 'D:\\ci-4(2)\\app\\...', 47, Array)
#1 D:\ci-4(2)\vendor\codeigniter4\framework\system\View\View.php(214): include('D:\\ci-4(2)\\app\\...')
#2 D:\ci-4(2)\vendor\codeigniter4\framework\system\View\View.php(217): CodeIgniter\View\View->CodeIgniter\View\{closure}()
#3 D:\ci-4(2)\vendor\codeigniter4\framework\system\Common.php(1092): CodeIgniter\View\View->render('RegistrasiPasie...', Array, true)
#4 D:\ci-4(2)\app\Controllers\DataPasien.php(15): view('RegistrasiPasie...')
#5 D:\ci-4(2)\vendor\codeigniter4\framework\system\CodeIgniter.php(802): App\Controllers\DataPasien->index()
#6 D:\ci-4(2)\vendor\codeigniter4\framework\system\CodeIgniter.php(399): CodeIgniter\CodeIgniter->runController(Object(App\Controllers\DataPasien))
#7 D:\ci-4(2)\vendor\codeigniter4\framework\system\CodeIgniter.php(317): CodeIgniter\CodeIgniter->handleRequest(NULL, Object(Config\Cache), false)
#8 D:\ci-4(2)\public\index.php(37): CodeIgniter\CodeIgniter->run()
#9 D:\ci-4(2)\vendor\codeigniter4\framework\system\Commands\Server\rewrite.php(43): require_once('D:\\ci-4(2)\\publ...')
#10 {main}
CRITICAL - 2023-07-04 09:17:40 --> Undefined variable: joinpasienxkelurahan
#0 D:\ci-4(2)\app\Views\RegistrasiPasien\regis_pasien.php(47): CodeIgniter\Debug\Exceptions->errorHandler(8, 'Undefined varia...', 'D:\\ci-4(2)\\app\\...', 47, Array)
#1 D:\ci-4(2)\vendor\codeigniter4\framework\system\View\View.php(214): include('D:\\ci-4(2)\\app\\...')
#2 D:\ci-4(2)\vendor\codeigniter4\framework\system\View\View.php(217): CodeIgniter\View\View->CodeIgniter\View\{closure}()
#3 D:\ci-4(2)\vendor\codeigniter4\framework\system\Common.php(1092): CodeIgniter\View\View->render('RegistrasiPasie...', Array, true)
#4 D:\ci-4(2)\app\Controllers\DataPasien.php(15): view('RegistrasiPasie...')
#5 D:\ci-4(2)\vendor\codeigniter4\framework\system\CodeIgniter.php(802): App\Controllers\DataPasien->index()
#6 D:\ci-4(2)\vendor\codeigniter4\framework\system\CodeIgniter.php(399): CodeIgniter\CodeIgniter->runController(Object(App\Controllers\DataPasien))
#7 D:\ci-4(2)\vendor\codeigniter4\framework\system\CodeIgniter.php(317): CodeIgniter\CodeIgniter->handleRequest(NULL, Object(Config\Cache), false)
#8 D:\ci-4(2)\public\index.php(37): CodeIgniter\CodeIgniter->run()
#9 D:\ci-4(2)\vendor\codeigniter4\framework\system\Commands\Server\rewrite.php(43): require_once('D:\\ci-4(2)\\publ...')
#10 {main}
CRITICAL - 2023-07-04 09:19:49 --> Undefined variable: dataPasien
#0 D:\ci-4(2)\app\Views\RegistrasiPasien\regis_pasien.php(47): CodeIgniter\Debug\Exceptions->errorHandler(8, 'Undefined varia...', 'D:\\ci-4(2)\\app\\...', 47, Array)
#1 D:\ci-4(2)\vendor\codeigniter4\framework\system\View\View.php(214): include('D:\\ci-4(2)\\app\\...')
#2 D:\ci-4(2)\vendor\codeigniter4\framework\system\View\View.php(217): CodeIgniter\View\View->CodeIgniter\View\{closure}()
#3 D:\ci-4(2)\vendor\codeigniter4\framework\system\Common.php(1092): CodeIgniter\View\View->render('RegistrasiPasie...', Array, true)
#4 D:\ci-4(2)\app\Controllers\DataPasien.php(15): view('RegistrasiPasie...')
#5 D:\ci-4(2)\vendor\codeigniter4\framework\system\CodeIgniter.php(802): App\Controllers\DataPasien->index()
#6 D:\ci-4(2)\vendor\codeigniter4\framework\system\CodeIgniter.php(399): CodeIgniter\CodeIgniter->runController(Object(App\Controllers\DataPasien))
#7 D:\ci-4(2)\vendor\codeigniter4\framework\system\CodeIgniter.php(317): CodeIgniter\CodeIgniter->handleRequest(NULL, Object(Config\Cache), false)
#8 D:\ci-4(2)\public\index.php(37): CodeIgniter\CodeIgniter->run()
#9 D:\ci-4(2)\vendor\codeigniter4\framework\system\Commands\Server\rewrite.php(43): require_once('D:\\ci-4(2)\\publ...')
#10 {main}
CRITICAL - 2023-07-04 09:20:24 --> Undefined variable: dataPasien
#0 D:\ci-4(2)\app\Views\RegistrasiPasien\regis_pasien.php(47): CodeIgniter\Debug\Exceptions->errorHandler(8, 'Undefined varia...', 'D:\\ci-4(2)\\app\\...', 47, Array)
#1 D:\ci-4(2)\vendor\codeigniter4\framework\system\View\View.php(214): include('D:\\ci-4(2)\\app\\...')
#2 D:\ci-4(2)\vendor\codeigniter4\framework\system\View\View.php(217): CodeIgniter\View\View->CodeIgniter\View\{closure}()
#3 D:\ci-4(2)\vendor\codeigniter4\framework\system\Common.php(1092): CodeIgniter\View\View->render('RegistrasiPasie...', Array, true)
#4 D:\ci-4(2)\app\Controllers\DataPasien.php(15): view('RegistrasiPasie...')
#5 D:\ci-4(2)\vendor\codeigniter4\framework\system\CodeIgniter.php(802): App\Controllers\DataPasien->index()
#6 D:\ci-4(2)\vendor\codeigniter4\framework\system\CodeIgniter.php(399): CodeIgniter\CodeIgniter->runController(Object(App\Controllers\DataPasien))
#7 D:\ci-4(2)\vendor\codeigniter4\framework\system\CodeIgniter.php(317): CodeIgniter\CodeIgniter->handleRequest(NULL, Object(Config\Cache), false)
#8 D:\ci-4(2)\public\index.php(37): CodeIgniter\CodeIgniter->run()
#9 D:\ci-4(2)\vendor\codeigniter4\framework\system\Commands\Server\rewrite.php(43): require_once('D:\\ci-4(2)\\publ...')
#10 {main}
CRITICAL - 2023-07-04 09:21:14 --> Undefined variable: dataPasien
#0 D:\ci-4(2)\app\Views\RegistrasiPasien\regis_pasien.php(47): CodeIgniter\Debug\Exceptions->errorHandler(8, 'Undefined varia...', 'D:\\ci-4(2)\\app\\...', 47, Array)
#1 D:\ci-4(2)\vendor\codeigniter4\framework\system\View\View.php(214): include('D:\\ci-4(2)\\app\\...')
#2 D:\ci-4(2)\vendor\codeigniter4\framework\system\View\View.php(217): CodeIgniter\View\View->CodeIgniter\View\{closure}()
#3 D:\ci-4(2)\vendor\codeigniter4\framework\system\Common.php(1092): CodeIgniter\View\View->render('RegistrasiPasie...', Array, true)
#4 D:\ci-4(2)\app\Controllers\DataPasien.php(15): view('RegistrasiPasie...')
#5 D:\ci-4(2)\vendor\codeigniter4\framework\system\CodeIgniter.php(802): App\Controllers\DataPasien->index()
#6 D:\ci-4(2)\vendor\codeigniter4\framework\system\CodeIgniter.php(399): CodeIgniter\CodeIgniter->runController(Object(App\Controllers\DataPasien))
#7 D:\ci-4(2)\vendor\codeigniter4\framework\system\CodeIgniter.php(317): CodeIgniter\CodeIgniter->handleRequest(NULL, Object(Config\Cache), false)
#8 D:\ci-4(2)\public\index.php(37): CodeIgniter\CodeIgniter->run()
#9 D:\ci-4(2)\vendor\codeigniter4\framework\system\Commands\Server\rewrite.php(43): require_once('D:\\ci-4(2)\\publ...')
#10 {main}
CRITICAL - 2023-07-04 09:21:36 --> Undefined variable: datakelurahan
#0 D:\ci-4(2)\app\Views\DataKelurahan\datakelurahan.php(42): CodeIgniter\Debug\Exceptions->errorHandler(8, 'Undefined varia...', 'D:\\ci-4(2)\\app\\...', 42, Array)
#1 D:\ci-4(2)\vendor\codeigniter4\framework\system\View\View.php(214): include('D:\\ci-4(2)\\app\\...')
#2 D:\ci-4(2)\vendor\codeigniter4\framework\system\View\View.php(217): CodeIgniter\View\View->CodeIgniter\View\{closure}()
#3 D:\ci-4(2)\vendor\codeigniter4\framework\system\Common.php(1092): CodeIgniter\View\View->render('DataKelurahan/d...', Array, true)
#4 D:\ci-4(2)\app\Controllers\DataPasien.php(22): view('DataKelurahan/d...', Array)
#5 D:\ci-4(2)\vendor\codeigniter4\framework\system\CodeIgniter.php(802): App\Controllers\DataPasien->datapasien()
#6 D:\ci-4(2)\vendor\codeigniter4\framework\system\CodeIgniter.php(399): CodeIgniter\CodeIgniter->runController(Object(App\Controllers\DataPasien))
#7 D:\ci-4(2)\vendor\codeigniter4\framework\system\CodeIgniter.php(317): CodeIgniter\CodeIgniter->handleRequest(NULL, Object(Config\Cache), false)
#8 D:\ci-4(2)\public\index.php(37): CodeIgniter\CodeIgniter->run()
#9 D:\ci-4(2)\vendor\codeigniter4\framework\system\Commands\Server\rewrite.php(43): require_once('D:\\ci-4(2)\\publ...')
#10 {main}
CRITICAL - 2023-07-04 09:22:05 --> Invalid file: DataPasien/datapasien.php
#0 D:\ci-4(2)\vendor\codeigniter4\framework\system\View\View.php(198): CodeIgniter\Exceptions\FrameworkException::forInvalidFile('DataPasien/data...')
#1 D:\ci-4(2)\vendor\codeigniter4\framework\system\Common.php(1092): CodeIgniter\View\View->render('DataPasien/data...', Array, true)
#2 D:\ci-4(2)\app\Controllers\DataPasien.php(22): view('DataPasien/data...', Array)
#3 D:\ci-4(2)\vendor\codeigniter4\framework\system\CodeIgniter.php(802): App\Controllers\DataPasien->datapasien()
#4 D:\ci-4(2)\vendor\codeigniter4\framework\system\CodeIgniter.php(399): CodeIgniter\CodeIgniter->runController(Object(App\Controllers\DataPasien))
#5 D:\ci-4(2)\vendor\codeigniter4\framework\system\CodeIgniter.php(317): CodeIgniter\CodeIgniter->handleRequest(NULL, Object(Config\Cache), false)
#6 D:\ci-4(2)\public\index.php(37): CodeIgniter\CodeIgniter->run()
#7 D:\ci-4(2)\vendor\codeigniter4\framework\system\Commands\Server\rewrite.php(43): require_once('D:\\ci-4(2)\\publ...')
#8 {main}
CRITICAL - 2023-07-04 09:23:32 --> Undefined variable: dataPasien
#0 D:\ci-4(2)\app\Views\RegistrasiPasien\regis_pasien.php(47): CodeIgniter\Debug\Exceptions->errorHandler(8, 'Undefined varia...', 'D:\\ci-4(2)\\app\\...', 47, Array)
#1 D:\ci-4(2)\vendor\codeigniter4\framework\system\View\View.php(214): include('D:\\ci-4(2)\\app\\...')
#2 D:\ci-4(2)\vendor\codeigniter4\framework\system\View\View.php(217): CodeIgniter\View\View->CodeIgniter\View\{closure}()
#3 D:\ci-4(2)\vendor\codeigniter4\framework\system\Common.php(1092): CodeIgniter\View\View->render('RegistrasiPasie...', Array, true)
#4 D:\ci-4(2)\app\Controllers\DataPasien.php(22): view('RegistrasiPasie...', Array)
#5 D:\ci-4(2)\vendor\codeigniter4\framework\system\CodeIgniter.php(802): App\Controllers\DataPasien->datapasien()
#6 D:\ci-4(2)\vendor\codeigniter4\framework\system\CodeIgniter.php(399): CodeIgniter\CodeIgniter->runController(Object(App\Controllers\DataPasien))
#7 D:\ci-4(2)\vendor\codeigniter4\framework\system\CodeIgniter.php(317): CodeIgniter\CodeIgniter->handleRequest(NULL, Object(Config\Cache), false)
#8 D:\ci-4(2)\public\index.php(37): CodeIgniter\CodeIgniter->run()
#9 D:\ci-4(2)\vendor\codeigniter4\framework\system\Commands\Server\rewrite.php(43): require_once('D:\\ci-4(2)\\publ...')
#10 {main}
CRITICAL - 2023-07-04 09:24:29 --> Undefined index: rt
#0 D:\ci-4(2)\app\Views\RegistrasiPasien\regis_pasien.php(53): CodeIgniter\Debug\Exceptions->errorHandler(8, 'Undefined index...', 'D:\\ci-4(2)\\app\\...', 53, Array)
#1 D:\ci-4(2)\vendor\codeigniter4\framework\system\View\View.php(214): include('D:\\ci-4(2)\\app\\...')
#2 D:\ci-4(2)\vendor\codeigniter4\framework\system\View\View.php(217): CodeIgniter\View\View->CodeIgniter\View\{closure}()
#3 D:\ci-4(2)\vendor\codeigniter4\framework\system\Common.php(1092): CodeIgniter\View\View->render('RegistrasiPasie...', Array, true)
#4 D:\ci-4(2)\app\Controllers\DataPasien.php(22): view('RegistrasiPasie...', Array)
#5 D:\ci-4(2)\vendor\codeigniter4\framework\system\CodeIgniter.php(802): App\Controllers\DataPasien->datapasien()
#6 D:\ci-4(2)\vendor\codeigniter4\framework\system\CodeIgniter.php(399): CodeIgniter\CodeIgniter->runController(Object(App\Controllers\DataPasien))
#7 D:\ci-4(2)\vendor\codeigniter4\framework\system\CodeIgniter.php(317): CodeIgniter\CodeIgniter->handleRequest(NULL, Object(Config\Cache), false)
#8 D:\ci-4(2)\public\index.php(37): CodeIgniter\CodeIgniter->run()
#9 D:\ci-4(2)\vendor\codeigniter4\framework\system\Commands\Server\rewrite.php(43): require_once('D:\\ci-4(2)\\publ...')
#10 {main}
CRITICAL - 2023-07-04 09:26:05 --> Undefined index: nama_kelurahan
#0 D:\ci-4(2)\app\Views\RegistrasiPasien\regis_pasien.php(55): CodeIgniter\Debug\Exceptions->errorHandler(8, 'Undefined index...', 'D:\\ci-4(2)\\app\\...', 55, Array)
#1 D:\ci-4(2)\vendor\codeigniter4\framework\system\View\View.php(214): include('D:\\ci-4(2)\\app\\...')
#2 D:\ci-4(2)\vendor\codeigniter4\framework\system\View\View.php(217): CodeIgniter\View\View->CodeIgniter\View\{closure}()
#3 D:\ci-4(2)\vendor\codeigniter4\framework\system\Common.php(1092): CodeIgniter\View\View->render('RegistrasiPasie...', Array, true)
#4 D:\ci-4(2)\app\Controllers\DataPasien.php(22): view('RegistrasiPasie...', Array)
#5 D:\ci-4(2)\vendor\codeigniter4\framework\system\CodeIgniter.php(802): App\Controllers\DataPasien->datapasien()
#6 D:\ci-4(2)\vendor\codeigniter4\framework\system\CodeIgniter.php(399): CodeIgniter\CodeIgniter->runController(Object(App\Controllers\DataPasien))
#7 D:\ci-4(2)\vendor\codeigniter4\framework\system\CodeIgniter.php(317): CodeIgniter\CodeIgniter->handleRequest(NULL, Object(Config\Cache), false)
#8 D:\ci-4(2)\public\index.php(37): CodeIgniter\CodeIgniter->run()
#9 D:\ci-4(2)\vendor\codeigniter4\framework\system\Commands\Server\rewrite.php(43): require_once('D:\\ci-4(2)\\publ...')
#10 {main}
CRITICAL - 2023-07-04 10:18:46 --> Undefined variable: dropdown
#0 D:\ci-4(2)\app\Views\RegistrasiPasien\input_pasien.php(58): CodeIgniter\Debug\Exceptions->errorHandler(8, 'Undefined varia...', 'D:\\ci-4(2)\\app\\...', 58, Array)
#1 D:\ci-4(2)\vendor\codeigniter4\framework\system\View\View.php(214): include('D:\\ci-4(2)\\app\\...')
#2 D:\ci-4(2)\vendor\codeigniter4\framework\system\View\View.php(217): CodeIgniter\View\View->CodeIgniter\View\{closure}()
#3 D:\ci-4(2)\vendor\codeigniter4\framework\system\Common.php(1092): CodeIgniter\View\View->render('RegistrasiPasie...', Array, true)
#4 D:\ci-4(2)\app\Controllers\DataPasien.php(34): view('RegistrasiPasie...', Array)
#5 D:\ci-4(2)\vendor\codeigniter4\framework\system\CodeIgniter.php(802): App\Controllers\DataPasien->input()
#6 D:\ci-4(2)\vendor\codeigniter4\framework\system\CodeIgniter.php(399): CodeIgniter\CodeIgniter->runController(Object(App\Controllers\DataPasien))
#7 D:\ci-4(2)\vendor\codeigniter4\framework\system\CodeIgniter.php(317): CodeIgniter\CodeIgniter->handleRequest(NULL, Object(Config\Cache), false)
#8 D:\ci-4(2)\public\index.php(37): CodeIgniter\CodeIgniter->run()
#9 D:\ci-4(2)\vendor\codeigniter4\framework\system\Commands\Server\rewrite.php(43): require_once('D:\\ci-4(2)\\publ...')
#10 {main}
CRITICAL - 2023-07-04 10:19:17 --> Undefined variable: dropdownkelurahan
#0 D:\ci-4(2)\app\Views\RegistrasiPasien\input_pasien.php(58): CodeIgniter\Debug\Exceptions->errorHandler(8, 'Undefined varia...', 'D:\\ci-4(2)\\app\\...', 58, Array)
#1 D:\ci-4(2)\vendor\codeigniter4\framework\system\View\View.php(214): include('D:\\ci-4(2)\\app\\...')
#2 D:\ci-4(2)\vendor\codeigniter4\framework\system\View\View.php(217): CodeIgniter\View\View->CodeIgniter\View\{closure}()
#3 D:\ci-4(2)\vendor\codeigniter4\framework\system\Common.php(1092): CodeIgniter\View\View->render('RegistrasiPasie...', Array, true)
#4 D:\ci-4(2)\app\Controllers\DataPasien.php(34): view('RegistrasiPasie...', Array)
#5 D:\ci-4(2)\vendor\codeigniter4\framework\system\CodeIgniter.php(802): App\Controllers\DataPasien->input()
#6 D:\ci-4(2)\vendor\codeigniter4\framework\system\CodeIgniter.php(399): CodeIgniter\CodeIgniter->runController(Object(App\Controllers\DataPasien))
#7 D:\ci-4(2)\vendor\codeigniter4\framework\system\CodeIgniter.php(317): CodeIgniter\CodeIgniter->handleRequest(NULL, Object(Config\Cache), false)
#8 D:\ci-4(2)\public\index.php(37): CodeIgniter\CodeIgniter->run()
#9 D:\ci-4(2)\vendor\codeigniter4\framework\system\Commands\Server\rewrite.php(43): require_once('D:\\ci-4(2)\\publ...')
#10 {main}
ERROR - 2023-07-04 10:35:48 --> Column 'jk_pasien' cannot be null
CRITICAL - 2023-07-04 10:35:48 --> Column 'jk_pasien' cannot be null
#0 D:\ci-4(2)\vendor\codeigniter4\framework\system\Database\MySQLi\Connection.php(280): mysqli->query('INSERT INTO `tb...')
#1 D:\ci-4(2)\vendor\codeigniter4\framework\system\Database\BaseConnection.php(663): CodeIgniter\Database\MySQLi\Connection->execute('INSERT INTO `tb...')
#2 D:\ci-4(2)\vendor\codeigniter4\framework\system\Database\BaseConnection.php(591): CodeIgniter\Database\BaseConnection->simpleQuery('INSERT INTO `tb...')
#3 D:\ci-4(2)\vendor\codeigniter4\framework\system\Database\BaseBuilder.php(1733): CodeIgniter\Database\BaseConnection->query('INSERT INTO `tb...', Array, false)
#4 D:\ci-4(2)\vendor\codeigniter4\framework\system\Model.php(239): CodeIgniter\Database\BaseBuilder->insert()
#5 D:\ci-4(2)\vendor\codeigniter4\framework\system\BaseModel.php(738): CodeIgniter\Model->doInsert(Array)
#6 D:\ci-4(2)\vendor\codeigniter4\framework\system\Model.php(620): CodeIgniter\BaseModel->insert(Array, true)
#7 D:\ci-4(2)\app\Controllers\DataPasien.php(49): CodeIgniter\Model->insert(Array)
#8 D:\ci-4(2)\vendor\codeigniter4\framework\system\CodeIgniter.php(802): App\Controllers\DataPasien->simpan()
#9 D:\ci-4(2)\vendor\codeigniter4\framework\system\CodeIgniter.php(399): CodeIgniter\CodeIgniter->runController(Object(App\Controllers\DataPasien))
#10 D:\ci-4(2)\vendor\codeigniter4\framework\system\CodeIgniter.php(317): CodeIgniter\CodeIgniter->handleRequest(NULL, Object(Config\Cache), false)
#11 D:\ci-4(2)\public\index.php(37): CodeIgniter\CodeIgniter->run()
#12 D:\ci-4(2)\vendor\codeigniter4\framework\system\Commands\Server\rewrite.php(43): require_once('D:\\ci-4(2)\\publ...')
#13 {main}
CRITICAL - 2023-07-04 10:40:48 --> Invalid file: login.php
#0 D:\ci-4(2)\vendor\codeigniter4\framework\system\View\View.php(198): CodeIgniter\Exceptions\FrameworkException::forInvalidFile('login.php')
#1 D:\ci-4(2)\vendor\codeigniter4\framework\system\Common.php(1092): CodeIgniter\View\View->render('login', Array, true)
#2 D:\ci-4(2)\app\Controllers\Home.php(16): view('login')
#3 D:\ci-4(2)\vendor\codeigniter4\framework\system\CodeIgniter.php(802): App\Controllers\Home->index()
#4 D:\ci-4(2)\vendor\codeigniter4\framework\system\CodeIgniter.php(399): CodeIgniter\CodeIgniter->runController(Object(App\Controllers\Home))
#5 D:\ci-4(2)\vendor\codeigniter4\framework\system\CodeIgniter.php(317): CodeIgniter\CodeIgniter->handleRequest(NULL, Object(Config\Cache), false)
#6 D:\ci-4(2)\public\index.php(37): CodeIgniter\CodeIgniter->run()
#7 D:\ci-4(2)\vendor\codeigniter4\framework\system\Commands\Server\rewrite.php(43): require_once('D:\\ci-4(2)\\publ...')
#8 {main}
CRITICAL - 2023-07-04 10:59:58 --> Invalid file: login.php
#0 D:\ci-4(2)\vendor\codeigniter4\framework\system\View\View.php(198): CodeIgniter\Exceptions\FrameworkException::forInvalidFile('login.php')
#1 D:\ci-4(2)\vendor\codeigniter4\framework\system\Common.php(1092): CodeIgniter\View\View->render('login', Array, true)
#2 D:\ci-4(2)\app\Controllers\Auth.php(29): view('login')
#3 D:\ci-4(2)\vendor\codeigniter4\framework\system\CodeIgniter.php(802): App\Controllers\Auth->login()
#4 D:\ci-4(2)\vendor\codeigniter4\framework\system\CodeIgniter.php(399): CodeIgniter\CodeIgniter->runController(Object(App\Controllers\Auth))
#5 D:\ci-4(2)\vendor\codeigniter4\framework\system\CodeIgniter.php(317): CodeIgniter\CodeIgniter->handleRequest(NULL, Object(Config\Cache), false)
#6 D:\ci-4(2)\public\index.php(37): CodeIgniter\CodeIgniter->run()
#7 D:\ci-4(2)\vendor\codeigniter4\framework\system\Commands\Server\rewrite.php(43): require_once('D:\\ci-4(2)\\publ...')
#8 {main}
CRITICAL - 2023-07-04 11:00:47 --> Undefined variable: username
#0 D:\ci-4(2)\app\Views\login2.php(26): CodeIgniter\Debug\Exceptions->errorHandler(8, 'Undefined varia...', 'D:\\ci-4(2)\\app\\...', 26, Array)
#1 D:\ci-4(2)\vendor\codeigniter4\framework\system\View\View.php(214): include('D:\\ci-4(2)\\app\\...')
#2 D:\ci-4(2)\vendor\codeigniter4\framework\system\View\View.php(217): CodeIgniter\View\View->CodeIgniter\View\{closure}()
#3 D:\ci-4(2)\vendor\codeigniter4\framework\system\Common.php(1092): CodeIgniter\View\View->render('login2', Array, true)
#4 D:\ci-4(2)\app\Controllers\Login.php(11): view('login2')
#5 D:\ci-4(2)\vendor\codeigniter4\framework\system\CodeIgniter.php(802): App\Controllers\Login->index()
#6 D:\ci-4(2)\vendor\codeigniter4\framework\system\CodeIgniter.php(399): CodeIgniter\CodeIgniter->runController(Object(App\Controllers\Login))
#7 D:\ci-4(2)\vendor\codeigniter4\framework\system\CodeIgniter.php(317): CodeIgniter\CodeIgniter->handleRequest(NULL, Object(Config\Cache), false)
#8 D:\ci-4(2)\public\index.php(37): CodeIgniter\CodeIgniter->run()
#9 D:\ci-4(2)\vendor\codeigniter4\framework\system\Commands\Server\rewrite.php(43): require_once('D:\\ci-4(2)\\publ...')
#10 {main}
CRITICAL - 2023-07-04 11:10:53 --> Invalid file: login.php
#0 D:\ci-4(2)\vendor\codeigniter4\framework\system\View\View.php(198): CodeIgniter\Exceptions\FrameworkException::forInvalidFile('login.php')
#1 D:\ci-4(2)\vendor\codeigniter4\framework\system\Common.php(1092): CodeIgniter\View\View->render('login', Array, true)
#2 D:\ci-4(2)\app\Controllers\Auth.php(29): view('login')
#3 D:\ci-4(2)\vendor\codeigniter4\framework\system\CodeIgniter.php(802): App\Controllers\Auth->login()
#4 D:\ci-4(2)\vendor\codeigniter4\framework\system\CodeIgniter.php(399): CodeIgniter\CodeIgniter->runController(Object(App\Controllers\Auth))
#5 D:\ci-4(2)\vendor\codeigniter4\framework\system\CodeIgniter.php(317): CodeIgniter\CodeIgniter->handleRequest(NULL, Object(Config\Cache), false)
#6 D:\ci-4(2)\public\index.php(37): CodeIgniter\CodeIgniter->run()
#7 D:\ci-4(2)\vendor\codeigniter4\framework\system\Commands\Server\rewrite.php(43): require_once('D:\\ci-4(2)\\publ...')
#8 {main}
CRITICAL - 2023-07-04 11:35:25 --> Undefined index: nama_kelurahan
#0 D:\ci-4(2)\app\Views\cetakkartupasien.php(69): CodeIgniter\Debug\Exceptions->errorHandler(8, 'Undefined index...', 'D:\\ci-4(2)\\app\\...', 69, Array)
#1 D:\ci-4(2)\vendor\codeigniter4\framework\system\View\View.php(214): include('D:\\ci-4(2)\\app\\...')
#2 D:\ci-4(2)\vendor\codeigniter4\framework\system\View\View.php(217): CodeIgniter\View\View->CodeIgniter\View\{closure}()
#3 D:\ci-4(2)\vendor\codeigniter4\framework\system\Common.php(1092): CodeIgniter\View\View->render('cetakkartupasie...', Array, true)
#4 D:\ci-4(2)\app\Controllers\DataPasien.php(61): view('cetakkartupasie...', Array)
#5 D:\ci-4(2)\vendor\codeigniter4\framework\system\CodeIgniter.php(802): App\Controllers\DataPasien->cetakkartupasien('20230700001')
#6 D:\ci-4(2)\vendor\codeigniter4\framework\system\CodeIgniter.php(399): CodeIgniter\CodeIgniter->runController(Object(App\Controllers\DataPasien))
#7 D:\ci-4(2)\vendor\codeigniter4\framework\system\CodeIgniter.php(317): CodeIgniter\CodeIgniter->handleRequest(NULL, Object(Config\Cache), false)
#8 D:\ci-4(2)\public\index.php(37): CodeIgniter\CodeIgniter->run()
#9 D:\ci-4(2)\vendor\codeigniter4\framework\system\Commands\Server\rewrite.php(43): require_once('D:\\ci-4(2)\\publ...')
#10 {main}
CRITICAL - 2023-07-04 11:38:32 --> Class 'TCPDF' not found
#0 D:\ci-4(2)\vendor\codeigniter4\framework\system\CodeIgniter.php(802): App\Controllers\DataPasien->cetakkartupasien('20230700001')
#1 D:\ci-4(2)\vendor\codeigniter4\framework\system\CodeIgniter.php(399): CodeIgniter\CodeIgniter->runController(Object(App\Controllers\DataPasien))
#2 D:\ci-4(2)\vendor\codeigniter4\framework\system\CodeIgniter.php(317): CodeIgniter\CodeIgniter->handleRequest(NULL, Object(Config\Cache), false)
#3 D:\ci-4(2)\public\index.php(37): CodeIgniter\CodeIgniter->run()
#4 D:\ci-4(2)\vendor\codeigniter4\framework\system\Commands\Server\rewrite.php(43): require_once('D:\\ci-4(2)\\publ...')
#5 {main}
CRITICAL - 2023-07-04 11:57:10 --> Undefined index: nama_kelurahan
#0 D:\ci-4(2)\app\Views\cetakkartupasien.php(69): CodeIgniter\Debug\Exceptions->errorHandler(8, 'Undefined index...', 'D:\\ci-4(2)\\app\\...', 69, Array)
#1 D:\ci-4(2)\vendor\codeigniter4\framework\system\View\View.php(210): include('D:\\ci-4(2)\\app\\...')
#2 D:\ci-4(2)\vendor\codeigniter4\framework\system\View\View.php(213): CodeIgniter\View\View->CodeIgniter\View\{closure}()
#3 D:\ci-4(2)\vendor\codeigniter4\framework\system\Common.php(1089): CodeIgniter\View\View->render('cetakkartupasie...', Array, true)
#4 D:\ci-4(2)\app\Controllers\DataPasien.php(61): view('cetakkartupasie...', Array)
#5 D:\ci-4(2)\vendor\codeigniter4\framework\system\CodeIgniter.php(832): App\Controllers\DataPasien->cetakkartupasien('20230700001')
#6 D:\ci-4(2)\vendor\codeigniter4\framework\system\CodeIgniter.php(419): CodeIgniter\CodeIgniter->runController(Object(App\Controllers\DataPasien))
#7 D:\ci-4(2)\vendor\codeigniter4\framework\system\CodeIgniter.php(326): CodeIgniter\CodeIgniter->handleRequest(NULL, Object(Config\Cache), false)
#8 D:\ci-4(2)\public\index.php(37): CodeIgniter\CodeIgniter->run()
#9 D:\ci-4(2)\vendor\codeigniter4\framework\system\Commands\Server\rewrite.php(43): require_once('D:\\ci-4(2)\\publ...')
#10 {main}
CRITICAL - 2023-07-04 12:01:15 --> Undefined index: id_pasien
#0 D:\ci-4(2)\app\Views\cetakkartupasien.php(59): CodeIgniter\Debug\Exceptions->errorHandler(8, 'Undefined index...', 'D:\\ci-4(2)\\app\\...', 59, Array)
#1 D:\ci-4(2)\vendor\codeigniter4\framework\system\View\View.php(210): include('D:\\ci-4(2)\\app\\...')
#2 D:\ci-4(2)\vendor\codeigniter4\framework\system\View\View.php(213): CodeIgniter\View\View->CodeIgniter\View\{closure}()
#3 D:\ci-4(2)\vendor\codeigniter4\framework\system\Common.php(1089): CodeIgniter\View\View->render('cetakkartupasie...', Array, true)
#4 D:\ci-4(2)\app\Controllers\DataPasien.php(61): view('cetakkartupasie...', Array)
#5 D:\ci-4(2)\vendor\codeigniter4\framework\system\CodeIgniter.php(832): App\Controllers\DataPasien->cetakkartupasien('20230700001')
#6 D:\ci-4(2)\vendor\codeigniter4\framework\system\CodeIgniter.php(419): CodeIgniter\CodeIgniter->runController(Object(App\Controllers\DataPasien))
#7 D:\ci-4(2)\vendor\codeigniter4\framework\system\CodeIgniter.php(326): CodeIgniter\CodeIgniter->handleRequest(NULL, Object(Config\Cache), false)
#8 D:\ci-4(2)\public\index.php(37): CodeIgniter\CodeIgniter->run()
#9 D:\ci-4(2)\vendor\codeigniter4\framework\system\Commands\Server\rewrite.php(43): require_once('D:\\ci-4(2)\\publ...')
#10 {main}
CRITICAL - 2023-07-04 12:02:10 --> Undefined index: nama_pasien
#0 D:\ci-4(2)\app\Views\cetakkartupasien.php(60): CodeIgniter\Debug\Exceptions->errorHandler(8, 'Undefined index...', 'D:\\ci-4(2)\\app\\...', 60, Array)
#1 D:\ci-4(2)\vendor\codeigniter4\framework\system\View\View.php(210): include('D:\\ci-4(2)\\app\\...')
#2 D:\ci-4(2)\vendor\codeigniter4\framework\system\View\View.php(213): CodeIgniter\View\View->CodeIgniter\View\{closure}()
#3 D:\ci-4(2)\vendor\codeigniter4\framework\system\Common.php(1089): CodeIgniter\View\View->render('cetakkartupasie...', Array, true)
#4 D:\ci-4(2)\app\Controllers\DataPasien.php(61): view('cetakkartupasie...', Array)
#5 D:\ci-4(2)\vendor\codeigniter4\framework\system\CodeIgniter.php(832): App\Controllers\DataPasien->cetakkartupasien('20230700001')
#6 D:\ci-4(2)\vendor\codeigniter4\framework\system\CodeIgniter.php(419): CodeIgniter\CodeIgniter->runController(Object(App\Controllers\DataPasien))
#7 D:\ci-4(2)\vendor\codeigniter4\framework\system\CodeIgniter.php(326): CodeIgniter\CodeIgniter->handleRequest(NULL, Object(Config\Cache), false)
#8 D:\ci-4(2)\public\index.php(37): CodeIgniter\CodeIgniter->run()
#9 D:\ci-4(2)\vendor\codeigniter4\framework\system\Commands\Server\rewrite.php(43): require_once('D:\\ci-4(2)\\publ...')
#10 {main}
CRITICAL - 2023-07-04 12:03:43 --> Call to a member function find() on null
#0 D:\ci-4(2)\vendor\codeigniter4\framework\system\CodeIgniter.php(832): App\Controllers\DataPasien->cetakkartupasien('20230700001')
#1 D:\ci-4(2)\vendor\codeigniter4\framework\system\CodeIgniter.php(419): CodeIgniter\CodeIgniter->runController(Object(App\Controllers\DataPasien))
#2 D:\ci-4(2)\vendor\codeigniter4\framework\system\CodeIgniter.php(326): CodeIgniter\CodeIgniter->handleRequest(NULL, Object(Config\Cache), false)
#3 D:\ci-4(2)\public\index.php(37): CodeIgniter\CodeIgniter->run()
#4 D:\ci-4(2)\vendor\codeigniter4\framework\system\Commands\Server\rewrite.php(43): require_once('D:\\ci-4(2)\\publ...')
#5 {main}
CRITICAL - 2023-07-04 12:03:52 --> Call to a member function find() on array
#0 D:\ci-4(2)\vendor\codeigniter4\framework\system\CodeIgniter.php(832): App\Controllers\DataPasien->cetakkartupasien('20230700001')
#1 D:\ci-4(2)\vendor\codeigniter4\framework\system\CodeIgniter.php(419): CodeIgniter\CodeIgniter->runController(Object(App\Controllers\DataPasien))
#2 D:\ci-4(2)\vendor\codeigniter4\framework\system\CodeIgniter.php(326): CodeIgniter\CodeIgniter->handleRequest(NULL, Object(Config\Cache), false)
#3 D:\ci-4(2)\public\index.php(37): CodeIgniter\CodeIgniter->run()
#4 D:\ci-4(2)\vendor\codeigniter4\framework\system\Commands\Server\rewrite.php(43): require_once('D:\\ci-4(2)\\publ...')
#5 {main}
CRITICAL - 2023-07-04 12:04:05 --> Undefined index: nama_kelurahan
#0 D:\ci-4(2)\app\Views\cetakkartupasien.php(71): CodeIgniter\Debug\Exceptions->errorHandler(8, 'Undefined index...', 'D:\\ci-4(2)\\app\\...', 71, Array)
#1 D:\ci-4(2)\vendor\codeigniter4\framework\system\View\View.php(210): include('D:\\ci-4(2)\\app\\...')
#2 D:\ci-4(2)\vendor\codeigniter4\framework\system\View\View.php(213): CodeIgniter\View\View->CodeIgniter\View\{closure}()
#3 D:\ci-4(2)\vendor\codeigniter4\framework\system\Common.php(1089): CodeIgniter\View\View->render('cetakkartupasie...', Array, true)
#4 D:\ci-4(2)\app\Controllers\DataPasien.php(61): view('cetakkartupasie...', Array)
#5 D:\ci-4(2)\vendor\codeigniter4\framework\system\CodeIgniter.php(832): App\Controllers\DataPasien->cetakkartupasien('20230700001')
#6 D:\ci-4(2)\vendor\codeigniter4\framework\system\CodeIgniter.php(419): CodeIgniter\CodeIgniter->runController(Object(App\Controllers\DataPasien))
#7 D:\ci-4(2)\vendor\codeigniter4\framework\system\CodeIgniter.php(326): CodeIgniter\CodeIgniter->handleRequest(NULL, Object(Config\Cache), false)
#8 D:\ci-4(2)\public\index.php(37): CodeIgniter\CodeIgniter->run()
#9 D:\ci-4(2)\vendor\codeigniter4\framework\system\Commands\Server\rewrite.php(43): require_once('D:\\ci-4(2)\\publ...')
#10 {main}
CRITICAL - 2023-07-04 12:05:29 --> Undefined index: id_pasien
#0 D:\ci-4(2)\app\Views\cetakkartupasien.php(59): CodeIgniter\Debug\Exceptions->errorHandler(8, 'Undefined index...', 'D:\\ci-4(2)\\app\\...', 59, Array)
#1 D:\ci-4(2)\vendor\codeigniter4\framework\system\View\View.php(210): include('D:\\ci-4(2)\\app\\...')
#2 D:\ci-4(2)\vendor\codeigniter4\framework\system\View\View.php(213): CodeIgniter\View\View->CodeIgniter\View\{closure}()
#3 D:\ci-4(2)\vendor\codeigniter4\framework\system\Common.php(1089): CodeIgniter\View\View->render('cetakkartupasie...', Array, true)
#4 D:\ci-4(2)\app\Controllers\DataPasien.php(61): view('cetakkartupasie...', Array)
#5 D:\ci-4(2)\vendor\codeigniter4\framework\system\CodeIgniter.php(832): App\Controllers\DataPasien->cetakkartupasien('20230700001')
#6 D:\ci-4(2)\vendor\codeigniter4\framework\system\CodeIgniter.php(419): CodeIgniter\CodeIgniter->runController(Object(App\Controllers\DataPasien))
#7 D:\ci-4(2)\vendor\codeigniter4\framework\system\CodeIgniter.php(326): CodeIgniter\CodeIgniter->handleRequest(NULL, Object(Config\Cache), false)
#8 D:\ci-4(2)\public\index.php(37): CodeIgniter\CodeIgniter->run()
#9 D:\ci-4(2)\vendor\codeigniter4\framework\system\Commands\Server\rewrite.php(43): require_once('D:\\ci-4(2)\\publ...')
#10 {main}
ERROR - 2023-07-04 12:22:31 --> Table 'db_rumahsakit.cetakkartus' doesn't exist
CRITICAL - 2023-07-04 12:22:31 --> Table 'db_rumahsakit.cetakkartus' doesn't exist
#0 D:\ci-4(2)\vendor\codeigniter4\framework\system\Database\MySQLi\Connection.php(292): mysqli->query('SELECT *\nFROM `...', 0)
#1 D:\ci-4(2)\vendor\codeigniter4\framework\system\Database\BaseConnection.php(670): CodeIgniter\Database\MySQLi\Connection->execute('SELECT *\nFROM `...')
#2 D:\ci-4(2)\vendor\codeigniter4\framework\system\Database\BaseConnection.php(598): CodeIgniter\Database\BaseConnection->simpleQuery('SELECT *\nFROM `...')
#3 D:\ci-4(2)\vendor\codeigniter4\framework\system\Database\BaseBuilder.php(1455): CodeIgniter\Database\BaseConnection->query('SELECT *\nFROM `...', Array, false)
#4 D:\ci-4(2)\vendor\codeigniter4\framework\system\Model.php(142): CodeIgniter\Database\BaseBuilder->get()
#5 D:\ci-4(2)\vendor\codeigniter4\framework\system\BaseModel.php(523): CodeIgniter\Model->doFind(true, '20230700001')
#6 D:\ci-4(2)\app\Controllers\DataPasien.php(60): CodeIgniter\BaseModel->find('20230700001')
#7 D:\ci-4(2)\vendor\codeigniter4\framework\system\CodeIgniter.php(832): App\Controllers\DataPasien->cetakkartupasien('20230700001')
#8 D:\ci-4(2)\vendor\codeigniter4\framework\system\CodeIgniter.php(419): CodeIgniter\CodeIgniter->runController(Object(App\Controllers\DataPasien))
#9 D:\ci-4(2)\vendor\codeigniter4\framework\system\CodeIgniter.php(326): CodeIgniter\CodeIgniter->handleRequest(NULL, Object(Config\Cache), false)
#10 D:\ci-4(2)\public\index.php(37): CodeIgniter\CodeIgniter->run()
#11 D:\ci-4(2)\vendor\codeigniter4\framework\system\Commands\Server\rewrite.php(43): require_once('D:\\ci-4(2)\\publ...')
#12 {main}
CRITICAL - 2023-07-04 12:34:54 --> syntax error, unexpected 'public' (T_PUBLIC)
#0 D:\ci-4(2)\vendor\codeigniter4\framework\system\Router\Router.php(175): CodeIgniter\Router\Router->autoRoute('DataPasien/inpu...')
#1 D:\ci-4(2)\vendor\codeigniter4\framework\system\CodeIgniter.php(726): CodeIgniter\Router\Router->handle('DataPasien/inpu...')
#2 D:\ci-4(2)\vendor\codeigniter4\framework\system\CodeIgniter.php(368): CodeIgniter\CodeIgniter->tryToRouteIt(Object(CodeIgniter\Router\RouteCollection))
#3 D:\ci-4(2)\vendor\codeigniter4\framework\system\CodeIgniter.php(326): CodeIgniter\CodeIgniter->handleRequest(NULL, Object(Config\Cache), false)
#4 D:\ci-4(2)\public\index.php(37): CodeIgniter\CodeIgniter->run()
#5 D:\ci-4(2)\vendor\codeigniter4\framework\system\Commands\Server\rewrite.php(43): require_once('D:\\ci-4(2)\\publ...')
#6 {main}
CRITICAL - 2023-07-04 12:35:13 --> syntax error, unexpected 'public' (T_PUBLIC)
#0 D:\ci-4(2)\vendor\codeigniter4\framework\system\Router\Router.php(175): CodeIgniter\Router\Router->autoRoute('DataPasien/inpu...')
#1 D:\ci-4(2)\vendor\codeigniter4\framework\system\CodeIgniter.php(726): CodeIgniter\Router\Router->handle('DataPasien/inpu...')
#2 D:\ci-4(2)\vendor\codeigniter4\framework\system\CodeIgniter.php(368): CodeIgniter\CodeIgniter->tryToRouteIt(Object(CodeIgniter\Router\RouteCollection))
#3 D:\ci-4(2)\vendor\codeigniter4\framework\system\CodeIgniter.php(326): CodeIgniter\CodeIgniter->handleRequest(NULL, Object(Config\Cache), false)
#4 D:\ci-4(2)\public\index.php(37): CodeIgniter\CodeIgniter->run()
#5 D:\ci-4(2)\vendor\codeigniter4\framework\system\Commands\Server\rewrite.php(43): require_once('D:\\ci-4(2)\\publ...')
#6 {main}
CRITICAL - 2023-07-04 12:37:33 --> Invalid file: login.php
#0 D:\ci-4(2)\vendor\codeigniter4\framework\system\View\View.php(198): CodeIgniter\Exceptions\FrameworkException::forInvalidFile('login.php')
#1 D:\ci-4(2)\vendor\codeigniter4\framework\system\Common.php(1089): CodeIgniter\View\View->render('login', Array, true)
#2 D:\ci-4(2)\app\Controllers\Auth.php(29): view('login')
#3 D:\ci-4(2)\vendor\codeigniter4\framework\system\CodeIgniter.php(832): App\Controllers\Auth->login()
#4 D:\ci-4(2)\vendor\codeigniter4\framework\system\CodeIgniter.php(419): CodeIgniter\CodeIgniter->runController(Object(App\Controllers\Auth))
#5 D:\ci-4(2)\vendor\codeigniter4\framework\system\CodeIgniter.php(326): CodeIgniter\CodeIgniter->handleRequest(NULL, Object(Config\Cache), false)
#6 D:\ci-4(2)\public\index.php(37): CodeIgniter\CodeIgniter->run()
#7 D:\ci-4(2)\vendor\codeigniter4\framework\system\Commands\Server\rewrite.php(43): require_once('D:\\ci-4(2)\\publ...')
#8 {main}
