ERROR - 2021-11-21 08:29:59 --> Duplicate entry '0' for key 'PRIMARY'
CRITICAL - 2021-11-21 08:29:59 --> Duplicate entry '0' for key 'PRIMARY'
#0 C:\xampp\htdocs\pengarsipan_terbaru_banget\pengarsipan\vendor\codeigniter4\framework\system\Database\MySQLi\Connection.php(280): mysqli->query('UPDATE `user` S...')
#1 C:\xampp\htdocs\pengarsipan_terbaru_banget\pengarsipan\vendor\codeigniter4\framework\system\Database\BaseConnection.php(663): CodeIgniter\Database\MySQLi\Connection->execute('UPDATE `user` S...')
#2 C:\xampp\htdocs\pengarsipan_terbaru_banget\pengarsipan\vendor\codeigniter4\framework\system\Database\BaseConnection.php(591): CodeIgniter\Database\BaseConnection->simpleQuery('UPDATE `user` S...')
#3 C:\xampp\htdocs\pengarsipan_terbaru_banget\pengarsipan\vendor\codeigniter4\framework\system\Database\BaseBuilder.php(1875): CodeIgniter\Database\BaseConnection->query('UPDATE `user` S...', Array, false)
#4 C:\xampp\htdocs\pengarsipan_terbaru_banget\pengarsipan\vendor\codeigniter4\framework\system\Model.php(298): CodeIgniter\Database\BaseBuilder->update()
#5 C:\xampp\htdocs\pengarsipan_terbaru_banget\pengarsipan\vendor\codeigniter4\framework\system\BaseModel.php(865): CodeIgniter\Model->doUpdate(Array, Array)
#6 C:\xampp\htdocs\pengarsipan_terbaru_banget\pengarsipan\vendor\codeigniter4\framework\system\Model.php(646): CodeIgniter\BaseModel->update(Array, Array)
#7 C:\xampp\htdocs\pengarsipan_terbaru_banget\pengarsipan\app\Controllers\KelolaUser.php(67): CodeIgniter\Model->update('11', Array)
#8 C:\xampp\htdocs\pengarsipan_terbaru_banget\pengarsipan\vendor\codeigniter4\framework\system\CodeIgniter.php(802): App\Controllers\KelolaUser->proses_edit('11')
#9 C:\xampp\htdocs\pengarsipan_terbaru_banget\pengarsipan\vendor\codeigniter4\framework\system\CodeIgniter.php(399): CodeIgniter\CodeIgniter->runController(Object(App\Controllers\KelolaUser))
#10 C:\xampp\htdocs\pengarsipan_terbaru_banget\pengarsipan\vendor\codeigniter4\framework\system\CodeIgniter.php(317): CodeIgniter\CodeIgniter->handleRequest(NULL, Object(Config\Cache), false)
#11 C:\xampp\htdocs\pengarsipan_terbaru_banget\pengarsipan\public\index.php(37): CodeIgniter\CodeIgniter->run()
#12 C:\xampp\htdocs\pengarsipan_terbaru_banget\pengarsipan\vendor\codeigniter4\framework\system\Commands\Server\rewrite.php(43): require_once('C:\\xampp\\htdocs...')
#13 {main}
ERROR - 2021-11-21 09:05:20 --> Duplicate entry '0' for key 'PRIMARY'
CRITICAL - 2021-11-21 09:05:20 --> Duplicate entry '0' for key 'PRIMARY'
#0 C:\xampp\htdocs\pengarsipan_terbaru_banget\pengarsipan\vendor\codeigniter4\framework\system\Database\MySQLi\Connection.php(280): mysqli->query('UPDATE `user` S...')
#1 C:\xampp\htdocs\pengarsipan_terbaru_banget\pengarsipan\vendor\codeigniter4\framework\system\Database\BaseConnection.php(663): CodeIgniter\Database\MySQLi\Connection->execute('UPDATE `user` S...')
#2 C:\xampp\htdocs\pengarsipan_terbaru_banget\pengarsipan\vendor\codeigniter4\framework\system\Database\BaseConnection.php(591): CodeIgniter\Database\BaseConnection->simpleQuery('UPDATE `user` S...')
#3 C:\xampp\htdocs\pengarsipan_terbaru_banget\pengarsipan\vendor\codeigniter4\framework\system\Database\BaseBuilder.php(1875): CodeIgniter\Database\BaseConnection->query('UPDATE `user` S...', Array, false)
#4 C:\xampp\htdocs\pengarsipan_terbaru_banget\pengarsipan\vendor\codeigniter4\framework\system\Model.php(298): CodeIgniter\Database\BaseBuilder->update()
#5 C:\xampp\htdocs\pengarsipan_terbaru_banget\pengarsipan\vendor\codeigniter4\framework\system\BaseModel.php(865): CodeIgniter\Model->doUpdate(Array, Array)
#6 C:\xampp\htdocs\pengarsipan_terbaru_banget\pengarsipan\vendor\codeigniter4\framework\system\Model.php(646): CodeIgniter\BaseModel->update(Array, Array)
#7 C:\xampp\htdocs\pengarsipan_terbaru_banget\pengarsipan\app\Controllers\KelolaUser.php(67): CodeIgniter\Model->update('3', Array)
#8 C:\xampp\htdocs\pengarsipan_terbaru_banget\pengarsipan\vendor\codeigniter4\framework\system\CodeIgniter.php(802): App\Controllers\KelolaUser->proses_edit('3')
#9 C:\xampp\htdocs\pengarsipan_terbaru_banget\pengarsipan\vendor\codeigniter4\framework\system\CodeIgniter.php(399): CodeIgniter\CodeIgniter->runController(Object(App\Controllers\KelolaUser))
#10 C:\xampp\htdocs\pengarsipan_terbaru_banget\pengarsipan\vendor\codeigniter4\framework\system\CodeIgniter.php(317): CodeIgniter\CodeIgniter->handleRequest(NULL, Object(Config\Cache), false)
#11 C:\xampp\htdocs\pengarsipan_terbaru_banget\pengarsipan\public\index.php(37): CodeIgniter\CodeIgniter->run()
#12 C:\xampp\htdocs\pengarsipan_terbaru_banget\pengarsipan\vendor\codeigniter4\framework\system\Commands\Server\rewrite.php(43): require_once('C:\\xampp\\htdocs...')
#13 {main}
CRITICAL - 2021-11-21 09:15:18 --> Too few arguments to function App\Controllers\ResetPassword::proses_edit(), 0 passed in C:\xampp\htdocs\pengarsipan_terbaru_banget\pengarsipan\vendor\codeigniter4\framework\system\CodeIgniter.php on line 802 and exactly 1 expected
#0 C:\xampp\htdocs\pengarsipan_terbaru_banget\pengarsipan\vendor\codeigniter4\framework\system\CodeIgniter.php(802): App\Controllers\ResetPassword->proses_edit()
#1 C:\xampp\htdocs\pengarsipan_terbaru_banget\pengarsipan\vendor\codeigniter4\framework\system\CodeIgniter.php(399): CodeIgniter\CodeIgniter->runController(Object(App\Controllers\ResetPassword))
#2 C:\xampp\htdocs\pengarsipan_terbaru_banget\pengarsipan\vendor\codeigniter4\framework\system\CodeIgniter.php(317): CodeIgniter\CodeIgniter->handleRequest(NULL, Object(Config\Cache), false)
#3 C:\xampp\htdocs\pengarsipan_terbaru_banget\pengarsipan\public\index.php(37): CodeIgniter\CodeIgniter->run()
#4 C:\xampp\htdocs\pengarsipan_terbaru_banget\pengarsipan\vendor\codeigniter4\framework\system\Commands\Server\rewrite.php(43): require_once('C:\\xampp\\htdocs...')
#5 {main}
CRITICAL - 2021-11-21 09:16:55 --> Too few arguments to function App\Controllers\ResetPassword::proses_edit(), 0 passed in C:\xampp\htdocs\pengarsipan_terbaru_banget\pengarsipan\vendor\codeigniter4\framework\system\CodeIgniter.php on line 802 and exactly 1 expected
#0 C:\xampp\htdocs\pengarsipan_terbaru_banget\pengarsipan\vendor\codeigniter4\framework\system\CodeIgniter.php(802): App\Controllers\ResetPassword->proses_edit()
#1 C:\xampp\htdocs\pengarsipan_terbaru_banget\pengarsipan\vendor\codeigniter4\framework\system\CodeIgniter.php(399): CodeIgniter\CodeIgniter->runController(Object(App\Controllers\ResetPassword))
#2 C:\xampp\htdocs\pengarsipan_terbaru_banget\pengarsipan\vendor\codeigniter4\framework\system\CodeIgniter.php(317): CodeIgniter\CodeIgniter->handleRequest(NULL, Object(Config\Cache), false)
#3 C:\xampp\htdocs\pengarsipan_terbaru_banget\pengarsipan\public\index.php(37): CodeIgniter\CodeIgniter->run()
#4 C:\xampp\htdocs\pengarsipan_terbaru_banget\pengarsipan\vendor\codeigniter4\framework\system\Commands\Server\rewrite.php(43): require_once('C:\\xampp\\htdocs...')
#5 {main}
CRITICAL - 2021-11-21 09:17:29 --> Undefined variable: id
#0 C:\xampp\htdocs\pengarsipan_terbaru_banget\pengarsipan\app\Controllers\ResetPassword.php(47): CodeIgniter\Debug\Exceptions->errorHandler(8, 'Undefined varia...', 'C:\\xampp\\htdocs...', 47, Array)
#1 C:\xampp\htdocs\pengarsipan_terbaru_banget\pengarsipan\vendor\codeigniter4\framework\system\CodeIgniter.php(802): App\Controllers\ResetPassword->proses_edit()
#2 C:\xampp\htdocs\pengarsipan_terbaru_banget\pengarsipan\vendor\codeigniter4\framework\system\CodeIgniter.php(399): CodeIgniter\CodeIgniter->runController(Object(App\Controllers\ResetPassword))
#3 C:\xampp\htdocs\pengarsipan_terbaru_banget\pengarsipan\vendor\codeigniter4\framework\system\CodeIgniter.php(317): CodeIgniter\CodeIgniter->handleRequest(NULL, Object(Config\Cache), false)
#4 C:\xampp\htdocs\pengarsipan_terbaru_banget\pengarsipan\public\index.php(37): CodeIgniter\CodeIgniter->run()
#5 C:\xampp\htdocs\pengarsipan_terbaru_banget\pengarsipan\vendor\codeigniter4\framework\system\Commands\Server\rewrite.php(43): require_once('C:\\xampp\\htdocs...')
#6 {main}
CRITICAL - 2021-11-21 09:20:18 --> Too few arguments to function App\Controllers\ResetPassword::proses_edit(), 0 passed in C:\xampp\htdocs\pengarsipan_terbaru_banget\pengarsipan\vendor\codeigniter4\framework\system\CodeIgniter.php on line 802 and exactly 1 expected
#0 C:\xampp\htdocs\pengarsipan_terbaru_banget\pengarsipan\vendor\codeigniter4\framework\system\CodeIgniter.php(802): App\Controllers\ResetPassword->proses_edit()
#1 C:\xampp\htdocs\pengarsipan_terbaru_banget\pengarsipan\vendor\codeigniter4\framework\system\CodeIgniter.php(399): CodeIgniter\CodeIgniter->runController(Object(App\Controllers\ResetPassword))
#2 C:\xampp\htdocs\pengarsipan_terbaru_banget\pengarsipan\vendor\codeigniter4\framework\system\CodeIgniter.php(317): CodeIgniter\CodeIgniter->handleRequest(NULL, Object(Config\Cache), false)
#3 C:\xampp\htdocs\pengarsipan_terbaru_banget\pengarsipan\public\index.php(37): CodeIgniter\CodeIgniter->run()
#4 C:\xampp\htdocs\pengarsipan_terbaru_banget\pengarsipan\vendor\codeigniter4\framework\system\Commands\Server\rewrite.php(43): require_once('C:\\xampp\\htdocs...')
#5 {main}
CRITICAL - 2021-11-21 09:24:47 --> Undefined index: id
#0 C:\xampp\htdocs\pengarsipan_terbaru_banget\pengarsipan\app\Views\reset_password.php(39): CodeIgniter\Debug\Exceptions->errorHandler(8, 'Undefined index...', 'C:\\xampp\\htdocs...', 39, Array)
#1 C:\xampp\htdocs\pengarsipan_terbaru_banget\pengarsipan\vendor\codeigniter4\framework\system\View\View.php(214): include('C:\\xampp\\htdocs...')
#2 C:\xampp\htdocs\pengarsipan_terbaru_banget\pengarsipan\vendor\codeigniter4\framework\system\View\View.php(217): CodeIgniter\View\View->CodeIgniter\View\{closure}()
#3 C:\xampp\htdocs\pengarsipan_terbaru_banget\pengarsipan\vendor\codeigniter4\framework\system\Common.php(1092): CodeIgniter\View\View->render('reset_password', Array, true)
#4 C:\xampp\htdocs\pengarsipan_terbaru_banget\pengarsipan\app\Controllers\Auth.php(48): view('reset_password', Array)
#5 C:\xampp\htdocs\pengarsipan_terbaru_banget\pengarsipan\vendor\codeigniter4\framework\system\CodeIgniter.php(802): App\Controllers\Auth->valid_username()
#6 C:\xampp\htdocs\pengarsipan_terbaru_banget\pengarsipan\vendor\codeigniter4\framework\system\CodeIgniter.php(399): CodeIgniter\CodeIgniter->runController(Object(App\Controllers\Auth))
#7 C:\xampp\htdocs\pengarsipan_terbaru_banget\pengarsipan\vendor\codeigniter4\framework\system\CodeIgniter.php(317): CodeIgniter\CodeIgniter->handleRequest(NULL, Object(Config\Cache), false)
#8 C:\xampp\htdocs\pengarsipan_terbaru_banget\pengarsipan\public\index.php(37): CodeIgniter\CodeIgniter->run()
#9 C:\xampp\htdocs\pengarsipan_terbaru_banget\pengarsipan\vendor\codeigniter4\framework\system\Commands\Server\rewrite.php(43): require_once('C:\\xampp\\htdocs...')
#10 {main}
CRITICAL - 2021-11-21 09:25:49 --> Undefined variable: id
#0 C:\xampp\htdocs\pengarsipan_terbaru_banget\pengarsipan\app\Views\reset_password.php(39): CodeIgniter\Debug\Exceptions->errorHandler(8, 'Undefined varia...', 'C:\\xampp\\htdocs...', 39, Array)
#1 C:\xampp\htdocs\pengarsipan_terbaru_banget\pengarsipan\vendor\codeigniter4\framework\system\View\View.php(214): include('C:\\xampp\\htdocs...')
#2 C:\xampp\htdocs\pengarsipan_terbaru_banget\pengarsipan\vendor\codeigniter4\framework\system\View\View.php(217): CodeIgniter\View\View->CodeIgniter\View\{closure}()
#3 C:\xampp\htdocs\pengarsipan_terbaru_banget\pengarsipan\vendor\codeigniter4\framework\system\Common.php(1092): CodeIgniter\View\View->render('reset_password', Array, true)
#4 C:\xampp\htdocs\pengarsipan_terbaru_banget\pengarsipan\app\Controllers\Auth.php(48): view('reset_password', Array)
#5 C:\xampp\htdocs\pengarsipan_terbaru_banget\pengarsipan\vendor\codeigniter4\framework\system\CodeIgniter.php(802): App\Controllers\Auth->valid_username()
#6 C:\xampp\htdocs\pengarsipan_terbaru_banget\pengarsipan\vendor\codeigniter4\framework\system\CodeIgniter.php(399): CodeIgniter\CodeIgniter->runController(Object(App\Controllers\Auth))
#7 C:\xampp\htdocs\pengarsipan_terbaru_banget\pengarsipan\vendor\codeigniter4\framework\system\CodeIgniter.php(317): CodeIgniter\CodeIgniter->handleRequest(NULL, Object(Config\Cache), false)
#8 C:\xampp\htdocs\pengarsipan_terbaru_banget\pengarsipan\public\index.php(37): CodeIgniter\CodeIgniter->run()
#9 C:\xampp\htdocs\pengarsipan_terbaru_banget\pengarsipan\vendor\codeigniter4\framework\system\Commands\Server\rewrite.php(43): require_once('C:\\xampp\\htdocs...')
#10 {main}
CRITICAL - 2021-11-21 09:26:10 --> Undefined index: id
#0 C:\xampp\htdocs\pengarsipan_terbaru_banget\pengarsipan\app\Views\reset_password.php(39): CodeIgniter\Debug\Exceptions->errorHandler(8, 'Undefined index...', 'C:\\xampp\\htdocs...', 39, Array)
#1 C:\xampp\htdocs\pengarsipan_terbaru_banget\pengarsipan\vendor\codeigniter4\framework\system\View\View.php(214): include('C:\\xampp\\htdocs...')
#2 C:\xampp\htdocs\pengarsipan_terbaru_banget\pengarsipan\vendor\codeigniter4\framework\system\View\View.php(217): CodeIgniter\View\View->CodeIgniter\View\{closure}()
#3 C:\xampp\htdocs\pengarsipan_terbaru_banget\pengarsipan\vendor\codeigniter4\framework\system\Common.php(1092): CodeIgniter\View\View->render('reset_password', Array, true)
#4 C:\xampp\htdocs\pengarsipan_terbaru_banget\pengarsipan\app\Controllers\Auth.php(48): view('reset_password', Array)
#5 C:\xampp\htdocs\pengarsipan_terbaru_banget\pengarsipan\vendor\codeigniter4\framework\system\CodeIgniter.php(802): App\Controllers\Auth->valid_username()
#6 C:\xampp\htdocs\pengarsipan_terbaru_banget\pengarsipan\vendor\codeigniter4\framework\system\CodeIgniter.php(399): CodeIgniter\CodeIgniter->runController(Object(App\Controllers\Auth))
#7 C:\xampp\htdocs\pengarsipan_terbaru_banget\pengarsipan\vendor\codeigniter4\framework\system\CodeIgniter.php(317): CodeIgniter\CodeIgniter->handleRequest(NULL, Object(Config\Cache), false)
#8 C:\xampp\htdocs\pengarsipan_terbaru_banget\pengarsipan\public\index.php(37): CodeIgniter\CodeIgniter->run()
#9 C:\xampp\htdocs\pengarsipan_terbaru_banget\pengarsipan\vendor\codeigniter4\framework\system\Commands\Server\rewrite.php(43): require_once('C:\\xampp\\htdocs...')
#10 {main}
CRITICAL - 2021-11-21 21:08:13 --> Too few arguments to function App\Controllers\ResetPassword::proses_edit(), 0 passed in C:\xampp\htdocs\pengarsipan_terbaru_banget\pengarsipan\vendor\codeigniter4\framework\system\CodeIgniter.php on line 802 and exactly 1 expected
#0 C:\xampp\htdocs\pengarsipan_terbaru_banget\pengarsipan\vendor\codeigniter4\framework\system\CodeIgniter.php(802): App\Controllers\ResetPassword->proses_edit()
#1 C:\xampp\htdocs\pengarsipan_terbaru_banget\pengarsipan\vendor\codeigniter4\framework\system\CodeIgniter.php(399): CodeIgniter\CodeIgniter->runController(Object(App\Controllers\ResetPassword))
#2 C:\xampp\htdocs\pengarsipan_terbaru_banget\pengarsipan\vendor\codeigniter4\framework\system\CodeIgniter.php(317): CodeIgniter\CodeIgniter->handleRequest(NULL, Object(Config\Cache), false)
#3 C:\xampp\htdocs\pengarsipan_terbaru_banget\pengarsipan\public\index.php(37): CodeIgniter\CodeIgniter->run()
#4 C:\xampp\htdocs\pengarsipan_terbaru_banget\pengarsipan\vendor\codeigniter4\framework\system\Commands\Server\rewrite.php(43): require_once('C:\\xampp\\htdocs...')
#5 {main}
CRITICAL - 2021-11-21 21:08:45 --> Too few arguments to function App\Controllers\ResetPassword::proses_edit(), 0 passed in C:\xampp\htdocs\pengarsipan_terbaru_banget\pengarsipan\vendor\codeigniter4\framework\system\CodeIgniter.php on line 802 and exactly 1 expected
#0 C:\xampp\htdocs\pengarsipan_terbaru_banget\pengarsipan\vendor\codeigniter4\framework\system\CodeIgniter.php(802): App\Controllers\ResetPassword->proses_edit()
#1 C:\xampp\htdocs\pengarsipan_terbaru_banget\pengarsipan\vendor\codeigniter4\framework\system\CodeIgniter.php(399): CodeIgniter\CodeIgniter->runController(Object(App\Controllers\ResetPassword))
#2 C:\xampp\htdocs\pengarsipan_terbaru_banget\pengarsipan\vendor\codeigniter4\framework\system\CodeIgniter.php(317): CodeIgniter\CodeIgniter->handleRequest(NULL, Object(Config\Cache), false)
#3 C:\xampp\htdocs\pengarsipan_terbaru_banget\pengarsipan\public\index.php(37): CodeIgniter\CodeIgniter->run()
#4 C:\xampp\htdocs\pengarsipan_terbaru_banget\pengarsipan\vendor\codeigniter4\framework\system\Commands\Server\rewrite.php(43): require_once('C:\\xampp\\htdocs...')
#5 {main}
CRITICAL - 2021-11-21 21:09:30 --> Undefined variable: id
#0 C:\xampp\htdocs\pengarsipan_terbaru_banget\pengarsipan\app\Controllers\ResetPassword.php(47): CodeIgniter\Debug\Exceptions->errorHandler(8, 'Undefined varia...', 'C:\\xampp\\htdocs...', 47, Array)
#1 C:\xampp\htdocs\pengarsipan_terbaru_banget\pengarsipan\vendor\codeigniter4\framework\system\CodeIgniter.php(802): App\Controllers\ResetPassword->proses_edit()
#2 C:\xampp\htdocs\pengarsipan_terbaru_banget\pengarsipan\vendor\codeigniter4\framework\system\CodeIgniter.php(399): CodeIgniter\CodeIgniter->runController(Object(App\Controllers\ResetPassword))
#3 C:\xampp\htdocs\pengarsipan_terbaru_banget\pengarsipan\vendor\codeigniter4\framework\system\CodeIgniter.php(317): CodeIgniter\CodeIgniter->handleRequest(NULL, Object(Config\Cache), false)
#4 C:\xampp\htdocs\pengarsipan_terbaru_banget\pengarsipan\public\index.php(37): CodeIgniter\CodeIgniter->run()
#5 C:\xampp\htdocs\pengarsipan_terbaru_banget\pengarsipan\vendor\codeigniter4\framework\system\Commands\Server\rewrite.php(43): require_once('C:\\xampp\\htdocs...')
#6 {main}
CRITICAL - 2021-11-21 21:09:37 --> Too few arguments to function App\Controllers\ResetPassword::proses_edit(), 0 passed in C:\xampp\htdocs\pengarsipan_terbaru_banget\pengarsipan\vendor\codeigniter4\framework\system\CodeIgniter.php on line 802 and exactly 1 expected
#0 C:\xampp\htdocs\pengarsipan_terbaru_banget\pengarsipan\vendor\codeigniter4\framework\system\CodeIgniter.php(802): App\Controllers\ResetPassword->proses_edit()
#1 C:\xampp\htdocs\pengarsipan_terbaru_banget\pengarsipan\vendor\codeigniter4\framework\system\CodeIgniter.php(399): CodeIgniter\CodeIgniter->runController(Object(App\Controllers\ResetPassword))
#2 C:\xampp\htdocs\pengarsipan_terbaru_banget\pengarsipan\vendor\codeigniter4\framework\system\CodeIgniter.php(317): CodeIgniter\CodeIgniter->handleRequest(NULL, Object(Config\Cache), false)
#3 C:\xampp\htdocs\pengarsipan_terbaru_banget\pengarsipan\public\index.php(37): CodeIgniter\CodeIgniter->run()
#4 C:\xampp\htdocs\pengarsipan_terbaru_banget\pengarsipan\vendor\codeigniter4\framework\system\Commands\Server\rewrite.php(43): require_once('C:\\xampp\\htdocs...')
#5 {main}
CRITICAL - 2021-11-21 21:11:31 --> Undefined index: id
#0 C:\xampp\htdocs\pengarsipan_terbaru_banget\pengarsipan\app\Views\reset_password.php(37): CodeIgniter\Debug\Exceptions->errorHandler(8, 'Undefined index...', 'C:\\xampp\\htdocs...', 37, Array)
#1 C:\xampp\htdocs\pengarsipan_terbaru_banget\pengarsipan\vendor\codeigniter4\framework\system\View\View.php(214): include('C:\\xampp\\htdocs...')
#2 C:\xampp\htdocs\pengarsipan_terbaru_banget\pengarsipan\vendor\codeigniter4\framework\system\View\View.php(217): CodeIgniter\View\View->CodeIgniter\View\{closure}()
#3 C:\xampp\htdocs\pengarsipan_terbaru_banget\pengarsipan\vendor\codeigniter4\framework\system\Common.php(1092): CodeIgniter\View\View->render('reset_password', Array, true)
#4 C:\xampp\htdocs\pengarsipan_terbaru_banget\pengarsipan\app\Controllers\Auth.php(48): view('reset_password', Array)
#5 C:\xampp\htdocs\pengarsipan_terbaru_banget\pengarsipan\vendor\codeigniter4\framework\system\CodeIgniter.php(802): App\Controllers\Auth->valid_username()
#6 C:\xampp\htdocs\pengarsipan_terbaru_banget\pengarsipan\vendor\codeigniter4\framework\system\CodeIgniter.php(399): CodeIgniter\CodeIgniter->runController(Object(App\Controllers\Auth))
#7 C:\xampp\htdocs\pengarsipan_terbaru_banget\pengarsipan\vendor\codeigniter4\framework\system\CodeIgniter.php(317): CodeIgniter\CodeIgniter->handleRequest(NULL, Object(Config\Cache), false)
#8 C:\xampp\htdocs\pengarsipan_terbaru_banget\pengarsipan\public\index.php(37): CodeIgniter\CodeIgniter->run()
#9 C:\xampp\htdocs\pengarsipan_terbaru_banget\pengarsipan\vendor\codeigniter4\framework\system\Commands\Server\rewrite.php(43): require_once('C:\\xampp\\htdocs...')
#10 {main}
CRITICAL - 2021-11-21 21:12:02 --> Undefined index: id
#0 C:\xampp\htdocs\pengarsipan_terbaru_banget\pengarsipan\app\Views\reset_password.php(37): CodeIgniter\Debug\Exceptions->errorHandler(8, 'Undefined index...', 'C:\\xampp\\htdocs...', 37, Array)
#1 C:\xampp\htdocs\pengarsipan_terbaru_banget\pengarsipan\vendor\codeigniter4\framework\system\View\View.php(214): include('C:\\xampp\\htdocs...')
#2 C:\xampp\htdocs\pengarsipan_terbaru_banget\pengarsipan\vendor\codeigniter4\framework\system\View\View.php(217): CodeIgniter\View\View->CodeIgniter\View\{closure}()
#3 C:\xampp\htdocs\pengarsipan_terbaru_banget\pengarsipan\vendor\codeigniter4\framework\system\Common.php(1092): CodeIgniter\View\View->render('reset_password', Array, true)
#4 C:\xampp\htdocs\pengarsipan_terbaru_banget\pengarsipan\app\Controllers\Auth.php(48): view('reset_password', Array)
#5 C:\xampp\htdocs\pengarsipan_terbaru_banget\pengarsipan\vendor\codeigniter4\framework\system\CodeIgniter.php(802): App\Controllers\Auth->valid_username()
#6 C:\xampp\htdocs\pengarsipan_terbaru_banget\pengarsipan\vendor\codeigniter4\framework\system\CodeIgniter.php(399): CodeIgniter\CodeIgniter->runController(Object(App\Controllers\Auth))
#7 C:\xampp\htdocs\pengarsipan_terbaru_banget\pengarsipan\vendor\codeigniter4\framework\system\CodeIgniter.php(317): CodeIgniter\CodeIgniter->handleRequest(NULL, Object(Config\Cache), false)
#8 C:\xampp\htdocs\pengarsipan_terbaru_banget\pengarsipan\public\index.php(37): CodeIgniter\CodeIgniter->run()
#9 C:\xampp\htdocs\pengarsipan_terbaru_banget\pengarsipan\vendor\codeigniter4\framework\system\Commands\Server\rewrite.php(43): require_once('C:\\xampp\\htdocs...')
#10 {main}
CRITICAL - 2021-11-21 21:13:06 --> Undefined index: id
#0 C:\xampp\htdocs\pengarsipan_terbaru_banget\pengarsipan\app\Views\reset_password.php(37): CodeIgniter\Debug\Exceptions->errorHandler(8, 'Undefined index...', 'C:\\xampp\\htdocs...', 37, Array)
#1 C:\xampp\htdocs\pengarsipan_terbaru_banget\pengarsipan\vendor\codeigniter4\framework\system\View\View.php(214): include('C:\\xampp\\htdocs...')
#2 C:\xampp\htdocs\pengarsipan_terbaru_banget\pengarsipan\vendor\codeigniter4\framework\system\View\View.php(217): CodeIgniter\View\View->CodeIgniter\View\{closure}()
#3 C:\xampp\htdocs\pengarsipan_terbaru_banget\pengarsipan\vendor\codeigniter4\framework\system\Common.php(1092): CodeIgniter\View\View->render('reset_password', Array, true)
#4 C:\xampp\htdocs\pengarsipan_terbaru_banget\pengarsipan\app\Controllers\Auth.php(48): view('reset_password', Array)
#5 C:\xampp\htdocs\pengarsipan_terbaru_banget\pengarsipan\vendor\codeigniter4\framework\system\CodeIgniter.php(802): App\Controllers\Auth->valid_username()
#6 C:\xampp\htdocs\pengarsipan_terbaru_banget\pengarsipan\vendor\codeigniter4\framework\system\CodeIgniter.php(399): CodeIgniter\CodeIgniter->runController(Object(App\Controllers\Auth))
#7 C:\xampp\htdocs\pengarsipan_terbaru_banget\pengarsipan\vendor\codeigniter4\framework\system\CodeIgniter.php(317): CodeIgniter\CodeIgniter->handleRequest(NULL, Object(Config\Cache), false)
#8 C:\xampp\htdocs\pengarsipan_terbaru_banget\pengarsipan\public\index.php(37): CodeIgniter\CodeIgniter->run()
#9 C:\xampp\htdocs\pengarsipan_terbaru_banget\pengarsipan\vendor\codeigniter4\framework\system\Commands\Server\rewrite.php(43): require_once('C:\\xampp\\htdocs...')
#10 {main}
CRITICAL - 2021-11-21 21:13:15 --> Undefined index: id
#0 C:\xampp\htdocs\pengarsipan_terbaru_banget\pengarsipan\app\Views\reset_password.php(37): CodeIgniter\Debug\Exceptions->errorHandler(8, 'Undefined index...', 'C:\\xampp\\htdocs...', 37, Array)
#1 C:\xampp\htdocs\pengarsipan_terbaru_banget\pengarsipan\vendor\codeigniter4\framework\system\View\View.php(214): include('C:\\xampp\\htdocs...')
#2 C:\xampp\htdocs\pengarsipan_terbaru_banget\pengarsipan\vendor\codeigniter4\framework\system\View\View.php(217): CodeIgniter\View\View->CodeIgniter\View\{closure}()
#3 C:\xampp\htdocs\pengarsipan_terbaru_banget\pengarsipan\vendor\codeigniter4\framework\system\Common.php(1092): CodeIgniter\View\View->render('reset_password', Array, true)
#4 C:\xampp\htdocs\pengarsipan_terbaru_banget\pengarsipan\app\Controllers\Auth.php(48): view('reset_password', Array)
#5 C:\xampp\htdocs\pengarsipan_terbaru_banget\pengarsipan\vendor\codeigniter4\framework\system\CodeIgniter.php(802): App\Controllers\Auth->valid_username()
#6 C:\xampp\htdocs\pengarsipan_terbaru_banget\pengarsipan\vendor\codeigniter4\framework\system\CodeIgniter.php(399): CodeIgniter\CodeIgniter->runController(Object(App\Controllers\Auth))
#7 C:\xampp\htdocs\pengarsipan_terbaru_banget\pengarsipan\vendor\codeigniter4\framework\system\CodeIgniter.php(317): CodeIgniter\CodeIgniter->handleRequest(NULL, Object(Config\Cache), false)
#8 C:\xampp\htdocs\pengarsipan_terbaru_banget\pengarsipan\public\index.php(37): CodeIgniter\CodeIgniter->run()
#9 C:\xampp\htdocs\pengarsipan_terbaru_banget\pengarsipan\vendor\codeigniter4\framework\system\Commands\Server\rewrite.php(43): require_once('C:\\xampp\\htdocs...')
#10 {main}
CRITICAL - 2021-11-21 21:14:28 --> Undefined index: id
#0 C:\xampp\htdocs\pengarsipan_terbaru_banget\pengarsipan\app\Views\reset_password.php(37): CodeIgniter\Debug\Exceptions->errorHandler(8, 'Undefined index...', 'C:\\xampp\\htdocs...', 37, Array)
#1 C:\xampp\htdocs\pengarsipan_terbaru_banget\pengarsipan\vendor\codeigniter4\framework\system\View\View.php(214): include('C:\\xampp\\htdocs...')
#2 C:\xampp\htdocs\pengarsipan_terbaru_banget\pengarsipan\vendor\codeigniter4\framework\system\View\View.php(217): CodeIgniter\View\View->CodeIgniter\View\{closure}()
#3 C:\xampp\htdocs\pengarsipan_terbaru_banget\pengarsipan\vendor\codeigniter4\framework\system\Common.php(1092): CodeIgniter\View\View->render('reset_password', Array, true)
#4 C:\xampp\htdocs\pengarsipan_terbaru_banget\pengarsipan\app\Controllers\Auth.php(48): view('reset_password', Array)
#5 C:\xampp\htdocs\pengarsipan_terbaru_banget\pengarsipan\vendor\codeigniter4\framework\system\CodeIgniter.php(802): App\Controllers\Auth->valid_username()
#6 C:\xampp\htdocs\pengarsipan_terbaru_banget\pengarsipan\vendor\codeigniter4\framework\system\CodeIgniter.php(399): CodeIgniter\CodeIgniter->runController(Object(App\Controllers\Auth))
#7 C:\xampp\htdocs\pengarsipan_terbaru_banget\pengarsipan\vendor\codeigniter4\framework\system\CodeIgniter.php(317): CodeIgniter\CodeIgniter->handleRequest(NULL, Object(Config\Cache), false)
#8 C:\xampp\htdocs\pengarsipan_terbaru_banget\pengarsipan\public\index.php(37): CodeIgniter\CodeIgniter->run()
#9 C:\xampp\htdocs\pengarsipan_terbaru_banget\pengarsipan\vendor\codeigniter4\framework\system\Commands\Server\rewrite.php(43): require_once('C:\\xampp\\htdocs...')
#10 {main}
CRITICAL - 2021-11-21 21:14:45 --> Undefined index: id
#0 C:\xampp\htdocs\pengarsipan_terbaru_banget\pengarsipan\app\Views\reset_password.php(39): CodeIgniter\Debug\Exceptions->errorHandler(8, 'Undefined index...', 'C:\\xampp\\htdocs...', 39, Array)
#1 C:\xampp\htdocs\pengarsipan_terbaru_banget\pengarsipan\vendor\codeigniter4\framework\system\View\View.php(214): include('C:\\xampp\\htdocs...')
#2 C:\xampp\htdocs\pengarsipan_terbaru_banget\pengarsipan\vendor\codeigniter4\framework\system\View\View.php(217): CodeIgniter\View\View->CodeIgniter\View\{closure}()
#3 C:\xampp\htdocs\pengarsipan_terbaru_banget\pengarsipan\vendor\codeigniter4\framework\system\Common.php(1092): CodeIgniter\View\View->render('reset_password', Array, true)
#4 C:\xampp\htdocs\pengarsipan_terbaru_banget\pengarsipan\app\Controllers\Auth.php(48): view('reset_password', Array)
#5 C:\xampp\htdocs\pengarsipan_terbaru_banget\pengarsipan\vendor\codeigniter4\framework\system\CodeIgniter.php(802): App\Controllers\Auth->valid_username()
#6 C:\xampp\htdocs\pengarsipan_terbaru_banget\pengarsipan\vendor\codeigniter4\framework\system\CodeIgniter.php(399): CodeIgniter\CodeIgniter->runController(Object(App\Controllers\Auth))
#7 C:\xampp\htdocs\pengarsipan_terbaru_banget\pengarsipan\vendor\codeigniter4\framework\system\CodeIgniter.php(317): CodeIgniter\CodeIgniter->handleRequest(NULL, Object(Config\Cache), false)
#8 C:\xampp\htdocs\pengarsipan_terbaru_banget\pengarsipan\public\index.php(37): CodeIgniter\CodeIgniter->run()
#9 C:\xampp\htdocs\pengarsipan_terbaru_banget\pengarsipan\vendor\codeigniter4\framework\system\Commands\Server\rewrite.php(43): require_once('C:\\xampp\\htdocs...')
#10 {main}
CRITICAL - 2021-11-21 21:15:07 --> Too few arguments to function App\Controllers\ResetPassword::proses_edit(), 0 passed in C:\xampp\htdocs\pengarsipan_terbaru_banget\pengarsipan\vendor\codeigniter4\framework\system\CodeIgniter.php on line 802 and exactly 1 expected
#0 C:\xampp\htdocs\pengarsipan_terbaru_banget\pengarsipan\vendor\codeigniter4\framework\system\CodeIgniter.php(802): App\Controllers\ResetPassword->proses_edit()
#1 C:\xampp\htdocs\pengarsipan_terbaru_banget\pengarsipan\vendor\codeigniter4\framework\system\CodeIgniter.php(399): CodeIgniter\CodeIgniter->runController(Object(App\Controllers\ResetPassword))
#2 C:\xampp\htdocs\pengarsipan_terbaru_banget\pengarsipan\vendor\codeigniter4\framework\system\CodeIgniter.php(317): CodeIgniter\CodeIgniter->handleRequest(NULL, Object(Config\Cache), false)
#3 C:\xampp\htdocs\pengarsipan_terbaru_banget\pengarsipan\public\index.php(37): CodeIgniter\CodeIgniter->run()
#4 C:\xampp\htdocs\pengarsipan_terbaru_banget\pengarsipan\vendor\codeigniter4\framework\system\Commands\Server\rewrite.php(43): require_once('C:\\xampp\\htdocs...')
#5 {main}
CRITICAL - 2021-11-21 21:15:26 --> Undefined variable: id
#0 C:\xampp\htdocs\pengarsipan_terbaru_banget\pengarsipan\app\Controllers\ResetPassword.php(47): CodeIgniter\Debug\Exceptions->errorHandler(8, 'Undefined varia...', 'C:\\xampp\\htdocs...', 47, Array)
#1 C:\xampp\htdocs\pengarsipan_terbaru_banget\pengarsipan\vendor\codeigniter4\framework\system\CodeIgniter.php(802): App\Controllers\ResetPassword->proses_edit()
#2 C:\xampp\htdocs\pengarsipan_terbaru_banget\pengarsipan\vendor\codeigniter4\framework\system\CodeIgniter.php(399): CodeIgniter\CodeIgniter->runController(Object(App\Controllers\ResetPassword))
#3 C:\xampp\htdocs\pengarsipan_terbaru_banget\pengarsipan\vendor\codeigniter4\framework\system\CodeIgniter.php(317): CodeIgniter\CodeIgniter->handleRequest(NULL, Object(Config\Cache), false)
#4 C:\xampp\htdocs\pengarsipan_terbaru_banget\pengarsipan\public\index.php(37): CodeIgniter\CodeIgniter->run()
#5 C:\xampp\htdocs\pengarsipan_terbaru_banget\pengarsipan\vendor\codeigniter4\framework\system\Commands\Server\rewrite.php(43): require_once('C:\\xampp\\htdocs...')
#6 {main}
CRITICAL - 2021-11-21 21:16:15 --> Too few arguments to function App\Controllers\ResetPassword::proses_edit(), 0 passed in C:\xampp\htdocs\pengarsipan_terbaru_banget\pengarsipan\vendor\codeigniter4\framework\system\CodeIgniter.php on line 802 and exactly 1 expected
#0 C:\xampp\htdocs\pengarsipan_terbaru_banget\pengarsipan\vendor\codeigniter4\framework\system\CodeIgniter.php(802): App\Controllers\ResetPassword->proses_edit()
#1 C:\xampp\htdocs\pengarsipan_terbaru_banget\pengarsipan\vendor\codeigniter4\framework\system\CodeIgniter.php(399): CodeIgniter\CodeIgniter->runController(Object(App\Controllers\ResetPassword))
#2 C:\xampp\htdocs\pengarsipan_terbaru_banget\pengarsipan\vendor\codeigniter4\framework\system\CodeIgniter.php(317): CodeIgniter\CodeIgniter->handleRequest(NULL, Object(Config\Cache), false)
#3 C:\xampp\htdocs\pengarsipan_terbaru_banget\pengarsipan\public\index.php(37): CodeIgniter\CodeIgniter->run()
#4 C:\xampp\htdocs\pengarsipan_terbaru_banget\pengarsipan\vendor\codeigniter4\framework\system\Commands\Server\rewrite.php(43): require_once('C:\\xampp\\htdocs...')
#5 {main}
CRITICAL - 2021-11-21 21:17:21 --> Undefined variable: id
#0 C:\xampp\htdocs\pengarsipan_terbaru_banget\pengarsipan\app\Controllers\ResetPassword.php(47): CodeIgniter\Debug\Exceptions->errorHandler(8, 'Undefined varia...', 'C:\\xampp\\htdocs...', 47, Array)
#1 C:\xampp\htdocs\pengarsipan_terbaru_banget\pengarsipan\vendor\codeigniter4\framework\system\CodeIgniter.php(802): App\Controllers\ResetPassword->proses_edit()
#2 C:\xampp\htdocs\pengarsipan_terbaru_banget\pengarsipan\vendor\codeigniter4\framework\system\CodeIgniter.php(399): CodeIgniter\CodeIgniter->runController(Object(App\Controllers\ResetPassword))
#3 C:\xampp\htdocs\pengarsipan_terbaru_banget\pengarsipan\vendor\codeigniter4\framework\system\CodeIgniter.php(317): CodeIgniter\CodeIgniter->handleRequest(NULL, Object(Config\Cache), false)
#4 C:\xampp\htdocs\pengarsipan_terbaru_banget\pengarsipan\public\index.php(37): CodeIgniter\CodeIgniter->run()
#5 C:\xampp\htdocs\pengarsipan_terbaru_banget\pengarsipan\vendor\codeigniter4\framework\system\Commands\Server\rewrite.php(43): require_once('C:\\xampp\\htdocs...')
#6 {main}
CRITICAL - 2021-11-21 21:17:33 --> Too few arguments to function App\Controllers\ResetPassword::proses_edit(), 0 passed in C:\xampp\htdocs\pengarsipan_terbaru_banget\pengarsipan\vendor\codeigniter4\framework\system\CodeIgniter.php on line 802 and exactly 1 expected
#0 C:\xampp\htdocs\pengarsipan_terbaru_banget\pengarsipan\vendor\codeigniter4\framework\system\CodeIgniter.php(802): App\Controllers\ResetPassword->proses_edit()
#1 C:\xampp\htdocs\pengarsipan_terbaru_banget\pengarsipan\vendor\codeigniter4\framework\system\CodeIgniter.php(399): CodeIgniter\CodeIgniter->runController(Object(App\Controllers\ResetPassword))
#2 C:\xampp\htdocs\pengarsipan_terbaru_banget\pengarsipan\vendor\codeigniter4\framework\system\CodeIgniter.php(317): CodeIgniter\CodeIgniter->handleRequest(NULL, Object(Config\Cache), false)
#3 C:\xampp\htdocs\pengarsipan_terbaru_banget\pengarsipan\public\index.php(37): CodeIgniter\CodeIgniter->run()
#4 C:\xampp\htdocs\pengarsipan_terbaru_banget\pengarsipan\vendor\codeigniter4\framework\system\Commands\Server\rewrite.php(43): require_once('C:\\xampp\\htdocs...')
#5 {main}
CRITICAL - 2021-11-21 21:19:33 --> Too few arguments to function App\Controllers\ResetPassword::proses_edit(), 0 passed in C:\xampp\htdocs\pengarsipan_terbaru_banget\pengarsipan\vendor\codeigniter4\framework\system\CodeIgniter.php on line 802 and exactly 1 expected
#0 C:\xampp\htdocs\pengarsipan_terbaru_banget\pengarsipan\vendor\codeigniter4\framework\system\CodeIgniter.php(802): App\Controllers\ResetPassword->proses_edit()
#1 C:\xampp\htdocs\pengarsipan_terbaru_banget\pengarsipan\vendor\codeigniter4\framework\system\CodeIgniter.php(399): CodeIgniter\CodeIgniter->runController(Object(App\Controllers\ResetPassword))
#2 C:\xampp\htdocs\pengarsipan_terbaru_banget\pengarsipan\vendor\codeigniter4\framework\system\CodeIgniter.php(317): CodeIgniter\CodeIgniter->handleRequest(NULL, Object(Config\Cache), false)
#3 C:\xampp\htdocs\pengarsipan_terbaru_banget\pengarsipan\public\index.php(37): CodeIgniter\CodeIgniter->run()
#4 C:\xampp\htdocs\pengarsipan_terbaru_banget\pengarsipan\vendor\codeigniter4\framework\system\Commands\Server\rewrite.php(43): require_once('C:\\xampp\\htdocs...')
#5 {main}
CRITICAL - 2021-11-21 21:20:15 --> Too few arguments to function App\Controllers\ResetPassword::proses_edit(), 0 passed in C:\xampp\htdocs\pengarsipan_terbaru_banget\pengarsipan\vendor\codeigniter4\framework\system\CodeIgniter.php on line 802 and exactly 1 expected
#0 C:\xampp\htdocs\pengarsipan_terbaru_banget\pengarsipan\vendor\codeigniter4\framework\system\CodeIgniter.php(802): App\Controllers\ResetPassword->proses_edit()
#1 C:\xampp\htdocs\pengarsipan_terbaru_banget\pengarsipan\vendor\codeigniter4\framework\system\CodeIgniter.php(399): CodeIgniter\CodeIgniter->runController(Object(App\Controllers\ResetPassword))
#2 C:\xampp\htdocs\pengarsipan_terbaru_banget\pengarsipan\vendor\codeigniter4\framework\system\CodeIgniter.php(317): CodeIgniter\CodeIgniter->handleRequest(NULL, Object(Config\Cache), false)
#3 C:\xampp\htdocs\pengarsipan_terbaru_banget\pengarsipan\public\index.php(37): CodeIgniter\CodeIgniter->run()
#4 C:\xampp\htdocs\pengarsipan_terbaru_banget\pengarsipan\vendor\codeigniter4\framework\system\Commands\Server\rewrite.php(43): require_once('C:\\xampp\\htdocs...')
#5 {main}
CRITICAL - 2021-11-21 21:21:18 --> Too few arguments to function App\Controllers\ResetPassword::proses_edit(), 0 passed in C:\xampp\htdocs\pengarsipan_terbaru_banget\pengarsipan\vendor\codeigniter4\framework\system\CodeIgniter.php on line 802 and exactly 1 expected
#0 C:\xampp\htdocs\pengarsipan_terbaru_banget\pengarsipan\vendor\codeigniter4\framework\system\CodeIgniter.php(802): App\Controllers\ResetPassword->proses_edit()
#1 C:\xampp\htdocs\pengarsipan_terbaru_banget\pengarsipan\vendor\codeigniter4\framework\system\CodeIgniter.php(399): CodeIgniter\CodeIgniter->runController(Object(App\Controllers\ResetPassword))
#2 C:\xampp\htdocs\pengarsipan_terbaru_banget\pengarsipan\vendor\codeigniter4\framework\system\CodeIgniter.php(317): CodeIgniter\CodeIgniter->handleRequest(NULL, Object(Config\Cache), false)
#3 C:\xampp\htdocs\pengarsipan_terbaru_banget\pengarsipan\public\index.php(37): CodeIgniter\CodeIgniter->run()
#4 C:\xampp\htdocs\pengarsipan_terbaru_banget\pengarsipan\vendor\codeigniter4\framework\system\Commands\Server\rewrite.php(43): require_once('C:\\xampp\\htdocs...')
#5 {main}
CRITICAL - 2021-11-21 21:22:02 --> syntax error, unexpected ','
#0 C:\xampp\htdocs\pengarsipan_terbaru_banget\pengarsipan\vendor\codeigniter4\framework\system\Router\Router.php(160): CodeIgniter\Router\Router->autoRoute('ResetPassword/p...')
#1 C:\xampp\htdocs\pengarsipan_terbaru_banget\pengarsipan\vendor\codeigniter4\framework\system\CodeIgniter.php(702): CodeIgniter\Router\Router->handle('ResetPassword/p...')
#2 C:\xampp\htdocs\pengarsipan_terbaru_banget\pengarsipan\vendor\codeigniter4\framework\system\CodeIgniter.php(358): CodeIgniter\CodeIgniter->tryToRouteIt(Object(CodeIgniter\Router\RouteCollection))
#3 C:\xampp\htdocs\pengarsipan_terbaru_banget\pengarsipan\vendor\codeigniter4\framework\system\CodeIgniter.php(317): CodeIgniter\CodeIgniter->handleRequest(NULL, Object(Config\Cache), false)
#4 C:\xampp\htdocs\pengarsipan_terbaru_banget\pengarsipan\public\index.php(37): CodeIgniter\CodeIgniter->run()
#5 C:\xampp\htdocs\pengarsipan_terbaru_banget\pengarsipan\vendor\codeigniter4\framework\system\Commands\Server\rewrite.php(43): require_once('C:\\xampp\\htdocs...')
#6 {main}
CRITICAL - 2021-11-21 21:22:18 --> Too few arguments to function App\Controllers\ResetPassword::proses_edit(), 0 passed in C:\xampp\htdocs\pengarsipan_terbaru_banget\pengarsipan\vendor\codeigniter4\framework\system\CodeIgniter.php on line 802 and exactly 1 expected
#0 C:\xampp\htdocs\pengarsipan_terbaru_banget\pengarsipan\vendor\codeigniter4\framework\system\CodeIgniter.php(802): App\Controllers\ResetPassword->proses_edit()
#1 C:\xampp\htdocs\pengarsipan_terbaru_banget\pengarsipan\vendor\codeigniter4\framework\system\CodeIgniter.php(399): CodeIgniter\CodeIgniter->runController(Object(App\Controllers\ResetPassword))
#2 C:\xampp\htdocs\pengarsipan_terbaru_banget\pengarsipan\vendor\codeigniter4\framework\system\CodeIgniter.php(317): CodeIgniter\CodeIgniter->handleRequest(NULL, Object(Config\Cache), false)
#3 C:\xampp\htdocs\pengarsipan_terbaru_banget\pengarsipan\public\index.php(37): CodeIgniter\CodeIgniter->run()
#4 C:\xampp\htdocs\pengarsipan_terbaru_banget\pengarsipan\vendor\codeigniter4\framework\system\Commands\Server\rewrite.php(43): require_once('C:\\xampp\\htdocs...')
#5 {main}
CRITICAL - 2021-11-21 21:22:29 --> Undefined variable: id
#0 C:\xampp\htdocs\pengarsipan_terbaru_banget\pengarsipan\app\Controllers\ResetPassword.php(47): CodeIgniter\Debug\Exceptions->errorHandler(8, 'Undefined varia...', 'C:\\xampp\\htdocs...', 47, Array)
#1 C:\xampp\htdocs\pengarsipan_terbaru_banget\pengarsipan\vendor\codeigniter4\framework\system\CodeIgniter.php(802): App\Controllers\ResetPassword->proses_edit()
#2 C:\xampp\htdocs\pengarsipan_terbaru_banget\pengarsipan\vendor\codeigniter4\framework\system\CodeIgniter.php(399): CodeIgniter\CodeIgniter->runController(Object(App\Controllers\ResetPassword))
#3 C:\xampp\htdocs\pengarsipan_terbaru_banget\pengarsipan\vendor\codeigniter4\framework\system\CodeIgniter.php(317): CodeIgniter\CodeIgniter->handleRequest(NULL, Object(Config\Cache), false)
#4 C:\xampp\htdocs\pengarsipan_terbaru_banget\pengarsipan\public\index.php(37): CodeIgniter\CodeIgniter->run()
#5 C:\xampp\htdocs\pengarsipan_terbaru_banget\pengarsipan\vendor\codeigniter4\framework\system\Commands\Server\rewrite.php(43): require_once('C:\\xampp\\htdocs...')
#6 {main}
CRITICAL - 2021-11-21 21:23:37 --> Too few arguments to function App\Controllers\ResetPassword::proses_edit(), 0 passed in C:\xampp\htdocs\pengarsipan_terbaru_banget\pengarsipan\vendor\codeigniter4\framework\system\CodeIgniter.php on line 802 and exactly 1 expected
#0 C:\xampp\htdocs\pengarsipan_terbaru_banget\pengarsipan\vendor\codeigniter4\framework\system\CodeIgniter.php(802): App\Controllers\ResetPassword->proses_edit()
#1 C:\xampp\htdocs\pengarsipan_terbaru_banget\pengarsipan\vendor\codeigniter4\framework\system\CodeIgniter.php(399): CodeIgniter\CodeIgniter->runController(Object(App\Controllers\ResetPassword))
#2 C:\xampp\htdocs\pengarsipan_terbaru_banget\pengarsipan\vendor\codeigniter4\framework\system\CodeIgniter.php(317): CodeIgniter\CodeIgniter->handleRequest(NULL, Object(Config\Cache), false)
#3 C:\xampp\htdocs\pengarsipan_terbaru_banget\pengarsipan\public\index.php(37): CodeIgniter\CodeIgniter->run()
#4 C:\xampp\htdocs\pengarsipan_terbaru_banget\pengarsipan\vendor\codeigniter4\framework\system\Commands\Server\rewrite.php(43): require_once('C:\\xampp\\htdocs...')
#5 {main}
CRITICAL - 2021-11-21 21:29:41 --> Too few arguments to function App\Controllers\ResetPassword::proses_edit(), 0 passed in C:\xampp\htdocs\pengarsipan_terbaru_banget\pengarsipan\vendor\codeigniter4\framework\system\CodeIgniter.php on line 802 and exactly 1 expected
#0 C:\xampp\htdocs\pengarsipan_terbaru_banget\pengarsipan\vendor\codeigniter4\framework\system\CodeIgniter.php(802): App\Controllers\ResetPassword->proses_edit()
#1 C:\xampp\htdocs\pengarsipan_terbaru_banget\pengarsipan\vendor\codeigniter4\framework\system\CodeIgniter.php(399): CodeIgniter\CodeIgniter->runController(Object(App\Controllers\ResetPassword))
#2 C:\xampp\htdocs\pengarsipan_terbaru_banget\pengarsipan\vendor\codeigniter4\framework\system\CodeIgniter.php(317): CodeIgniter\CodeIgniter->handleRequest(NULL, Object(Config\Cache), false)
#3 C:\xampp\htdocs\pengarsipan_terbaru_banget\pengarsipan\public\index.php(37): CodeIgniter\CodeIgniter->run()
#4 C:\xampp\htdocs\pengarsipan_terbaru_banget\pengarsipan\vendor\codeigniter4\framework\system\Commands\Server\rewrite.php(43): require_once('C:\\xampp\\htdocs...')
#5 {main}
CRITICAL - 2021-11-21 21:30:11 --> Too few arguments to function App\Controllers\ResetPassword::proses_edit(), 0 passed in C:\xampp\htdocs\pengarsipan_terbaru_banget\pengarsipan\vendor\codeigniter4\framework\system\CodeIgniter.php on line 802 and exactly 1 expected
#0 C:\xampp\htdocs\pengarsipan_terbaru_banget\pengarsipan\vendor\codeigniter4\framework\system\CodeIgniter.php(802): App\Controllers\ResetPassword->proses_edit()
#1 C:\xampp\htdocs\pengarsipan_terbaru_banget\pengarsipan\vendor\codeigniter4\framework\system\CodeIgniter.php(399): CodeIgniter\CodeIgniter->runController(Object(App\Controllers\ResetPassword))
#2 C:\xampp\htdocs\pengarsipan_terbaru_banget\pengarsipan\vendor\codeigniter4\framework\system\CodeIgniter.php(317): CodeIgniter\CodeIgniter->handleRequest(NULL, Object(Config\Cache), false)
#3 C:\xampp\htdocs\pengarsipan_terbaru_banget\pengarsipan\public\index.php(37): CodeIgniter\CodeIgniter->run()
#4 C:\xampp\htdocs\pengarsipan_terbaru_banget\pengarsipan\vendor\codeigniter4\framework\system\Commands\Server\rewrite.php(43): require_once('C:\\xampp\\htdocs...')
#5 {main}
CRITICAL - 2021-11-21 21:30:28 --> Too few arguments to function App\Controllers\ResetPassword::proses_edit(), 0 passed in C:\xampp\htdocs\pengarsipan_terbaru_banget\pengarsipan\vendor\codeigniter4\framework\system\CodeIgniter.php on line 802 and exactly 1 expected
#0 C:\xampp\htdocs\pengarsipan_terbaru_banget\pengarsipan\vendor\codeigniter4\framework\system\CodeIgniter.php(802): App\Controllers\ResetPassword->proses_edit()
#1 C:\xampp\htdocs\pengarsipan_terbaru_banget\pengarsipan\vendor\codeigniter4\framework\system\CodeIgniter.php(399): CodeIgniter\CodeIgniter->runController(Object(App\Controllers\ResetPassword))
#2 C:\xampp\htdocs\pengarsipan_terbaru_banget\pengarsipan\vendor\codeigniter4\framework\system\CodeIgniter.php(317): CodeIgniter\CodeIgniter->handleRequest(NULL, Object(Config\Cache), false)
#3 C:\xampp\htdocs\pengarsipan_terbaru_banget\pengarsipan\public\index.php(37): CodeIgniter\CodeIgniter->run()
#4 C:\xampp\htdocs\pengarsipan_terbaru_banget\pengarsipan\vendor\codeigniter4\framework\system\Commands\Server\rewrite.php(43): require_once('C:\\xampp\\htdocs...')
#5 {main}
CRITICAL - 2021-11-21 21:30:33 --> Too few arguments to function App\Controllers\ResetPassword::proses_edit(), 0 passed in C:\xampp\htdocs\pengarsipan_terbaru_banget\pengarsipan\vendor\codeigniter4\framework\system\CodeIgniter.php on line 802 and exactly 1 expected
#0 C:\xampp\htdocs\pengarsipan_terbaru_banget\pengarsipan\vendor\codeigniter4\framework\system\CodeIgniter.php(802): App\Controllers\ResetPassword->proses_edit()
#1 C:\xampp\htdocs\pengarsipan_terbaru_banget\pengarsipan\vendor\codeigniter4\framework\system\CodeIgniter.php(399): CodeIgniter\CodeIgniter->runController(Object(App\Controllers\ResetPassword))
#2 C:\xampp\htdocs\pengarsipan_terbaru_banget\pengarsipan\vendor\codeigniter4\framework\system\CodeIgniter.php(317): CodeIgniter\CodeIgniter->handleRequest(NULL, Object(Config\Cache), false)
#3 C:\xampp\htdocs\pengarsipan_terbaru_banget\pengarsipan\public\index.php(37): CodeIgniter\CodeIgniter->run()
#4 C:\xampp\htdocs\pengarsipan_terbaru_banget\pengarsipan\vendor\codeigniter4\framework\system\Commands\Server\rewrite.php(43): require_once('C:\\xampp\\htdocs...')
#5 {main}
CRITICAL - 2021-11-21 21:32:00 --> Too few arguments to function App\Controllers\ResetPassword::proses_edit(), 0 passed in C:\xampp\htdocs\pengarsipan_terbaru_banget\pengarsipan\vendor\codeigniter4\framework\system\CodeIgniter.php on line 802 and exactly 1 expected
#0 C:\xampp\htdocs\pengarsipan_terbaru_banget\pengarsipan\vendor\codeigniter4\framework\system\CodeIgniter.php(802): App\Controllers\ResetPassword->proses_edit()
#1 C:\xampp\htdocs\pengarsipan_terbaru_banget\pengarsipan\vendor\codeigniter4\framework\system\CodeIgniter.php(399): CodeIgniter\CodeIgniter->runController(Object(App\Controllers\ResetPassword))
#2 C:\xampp\htdocs\pengarsipan_terbaru_banget\pengarsipan\vendor\codeigniter4\framework\system\CodeIgniter.php(317): CodeIgniter\CodeIgniter->handleRequest(NULL, Object(Config\Cache), false)
#3 C:\xampp\htdocs\pengarsipan_terbaru_banget\pengarsipan\public\index.php(37): CodeIgniter\CodeIgniter->run()
#4 C:\xampp\htdocs\pengarsipan_terbaru_banget\pengarsipan\vendor\codeigniter4\framework\system\Commands\Server\rewrite.php(43): require_once('C:\\xampp\\htdocs...')
#5 {main}
CRITICAL - 2021-11-21 21:35:02 --> Too few arguments to function App\Controllers\ResetPassword::proses_edit(), 0 passed in C:\xampp\htdocs\pengarsipan_terbaru_banget\pengarsipan\vendor\codeigniter4\framework\system\CodeIgniter.php on line 802 and exactly 1 expected
#0 C:\xampp\htdocs\pengarsipan_terbaru_banget\pengarsipan\vendor\codeigniter4\framework\system\CodeIgniter.php(802): App\Controllers\ResetPassword->proses_edit()
#1 C:\xampp\htdocs\pengarsipan_terbaru_banget\pengarsipan\vendor\codeigniter4\framework\system\CodeIgniter.php(399): CodeIgniter\CodeIgniter->runController(Object(App\Controllers\ResetPassword))
#2 C:\xampp\htdocs\pengarsipan_terbaru_banget\pengarsipan\vendor\codeigniter4\framework\system\CodeIgniter.php(317): CodeIgniter\CodeIgniter->handleRequest(NULL, Object(Config\Cache), false)
#3 C:\xampp\htdocs\pengarsipan_terbaru_banget\pengarsipan\public\index.php(37): CodeIgniter\CodeIgniter->run()
#4 C:\xampp\htdocs\pengarsipan_terbaru_banget\pengarsipan\vendor\codeigniter4\framework\system\Commands\Server\rewrite.php(43): require_once('C:\\xampp\\htdocs...')
#5 {main}
CRITICAL - 2021-11-21 21:40:34 --> Too few arguments to function App\Controllers\ResetPassword::proses_edit(), 0 passed in C:\xampp\htdocs\pengarsipan_terbaru_banget\pengarsipan\vendor\codeigniter4\framework\system\CodeIgniter.php on line 802 and exactly 1 expected
#0 C:\xampp\htdocs\pengarsipan_terbaru_banget\pengarsipan\vendor\codeigniter4\framework\system\CodeIgniter.php(802): App\Controllers\ResetPassword->proses_edit()
#1 C:\xampp\htdocs\pengarsipan_terbaru_banget\pengarsipan\vendor\codeigniter4\framework\system\CodeIgniter.php(399): CodeIgniter\CodeIgniter->runController(Object(App\Controllers\ResetPassword))
#2 C:\xampp\htdocs\pengarsipan_terbaru_banget\pengarsipan\vendor\codeigniter4\framework\system\CodeIgniter.php(317): CodeIgniter\CodeIgniter->handleRequest(NULL, Object(Config\Cache), false)
#3 C:\xampp\htdocs\pengarsipan_terbaru_banget\pengarsipan\public\index.php(37): CodeIgniter\CodeIgniter->run()
#4 C:\xampp\htdocs\pengarsipan_terbaru_banget\pengarsipan\vendor\codeigniter4\framework\system\Commands\Server\rewrite.php(43): require_once('C:\\xampp\\htdocs...')
#5 {main}
CRITICAL - 2021-11-21 21:47:09 --> Too few arguments to function App\Controllers\ResetPassword::proses_edit(), 0 passed in C:\xampp\htdocs\pengarsipan_terbaru_banget\pengarsipan\vendor\codeigniter4\framework\system\CodeIgniter.php on line 802 and exactly 1 expected
#0 C:\xampp\htdocs\pengarsipan_terbaru_banget\pengarsipan\vendor\codeigniter4\framework\system\CodeIgniter.php(802): App\Controllers\ResetPassword->proses_edit()
#1 C:\xampp\htdocs\pengarsipan_terbaru_banget\pengarsipan\vendor\codeigniter4\framework\system\CodeIgniter.php(399): CodeIgniter\CodeIgniter->runController(Object(App\Controllers\ResetPassword))
#2 C:\xampp\htdocs\pengarsipan_terbaru_banget\pengarsipan\vendor\codeigniter4\framework\system\CodeIgniter.php(317): CodeIgniter\CodeIgniter->handleRequest(NULL, Object(Config\Cache), false)
#3 C:\xampp\htdocs\pengarsipan_terbaru_banget\pengarsipan\public\index.php(37): CodeIgniter\CodeIgniter->run()
#4 C:\xampp\htdocs\pengarsipan_terbaru_banget\pengarsipan\vendor\codeigniter4\framework\system\Commands\Server\rewrite.php(43): require_once('C:\\xampp\\htdocs...')
#5 {main}
CRITICAL - 2021-11-21 21:48:59 --> Too few arguments to function App\Controllers\ResetPassword::proses_edit(), 0 passed in C:\xampp\htdocs\pengarsipan_terbaru_banget\pengarsipan\vendor\codeigniter4\framework\system\CodeIgniter.php on line 802 and exactly 1 expected
#0 C:\xampp\htdocs\pengarsipan_terbaru_banget\pengarsipan\vendor\codeigniter4\framework\system\CodeIgniter.php(802): App\Controllers\ResetPassword->proses_edit()
#1 C:\xampp\htdocs\pengarsipan_terbaru_banget\pengarsipan\vendor\codeigniter4\framework\system\CodeIgniter.php(399): CodeIgniter\CodeIgniter->runController(Object(App\Controllers\ResetPassword))
#2 C:\xampp\htdocs\pengarsipan_terbaru_banget\pengarsipan\vendor\codeigniter4\framework\system\CodeIgniter.php(317): CodeIgniter\CodeIgniter->handleRequest(NULL, Object(Config\Cache), false)
#3 C:\xampp\htdocs\pengarsipan_terbaru_banget\pengarsipan\public\index.php(37): CodeIgniter\CodeIgniter->run()
#4 C:\xampp\htdocs\pengarsipan_terbaru_banget\pengarsipan\vendor\codeigniter4\framework\system\Commands\Server\rewrite.php(43): require_once('C:\\xampp\\htdocs...')
#5 {main}
CRITICAL - 2021-11-21 21:52:22 --> Undefined variable: session
#0 C:\xampp\htdocs\pengarsipan_terbaru_banget\pengarsipan\app\Views\reset_password.php(35): CodeIgniter\Debug\Exceptions->errorHandler(8, 'Undefined varia...', 'C:\\xampp\\htdocs...', 35, Array)
#1 C:\xampp\htdocs\pengarsipan_terbaru_banget\pengarsipan\vendor\codeigniter4\framework\system\View\View.php(214): include('C:\\xampp\\htdocs...')
#2 C:\xampp\htdocs\pengarsipan_terbaru_banget\pengarsipan\vendor\codeigniter4\framework\system\View\View.php(217): CodeIgniter\View\View->CodeIgniter\View\{closure}()
#3 C:\xampp\htdocs\pengarsipan_terbaru_banget\pengarsipan\vendor\codeigniter4\framework\system\Common.php(1092): CodeIgniter\View\View->render('reset_password', Array, true)
#4 C:\xampp\htdocs\pengarsipan_terbaru_banget\pengarsipan\app\Controllers\Auth.php(48): view('reset_password', Array)
#5 C:\xampp\htdocs\pengarsipan_terbaru_banget\pengarsipan\vendor\codeigniter4\framework\system\CodeIgniter.php(802): App\Controllers\Auth->valid_username()
#6 C:\xampp\htdocs\pengarsipan_terbaru_banget\pengarsipan\vendor\codeigniter4\framework\system\CodeIgniter.php(399): CodeIgniter\CodeIgniter->runController(Object(App\Controllers\Auth))
#7 C:\xampp\htdocs\pengarsipan_terbaru_banget\pengarsipan\vendor\codeigniter4\framework\system\CodeIgniter.php(317): CodeIgniter\CodeIgniter->handleRequest(NULL, Object(Config\Cache), false)
#8 C:\xampp\htdocs\pengarsipan_terbaru_banget\pengarsipan\public\index.php(37): CodeIgniter\CodeIgniter->run()
#9 C:\xampp\htdocs\pengarsipan_terbaru_banget\pengarsipan\vendor\codeigniter4\framework\system\Commands\Server\rewrite.php(43): require_once('C:\\xampp\\htdocs...')
#10 {main}
CRITICAL - 2021-11-21 21:52:40 --> Undefined variable: id
#0 C:\xampp\htdocs\pengarsipan_terbaru_banget\pengarsipan\app\Views\reset_password.php(37): CodeIgniter\Debug\Exceptions->errorHandler(8, 'Undefined varia...', 'C:\\xampp\\htdocs...', 37, Array)
#1 C:\xampp\htdocs\pengarsipan_terbaru_banget\pengarsipan\vendor\codeigniter4\framework\system\View\View.php(214): include('C:\\xampp\\htdocs...')
#2 C:\xampp\htdocs\pengarsipan_terbaru_banget\pengarsipan\vendor\codeigniter4\framework\system\View\View.php(217): CodeIgniter\View\View->CodeIgniter\View\{closure}()
#3 C:\xampp\htdocs\pengarsipan_terbaru_banget\pengarsipan\vendor\codeigniter4\framework\system\Common.php(1092): CodeIgniter\View\View->render('reset_password', Array, true)
#4 C:\xampp\htdocs\pengarsipan_terbaru_banget\pengarsipan\app\Controllers\Auth.php(48): view('reset_password', Array)
#5 C:\xampp\htdocs\pengarsipan_terbaru_banget\pengarsipan\vendor\codeigniter4\framework\system\CodeIgniter.php(802): App\Controllers\Auth->valid_username()
#6 C:\xampp\htdocs\pengarsipan_terbaru_banget\pengarsipan\vendor\codeigniter4\framework\system\CodeIgniter.php(399): CodeIgniter\CodeIgniter->runController(Object(App\Controllers\Auth))
#7 C:\xampp\htdocs\pengarsipan_terbaru_banget\pengarsipan\vendor\codeigniter4\framework\system\CodeIgniter.php(317): CodeIgniter\CodeIgniter->handleRequest(NULL, Object(Config\Cache), false)
#8 C:\xampp\htdocs\pengarsipan_terbaru_banget\pengarsipan\public\index.php(37): CodeIgniter\CodeIgniter->run()
#9 C:\xampp\htdocs\pengarsipan_terbaru_banget\pengarsipan\vendor\codeigniter4\framework\system\Commands\Server\rewrite.php(43): require_once('C:\\xampp\\htdocs...')
#10 {main}
CRITICAL - 2021-11-21 21:52:52 --> Undefined variable: id
#0 C:\xampp\htdocs\pengarsipan_terbaru_banget\pengarsipan\app\Views\reset_password.php(38): CodeIgniter\Debug\Exceptions->errorHandler(8, 'Undefined varia...', 'C:\\xampp\\htdocs...', 38, Array)
#1 C:\xampp\htdocs\pengarsipan_terbaru_banget\pengarsipan\vendor\codeigniter4\framework\system\View\View.php(214): include('C:\\xampp\\htdocs...')
#2 C:\xampp\htdocs\pengarsipan_terbaru_banget\pengarsipan\vendor\codeigniter4\framework\system\View\View.php(217): CodeIgniter\View\View->CodeIgniter\View\{closure}()
#3 C:\xampp\htdocs\pengarsipan_terbaru_banget\pengarsipan\vendor\codeigniter4\framework\system\Common.php(1092): CodeIgniter\View\View->render('reset_password', Array, true)
#4 C:\xampp\htdocs\pengarsipan_terbaru_banget\pengarsipan\app\Controllers\Auth.php(48): view('reset_password', Array)
#5 C:\xampp\htdocs\pengarsipan_terbaru_banget\pengarsipan\vendor\codeigniter4\framework\system\CodeIgniter.php(802): App\Controllers\Auth->valid_username()
#6 C:\xampp\htdocs\pengarsipan_terbaru_banget\pengarsipan\vendor\codeigniter4\framework\system\CodeIgniter.php(399): CodeIgniter\CodeIgniter->runController(Object(App\Controllers\Auth))
#7 C:\xampp\htdocs\pengarsipan_terbaru_banget\pengarsipan\vendor\codeigniter4\framework\system\CodeIgniter.php(317): CodeIgniter\CodeIgniter->handleRequest(NULL, Object(Config\Cache), false)
#8 C:\xampp\htdocs\pengarsipan_terbaru_banget\pengarsipan\public\index.php(37): CodeIgniter\CodeIgniter->run()
#9 C:\xampp\htdocs\pengarsipan_terbaru_banget\pengarsipan\vendor\codeigniter4\framework\system\Commands\Server\rewrite.php(43): require_once('C:\\xampp\\htdocs...')
#10 {main}
CRITICAL - 2021-11-21 21:53:20 --> Undefined variable: id
#0 C:\xampp\htdocs\pengarsipan_terbaru_banget\pengarsipan\app\Views\reset_password.php(38): CodeIgniter\Debug\Exceptions->errorHandler(8, 'Undefined varia...', 'C:\\xampp\\htdocs...', 38, Array)
#1 C:\xampp\htdocs\pengarsipan_terbaru_banget\pengarsipan\vendor\codeigniter4\framework\system\View\View.php(214): include('C:\\xampp\\htdocs...')
#2 C:\xampp\htdocs\pengarsipan_terbaru_banget\pengarsipan\vendor\codeigniter4\framework\system\View\View.php(217): CodeIgniter\View\View->CodeIgniter\View\{closure}()
#3 C:\xampp\htdocs\pengarsipan_terbaru_banget\pengarsipan\vendor\codeigniter4\framework\system\Common.php(1092): CodeIgniter\View\View->render('reset_password', Array, true)
#4 C:\xampp\htdocs\pengarsipan_terbaru_banget\pengarsipan\app\Controllers\Auth.php(48): view('reset_password', Array)
#5 C:\xampp\htdocs\pengarsipan_terbaru_banget\pengarsipan\vendor\codeigniter4\framework\system\CodeIgniter.php(802): App\Controllers\Auth->valid_username()
#6 C:\xampp\htdocs\pengarsipan_terbaru_banget\pengarsipan\vendor\codeigniter4\framework\system\CodeIgniter.php(399): CodeIgniter\CodeIgniter->runController(Object(App\Controllers\Auth))
#7 C:\xampp\htdocs\pengarsipan_terbaru_banget\pengarsipan\vendor\codeigniter4\framework\system\CodeIgniter.php(317): CodeIgniter\CodeIgniter->handleRequest(NULL, Object(Config\Cache), false)
#8 C:\xampp\htdocs\pengarsipan_terbaru_banget\pengarsipan\public\index.php(37): CodeIgniter\CodeIgniter->run()
#9 C:\xampp\htdocs\pengarsipan_terbaru_banget\pengarsipan\vendor\codeigniter4\framework\system\Commands\Server\rewrite.php(43): require_once('C:\\xampp\\htdocs...')
#10 {main}
CRITICAL - 2021-11-21 21:53:56 --> Undefined variable: id
#0 C:\xampp\htdocs\pengarsipan_terbaru_banget\pengarsipan\app\Views\reset_password.php(38): CodeIgniter\Debug\Exceptions->errorHandler(8, 'Undefined varia...', 'C:\\xampp\\htdocs...', 38, Array)
#1 C:\xampp\htdocs\pengarsipan_terbaru_banget\pengarsipan\vendor\codeigniter4\framework\system\View\View.php(214): include('C:\\xampp\\htdocs...')
#2 C:\xampp\htdocs\pengarsipan_terbaru_banget\pengarsipan\vendor\codeigniter4\framework\system\View\View.php(217): CodeIgniter\View\View->CodeIgniter\View\{closure}()
#3 C:\xampp\htdocs\pengarsipan_terbaru_banget\pengarsipan\vendor\codeigniter4\framework\system\Common.php(1092): CodeIgniter\View\View->render('reset_password', Array, true)
#4 C:\xampp\htdocs\pengarsipan_terbaru_banget\pengarsipan\app\Controllers\Auth.php(48): view('reset_password', Array)
#5 C:\xampp\htdocs\pengarsipan_terbaru_banget\pengarsipan\vendor\codeigniter4\framework\system\CodeIgniter.php(802): App\Controllers\Auth->valid_username()
#6 C:\xampp\htdocs\pengarsipan_terbaru_banget\pengarsipan\vendor\codeigniter4\framework\system\CodeIgniter.php(399): CodeIgniter\CodeIgniter->runController(Object(App\Controllers\Auth))
#7 C:\xampp\htdocs\pengarsipan_terbaru_banget\pengarsipan\vendor\codeigniter4\framework\system\CodeIgniter.php(317): CodeIgniter\CodeIgniter->handleRequest(NULL, Object(Config\Cache), false)
#8 C:\xampp\htdocs\pengarsipan_terbaru_banget\pengarsipan\public\index.php(37): CodeIgniter\CodeIgniter->run()
#9 C:\xampp\htdocs\pengarsipan_terbaru_banget\pengarsipan\vendor\codeigniter4\framework\system\Commands\Server\rewrite.php(43): require_once('C:\\xampp\\htdocs...')
#10 {main}
CRITICAL - 2021-11-21 21:54:28 --> Undefined variable: id
#0 C:\xampp\htdocs\pengarsipan_terbaru_banget\pengarsipan\app\Views\reset_password.php(40): CodeIgniter\Debug\Exceptions->errorHandler(8, 'Undefined varia...', 'C:\\xampp\\htdocs...', 40, Array)
#1 C:\xampp\htdocs\pengarsipan_terbaru_banget\pengarsipan\vendor\codeigniter4\framework\system\View\View.php(214): include('C:\\xampp\\htdocs...')
#2 C:\xampp\htdocs\pengarsipan_terbaru_banget\pengarsipan\vendor\codeigniter4\framework\system\View\View.php(217): CodeIgniter\View\View->CodeIgniter\View\{closure}()
#3 C:\xampp\htdocs\pengarsipan_terbaru_banget\pengarsipan\vendor\codeigniter4\framework\system\Common.php(1092): CodeIgniter\View\View->render('reset_password', Array, true)
#4 C:\xampp\htdocs\pengarsipan_terbaru_banget\pengarsipan\app\Controllers\Auth.php(48): view('reset_password', Array)
#5 C:\xampp\htdocs\pengarsipan_terbaru_banget\pengarsipan\vendor\codeigniter4\framework\system\CodeIgniter.php(802): App\Controllers\Auth->valid_username()
#6 C:\xampp\htdocs\pengarsipan_terbaru_banget\pengarsipan\vendor\codeigniter4\framework\system\CodeIgniter.php(399): CodeIgniter\CodeIgniter->runController(Object(App\Controllers\Auth))
#7 C:\xampp\htdocs\pengarsipan_terbaru_banget\pengarsipan\vendor\codeigniter4\framework\system\CodeIgniter.php(317): CodeIgniter\CodeIgniter->handleRequest(NULL, Object(Config\Cache), false)
#8 C:\xampp\htdocs\pengarsipan_terbaru_banget\pengarsipan\public\index.php(37): CodeIgniter\CodeIgniter->run()
#9 C:\xampp\htdocs\pengarsipan_terbaru_banget\pengarsipan\vendor\codeigniter4\framework\system\Commands\Server\rewrite.php(43): require_once('C:\\xampp\\htdocs...')
#10 {main}
CRITICAL - 2021-11-21 21:55:15 --> Undefined index: id
#0 C:\xampp\htdocs\pengarsipan_terbaru_banget\pengarsipan\app\Views\reset_password.php(38): CodeIgniter\Debug\Exceptions->errorHandler(8, 'Undefined index...', 'C:\\xampp\\htdocs...', 38, Array)
#1 C:\xampp\htdocs\pengarsipan_terbaru_banget\pengarsipan\vendor\codeigniter4\framework\system\View\View.php(214): include('C:\\xampp\\htdocs...')
#2 C:\xampp\htdocs\pengarsipan_terbaru_banget\pengarsipan\vendor\codeigniter4\framework\system\View\View.php(217): CodeIgniter\View\View->CodeIgniter\View\{closure}()
#3 C:\xampp\htdocs\pengarsipan_terbaru_banget\pengarsipan\vendor\codeigniter4\framework\system\Common.php(1092): CodeIgniter\View\View->render('reset_password', Array, true)
#4 C:\xampp\htdocs\pengarsipan_terbaru_banget\pengarsipan\app\Controllers\Auth.php(48): view('reset_password', Array)
#5 C:\xampp\htdocs\pengarsipan_terbaru_banget\pengarsipan\vendor\codeigniter4\framework\system\CodeIgniter.php(802): App\Controllers\Auth->valid_username()
#6 C:\xampp\htdocs\pengarsipan_terbaru_banget\pengarsipan\vendor\codeigniter4\framework\system\CodeIgniter.php(399): CodeIgniter\CodeIgniter->runController(Object(App\Controllers\Auth))
#7 C:\xampp\htdocs\pengarsipan_terbaru_banget\pengarsipan\vendor\codeigniter4\framework\system\CodeIgniter.php(317): CodeIgniter\CodeIgniter->handleRequest(NULL, Object(Config\Cache), false)
#8 C:\xampp\htdocs\pengarsipan_terbaru_banget\pengarsipan\public\index.php(37): CodeIgniter\CodeIgniter->run()
#9 C:\xampp\htdocs\pengarsipan_terbaru_banget\pengarsipan\vendor\codeigniter4\framework\system\Commands\Server\rewrite.php(43): require_once('C:\\xampp\\htdocs...')
#10 {main}
CRITICAL - 2021-11-21 22:01:22 --> Undefined index: id
#0 C:\xampp\htdocs\pengarsipan_terbaru_banget\pengarsipan\app\Views\reset_password.php(38): CodeIgniter\Debug\Exceptions->errorHandler(8, 'Undefined index...', 'C:\\xampp\\htdocs...', 38, Array)
#1 C:\xampp\htdocs\pengarsipan_terbaru_banget\pengarsipan\vendor\codeigniter4\framework\system\View\View.php(214): include('C:\\xampp\\htdocs...')
#2 C:\xampp\htdocs\pengarsipan_terbaru_banget\pengarsipan\vendor\codeigniter4\framework\system\View\View.php(217): CodeIgniter\View\View->CodeIgniter\View\{closure}()
#3 C:\xampp\htdocs\pengarsipan_terbaru_banget\pengarsipan\vendor\codeigniter4\framework\system\Common.php(1092): CodeIgniter\View\View->render('reset_password', Array, true)
#4 C:\xampp\htdocs\pengarsipan_terbaru_banget\pengarsipan\app\Controllers\Auth.php(48): view('reset_password', Array)
#5 C:\xampp\htdocs\pengarsipan_terbaru_banget\pengarsipan\vendor\codeigniter4\framework\system\CodeIgniter.php(802): App\Controllers\Auth->valid_username()
#6 C:\xampp\htdocs\pengarsipan_terbaru_banget\pengarsipan\vendor\codeigniter4\framework\system\CodeIgniter.php(399): CodeIgniter\CodeIgniter->runController(Object(App\Controllers\Auth))
#7 C:\xampp\htdocs\pengarsipan_terbaru_banget\pengarsipan\vendor\codeigniter4\framework\system\CodeIgniter.php(317): CodeIgniter\CodeIgniter->handleRequest(NULL, Object(Config\Cache), false)
#8 C:\xampp\htdocs\pengarsipan_terbaru_banget\pengarsipan\public\index.php(37): CodeIgniter\CodeIgniter->run()
#9 C:\xampp\htdocs\pengarsipan_terbaru_banget\pengarsipan\vendor\codeigniter4\framework\system\Commands\Server\rewrite.php(43): require_once('C:\\xampp\\htdocs...')
#10 {main}
CRITICAL - 2021-11-21 22:02:30 --> Undefined variable: user
#0 C:\xampp\htdocs\pengarsipan_terbaru_banget\pengarsipan\app\Views\reset_password.php(38): CodeIgniter\Debug\Exceptions->errorHandler(8, 'Undefined varia...', 'C:\\xampp\\htdocs...', 38, Array)
#1 C:\xampp\htdocs\pengarsipan_terbaru_banget\pengarsipan\vendor\codeigniter4\framework\system\View\View.php(214): include('C:\\xampp\\htdocs...')
#2 C:\xampp\htdocs\pengarsipan_terbaru_banget\pengarsipan\vendor\codeigniter4\framework\system\View\View.php(217): CodeIgniter\View\View->CodeIgniter\View\{closure}()
#3 C:\xampp\htdocs\pengarsipan_terbaru_banget\pengarsipan\vendor\codeigniter4\framework\system\Common.php(1092): CodeIgniter\View\View->render('reset_password', Array, true)
#4 C:\xampp\htdocs\pengarsipan_terbaru_banget\pengarsipan\app\Controllers\Auth.php(48): view('reset_password', Array)
#5 C:\xampp\htdocs\pengarsipan_terbaru_banget\pengarsipan\vendor\codeigniter4\framework\system\CodeIgniter.php(802): App\Controllers\Auth->valid_username()
#6 C:\xampp\htdocs\pengarsipan_terbaru_banget\pengarsipan\vendor\codeigniter4\framework\system\CodeIgniter.php(399): CodeIgniter\CodeIgniter->runController(Object(App\Controllers\Auth))
#7 C:\xampp\htdocs\pengarsipan_terbaru_banget\pengarsipan\vendor\codeigniter4\framework\system\CodeIgniter.php(317): CodeIgniter\CodeIgniter->handleRequest(NULL, Object(Config\Cache), false)
#8 C:\xampp\htdocs\pengarsipan_terbaru_banget\pengarsipan\public\index.php(37): CodeIgniter\CodeIgniter->run()
#9 C:\xampp\htdocs\pengarsipan_terbaru_banget\pengarsipan\vendor\codeigniter4\framework\system\Commands\Server\rewrite.php(43): require_once('C:\\xampp\\htdocs...')
#10 {main}
CRITICAL - 2021-11-21 22:03:12 --> Undefined variable: data2
#0 C:\xampp\htdocs\pengarsipan_terbaru_banget\pengarsipan\app\Views\reset_password.php(38): CodeIgniter\Debug\Exceptions->errorHandler(8, 'Undefined varia...', 'C:\\xampp\\htdocs...', 38, Array)
#1 C:\xampp\htdocs\pengarsipan_terbaru_banget\pengarsipan\vendor\codeigniter4\framework\system\View\View.php(214): include('C:\\xampp\\htdocs...')
#2 C:\xampp\htdocs\pengarsipan_terbaru_banget\pengarsipan\vendor\codeigniter4\framework\system\View\View.php(217): CodeIgniter\View\View->CodeIgniter\View\{closure}()
#3 C:\xampp\htdocs\pengarsipan_terbaru_banget\pengarsipan\vendor\codeigniter4\framework\system\Common.php(1092): CodeIgniter\View\View->render('reset_password', Array, true)
#4 C:\xampp\htdocs\pengarsipan_terbaru_banget\pengarsipan\app\Controllers\Auth.php(48): view('reset_password', Array)
#5 C:\xampp\htdocs\pengarsipan_terbaru_banget\pengarsipan\vendor\codeigniter4\framework\system\CodeIgniter.php(802): App\Controllers\Auth->valid_username()
#6 C:\xampp\htdocs\pengarsipan_terbaru_banget\pengarsipan\vendor\codeigniter4\framework\system\CodeIgniter.php(399): CodeIgniter\CodeIgniter->runController(Object(App\Controllers\Auth))
#7 C:\xampp\htdocs\pengarsipan_terbaru_banget\pengarsipan\vendor\codeigniter4\framework\system\CodeIgniter.php(317): CodeIgniter\CodeIgniter->handleRequest(NULL, Object(Config\Cache), false)
#8 C:\xampp\htdocs\pengarsipan_terbaru_banget\pengarsipan\public\index.php(37): CodeIgniter\CodeIgniter->run()
#9 C:\xampp\htdocs\pengarsipan_terbaru_banget\pengarsipan\vendor\codeigniter4\framework\system\Commands\Server\rewrite.php(43): require_once('C:\\xampp\\htdocs...')
#10 {main}
CRITICAL - 2021-11-21 22:04:58 --> Undefined property: CodeIgniter\View\View::$request
#0 C:\xampp\htdocs\pengarsipan_terbaru_banget\pengarsipan\app\Views\reset_password.php(34): CodeIgniter\Debug\Exceptions->errorHandler(8, 'Undefined prope...', 'C:\\xampp\\htdocs...', 34, Array)
#1 C:\xampp\htdocs\pengarsipan_terbaru_banget\pengarsipan\vendor\codeigniter4\framework\system\View\View.php(214): include('C:\\xampp\\htdocs...')
#2 C:\xampp\htdocs\pengarsipan_terbaru_banget\pengarsipan\vendor\codeigniter4\framework\system\View\View.php(217): CodeIgniter\View\View->CodeIgniter\View\{closure}()
#3 C:\xampp\htdocs\pengarsipan_terbaru_banget\pengarsipan\vendor\codeigniter4\framework\system\Common.php(1092): CodeIgniter\View\View->render('reset_password', Array, true)
#4 C:\xampp\htdocs\pengarsipan_terbaru_banget\pengarsipan\app\Controllers\Auth.php(48): view('reset_password', Array)
#5 C:\xampp\htdocs\pengarsipan_terbaru_banget\pengarsipan\vendor\codeigniter4\framework\system\CodeIgniter.php(802): App\Controllers\Auth->valid_username()
#6 C:\xampp\htdocs\pengarsipan_terbaru_banget\pengarsipan\vendor\codeigniter4\framework\system\CodeIgniter.php(399): CodeIgniter\CodeIgniter->runController(Object(App\Controllers\Auth))
#7 C:\xampp\htdocs\pengarsipan_terbaru_banget\pengarsipan\vendor\codeigniter4\framework\system\CodeIgniter.php(317): CodeIgniter\CodeIgniter->handleRequest(NULL, Object(Config\Cache), false)
#8 C:\xampp\htdocs\pengarsipan_terbaru_banget\pengarsipan\public\index.php(37): CodeIgniter\CodeIgniter->run()
#9 C:\xampp\htdocs\pengarsipan_terbaru_banget\pengarsipan\vendor\codeigniter4\framework\system\Commands\Server\rewrite.php(43): require_once('C:\\xampp\\htdocs...')
#10 {main}
CRITICAL - 2021-11-21 22:07:34 --> Undefined variable: username
#0 C:\xampp\htdocs\pengarsipan_terbaru_banget\pengarsipan\app\Controllers\ResetPassword.php(47): CodeIgniter\Debug\Exceptions->errorHandler(8, 'Undefined varia...', 'C:\\xampp\\htdocs...', 47, Array)
#1 C:\xampp\htdocs\pengarsipan_terbaru_banget\pengarsipan\vendor\codeigniter4\framework\system\CodeIgniter.php(802): App\Controllers\ResetPassword->proses_edit('miarosalina')
#2 C:\xampp\htdocs\pengarsipan_terbaru_banget\pengarsipan\vendor\codeigniter4\framework\system\CodeIgniter.php(399): CodeIgniter\CodeIgniter->runController(Object(App\Controllers\ResetPassword))
#3 C:\xampp\htdocs\pengarsipan_terbaru_banget\pengarsipan\vendor\codeigniter4\framework\system\CodeIgniter.php(317): CodeIgniter\CodeIgniter->handleRequest(NULL, Object(Config\Cache), false)
#4 C:\xampp\htdocs\pengarsipan_terbaru_banget\pengarsipan\public\index.php(37): CodeIgniter\CodeIgniter->run()
#5 C:\xampp\htdocs\pengarsipan_terbaru_banget\pengarsipan\vendor\codeigniter4\framework\system\Commands\Server\rewrite.php(43): require_once('C:\\xampp\\htdocs...')
#6 {main}
CRITICAL - 2021-11-21 22:07:58 --> Undefined variable: username
#0 C:\xampp\htdocs\pengarsipan_terbaru_banget\pengarsipan\app\Controllers\ResetPassword.php(47): CodeIgniter\Debug\Exceptions->errorHandler(8, 'Undefined varia...', 'C:\\xampp\\htdocs...', 47, Array)
#1 C:\xampp\htdocs\pengarsipan_terbaru_banget\pengarsipan\vendor\codeigniter4\framework\system\CodeIgniter.php(802): App\Controllers\ResetPassword->proses_edit('miarosalina')
#2 C:\xampp\htdocs\pengarsipan_terbaru_banget\pengarsipan\vendor\codeigniter4\framework\system\CodeIgniter.php(399): CodeIgniter\CodeIgniter->runController(Object(App\Controllers\ResetPassword))
#3 C:\xampp\htdocs\pengarsipan_terbaru_banget\pengarsipan\vendor\codeigniter4\framework\system\CodeIgniter.php(317): CodeIgniter\CodeIgniter->handleRequest(NULL, Object(Config\Cache), false)
#4 C:\xampp\htdocs\pengarsipan_terbaru_banget\pengarsipan\public\index.php(37): CodeIgniter\CodeIgniter->run()
#5 C:\xampp\htdocs\pengarsipan_terbaru_banget\pengarsipan\vendor\codeigniter4\framework\system\Commands\Server\rewrite.php(43): require_once('C:\\xampp\\htdocs...')
#6 {main}
CRITICAL - 2021-11-21 22:12:01 --> Undefined variable: username
#0 C:\xampp\htdocs\pengarsipan_terbaru_banget\pengarsipan\app\Controllers\ResetPassword.php(48): CodeIgniter\Debug\Exceptions->errorHandler(8, 'Undefined varia...', 'C:\\xampp\\htdocs...', 48, Array)
#1 C:\xampp\htdocs\pengarsipan_terbaru_banget\pengarsipan\vendor\codeigniter4\framework\system\CodeIgniter.php(802): App\Controllers\ResetPassword->proses_edit(NULL)
#2 C:\xampp\htdocs\pengarsipan_terbaru_banget\pengarsipan\vendor\codeigniter4\framework\system\CodeIgniter.php(399): CodeIgniter\CodeIgniter->runController(Object(App\Controllers\ResetPassword))
#3 C:\xampp\htdocs\pengarsipan_terbaru_banget\pengarsipan\vendor\codeigniter4\framework\system\CodeIgniter.php(317): CodeIgniter\CodeIgniter->handleRequest(NULL, Object(Config\Cache), false)
#4 C:\xampp\htdocs\pengarsipan_terbaru_banget\pengarsipan\public\index.php(37): CodeIgniter\CodeIgniter->run()
#5 C:\xampp\htdocs\pengarsipan_terbaru_banget\pengarsipan\vendor\codeigniter4\framework\system\Commands\Server\rewrite.php(43): require_once('C:\\xampp\\htdocs...')
#6 {main}
CRITICAL - 2021-11-21 22:15:23 --> Undefined property: CodeIgniter\View\View::$request
#0 C:\xampp\htdocs\pengarsipan_terbaru_banget\pengarsipan\app\Views\reset_password.php(35): CodeIgniter\Debug\Exceptions->errorHandler(8, 'Undefined prope...', 'C:\\xampp\\htdocs...', 35, Array)
#1 C:\xampp\htdocs\pengarsipan_terbaru_banget\pengarsipan\vendor\codeigniter4\framework\system\View\View.php(214): include('C:\\xampp\\htdocs...')
#2 C:\xampp\htdocs\pengarsipan_terbaru_banget\pengarsipan\vendor\codeigniter4\framework\system\View\View.php(217): CodeIgniter\View\View->CodeIgniter\View\{closure}()
#3 C:\xampp\htdocs\pengarsipan_terbaru_banget\pengarsipan\vendor\codeigniter4\framework\system\Common.php(1092): CodeIgniter\View\View->render('reset_password', Array, true)
#4 C:\xampp\htdocs\pengarsipan_terbaru_banget\pengarsipan\app\Controllers\Auth.php(48): view('reset_password', Array)
#5 C:\xampp\htdocs\pengarsipan_terbaru_banget\pengarsipan\vendor\codeigniter4\framework\system\CodeIgniter.php(802): App\Controllers\Auth->valid_username()
#6 C:\xampp\htdocs\pengarsipan_terbaru_banget\pengarsipan\vendor\codeigniter4\framework\system\CodeIgniter.php(399): CodeIgniter\CodeIgniter->runController(Object(App\Controllers\Auth))
#7 C:\xampp\htdocs\pengarsipan_terbaru_banget\pengarsipan\vendor\codeigniter4\framework\system\CodeIgniter.php(317): CodeIgniter\CodeIgniter->handleRequest(NULL, Object(Config\Cache), false)
#8 C:\xampp\htdocs\pengarsipan_terbaru_banget\pengarsipan\public\index.php(37): CodeIgniter\CodeIgniter->run()
#9 C:\xampp\htdocs\pengarsipan_terbaru_banget\pengarsipan\vendor\codeigniter4\framework\system\Commands\Server\rewrite.php(43): require_once('C:\\xampp\\htdocs...')
#10 {main}
CRITICAL - 2021-11-21 22:15:39 --> Undefined variable: id
#0 C:\xampp\htdocs\pengarsipan_terbaru_banget\pengarsipan\app\Views\reset_password.php(39): CodeIgniter\Debug\Exceptions->errorHandler(8, 'Undefined varia...', 'C:\\xampp\\htdocs...', 39, Array)
#1 C:\xampp\htdocs\pengarsipan_terbaru_banget\pengarsipan\vendor\codeigniter4\framework\system\View\View.php(214): include('C:\\xampp\\htdocs...')
#2 C:\xampp\htdocs\pengarsipan_terbaru_banget\pengarsipan\vendor\codeigniter4\framework\system\View\View.php(217): CodeIgniter\View\View->CodeIgniter\View\{closure}()
#3 C:\xampp\htdocs\pengarsipan_terbaru_banget\pengarsipan\vendor\codeigniter4\framework\system\Common.php(1092): CodeIgniter\View\View->render('reset_password', Array, true)
#4 C:\xampp\htdocs\pengarsipan_terbaru_banget\pengarsipan\app\Controllers\Auth.php(48): view('reset_password', Array)
#5 C:\xampp\htdocs\pengarsipan_terbaru_banget\pengarsipan\vendor\codeigniter4\framework\system\CodeIgniter.php(802): App\Controllers\Auth->valid_username()
#6 C:\xampp\htdocs\pengarsipan_terbaru_banget\pengarsipan\vendor\codeigniter4\framework\system\CodeIgniter.php(399): CodeIgniter\CodeIgniter->runController(Object(App\Controllers\Auth))
#7 C:\xampp\htdocs\pengarsipan_terbaru_banget\pengarsipan\vendor\codeigniter4\framework\system\CodeIgniter.php(317): CodeIgniter\CodeIgniter->handleRequest(NULL, Object(Config\Cache), false)
#8 C:\xampp\htdocs\pengarsipan_terbaru_banget\pengarsipan\public\index.php(37): CodeIgniter\CodeIgniter->run()
#9 C:\xampp\htdocs\pengarsipan_terbaru_banget\pengarsipan\vendor\codeigniter4\framework\system\Commands\Server\rewrite.php(43): require_once('C:\\xampp\\htdocs...')
#10 {main}
CRITICAL - 2021-11-21 22:16:05 --> Undefined index: id
#0 C:\xampp\htdocs\pengarsipan_terbaru_banget\pengarsipan\app\Views\reset_password.php(39): CodeIgniter\Debug\Exceptions->errorHandler(8, 'Undefined index...', 'C:\\xampp\\htdocs...', 39, Array)
#1 C:\xampp\htdocs\pengarsipan_terbaru_banget\pengarsipan\vendor\codeigniter4\framework\system\View\View.php(214): include('C:\\xampp\\htdocs...')
#2 C:\xampp\htdocs\pengarsipan_terbaru_banget\pengarsipan\vendor\codeigniter4\framework\system\View\View.php(217): CodeIgniter\View\View->CodeIgniter\View\{closure}()
#3 C:\xampp\htdocs\pengarsipan_terbaru_banget\pengarsipan\vendor\codeigniter4\framework\system\Common.php(1092): CodeIgniter\View\View->render('reset_password', Array, true)
#4 C:\xampp\htdocs\pengarsipan_terbaru_banget\pengarsipan\app\Controllers\Auth.php(48): view('reset_password', Array)
#5 C:\xampp\htdocs\pengarsipan_terbaru_banget\pengarsipan\vendor\codeigniter4\framework\system\CodeIgniter.php(802): App\Controllers\Auth->valid_username()
#6 C:\xampp\htdocs\pengarsipan_terbaru_banget\pengarsipan\vendor\codeigniter4\framework\system\CodeIgniter.php(399): CodeIgniter\CodeIgniter->runController(Object(App\Controllers\Auth))
#7 C:\xampp\htdocs\pengarsipan_terbaru_banget\pengarsipan\vendor\codeigniter4\framework\system\CodeIgniter.php(317): CodeIgniter\CodeIgniter->handleRequest(NULL, Object(Config\Cache), false)
#8 C:\xampp\htdocs\pengarsipan_terbaru_banget\pengarsipan\public\index.php(37): CodeIgniter\CodeIgniter->run()
#9 C:\xampp\htdocs\pengarsipan_terbaru_banget\pengarsipan\vendor\codeigniter4\framework\system\Commands\Server\rewrite.php(43): require_once('C:\\xampp\\htdocs...')
#10 {main}
CRITICAL - 2021-11-21 22:17:38 --> Undefined variable: kirim
#0 C:\xampp\htdocs\pengarsipan_terbaru_banget\pengarsipan\app\Views\reset_password.php(39): CodeIgniter\Debug\Exceptions->errorHandler(8, 'Undefined varia...', 'C:\\xampp\\htdocs...', 39, Array)
#1 C:\xampp\htdocs\pengarsipan_terbaru_banget\pengarsipan\vendor\codeigniter4\framework\system\View\View.php(214): include('C:\\xampp\\htdocs...')
#2 C:\xampp\htdocs\pengarsipan_terbaru_banget\pengarsipan\vendor\codeigniter4\framework\system\View\View.php(217): CodeIgniter\View\View->CodeIgniter\View\{closure}()
#3 C:\xampp\htdocs\pengarsipan_terbaru_banget\pengarsipan\vendor\codeigniter4\framework\system\Common.php(1092): CodeIgniter\View\View->render('reset_password', Array, true)
#4 C:\xampp\htdocs\pengarsipan_terbaru_banget\pengarsipan\app\Controllers\Auth.php(48): view('reset_password', Array)
#5 C:\xampp\htdocs\pengarsipan_terbaru_banget\pengarsipan\vendor\codeigniter4\framework\system\CodeIgniter.php(802): App\Controllers\Auth->valid_username()
#6 C:\xampp\htdocs\pengarsipan_terbaru_banget\pengarsipan\vendor\codeigniter4\framework\system\CodeIgniter.php(399): CodeIgniter\CodeIgniter->runController(Object(App\Controllers\Auth))
#7 C:\xampp\htdocs\pengarsipan_terbaru_banget\pengarsipan\vendor\codeigniter4\framework\system\CodeIgniter.php(317): CodeIgniter\CodeIgniter->handleRequest(NULL, Object(Config\Cache), false)
#8 C:\xampp\htdocs\pengarsipan_terbaru_banget\pengarsipan\public\index.php(37): CodeIgniter\CodeIgniter->run()
#9 C:\xampp\htdocs\pengarsipan_terbaru_banget\pengarsipan\vendor\codeigniter4\framework\system\Commands\Server\rewrite.php(43): require_once('C:\\xampp\\htdocs...')
#10 {main}
CRITICAL - 2021-11-21 22:17:52 --> Undefined index: id
#0 C:\xampp\htdocs\pengarsipan_terbaru_banget\pengarsipan\app\Views\reset_password.php(39): CodeIgniter\Debug\Exceptions->errorHandler(8, 'Undefined index...', 'C:\\xampp\\htdocs...', 39, Array)
#1 C:\xampp\htdocs\pengarsipan_terbaru_banget\pengarsipan\vendor\codeigniter4\framework\system\View\View.php(214): include('C:\\xampp\\htdocs...')
#2 C:\xampp\htdocs\pengarsipan_terbaru_banget\pengarsipan\vendor\codeigniter4\framework\system\View\View.php(217): CodeIgniter\View\View->CodeIgniter\View\{closure}()
#3 C:\xampp\htdocs\pengarsipan_terbaru_banget\pengarsipan\vendor\codeigniter4\framework\system\Common.php(1092): CodeIgniter\View\View->render('reset_password', Array, true)
#4 C:\xampp\htdocs\pengarsipan_terbaru_banget\pengarsipan\app\Controllers\Auth.php(48): view('reset_password', Array)
#5 C:\xampp\htdocs\pengarsipan_terbaru_banget\pengarsipan\vendor\codeigniter4\framework\system\CodeIgniter.php(802): App\Controllers\Auth->valid_username()
#6 C:\xampp\htdocs\pengarsipan_terbaru_banget\pengarsipan\vendor\codeigniter4\framework\system\CodeIgniter.php(399): CodeIgniter\CodeIgniter->runController(Object(App\Controllers\Auth))
#7 C:\xampp\htdocs\pengarsipan_terbaru_banget\pengarsipan\vendor\codeigniter4\framework\system\CodeIgniter.php(317): CodeIgniter\CodeIgniter->handleRequest(NULL, Object(Config\Cache), false)
#8 C:\xampp\htdocs\pengarsipan_terbaru_banget\pengarsipan\public\index.php(37): CodeIgniter\CodeIgniter->run()
#9 C:\xampp\htdocs\pengarsipan_terbaru_banget\pengarsipan\vendor\codeigniter4\framework\system\Commands\Server\rewrite.php(43): require_once('C:\\xampp\\htdocs...')
#10 {main}
CRITICAL - 2021-11-21 22:18:22 --> Undefined index: id
#0 C:\xampp\htdocs\pengarsipan_terbaru_banget\pengarsipan\app\Views\reset_password.php(39): CodeIgniter\Debug\Exceptions->errorHandler(8, 'Undefined index...', 'C:\\xampp\\htdocs...', 39, Array)
#1 C:\xampp\htdocs\pengarsipan_terbaru_banget\pengarsipan\vendor\codeigniter4\framework\system\View\View.php(214): include('C:\\xampp\\htdocs...')
#2 C:\xampp\htdocs\pengarsipan_terbaru_banget\pengarsipan\vendor\codeigniter4\framework\system\View\View.php(217): CodeIgniter\View\View->CodeIgniter\View\{closure}()
#3 C:\xampp\htdocs\pengarsipan_terbaru_banget\pengarsipan\vendor\codeigniter4\framework\system\Common.php(1092): CodeIgniter\View\View->render('reset_password', Array, true)
#4 C:\xampp\htdocs\pengarsipan_terbaru_banget\pengarsipan\app\Controllers\Auth.php(48): view('reset_password', Array)
#5 C:\xampp\htdocs\pengarsipan_terbaru_banget\pengarsipan\vendor\codeigniter4\framework\system\CodeIgniter.php(802): App\Controllers\Auth->valid_username()
#6 C:\xampp\htdocs\pengarsipan_terbaru_banget\pengarsipan\vendor\codeigniter4\framework\system\CodeIgniter.php(399): CodeIgniter\CodeIgniter->runController(Object(App\Controllers\Auth))
#7 C:\xampp\htdocs\pengarsipan_terbaru_banget\pengarsipan\vendor\codeigniter4\framework\system\CodeIgniter.php(317): CodeIgniter\CodeIgniter->handleRequest(NULL, Object(Config\Cache), false)
#8 C:\xampp\htdocs\pengarsipan_terbaru_banget\pengarsipan\public\index.php(37): CodeIgniter\CodeIgniter->run()
#9 C:\xampp\htdocs\pengarsipan_terbaru_banget\pengarsipan\vendor\codeigniter4\framework\system\Commands\Server\rewrite.php(43): require_once('C:\\xampp\\htdocs...')
#10 {main}
CRITICAL - 2021-11-21 22:18:53 --> Too few arguments to function App\Controllers\ResetPassword::proses_edit(), 0 passed in C:\xampp\htdocs\pengarsipan_terbaru_banget\pengarsipan\vendor\codeigniter4\framework\system\CodeIgniter.php on line 802 and exactly 1 expected
#0 C:\xampp\htdocs\pengarsipan_terbaru_banget\pengarsipan\vendor\codeigniter4\framework\system\CodeIgniter.php(802): App\Controllers\ResetPassword->proses_edit()
#1 C:\xampp\htdocs\pengarsipan_terbaru_banget\pengarsipan\vendor\codeigniter4\framework\system\CodeIgniter.php(399): CodeIgniter\CodeIgniter->runController(Object(App\Controllers\ResetPassword))
#2 C:\xampp\htdocs\pengarsipan_terbaru_banget\pengarsipan\vendor\codeigniter4\framework\system\CodeIgniter.php(317): CodeIgniter\CodeIgniter->handleRequest(NULL, Object(Config\Cache), false)
#3 C:\xampp\htdocs\pengarsipan_terbaru_banget\pengarsipan\public\index.php(37): CodeIgniter\CodeIgniter->run()
#4 C:\xampp\htdocs\pengarsipan_terbaru_banget\pengarsipan\vendor\codeigniter4\framework\system\Commands\Server\rewrite.php(43): require_once('C:\\xampp\\htdocs...')
#5 {main}
CRITICAL - 2021-11-21 22:19:09 --> Too few arguments to function App\Controllers\ResetPassword::proses_edit(), 0 passed in C:\xampp\htdocs\pengarsipan_terbaru_banget\pengarsipan\vendor\codeigniter4\framework\system\CodeIgniter.php on line 802 and exactly 1 expected
#0 C:\xampp\htdocs\pengarsipan_terbaru_banget\pengarsipan\vendor\codeigniter4\framework\system\CodeIgniter.php(802): App\Controllers\ResetPassword->proses_edit()
#1 C:\xampp\htdocs\pengarsipan_terbaru_banget\pengarsipan\vendor\codeigniter4\framework\system\CodeIgniter.php(399): CodeIgniter\CodeIgniter->runController(Object(App\Controllers\ResetPassword))
#2 C:\xampp\htdocs\pengarsipan_terbaru_banget\pengarsipan\vendor\codeigniter4\framework\system\CodeIgniter.php(317): CodeIgniter\CodeIgniter->handleRequest(NULL, Object(Config\Cache), false)
#3 C:\xampp\htdocs\pengarsipan_terbaru_banget\pengarsipan\public\index.php(37): CodeIgniter\CodeIgniter->run()
#4 C:\xampp\htdocs\pengarsipan_terbaru_banget\pengarsipan\vendor\codeigniter4\framework\system\Commands\Server\rewrite.php(43): require_once('C:\\xampp\\htdocs...')
#5 {main}
CRITICAL - 2021-11-21 22:20:17 --> Undefined variable: id
#0 C:\xampp\htdocs\pengarsipan_terbaru_banget\pengarsipan\app\Views\reset_password.php(39): CodeIgniter\Debug\Exceptions->errorHandler(8, 'Undefined varia...', 'C:\\xampp\\htdocs...', 39, Array)
#1 C:\xampp\htdocs\pengarsipan_terbaru_banget\pengarsipan\vendor\codeigniter4\framework\system\View\View.php(214): include('C:\\xampp\\htdocs...')
#2 C:\xampp\htdocs\pengarsipan_terbaru_banget\pengarsipan\vendor\codeigniter4\framework\system\View\View.php(217): CodeIgniter\View\View->CodeIgniter\View\{closure}()
#3 C:\xampp\htdocs\pengarsipan_terbaru_banget\pengarsipan\vendor\codeigniter4\framework\system\Common.php(1092): CodeIgniter\View\View->render('reset_password', Array, true)
#4 C:\xampp\htdocs\pengarsipan_terbaru_banget\pengarsipan\app\Controllers\Auth.php(48): view('reset_password', Array)
#5 C:\xampp\htdocs\pengarsipan_terbaru_banget\pengarsipan\vendor\codeigniter4\framework\system\CodeIgniter.php(802): App\Controllers\Auth->valid_username()
#6 C:\xampp\htdocs\pengarsipan_terbaru_banget\pengarsipan\vendor\codeigniter4\framework\system\CodeIgniter.php(399): CodeIgniter\CodeIgniter->runController(Object(App\Controllers\Auth))
#7 C:\xampp\htdocs\pengarsipan_terbaru_banget\pengarsipan\vendor\codeigniter4\framework\system\CodeIgniter.php(317): CodeIgniter\CodeIgniter->handleRequest(NULL, Object(Config\Cache), false)
#8 C:\xampp\htdocs\pengarsipan_terbaru_banget\pengarsipan\public\index.php(37): CodeIgniter\CodeIgniter->run()
#9 C:\xampp\htdocs\pengarsipan_terbaru_banget\pengarsipan\vendor\codeigniter4\framework\system\Commands\Server\rewrite.php(43): require_once('C:\\xampp\\htdocs...')
#10 {main}
CRITICAL - 2021-11-21 22:22:19 --> Undefined variable: id
#0 C:\xampp\htdocs\pengarsipan_terbaru_banget\pengarsipan\app\Views\reset_password.php(39): CodeIgniter\Debug\Exceptions->errorHandler(8, 'Undefined varia...', 'C:\\xampp\\htdocs...', 39, Array)
#1 C:\xampp\htdocs\pengarsipan_terbaru_banget\pengarsipan\vendor\codeigniter4\framework\system\View\View.php(214): include('C:\\xampp\\htdocs...')
#2 C:\xampp\htdocs\pengarsipan_terbaru_banget\pengarsipan\vendor\codeigniter4\framework\system\View\View.php(217): CodeIgniter\View\View->CodeIgniter\View\{closure}()
#3 C:\xampp\htdocs\pengarsipan_terbaru_banget\pengarsipan\vendor\codeigniter4\framework\system\Common.php(1092): CodeIgniter\View\View->render('reset_password', Array, true)
#4 C:\xampp\htdocs\pengarsipan_terbaru_banget\pengarsipan\app\Controllers\Auth.php(48): view('reset_password', Array)
#5 C:\xampp\htdocs\pengarsipan_terbaru_banget\pengarsipan\vendor\codeigniter4\framework\system\CodeIgniter.php(802): App\Controllers\Auth->valid_username()
#6 C:\xampp\htdocs\pengarsipan_terbaru_banget\pengarsipan\vendor\codeigniter4\framework\system\CodeIgniter.php(399): CodeIgniter\CodeIgniter->runController(Object(App\Controllers\Auth))
#7 C:\xampp\htdocs\pengarsipan_terbaru_banget\pengarsipan\vendor\codeigniter4\framework\system\CodeIgniter.php(317): CodeIgniter\CodeIgniter->handleRequest(NULL, Object(Config\Cache), false)
#8 C:\xampp\htdocs\pengarsipan_terbaru_banget\pengarsipan\public\index.php(37): CodeIgniter\CodeIgniter->run()
#9 C:\xampp\htdocs\pengarsipan_terbaru_banget\pengarsipan\vendor\codeigniter4\framework\system\Commands\Server\rewrite.php(43): require_once('C:\\xampp\\htdocs...')
#10 {main}
CRITICAL - 2021-11-21 22:23:57 --> Undefined variable: id
#0 C:\xampp\htdocs\pengarsipan_terbaru_banget\pengarsipan\app\Views\reset_password.php(39): CodeIgniter\Debug\Exceptions->errorHandler(8, 'Undefined varia...', 'C:\\xampp\\htdocs...', 39, Array)
#1 C:\xampp\htdocs\pengarsipan_terbaru_banget\pengarsipan\vendor\codeigniter4\framework\system\View\View.php(214): include('C:\\xampp\\htdocs...')
#2 C:\xampp\htdocs\pengarsipan_terbaru_banget\pengarsipan\vendor\codeigniter4\framework\system\View\View.php(217): CodeIgniter\View\View->CodeIgniter\View\{closure}()
#3 C:\xampp\htdocs\pengarsipan_terbaru_banget\pengarsipan\vendor\codeigniter4\framework\system\Common.php(1092): CodeIgniter\View\View->render('reset_password', Array, true)
#4 C:\xampp\htdocs\pengarsipan_terbaru_banget\pengarsipan\app\Controllers\Auth.php(48): view('reset_password', Array)
#5 C:\xampp\htdocs\pengarsipan_terbaru_banget\pengarsipan\vendor\codeigniter4\framework\system\CodeIgniter.php(802): App\Controllers\Auth->valid_username()
#6 C:\xampp\htdocs\pengarsipan_terbaru_banget\pengarsipan\vendor\codeigniter4\framework\system\CodeIgniter.php(399): CodeIgniter\CodeIgniter->runController(Object(App\Controllers\Auth))
#7 C:\xampp\htdocs\pengarsipan_terbaru_banget\pengarsipan\vendor\codeigniter4\framework\system\CodeIgniter.php(317): CodeIgniter\CodeIgniter->handleRequest(NULL, Object(Config\Cache), false)
#8 C:\xampp\htdocs\pengarsipan_terbaru_banget\pengarsipan\public\index.php(37): CodeIgniter\CodeIgniter->run()
#9 C:\xampp\htdocs\pengarsipan_terbaru_banget\pengarsipan\vendor\codeigniter4\framework\system\Commands\Server\rewrite.php(43): require_once('C:\\xampp\\htdocs...')
#10 {main}
CRITICAL - 2021-11-21 22:42:41 --> Undefined index: id
#0 C:\xampp\htdocs\pengarsipan_terbaru_banget\pengarsipan\app\Views\reset_password.php(39): CodeIgniter\Debug\Exceptions->errorHandler(8, 'Undefined index...', 'C:\\xampp\\htdocs...', 39, Array)
#1 C:\xampp\htdocs\pengarsipan_terbaru_banget\pengarsipan\vendor\codeigniter4\framework\system\View\View.php(214): include('C:\\xampp\\htdocs...')
#2 C:\xampp\htdocs\pengarsipan_terbaru_banget\pengarsipan\vendor\codeigniter4\framework\system\View\View.php(217): CodeIgniter\View\View->CodeIgniter\View\{closure}()
#3 C:\xampp\htdocs\pengarsipan_terbaru_banget\pengarsipan\vendor\codeigniter4\framework\system\Common.php(1092): CodeIgniter\View\View->render('reset_password', Array, true)
#4 C:\xampp\htdocs\pengarsipan_terbaru_banget\pengarsipan\app\Controllers\Auth.php(48): view('reset_password', Array)
#5 C:\xampp\htdocs\pengarsipan_terbaru_banget\pengarsipan\vendor\codeigniter4\framework\system\CodeIgniter.php(802): App\Controllers\Auth->valid_username()
#6 C:\xampp\htdocs\pengarsipan_terbaru_banget\pengarsipan\vendor\codeigniter4\framework\system\CodeIgniter.php(399): CodeIgniter\CodeIgniter->runController(Object(App\Controllers\Auth))
#7 C:\xampp\htdocs\pengarsipan_terbaru_banget\pengarsipan\vendor\codeigniter4\framework\system\CodeIgniter.php(317): CodeIgniter\CodeIgniter->handleRequest(NULL, Object(Config\Cache), false)
#8 C:\xampp\htdocs\pengarsipan_terbaru_banget\pengarsipan\public\index.php(37): CodeIgniter\CodeIgniter->run()
#9 C:\xampp\htdocs\pengarsipan_terbaru_banget\pengarsipan\vendor\codeigniter4\framework\system\Commands\Server\rewrite.php(43): require_once('C:\\xampp\\htdocs...')
#10 {main}
