CRITICAL - 2021-11-24 00:28:30 --> Undefined property: App\Controllers\ForgotPassword::$UserModel
#0 C:\xampp\htdocs\pengarsipan_terbaru_banget\pengarsipan\app\Controllers\ForgotPassword.php(29): CodeIgniter\Debug\Exceptions->errorHandler(8, 'Undefined prope...', 'C:\\xampp\\htdocs...', 29, Array)
#1 C:\xampp\htdocs\pengarsipan_terbaru_banget\pengarsipan\vendor\codeigniter4\framework\system\CodeIgniter.php(802): App\Controllers\ForgotPassword->forgot_password()
#2 C:\xampp\htdocs\pengarsipan_terbaru_banget\pengarsipan\vendor\codeigniter4\framework\system\CodeIgniter.php(399): CodeIgniter\CodeIgniter->runController(Object(App\Controllers\ForgotPassword))
#3 C:\xampp\htdocs\pengarsipan_terbaru_banget\pengarsipan\vendor\codeigniter4\framework\system\CodeIgniter.php(317): CodeIgniter\CodeIgniter->handleRequest(NULL, Object(Config\Cache), false)
#4 C:\xampp\htdocs\pengarsipan_terbaru_banget\pengarsipan\public\index.php(37): CodeIgniter\CodeIgniter->run()
#5 C:\xampp\htdocs\pengarsipan_terbaru_banget\pengarsipan\vendor\codeigniter4\framework\system\Commands\Server\rewrite.php(43): require_once('C:\\xampp\\htdocs...')
#6 {main}
CRITICAL - 2021-11-24 00:43:30 --> Argument 1 passed to CodeIgniter\Database\BaseConnection::query() must be of the type string, object given, called in C:\xampp\htdocs\pengarsipan_terbaru_banget\pengarsipan\app\Models\UserModel.php on line 54
#0 C:\xampp\htdocs\pengarsipan_terbaru_banget\pengarsipan\app\Models\UserModel.php(54): CodeIgniter\Database\BaseConnection->query(Object(CodeIgniter\Database\MySQLi\Builder))
#1 C:\xampp\htdocs\pengarsipan_terbaru_banget\pengarsipan\app\Controllers\Auth.php(45): App\Models\UserModel->update_username('ameli')
#2 C:\xampp\htdocs\pengarsipan_terbaru_banget\pengarsipan\vendor\codeigniter4\framework\system\CodeIgniter.php(802): App\Controllers\Auth->valid_username()
#3 C:\xampp\htdocs\pengarsipan_terbaru_banget\pengarsipan\vendor\codeigniter4\framework\system\CodeIgniter.php(399): CodeIgniter\CodeIgniter->runController(Object(App\Controllers\Auth))
#4 C:\xampp\htdocs\pengarsipan_terbaru_banget\pengarsipan\vendor\codeigniter4\framework\system\CodeIgniter.php(317): CodeIgniter\CodeIgniter->handleRequest(NULL, Object(Config\Cache), false)
#5 C:\xampp\htdocs\pengarsipan_terbaru_banget\pengarsipan\public\index.php(37): CodeIgniter\CodeIgniter->run()
#6 C:\xampp\htdocs\pengarsipan_terbaru_banget\pengarsipan\vendor\codeigniter4\framework\system\Commands\Server\rewrite.php(43): require_once('C:\\xampp\\htdocs...')
#7 {main}
CRITICAL - 2021-11-24 00:44:48 --> syntax error, unexpected '$this' (T_VARIABLE)
#0 C:\xampp\htdocs\pengarsipan_terbaru_banget\pengarsipan\vendor\codeigniter4\framework\system\Autoloader\Autoloader.php(241): CodeIgniter\Autoloader\Autoloader->includeFile('C:\\xampp\\htdocs...')
#1 C:\xampp\htdocs\pengarsipan_terbaru_banget\pengarsipan\vendor\codeigniter4\framework\system\Autoloader\Autoloader.php(219): CodeIgniter\Autoloader\Autoloader->loadInNamespace('App\\Models\\User...')
#2 [internal function]: CodeIgniter\Autoloader\Autoloader->loadClass('App\\Models\\User...')
#3 C:\xampp\htdocs\pengarsipan_terbaru_banget\pengarsipan\app\Controllers\Auth.php(13): spl_autoload_call('App\\Models\\User...')
#4 C:\xampp\htdocs\pengarsipan_terbaru_banget\pengarsipan\vendor\codeigniter4\framework\system\CodeIgniter.php(779): App\Controllers\Auth->__construct()
#5 C:\xampp\htdocs\pengarsipan_terbaru_banget\pengarsipan\vendor\codeigniter4\framework\system\CodeIgniter.php(390): CodeIgniter\CodeIgniter->createController()
#6 C:\xampp\htdocs\pengarsipan_terbaru_banget\pengarsipan\vendor\codeigniter4\framework\system\CodeIgniter.php(317): CodeIgniter\CodeIgniter->handleRequest(NULL, Object(Config\Cache), false)
#7 C:\xampp\htdocs\pengarsipan_terbaru_banget\pengarsipan\public\index.php(37): CodeIgniter\CodeIgniter->run()
#8 C:\xampp\htdocs\pengarsipan_terbaru_banget\pengarsipan\vendor\codeigniter4\framework\system\Commands\Server\rewrite.php(43): require_once('C:\\xampp\\htdocs...')
#9 {main}
CRITICAL - 2021-11-24 00:45:19 --> Undefined index: username
#0 C:\xampp\htdocs\pengarsipan_terbaru_banget\pengarsipan\app\Views\reset_password.php(43): CodeIgniter\Debug\Exceptions->errorHandler(8, 'Undefined index...', 'C:\\xampp\\htdocs...', 43, Array)
#1 C:\xampp\htdocs\pengarsipan_terbaru_banget\pengarsipan\vendor\codeigniter4\framework\system\View\View.php(214): include('C:\\xampp\\htdocs...')
#2 C:\xampp\htdocs\pengarsipan_terbaru_banget\pengarsipan\vendor\codeigniter4\framework\system\View\View.php(217): CodeIgniter\View\View->CodeIgniter\View\{closure}()
#3 C:\xampp\htdocs\pengarsipan_terbaru_banget\pengarsipan\vendor\codeigniter4\framework\system\Common.php(1092): CodeIgniter\View\View->render('reset_password', Array, true)
#4 C:\xampp\htdocs\pengarsipan_terbaru_banget\pengarsipan\app\Controllers\Auth.php(50): view('reset_password', Array)
#5 C:\xampp\htdocs\pengarsipan_terbaru_banget\pengarsipan\vendor\codeigniter4\framework\system\CodeIgniter.php(802): App\Controllers\Auth->valid_username()
#6 C:\xampp\htdocs\pengarsipan_terbaru_banget\pengarsipan\vendor\codeigniter4\framework\system\CodeIgniter.php(399): CodeIgniter\CodeIgniter->runController(Object(App\Controllers\Auth))
#7 C:\xampp\htdocs\pengarsipan_terbaru_banget\pengarsipan\vendor\codeigniter4\framework\system\CodeIgniter.php(317): CodeIgniter\CodeIgniter->handleRequest(NULL, Object(Config\Cache), false)
#8 C:\xampp\htdocs\pengarsipan_terbaru_banget\pengarsipan\public\index.php(37): CodeIgniter\CodeIgniter->run()
#9 C:\xampp\htdocs\pengarsipan_terbaru_banget\pengarsipan\vendor\codeigniter4\framework\system\Commands\Server\rewrite.php(43): require_once('C:\\xampp\\htdocs...')
#10 {main}
CRITICAL - 2021-11-24 00:48:00 --> Undefined index: username
#0 C:\xampp\htdocs\pengarsipan_terbaru_banget\pengarsipan\app\Views\reset_password.php(43): CodeIgniter\Debug\Exceptions->errorHandler(8, 'Undefined index...', 'C:\\xampp\\htdocs...', 43, Array)
#1 C:\xampp\htdocs\pengarsipan_terbaru_banget\pengarsipan\vendor\codeigniter4\framework\system\View\View.php(214): include('C:\\xampp\\htdocs...')
#2 C:\xampp\htdocs\pengarsipan_terbaru_banget\pengarsipan\vendor\codeigniter4\framework\system\View\View.php(217): CodeIgniter\View\View->CodeIgniter\View\{closure}()
#3 C:\xampp\htdocs\pengarsipan_terbaru_banget\pengarsipan\vendor\codeigniter4\framework\system\Common.php(1092): CodeIgniter\View\View->render('reset_password', Array, true)
#4 C:\xampp\htdocs\pengarsipan_terbaru_banget\pengarsipan\app\Controllers\Auth.php(50): view('reset_password', Array)
#5 C:\xampp\htdocs\pengarsipan_terbaru_banget\pengarsipan\vendor\codeigniter4\framework\system\CodeIgniter.php(802): App\Controllers\Auth->valid_username()
#6 C:\xampp\htdocs\pengarsipan_terbaru_banget\pengarsipan\vendor\codeigniter4\framework\system\CodeIgniter.php(399): CodeIgniter\CodeIgniter->runController(Object(App\Controllers\Auth))
#7 C:\xampp\htdocs\pengarsipan_terbaru_banget\pengarsipan\vendor\codeigniter4\framework\system\CodeIgniter.php(317): CodeIgniter\CodeIgniter->handleRequest(NULL, Object(Config\Cache), false)
#8 C:\xampp\htdocs\pengarsipan_terbaru_banget\pengarsipan\public\index.php(37): CodeIgniter\CodeIgniter->run()
#9 C:\xampp\htdocs\pengarsipan_terbaru_banget\pengarsipan\vendor\codeigniter4\framework\system\Commands\Server\rewrite.php(43): require_once('C:\\xampp\\htdocs...')
#10 {main}
CRITICAL - 2021-11-24 00:48:01 --> Undefined index: username
#0 C:\xampp\htdocs\pengarsipan_terbaru_banget\pengarsipan\app\Views\reset_password.php(43): CodeIgniter\Debug\Exceptions->errorHandler(8, 'Undefined index...', 'C:\\xampp\\htdocs...', 43, Array)
#1 C:\xampp\htdocs\pengarsipan_terbaru_banget\pengarsipan\vendor\codeigniter4\framework\system\View\View.php(214): include('C:\\xampp\\htdocs...')
#2 C:\xampp\htdocs\pengarsipan_terbaru_banget\pengarsipan\vendor\codeigniter4\framework\system\View\View.php(217): CodeIgniter\View\View->CodeIgniter\View\{closure}()
#3 C:\xampp\htdocs\pengarsipan_terbaru_banget\pengarsipan\vendor\codeigniter4\framework\system\Common.php(1092): CodeIgniter\View\View->render('reset_password', Array, true)
#4 C:\xampp\htdocs\pengarsipan_terbaru_banget\pengarsipan\app\Controllers\Auth.php(50): view('reset_password', Array)
#5 C:\xampp\htdocs\pengarsipan_terbaru_banget\pengarsipan\vendor\codeigniter4\framework\system\CodeIgniter.php(802): App\Controllers\Auth->valid_username()
#6 C:\xampp\htdocs\pengarsipan_terbaru_banget\pengarsipan\vendor\codeigniter4\framework\system\CodeIgniter.php(399): CodeIgniter\CodeIgniter->runController(Object(App\Controllers\Auth))
#7 C:\xampp\htdocs\pengarsipan_terbaru_banget\pengarsipan\vendor\codeigniter4\framework\system\CodeIgniter.php(317): CodeIgniter\CodeIgniter->handleRequest(NULL, Object(Config\Cache), false)
#8 C:\xampp\htdocs\pengarsipan_terbaru_banget\pengarsipan\public\index.php(37): CodeIgniter\CodeIgniter->run()
#9 C:\xampp\htdocs\pengarsipan_terbaru_banget\pengarsipan\vendor\codeigniter4\framework\system\Commands\Server\rewrite.php(43): require_once('C:\\xampp\\htdocs...')
#10 {main}
CRITICAL - 2021-11-24 00:48:28 --> Undefined variable: user
#0 C:\xampp\htdocs\pengarsipan_terbaru_banget\pengarsipan\app\Controllers\Auth.php(49): CodeIgniter\Debug\Exceptions->errorHandler(8, 'Undefined varia...', 'C:\\xampp\\htdocs...', 49, Array)
#1 C:\xampp\htdocs\pengarsipan_terbaru_banget\pengarsipan\vendor\codeigniter4\framework\system\CodeIgniter.php(802): App\Controllers\Auth->valid_username()
#2 C:\xampp\htdocs\pengarsipan_terbaru_banget\pengarsipan\vendor\codeigniter4\framework\system\CodeIgniter.php(399): CodeIgniter\CodeIgniter->runController(Object(App\Controllers\Auth))
#3 C:\xampp\htdocs\pengarsipan_terbaru_banget\pengarsipan\vendor\codeigniter4\framework\system\CodeIgniter.php(317): CodeIgniter\CodeIgniter->handleRequest(NULL, Object(Config\Cache), false)
#4 C:\xampp\htdocs\pengarsipan_terbaru_banget\pengarsipan\public\index.php(37): CodeIgniter\CodeIgniter->run()
#5 C:\xampp\htdocs\pengarsipan_terbaru_banget\pengarsipan\vendor\codeigniter4\framework\system\Commands\Server\rewrite.php(43): require_once('C:\\xampp\\htdocs...')
#6 {main}
CRITICAL - 2021-11-24 00:48:42 --> Undefined index: username
#0 C:\xampp\htdocs\pengarsipan_terbaru_banget\pengarsipan\app\Controllers\Auth.php(49): CodeIgniter\Debug\Exceptions->errorHandler(8, 'Undefined index...', 'C:\\xampp\\htdocs...', 49, Array)
#1 C:\xampp\htdocs\pengarsipan_terbaru_banget\pengarsipan\vendor\codeigniter4\framework\system\CodeIgniter.php(802): App\Controllers\Auth->valid_username()
#2 C:\xampp\htdocs\pengarsipan_terbaru_banget\pengarsipan\vendor\codeigniter4\framework\system\CodeIgniter.php(399): CodeIgniter\CodeIgniter->runController(Object(App\Controllers\Auth))
#3 C:\xampp\htdocs\pengarsipan_terbaru_banget\pengarsipan\vendor\codeigniter4\framework\system\CodeIgniter.php(317): CodeIgniter\CodeIgniter->handleRequest(NULL, Object(Config\Cache), false)
#4 C:\xampp\htdocs\pengarsipan_terbaru_banget\pengarsipan\public\index.php(37): CodeIgniter\CodeIgniter->run()
#5 C:\xampp\htdocs\pengarsipan_terbaru_banget\pengarsipan\vendor\codeigniter4\framework\system\Commands\Server\rewrite.php(43): require_once('C:\\xampp\\htdocs...')
#6 {main}
CRITICAL - 2021-11-24 00:48:43 --> Undefined index: username
#0 C:\xampp\htdocs\pengarsipan_terbaru_banget\pengarsipan\app\Controllers\Auth.php(49): CodeIgniter\Debug\Exceptions->errorHandler(8, 'Undefined index...', 'C:\\xampp\\htdocs...', 49, Array)
#1 C:\xampp\htdocs\pengarsipan_terbaru_banget\pengarsipan\vendor\codeigniter4\framework\system\CodeIgniter.php(802): App\Controllers\Auth->valid_username()
#2 C:\xampp\htdocs\pengarsipan_terbaru_banget\pengarsipan\vendor\codeigniter4\framework\system\CodeIgniter.php(399): CodeIgniter\CodeIgniter->runController(Object(App\Controllers\Auth))
#3 C:\xampp\htdocs\pengarsipan_terbaru_banget\pengarsipan\vendor\codeigniter4\framework\system\CodeIgniter.php(317): CodeIgniter\CodeIgniter->handleRequest(NULL, Object(Config\Cache), false)
#4 C:\xampp\htdocs\pengarsipan_terbaru_banget\pengarsipan\public\index.php(37): CodeIgniter\CodeIgniter->run()
#5 C:\xampp\htdocs\pengarsipan_terbaru_banget\pengarsipan\vendor\codeigniter4\framework\system\Commands\Server\rewrite.php(43): require_once('C:\\xampp\\htdocs...')
#6 {main}
CRITICAL - 2021-11-24 00:49:15 --> Undefined index: username
#0 C:\xampp\htdocs\pengarsipan_terbaru_banget\pengarsipan\app\Controllers\Auth.php(49): CodeIgniter\Debug\Exceptions->errorHandler(8, 'Undefined index...', 'C:\\xampp\\htdocs...', 49, Array)
#1 C:\xampp\htdocs\pengarsipan_terbaru_banget\pengarsipan\vendor\codeigniter4\framework\system\CodeIgniter.php(802): App\Controllers\Auth->valid_username()
#2 C:\xampp\htdocs\pengarsipan_terbaru_banget\pengarsipan\vendor\codeigniter4\framework\system\CodeIgniter.php(399): CodeIgniter\CodeIgniter->runController(Object(App\Controllers\Auth))
#3 C:\xampp\htdocs\pengarsipan_terbaru_banget\pengarsipan\vendor\codeigniter4\framework\system\CodeIgniter.php(317): CodeIgniter\CodeIgniter->handleRequest(NULL, Object(Config\Cache), false)
#4 C:\xampp\htdocs\pengarsipan_terbaru_banget\pengarsipan\public\index.php(37): CodeIgniter\CodeIgniter->run()
#5 C:\xampp\htdocs\pengarsipan_terbaru_banget\pengarsipan\vendor\codeigniter4\framework\system\Commands\Server\rewrite.php(43): require_once('C:\\xampp\\htdocs...')
#6 {main}
CRITICAL - 2021-11-24 00:57:11 --> Undefined variable: id
#0 C:\xampp\htdocs\pengarsipan_terbaru_banget\pengarsipan\app\Controllers\ResetPassword.php(48): CodeIgniter\Debug\Exceptions->errorHandler(8, 'Undefined varia...', 'C:\\xampp\\htdocs...', 48, Array)
#1 C:\xampp\htdocs\pengarsipan_terbaru_banget\pengarsipan\vendor\codeigniter4\framework\system\CodeIgniter.php(802): App\Controllers\ResetPassword->proses_edit('15')
#2 C:\xampp\htdocs\pengarsipan_terbaru_banget\pengarsipan\vendor\codeigniter4\framework\system\CodeIgniter.php(399): CodeIgniter\CodeIgniter->runController(Object(App\Controllers\ResetPassword))
#3 C:\xampp\htdocs\pengarsipan_terbaru_banget\pengarsipan\vendor\codeigniter4\framework\system\CodeIgniter.php(317): CodeIgniter\CodeIgniter->handleRequest(NULL, Object(Config\Cache), false)
#4 C:\xampp\htdocs\pengarsipan_terbaru_banget\pengarsipan\public\index.php(37): CodeIgniter\CodeIgniter->run()
#5 C:\xampp\htdocs\pengarsipan_terbaru_banget\pengarsipan\vendor\codeigniter4\framework\system\Commands\Server\rewrite.php(43): require_once('C:\\xampp\\htdocs...')
#6 {main}
CRITICAL - 2021-11-24 22:19:13 --> Undefined property: App\Controllers\Auth::$UserModel
#0 C:\xampp\htdocs\pengarsipan_terbaru_banget\pengarsipan\app\Controllers\Auth.php(47): CodeIgniter\Debug\Exceptions->errorHandler(8, 'Undefined prope...', 'C:\\xampp\\htdocs...', 47, Array)
#1 C:\xampp\htdocs\pengarsipan_terbaru_banget\pengarsipan\vendor\codeigniter4\framework\system\CodeIgniter.php(802): App\Controllers\Auth->valid_username()
#2 C:\xampp\htdocs\pengarsipan_terbaru_banget\pengarsipan\vendor\codeigniter4\framework\system\CodeIgniter.php(399): CodeIgniter\CodeIgniter->runController(Object(App\Controllers\Auth))
#3 C:\xampp\htdocs\pengarsipan_terbaru_banget\pengarsipan\vendor\codeigniter4\framework\system\CodeIgniter.php(317): CodeIgniter\CodeIgniter->handleRequest(NULL, Object(Config\Cache), false)
#4 C:\xampp\htdocs\pengarsipan_terbaru_banget\pengarsipan\public\index.php(37): CodeIgniter\CodeIgniter->run()
#5 C:\xampp\htdocs\pengarsipan_terbaru_banget\pengarsipan\vendor\codeigniter4\framework\system\Commands\Server\rewrite.php(43): require_once('C:\\xampp\\htdocs...')
#6 {main}
