CRITICAL - 2021-11-18 08:05:36 --> Class "App\Controllers\DataKeluar" not found
#0 C:\xampp\htdocs\pengarsipan_terbaru_banget\pengarsipan\vendor\codeigniter4\framework\system\CodeIgniter.php(802): App\Controllers\SuratKeluar->datasuratkeluar()
#1 C:\xampp\htdocs\pengarsipan_terbaru_banget\pengarsipan\vendor\codeigniter4\framework\system\CodeIgniter.php(399): CodeIgniter\CodeIgniter->runController(Object(App\Controllers\SuratKeluar))
#2 C:\xampp\htdocs\pengarsipan_terbaru_banget\pengarsipan\vendor\codeigniter4\framework\system\CodeIgniter.php(317): CodeIgniter\CodeIgniter->handleRequest(NULL, Object(Config\Cache), false)
#3 C:\xampp\htdocs\pengarsipan_terbaru_banget\pengarsipan\public\index.php(37): CodeIgniter\CodeIgniter->run()
#4 C:\xampp\htdocs\pengarsipan_terbaru_banget\pengarsipan\vendor\codeigniter4\framework\system\Commands\Server\rewrite.php(43): require_once('C:\\xampp\\htdocs...')
#5 {main}
CRITICAL - 2021-11-18 08:06:51 --> Undefined array key "tujuan"
#0 C:\xampp\htdocs\pengarsipan_terbaru_banget\pengarsipan\app\Views\SuratKeluar\surat_keluar.php(61): CodeIgniter\Debug\Exceptions->errorHandler(2, 'Undefined array...', 'C:\\xampp\\htdocs...', 61)
#1 C:\xampp\htdocs\pengarsipan_terbaru_banget\pengarsipan\vendor\codeigniter4\framework\system\View\View.php(214): include('C:\\xampp\\htdocs...')
#2 C:\xampp\htdocs\pengarsipan_terbaru_banget\pengarsipan\vendor\codeigniter4\framework\system\View\View.php(217): CodeIgniter\View\View->CodeIgniter\View\{closure}()
#3 C:\xampp\htdocs\pengarsipan_terbaru_banget\pengarsipan\vendor\codeigniter4\framework\system\Common.php(1092): CodeIgniter\View\View->render('SuratKeluar/sur...', Array, true)
#4 C:\xampp\htdocs\pengarsipan_terbaru_banget\pengarsipan\app\Controllers\SuratKeluar.php(133): view('SuratKeluar/sur...', Array)
#5 C:\xampp\htdocs\pengarsipan_terbaru_banget\pengarsipan\vendor\codeigniter4\framework\system\CodeIgniter.php(802): App\Controllers\SuratKeluar->datasuratkeluar()
#6 C:\xampp\htdocs\pengarsipan_terbaru_banget\pengarsipan\vendor\codeigniter4\framework\system\CodeIgniter.php(399): CodeIgniter\CodeIgniter->runController(Object(App\Controllers\SuratKeluar))
#7 C:\xampp\htdocs\pengarsipan_terbaru_banget\pengarsipan\vendor\codeigniter4\framework\system\CodeIgniter.php(317): CodeIgniter\CodeIgniter->handleRequest(NULL, Object(Config\Cache), false)
#8 C:\xampp\htdocs\pengarsipan_terbaru_banget\pengarsipan\public\index.php(37): CodeIgniter\CodeIgniter->run()
#9 C:\xampp\htdocs\pengarsipan_terbaru_banget\pengarsipan\vendor\codeigniter4\framework\system\Commands\Server\rewrite.php(43): require_once('C:\\xampp\\htdocs...')
#10 {main}
CRITICAL - 2021-11-18 08:07:52 --> Undefined array key "file"
#0 C:\xampp\htdocs\pengarsipan_terbaru_banget\pengarsipan\app\Views\SuratKeluar\surat_keluar.php(66): CodeIgniter\Debug\Exceptions->errorHandler(2, 'Undefined array...', 'C:\\xampp\\htdocs...', 66)
#1 C:\xampp\htdocs\pengarsipan_terbaru_banget\pengarsipan\vendor\codeigniter4\framework\system\View\View.php(214): include('C:\\xampp\\htdocs...')
#2 C:\xampp\htdocs\pengarsipan_terbaru_banget\pengarsipan\vendor\codeigniter4\framework\system\View\View.php(217): CodeIgniter\View\View->CodeIgniter\View\{closure}()
#3 C:\xampp\htdocs\pengarsipan_terbaru_banget\pengarsipan\vendor\codeigniter4\framework\system\Common.php(1092): CodeIgniter\View\View->render('SuratKeluar/sur...', Array, true)
#4 C:\xampp\htdocs\pengarsipan_terbaru_banget\pengarsipan\app\Controllers\SuratKeluar.php(133): view('SuratKeluar/sur...', Array)
#5 C:\xampp\htdocs\pengarsipan_terbaru_banget\pengarsipan\vendor\codeigniter4\framework\system\CodeIgniter.php(802): App\Controllers\SuratKeluar->datasuratkeluar()
#6 C:\xampp\htdocs\pengarsipan_terbaru_banget\pengarsipan\vendor\codeigniter4\framework\system\CodeIgniter.php(399): CodeIgniter\CodeIgniter->runController(Object(App\Controllers\SuratKeluar))
#7 C:\xampp\htdocs\pengarsipan_terbaru_banget\pengarsipan\vendor\codeigniter4\framework\system\CodeIgniter.php(317): CodeIgniter\CodeIgniter->handleRequest(NULL, Object(Config\Cache), false)
#8 C:\xampp\htdocs\pengarsipan_terbaru_banget\pengarsipan\public\index.php(37): CodeIgniter\CodeIgniter->run()
#9 C:\xampp\htdocs\pengarsipan_terbaru_banget\pengarsipan\vendor\codeigniter4\framework\system\Commands\Server\rewrite.php(43): require_once('C:\\xampp\\htdocs...')
#10 {main}
CRITICAL - 2021-11-18 08:09:24 --> custom_pagination is not a valid Pager template.
#0 C:\xampp\htdocs\pengarsipan_terbaru_banget\pengarsipan\vendor\codeigniter4\framework\system\Pager\Pager.php(120): CodeIgniter\Pager\Exceptions\PagerException::forInvalidTemplate('custom_paginati...')
#1 C:\xampp\htdocs\pengarsipan_terbaru_banget\pengarsipan\vendor\codeigniter4\framework\system\Pager\Pager.php(83): CodeIgniter\Pager\Pager->displayLinks('suratkeluar_pag...', 'custom_paginati...')
#2 C:\xampp\htdocs\pengarsipan_terbaru_banget\pengarsipan\app\Views\SuratKeluar\surat_keluar.php(80): CodeIgniter\Pager\Pager->links('suratkeluar_pag...', 'custom_paginati...')
#3 C:\xampp\htdocs\pengarsipan_terbaru_banget\pengarsipan\vendor\codeigniter4\framework\system\View\View.php(214): include('C:\\xampp\\htdocs...')
#4 C:\xampp\htdocs\pengarsipan_terbaru_banget\pengarsipan\vendor\codeigniter4\framework\system\View\View.php(217): CodeIgniter\View\View->CodeIgniter\View\{closure}()
#5 C:\xampp\htdocs\pengarsipan_terbaru_banget\pengarsipan\vendor\codeigniter4\framework\system\Common.php(1092): CodeIgniter\View\View->render('SuratKeluar/sur...', Array, true)
#6 C:\xampp\htdocs\pengarsipan_terbaru_banget\pengarsipan\app\Controllers\SuratKeluar.php(133): view('SuratKeluar/sur...', Array)
#7 C:\xampp\htdocs\pengarsipan_terbaru_banget\pengarsipan\vendor\codeigniter4\framework\system\CodeIgniter.php(802): App\Controllers\SuratKeluar->datasuratkeluar()
#8 C:\xampp\htdocs\pengarsipan_terbaru_banget\pengarsipan\vendor\codeigniter4\framework\system\CodeIgniter.php(399): CodeIgniter\CodeIgniter->runController(Object(App\Controllers\SuratKeluar))
#9 C:\xampp\htdocs\pengarsipan_terbaru_banget\pengarsipan\vendor\codeigniter4\framework\system\CodeIgniter.php(317): CodeIgniter\CodeIgniter->handleRequest(NULL, Object(Config\Cache), false)
#10 C:\xampp\htdocs\pengarsipan_terbaru_banget\pengarsipan\public\index.php(37): CodeIgniter\CodeIgniter->run()
#11 C:\xampp\htdocs\pengarsipan_terbaru_banget\pengarsipan\vendor\codeigniter4\framework\system\Commands\Server\rewrite.php(43): require_once('C:\\xampp\\htdocs...')
#12 {main}
CRITICAL - 2021-11-18 18:02:33 --> The original file is not a valid file.
#0 C:\xampp\htdocs\pengarsipan_terbaru_banget\pengarsipan\vendor\codeigniter4\framework\system\HTTP\Files\UploadedFile.php(137): CodeIgniter\HTTP\Exceptions\HTTPException::forInvalidFile()
#1 C:\xampp\htdocs\pengarsipan_terbaru_banget\pengarsipan\app\Controllers\SuratKeluar.php(98): CodeIgniter\HTTP\Files\UploadedFile->move('file_upload/', '')
#2 C:\xampp\htdocs\pengarsipan_terbaru_banget\pengarsipan\vendor\codeigniter4\framework\system\CodeIgniter.php(802): App\Controllers\SuratKeluar->proses_edit('12354')
#3 C:\xampp\htdocs\pengarsipan_terbaru_banget\pengarsipan\vendor\codeigniter4\framework\system\CodeIgniter.php(399): CodeIgniter\CodeIgniter->runController(Object(App\Controllers\SuratKeluar))
#4 C:\xampp\htdocs\pengarsipan_terbaru_banget\pengarsipan\vendor\codeigniter4\framework\system\CodeIgniter.php(317): CodeIgniter\CodeIgniter->handleRequest(NULL, Object(Config\Cache), false)
#5 C:\xampp\htdocs\pengarsipan_terbaru_banget\pengarsipan\public\index.php(37): CodeIgniter\CodeIgniter->run()
#6 C:\xampp\htdocs\pengarsipan_terbaru_banget\pengarsipan\vendor\codeigniter4\framework\system\Commands\Server\rewrite.php(43): require_once('C:\\xampp\\htdocs...')
#7 {main}
CRITICAL - 2021-11-18 18:05:44 --> The original file is not a valid file.
#0 C:\xampp\htdocs\pengarsipan_terbaru_banget\pengarsipan\vendor\codeigniter4\framework\system\HTTP\Files\UploadedFile.php(137): CodeIgniter\HTTP\Exceptions\HTTPException::forInvalidFile()
#1 C:\xampp\htdocs\pengarsipan_terbaru_banget\pengarsipan\app\Controllers\SuratKeluar.php(98): CodeIgniter\HTTP\Files\UploadedFile->move('file_upload/', '')
#2 C:\xampp\htdocs\pengarsipan_terbaru_banget\pengarsipan\vendor\codeigniter4\framework\system\CodeIgniter.php(802): App\Controllers\SuratKeluar->proses_edit('12349')
#3 C:\xampp\htdocs\pengarsipan_terbaru_banget\pengarsipan\vendor\codeigniter4\framework\system\CodeIgniter.php(399): CodeIgniter\CodeIgniter->runController(Object(App\Controllers\SuratKeluar))
#4 C:\xampp\htdocs\pengarsipan_terbaru_banget\pengarsipan\vendor\codeigniter4\framework\system\CodeIgniter.php(317): CodeIgniter\CodeIgniter->handleRequest(NULL, Object(Config\Cache), false)
#5 C:\xampp\htdocs\pengarsipan_terbaru_banget\pengarsipan\public\index.php(37): CodeIgniter\CodeIgniter->run()
#6 C:\xampp\htdocs\pengarsipan_terbaru_banget\pengarsipan\vendor\codeigniter4\framework\system\Commands\Server\rewrite.php(43): require_once('C:\\xampp\\htdocs...')
#7 {main}
CRITICAL - 2021-11-18 18:07:33 --> Class "App\Controllers\SuratKeluarModel" not found
#0 C:\xampp\htdocs\pengarsipan_terbaru_banget\pengarsipan\vendor\codeigniter4\framework\system\CodeIgniter.php(802): App\Controllers\SuratKeluar->proses_edit('12349')
#1 C:\xampp\htdocs\pengarsipan_terbaru_banget\pengarsipan\vendor\codeigniter4\framework\system\CodeIgniter.php(399): CodeIgniter\CodeIgniter->runController(Object(App\Controllers\SuratKeluar))
#2 C:\xampp\htdocs\pengarsipan_terbaru_banget\pengarsipan\vendor\codeigniter4\framework\system\CodeIgniter.php(317): CodeIgniter\CodeIgniter->handleRequest(NULL, Object(Config\Cache), false)
#3 C:\xampp\htdocs\pengarsipan_terbaru_banget\pengarsipan\public\index.php(37): CodeIgniter\CodeIgniter->run()
#4 C:\xampp\htdocs\pengarsipan_terbaru_banget\pengarsipan\vendor\codeigniter4\framework\system\Commands\Server\rewrite.php(43): require_once('C:\\xampp\\htdocs...')
#5 {main}
ERROR - 2021-11-18 18:08:35 --> Unknown column 'q_pencarian_data_surat_keluar.id' in 'where clause'
CRITICAL - 2021-11-18 18:08:35 --> Unknown column 'q_pencarian_data_surat_keluar.id' in 'where clause'
#0 C:\xampp\htdocs\pengarsipan_terbaru_banget\pengarsipan\vendor\codeigniter4\framework\system\Database\MySQLi\Connection.php(280): mysqli->query('UPDATE `q_penca...')
#1 C:\xampp\htdocs\pengarsipan_terbaru_banget\pengarsipan\vendor\codeigniter4\framework\system\Database\BaseConnection.php(663): CodeIgniter\Database\MySQLi\Connection->execute('UPDATE `q_penca...')
#2 C:\xampp\htdocs\pengarsipan_terbaru_banget\pengarsipan\vendor\codeigniter4\framework\system\Database\BaseConnection.php(591): CodeIgniter\Database\BaseConnection->simpleQuery('UPDATE `q_penca...')
#3 C:\xampp\htdocs\pengarsipan_terbaru_banget\pengarsipan\vendor\codeigniter4\framework\system\Database\BaseBuilder.php(1875): CodeIgniter\Database\BaseConnection->query('UPDATE `q_penca...', Array, false)
#4 C:\xampp\htdocs\pengarsipan_terbaru_banget\pengarsipan\vendor\codeigniter4\framework\system\Model.php(298): CodeIgniter\Database\BaseBuilder->update()
#5 C:\xampp\htdocs\pengarsipan_terbaru_banget\pengarsipan\vendor\codeigniter4\framework\system\BaseModel.php(865): CodeIgniter\Model->doUpdate(Array, Array)
#6 C:\xampp\htdocs\pengarsipan_terbaru_banget\pengarsipan\vendor\codeigniter4\framework\system\Model.php(646): CodeIgniter\BaseModel->update(Array, Array)
#7 C:\xampp\htdocs\pengarsipan_terbaru_banget\pengarsipan\app\Controllers\SuratKeluar.php(95): CodeIgniter\Model->update('12349', Array)
#8 C:\xampp\htdocs\pengarsipan_terbaru_banget\pengarsipan\vendor\codeigniter4\framework\system\CodeIgniter.php(802): App\Controllers\SuratKeluar->proses_edit('12349')
#9 C:\xampp\htdocs\pengarsipan_terbaru_banget\pengarsipan\vendor\codeigniter4\framework\system\CodeIgniter.php(399): CodeIgniter\CodeIgniter->runController(Object(App\Controllers\SuratKeluar))
#10 C:\xampp\htdocs\pengarsipan_terbaru_banget\pengarsipan\vendor\codeigniter4\framework\system\CodeIgniter.php(317): CodeIgniter\CodeIgniter->handleRequest(NULL, Object(Config\Cache), false)
#11 C:\xampp\htdocs\pengarsipan_terbaru_banget\pengarsipan\public\index.php(37): CodeIgniter\CodeIgniter->run()
#12 C:\xampp\htdocs\pengarsipan_terbaru_banget\pengarsipan\vendor\codeigniter4\framework\system\Commands\Server\rewrite.php(43): require_once('C:\\xampp\\htdocs...')
#13 {main}
CRITICAL - 2021-11-18 18:09:33 --> The original file is not a valid file.
#0 C:\xampp\htdocs\pengarsipan_terbaru_banget\pengarsipan\vendor\codeigniter4\framework\system\HTTP\Files\UploadedFile.php(137): CodeIgniter\HTTP\Exceptions\HTTPException::forInvalidFile()
#1 C:\xampp\htdocs\pengarsipan_terbaru_banget\pengarsipan\app\Controllers\SuratKeluar.php(98): CodeIgniter\HTTP\Files\UploadedFile->move('file_upload/', '')
#2 C:\xampp\htdocs\pengarsipan_terbaru_banget\pengarsipan\vendor\codeigniter4\framework\system\CodeIgniter.php(802): App\Controllers\SuratKeluar->proses_edit('12349')
#3 C:\xampp\htdocs\pengarsipan_terbaru_banget\pengarsipan\vendor\codeigniter4\framework\system\CodeIgniter.php(399): CodeIgniter\CodeIgniter->runController(Object(App\Controllers\SuratKeluar))
#4 C:\xampp\htdocs\pengarsipan_terbaru_banget\pengarsipan\vendor\codeigniter4\framework\system\CodeIgniter.php(317): CodeIgniter\CodeIgniter->handleRequest(NULL, Object(Config\Cache), false)
#5 C:\xampp\htdocs\pengarsipan_terbaru_banget\pengarsipan\public\index.php(37): CodeIgniter\CodeIgniter->run()
#6 C:\xampp\htdocs\pengarsipan_terbaru_banget\pengarsipan\vendor\codeigniter4\framework\system\Commands\Server\rewrite.php(43): require_once('C:\\xampp\\htdocs...')
#7 {main}
CRITICAL - 2021-11-18 19:21:24 --> Undefined variable $namaFile
#0 C:\xampp\htdocs\pengarsipan_terbaru_banget\pengarsipan\app\Controllers\SuratKeluar.php(106): CodeIgniter\Debug\Exceptions->errorHandler(2, 'Undefined varia...', 'C:\\xampp\\htdocs...', 106)
#1 C:\xampp\htdocs\pengarsipan_terbaru_banget\pengarsipan\vendor\codeigniter4\framework\system\CodeIgniter.php(802): App\Controllers\SuratKeluar->proses_edit('12349')
#2 C:\xampp\htdocs\pengarsipan_terbaru_banget\pengarsipan\vendor\codeigniter4\framework\system\CodeIgniter.php(399): CodeIgniter\CodeIgniter->runController(Object(App\Controllers\SuratKeluar))
#3 C:\xampp\htdocs\pengarsipan_terbaru_banget\pengarsipan\vendor\codeigniter4\framework\system\CodeIgniter.php(317): CodeIgniter\CodeIgniter->handleRequest(NULL, Object(Config\Cache), false)
#4 C:\xampp\htdocs\pengarsipan_terbaru_banget\pengarsipan\public\index.php(37): CodeIgniter\CodeIgniter->run()
#5 C:\xampp\htdocs\pengarsipan_terbaru_banget\pengarsipan\vendor\codeigniter4\framework\system\Commands\Server\rewrite.php(43): require_once('C:\\xampp\\htdocs...')
#6 {main}
CRITICAL - 2021-11-18 19:22:05 --> The original file is not a valid file.
#0 C:\xampp\htdocs\pengarsipan_terbaru_banget\pengarsipan\vendor\codeigniter4\framework\system\HTTP\Files\UploadedFile.php(137): CodeIgniter\HTTP\Exceptions\HTTPException::forInvalidFile()
#1 C:\xampp\htdocs\pengarsipan_terbaru_banget\pengarsipan\app\Controllers\SuratKeluar.php(92): CodeIgniter\HTTP\Files\UploadedFile->move('file_upload/', '')
#2 C:\xampp\htdocs\pengarsipan_terbaru_banget\pengarsipan\vendor\codeigniter4\framework\system\CodeIgniter.php(802): App\Controllers\SuratKeluar->proses_edit('12349')
#3 C:\xampp\htdocs\pengarsipan_terbaru_banget\pengarsipan\vendor\codeigniter4\framework\system\CodeIgniter.php(399): CodeIgniter\CodeIgniter->runController(Object(App\Controllers\SuratKeluar))
#4 C:\xampp\htdocs\pengarsipan_terbaru_banget\pengarsipan\vendor\codeigniter4\framework\system\CodeIgniter.php(317): CodeIgniter\CodeIgniter->handleRequest(NULL, Object(Config\Cache), false)
#5 C:\xampp\htdocs\pengarsipan_terbaru_banget\pengarsipan\public\index.php(37): CodeIgniter\CodeIgniter->run()
#6 C:\xampp\htdocs\pengarsipan_terbaru_banget\pengarsipan\vendor\codeigniter4\framework\system\Commands\Server\rewrite.php(43): require_once('C:\\xampp\\htdocs...')
#7 {main}
CRITICAL - 2021-11-18 19:22:45 --> The original file is not a valid file.
#0 C:\xampp\htdocs\pengarsipan_terbaru_banget\pengarsipan\vendor\codeigniter4\framework\system\HTTP\Files\UploadedFile.php(137): CodeIgniter\HTTP\Exceptions\HTTPException::forInvalidFile()
#1 C:\xampp\htdocs\pengarsipan_terbaru_banget\pengarsipan\app\Controllers\SuratKeluar.php(92): CodeIgniter\HTTP\Files\UploadedFile->move('file_upload/', '')
#2 C:\xampp\htdocs\pengarsipan_terbaru_banget\pengarsipan\vendor\codeigniter4\framework\system\CodeIgniter.php(802): App\Controllers\SuratKeluar->proses_edit('12349')
#3 C:\xampp\htdocs\pengarsipan_terbaru_banget\pengarsipan\vendor\codeigniter4\framework\system\CodeIgniter.php(399): CodeIgniter\CodeIgniter->runController(Object(App\Controllers\SuratKeluar))
#4 C:\xampp\htdocs\pengarsipan_terbaru_banget\pengarsipan\vendor\codeigniter4\framework\system\CodeIgniter.php(317): CodeIgniter\CodeIgniter->handleRequest(NULL, Object(Config\Cache), false)
#5 C:\xampp\htdocs\pengarsipan_terbaru_banget\pengarsipan\public\index.php(37): CodeIgniter\CodeIgniter->run()
#6 C:\xampp\htdocs\pengarsipan_terbaru_banget\pengarsipan\vendor\codeigniter4\framework\system\Commands\Server\rewrite.php(43): require_once('C:\\xampp\\htdocs...')
#7 {main}
CRITICAL - 2021-11-18 19:25:03 --> The original file is not a valid file.
#0 C:\xampp\htdocs\pengarsipan_terbaru_banget\pengarsipan\vendor\codeigniter4\framework\system\HTTP\Files\UploadedFile.php(137): CodeIgniter\HTTP\Exceptions\HTTPException::forInvalidFile()
#1 C:\xampp\htdocs\pengarsipan_terbaru_banget\pengarsipan\app\Controllers\SuratKeluar.php(92): CodeIgniter\HTTP\Files\UploadedFile->move('file_upload/', '')
#2 C:\xampp\htdocs\pengarsipan_terbaru_banget\pengarsipan\vendor\codeigniter4\framework\system\CodeIgniter.php(802): App\Controllers\SuratKeluar->proses_edit('12350')
#3 C:\xampp\htdocs\pengarsipan_terbaru_banget\pengarsipan\vendor\codeigniter4\framework\system\CodeIgniter.php(399): CodeIgniter\CodeIgniter->runController(Object(App\Controllers\SuratKeluar))
#4 C:\xampp\htdocs\pengarsipan_terbaru_banget\pengarsipan\vendor\codeigniter4\framework\system\CodeIgniter.php(317): CodeIgniter\CodeIgniter->handleRequest(NULL, Object(Config\Cache), false)
#5 C:\xampp\htdocs\pengarsipan_terbaru_banget\pengarsipan\public\index.php(37): CodeIgniter\CodeIgniter->run()
#6 C:\xampp\htdocs\pengarsipan_terbaru_banget\pengarsipan\vendor\codeigniter4\framework\system\Commands\Server\rewrite.php(43): require_once('C:\\xampp\\htdocs...')
#7 {main}
CRITICAL - 2021-11-18 19:26:53 --> The original file is not a valid file.
#0 C:\xampp\htdocs\pengarsipan_terbaru_banget\pengarsipan\vendor\codeigniter4\framework\system\HTTP\Files\UploadedFile.php(137): CodeIgniter\HTTP\Exceptions\HTTPException::forInvalidFile()
#1 C:\xampp\htdocs\pengarsipan_terbaru_banget\pengarsipan\app\Controllers\SuratKeluar.php(92): CodeIgniter\HTTP\Files\UploadedFile->move('file_upload/', '')
#2 C:\xampp\htdocs\pengarsipan_terbaru_banget\pengarsipan\vendor\codeigniter4\framework\system\CodeIgniter.php(802): App\Controllers\SuratKeluar->proses_edit('12350')
#3 C:\xampp\htdocs\pengarsipan_terbaru_banget\pengarsipan\vendor\codeigniter4\framework\system\CodeIgniter.php(399): CodeIgniter\CodeIgniter->runController(Object(App\Controllers\SuratKeluar))
#4 C:\xampp\htdocs\pengarsipan_terbaru_banget\pengarsipan\vendor\codeigniter4\framework\system\CodeIgniter.php(317): CodeIgniter\CodeIgniter->handleRequest(NULL, Object(Config\Cache), false)
#5 C:\xampp\htdocs\pengarsipan_terbaru_banget\pengarsipan\public\index.php(37): CodeIgniter\CodeIgniter->run()
#6 C:\xampp\htdocs\pengarsipan_terbaru_banget\pengarsipan\vendor\codeigniter4\framework\system\Commands\Server\rewrite.php(43): require_once('C:\\xampp\\htdocs...')
#7 {main}
CRITICAL - 2021-11-18 19:29:06 --> Call to undefined method CodeIgniter\HTTP\IncomingRequest::getName()
#0 C:\xampp\htdocs\pengarsipan_terbaru_banget\pengarsipan\vendor\codeigniter4\framework\system\CodeIgniter.php(802): App\Controllers\SuratKeluar->proses_edit('12350')
#1 C:\xampp\htdocs\pengarsipan_terbaru_banget\pengarsipan\vendor\codeigniter4\framework\system\CodeIgniter.php(399): CodeIgniter\CodeIgniter->runController(Object(App\Controllers\SuratKeluar))
#2 C:\xampp\htdocs\pengarsipan_terbaru_banget\pengarsipan\vendor\codeigniter4\framework\system\CodeIgniter.php(317): CodeIgniter\CodeIgniter->handleRequest(NULL, Object(Config\Cache), false)
#3 C:\xampp\htdocs\pengarsipan_terbaru_banget\pengarsipan\public\index.php(37): CodeIgniter\CodeIgniter->run()
#4 C:\xampp\htdocs\pengarsipan_terbaru_banget\pengarsipan\vendor\codeigniter4\framework\system\Commands\Server\rewrite.php(43): require_once('C:\\xampp\\htdocs...')
#5 {main}
CRITICAL - 2021-11-18 19:29:37 --> The original file is not a valid file.
#0 C:\xampp\htdocs\pengarsipan_terbaru_banget\pengarsipan\vendor\codeigniter4\framework\system\HTTP\Files\UploadedFile.php(137): CodeIgniter\HTTP\Exceptions\HTTPException::forInvalidFile()
#1 C:\xampp\htdocs\pengarsipan_terbaru_banget\pengarsipan\app\Controllers\SuratKeluar.php(107): CodeIgniter\HTTP\Files\UploadedFile->move('file_upload/', '')
#2 C:\xampp\htdocs\pengarsipan_terbaru_banget\pengarsipan\vendor\codeigniter4\framework\system\CodeIgniter.php(802): App\Controllers\SuratKeluar->proses_edit('12350')
#3 C:\xampp\htdocs\pengarsipan_terbaru_banget\pengarsipan\vendor\codeigniter4\framework\system\CodeIgniter.php(399): CodeIgniter\CodeIgniter->runController(Object(App\Controllers\SuratKeluar))
#4 C:\xampp\htdocs\pengarsipan_terbaru_banget\pengarsipan\vendor\codeigniter4\framework\system\CodeIgniter.php(317): CodeIgniter\CodeIgniter->handleRequest(NULL, Object(Config\Cache), false)
#5 C:\xampp\htdocs\pengarsipan_terbaru_banget\pengarsipan\public\index.php(37): CodeIgniter\CodeIgniter->run()
#6 C:\xampp\htdocs\pengarsipan_terbaru_banget\pengarsipan\vendor\codeigniter4\framework\system\Commands\Server\rewrite.php(43): require_once('C:\\xampp\\htdocs...')
#7 {main}
CRITICAL - 2021-11-18 19:43:29 --> Class "App\Controllers\DataKeluar" not found
#0 C:\xampp\htdocs\pengarsipan_terbaru_banget\pengarsipan\vendor\codeigniter4\framework\system\CodeIgniter.php(802): App\Controllers\SuratMasuk->datasurat()
#1 C:\xampp\htdocs\pengarsipan_terbaru_banget\pengarsipan\vendor\codeigniter4\framework\system\CodeIgniter.php(399): CodeIgniter\CodeIgniter->runController(Object(App\Controllers\SuratMasuk))
#2 C:\xampp\htdocs\pengarsipan_terbaru_banget\pengarsipan\vendor\codeigniter4\framework\system\CodeIgniter.php(317): CodeIgniter\CodeIgniter->handleRequest(NULL, Object(Config\Cache), false)
#3 C:\xampp\htdocs\pengarsipan_terbaru_banget\pengarsipan\public\index.php(37): CodeIgniter\CodeIgniter->run()
#4 C:\xampp\htdocs\pengarsipan_terbaru_banget\pengarsipan\vendor\codeigniter4\framework\system\Commands\Server\rewrite.php(43): require_once('C:\\xampp\\htdocs...')
#5 {main}
CRITICAL - 2021-11-18 19:43:59 --> Undefined variable $jointbl
#0 C:\xampp\htdocs\pengarsipan_terbaru_banget\pengarsipan\app\Views\SuratMasuk\surat_masuk.php(53): CodeIgniter\Debug\Exceptions->errorHandler(2, 'Undefined varia...', 'C:\\xampp\\htdocs...', 53)
#1 C:\xampp\htdocs\pengarsipan_terbaru_banget\pengarsipan\vendor\codeigniter4\framework\system\View\View.php(214): include('C:\\xampp\\htdocs...')
#2 C:\xampp\htdocs\pengarsipan_terbaru_banget\pengarsipan\vendor\codeigniter4\framework\system\View\View.php(217): CodeIgniter\View\View->CodeIgniter\View\{closure}()
#3 C:\xampp\htdocs\pengarsipan_terbaru_banget\pengarsipan\vendor\codeigniter4\framework\system\Common.php(1092): CodeIgniter\View\View->render('SuratMasuk/sura...', Array, true)
#4 C:\xampp\htdocs\pengarsipan_terbaru_banget\pengarsipan\app\Controllers\SuratMasuk.php(126): view('SuratMasuk/sura...', Array)
#5 C:\xampp\htdocs\pengarsipan_terbaru_banget\pengarsipan\vendor\codeigniter4\framework\system\CodeIgniter.php(802): App\Controllers\SuratMasuk->datasurat()
#6 C:\xampp\htdocs\pengarsipan_terbaru_banget\pengarsipan\vendor\codeigniter4\framework\system\CodeIgniter.php(399): CodeIgniter\CodeIgniter->runController(Object(App\Controllers\SuratMasuk))
#7 C:\xampp\htdocs\pengarsipan_terbaru_banget\pengarsipan\vendor\codeigniter4\framework\system\CodeIgniter.php(317): CodeIgniter\CodeIgniter->handleRequest(NULL, Object(Config\Cache), false)
#8 C:\xampp\htdocs\pengarsipan_terbaru_banget\pengarsipan\public\index.php(37): CodeIgniter\CodeIgniter->run()
#9 C:\xampp\htdocs\pengarsipan_terbaru_banget\pengarsipan\vendor\codeigniter4\framework\system\Commands\Server\rewrite.php(43): require_once('C:\\xampp\\htdocs...')
#10 {main}
ERROR - 2021-11-18 20:04:17 --> Can not modify more than one base table through a join view 'db_pengarsipan.q_pencarian_data_surat_masuk'
CRITICAL - 2021-11-18 20:04:17 --> Can not modify more than one base table through a join view 'db_pengarsipan.q_pencarian_data_surat_masuk'
#0 C:\xampp\htdocs\pengarsipan_terbaru_banget\pengarsipan\vendor\codeigniter4\framework\system\Database\MySQLi\Connection.php(280): mysqli->query('INSERT INTO `q_...')
#1 C:\xampp\htdocs\pengarsipan_terbaru_banget\pengarsipan\vendor\codeigniter4\framework\system\Database\BaseConnection.php(663): CodeIgniter\Database\MySQLi\Connection->execute('INSERT INTO `q_...')
#2 C:\xampp\htdocs\pengarsipan_terbaru_banget\pengarsipan\vendor\codeigniter4\framework\system\Database\BaseConnection.php(591): CodeIgniter\Database\BaseConnection->simpleQuery('INSERT INTO `q_...')
#3 C:\xampp\htdocs\pengarsipan_terbaru_banget\pengarsipan\vendor\codeigniter4\framework\system\Database\BaseBuilder.php(1733): CodeIgniter\Database\BaseConnection->query('INSERT INTO `q_...', Array, false)
#4 C:\xampp\htdocs\pengarsipan_terbaru_banget\pengarsipan\vendor\codeigniter4\framework\system\Model.php(239): CodeIgniter\Database\BaseBuilder->insert()
#5 C:\xampp\htdocs\pengarsipan_terbaru_banget\pengarsipan\vendor\codeigniter4\framework\system\BaseModel.php(738): CodeIgniter\Model->doInsert(Array)
#6 C:\xampp\htdocs\pengarsipan_terbaru_banget\pengarsipan\vendor\codeigniter4\framework\system\Model.php(620): CodeIgniter\BaseModel->insert(Array, true)
#7 C:\xampp\htdocs\pengarsipan_terbaru_banget\pengarsipan\app\Controllers\SuratMasuk.php(89): CodeIgniter\Model->insert(Array)
#8 C:\xampp\htdocs\pengarsipan_terbaru_banget\pengarsipan\vendor\codeigniter4\framework\system\CodeIgniter.php(802): App\Controllers\SuratMasuk->simpan()
#9 C:\xampp\htdocs\pengarsipan_terbaru_banget\pengarsipan\vendor\codeigniter4\framework\system\CodeIgniter.php(399): CodeIgniter\CodeIgniter->runController(Object(App\Controllers\SuratMasuk))
#10 C:\xampp\htdocs\pengarsipan_terbaru_banget\pengarsipan\vendor\codeigniter4\framework\system\CodeIgniter.php(317): CodeIgniter\CodeIgniter->handleRequest(NULL, Object(Config\Cache), false)
#11 C:\xampp\htdocs\pengarsipan_terbaru_banget\pengarsipan\public\index.php(37): CodeIgniter\CodeIgniter->run()
#12 C:\xampp\htdocs\pengarsipan_terbaru_banget\pengarsipan\vendor\codeigniter4\framework\system\Commands\Server\rewrite.php(43): require_once('C:\\xampp\\htdocs...')
#13 {main}
ERROR - 2021-11-18 21:59:49 --> Can not modify more than one base table through a join view 'db_pengarsipan.q_pencarian_data_surat_masuk'
CRITICAL - 2021-11-18 21:59:49 --> Can not modify more than one base table through a join view 'db_pengarsipan.q_pencarian_data_surat_masuk'
#0 C:\xampp\htdocs\pengarsipan_terbaru_banget\pengarsipan\vendor\codeigniter4\framework\system\Database\MySQLi\Connection.php(280): mysqli->query('INSERT INTO `q_...')
#1 C:\xampp\htdocs\pengarsipan_terbaru_banget\pengarsipan\vendor\codeigniter4\framework\system\Database\BaseConnection.php(663): CodeIgniter\Database\MySQLi\Connection->execute('INSERT INTO `q_...')
#2 C:\xampp\htdocs\pengarsipan_terbaru_banget\pengarsipan\vendor\codeigniter4\framework\system\Database\BaseConnection.php(591): CodeIgniter\Database\BaseConnection->simpleQuery('INSERT INTO `q_...')
#3 C:\xampp\htdocs\pengarsipan_terbaru_banget\pengarsipan\vendor\codeigniter4\framework\system\Database\BaseBuilder.php(1733): CodeIgniter\Database\BaseConnection->query('INSERT INTO `q_...', Array, false)
#4 C:\xampp\htdocs\pengarsipan_terbaru_banget\pengarsipan\vendor\codeigniter4\framework\system\Model.php(239): CodeIgniter\Database\BaseBuilder->insert()
#5 C:\xampp\htdocs\pengarsipan_terbaru_banget\pengarsipan\vendor\codeigniter4\framework\system\BaseModel.php(738): CodeIgniter\Model->doInsert(Array)
#6 C:\xampp\htdocs\pengarsipan_terbaru_banget\pengarsipan\vendor\codeigniter4\framework\system\Model.php(620): CodeIgniter\BaseModel->insert(Array, true)
#7 C:\xampp\htdocs\pengarsipan_terbaru_banget\pengarsipan\app\Controllers\SuratMasuk.php(89): CodeIgniter\Model->insert(Array)
#8 C:\xampp\htdocs\pengarsipan_terbaru_banget\pengarsipan\vendor\codeigniter4\framework\system\CodeIgniter.php(802): App\Controllers\SuratMasuk->simpan()
#9 C:\xampp\htdocs\pengarsipan_terbaru_banget\pengarsipan\vendor\codeigniter4\framework\system\CodeIgniter.php(399): CodeIgniter\CodeIgniter->runController(Object(App\Controllers\SuratMasuk))
#10 C:\xampp\htdocs\pengarsipan_terbaru_banget\pengarsipan\vendor\codeigniter4\framework\system\CodeIgniter.php(317): CodeIgniter\CodeIgniter->handleRequest(NULL, Object(Config\Cache), false)
#11 C:\xampp\htdocs\pengarsipan_terbaru_banget\pengarsipan\public\index.php(37): CodeIgniter\CodeIgniter->run()
#12 C:\xampp\htdocs\pengarsipan_terbaru_banget\pengarsipan\vendor\codeigniter4\framework\system\Commands\Server\rewrite.php(43): require_once('C:\\xampp\\htdocs...')
#13 {main}
ERROR - 2021-11-18 21:59:58 --> Can not modify more than one base table through a join view 'db_pengarsipan.q_pencarian_data_surat_masuk'
CRITICAL - 2021-11-18 21:59:58 --> Can not modify more than one base table through a join view 'db_pengarsipan.q_pencarian_data_surat_masuk'
#0 C:\xampp\htdocs\pengarsipan_terbaru_banget\pengarsipan\vendor\codeigniter4\framework\system\Database\MySQLi\Connection.php(280): mysqli->query('INSERT INTO `q_...')
#1 C:\xampp\htdocs\pengarsipan_terbaru_banget\pengarsipan\vendor\codeigniter4\framework\system\Database\BaseConnection.php(663): CodeIgniter\Database\MySQLi\Connection->execute('INSERT INTO `q_...')
#2 C:\xampp\htdocs\pengarsipan_terbaru_banget\pengarsipan\vendor\codeigniter4\framework\system\Database\BaseConnection.php(591): CodeIgniter\Database\BaseConnection->simpleQuery('INSERT INTO `q_...')
#3 C:\xampp\htdocs\pengarsipan_terbaru_banget\pengarsipan\vendor\codeigniter4\framework\system\Database\BaseBuilder.php(1733): CodeIgniter\Database\BaseConnection->query('INSERT INTO `q_...', Array, false)
#4 C:\xampp\htdocs\pengarsipan_terbaru_banget\pengarsipan\vendor\codeigniter4\framework\system\Model.php(239): CodeIgniter\Database\BaseBuilder->insert()
#5 C:\xampp\htdocs\pengarsipan_terbaru_banget\pengarsipan\vendor\codeigniter4\framework\system\BaseModel.php(738): CodeIgniter\Model->doInsert(Array)
#6 C:\xampp\htdocs\pengarsipan_terbaru_banget\pengarsipan\vendor\codeigniter4\framework\system\Model.php(620): CodeIgniter\BaseModel->insert(Array, true)
#7 C:\xampp\htdocs\pengarsipan_terbaru_banget\pengarsipan\app\Controllers\SuratMasuk.php(89): CodeIgniter\Model->insert(Array)
#8 C:\xampp\htdocs\pengarsipan_terbaru_banget\pengarsipan\vendor\codeigniter4\framework\system\CodeIgniter.php(802): App\Controllers\SuratMasuk->simpan()
#9 C:\xampp\htdocs\pengarsipan_terbaru_banget\pengarsipan\vendor\codeigniter4\framework\system\CodeIgniter.php(399): CodeIgniter\CodeIgniter->runController(Object(App\Controllers\SuratMasuk))
#10 C:\xampp\htdocs\pengarsipan_terbaru_banget\pengarsipan\vendor\codeigniter4\framework\system\CodeIgniter.php(317): CodeIgniter\CodeIgniter->handleRequest(NULL, Object(Config\Cache), false)
#11 C:\xampp\htdocs\pengarsipan_terbaru_banget\pengarsipan\public\index.php(37): CodeIgniter\CodeIgniter->run()
#12 C:\xampp\htdocs\pengarsipan_terbaru_banget\pengarsipan\vendor\codeigniter4\framework\system\Commands\Server\rewrite.php(43): require_once('C:\\xampp\\htdocs...')
#13 {main}
ERROR - 2021-11-18 21:59:58 --> Can not modify more than one base table through a join view 'db_pengarsipan.q_pencarian_data_surat_masuk'
CRITICAL - 2021-11-18 21:59:58 --> Can not modify more than one base table through a join view 'db_pengarsipan.q_pencarian_data_surat_masuk'
#0 C:\xampp\htdocs\pengarsipan_terbaru_banget\pengarsipan\vendor\codeigniter4\framework\system\Database\MySQLi\Connection.php(280): mysqli->query('INSERT INTO `q_...')
#1 C:\xampp\htdocs\pengarsipan_terbaru_banget\pengarsipan\vendor\codeigniter4\framework\system\Database\BaseConnection.php(663): CodeIgniter\Database\MySQLi\Connection->execute('INSERT INTO `q_...')
#2 C:\xampp\htdocs\pengarsipan_terbaru_banget\pengarsipan\vendor\codeigniter4\framework\system\Database\BaseConnection.php(591): CodeIgniter\Database\BaseConnection->simpleQuery('INSERT INTO `q_...')
#3 C:\xampp\htdocs\pengarsipan_terbaru_banget\pengarsipan\vendor\codeigniter4\framework\system\Database\BaseBuilder.php(1733): CodeIgniter\Database\BaseConnection->query('INSERT INTO `q_...', Array, false)
#4 C:\xampp\htdocs\pengarsipan_terbaru_banget\pengarsipan\vendor\codeigniter4\framework\system\Model.php(239): CodeIgniter\Database\BaseBuilder->insert()
#5 C:\xampp\htdocs\pengarsipan_terbaru_banget\pengarsipan\vendor\codeigniter4\framework\system\BaseModel.php(738): CodeIgniter\Model->doInsert(Array)
#6 C:\xampp\htdocs\pengarsipan_terbaru_banget\pengarsipan\vendor\codeigniter4\framework\system\Model.php(620): CodeIgniter\BaseModel->insert(Array, true)
#7 C:\xampp\htdocs\pengarsipan_terbaru_banget\pengarsipan\app\Controllers\SuratMasuk.php(89): CodeIgniter\Model->insert(Array)
#8 C:\xampp\htdocs\pengarsipan_terbaru_banget\pengarsipan\vendor\codeigniter4\framework\system\CodeIgniter.php(802): App\Controllers\SuratMasuk->simpan()
#9 C:\xampp\htdocs\pengarsipan_terbaru_banget\pengarsipan\vendor\codeigniter4\framework\system\CodeIgniter.php(399): CodeIgniter\CodeIgniter->runController(Object(App\Controllers\SuratMasuk))
#10 C:\xampp\htdocs\pengarsipan_terbaru_banget\pengarsipan\vendor\codeigniter4\framework\system\CodeIgniter.php(317): CodeIgniter\CodeIgniter->handleRequest(NULL, Object(Config\Cache), false)
#11 C:\xampp\htdocs\pengarsipan_terbaru_banget\pengarsipan\public\index.php(37): CodeIgniter\CodeIgniter->run()
#12 C:\xampp\htdocs\pengarsipan_terbaru_banget\pengarsipan\vendor\codeigniter4\framework\system\Commands\Server\rewrite.php(43): require_once('C:\\xampp\\htdocs...')
#13 {main}
CRITICAL - 2021-11-18 22:11:02 --> The original file is not a valid file.
#0 C:\xampp\htdocs\pengarsipan_terbaru_banget\pengarsipan\vendor\codeigniter4\framework\system\HTTP\Files\UploadedFile.php(137): CodeIgniter\HTTP\Exceptions\HTTPException::forInvalidFile()
#1 C:\xampp\htdocs\pengarsipan_terbaru_banget\pengarsipan\app\Controllers\SuratMasuk.php(91): CodeIgniter\HTTP\Files\UploadedFile->move('file_upload/', '')
#2 C:\xampp\htdocs\pengarsipan_terbaru_banget\pengarsipan\vendor\codeigniter4\framework\system\CodeIgniter.php(802): App\Controllers\SuratMasuk->simpan()
#3 C:\xampp\htdocs\pengarsipan_terbaru_banget\pengarsipan\vendor\codeigniter4\framework\system\CodeIgniter.php(399): CodeIgniter\CodeIgniter->runController(Object(App\Controllers\SuratMasuk))
#4 C:\xampp\htdocs\pengarsipan_terbaru_banget\pengarsipan\vendor\codeigniter4\framework\system\CodeIgniter.php(317): CodeIgniter\CodeIgniter->handleRequest(NULL, Object(Config\Cache), false)
#5 C:\xampp\htdocs\pengarsipan_terbaru_banget\pengarsipan\public\index.php(37): CodeIgniter\CodeIgniter->run()
#6 C:\xampp\htdocs\pengarsipan_terbaru_banget\pengarsipan\vendor\codeigniter4\framework\system\Commands\Server\rewrite.php(43): require_once('C:\\xampp\\htdocs...')
#7 {main}
CRITICAL - 2021-11-18 22:11:14 --> The original file is not a valid file.
#0 C:\xampp\htdocs\pengarsipan_terbaru_banget\pengarsipan\vendor\codeigniter4\framework\system\HTTP\Files\UploadedFile.php(137): CodeIgniter\HTTP\Exceptions\HTTPException::forInvalidFile()
#1 C:\xampp\htdocs\pengarsipan_terbaru_banget\pengarsipan\app\Controllers\SuratMasuk.php(91): CodeIgniter\HTTP\Files\UploadedFile->move('file_upload/', '')
#2 C:\xampp\htdocs\pengarsipan_terbaru_banget\pengarsipan\vendor\codeigniter4\framework\system\CodeIgniter.php(802): App\Controllers\SuratMasuk->simpan()
#3 C:\xampp\htdocs\pengarsipan_terbaru_banget\pengarsipan\vendor\codeigniter4\framework\system\CodeIgniter.php(399): CodeIgniter\CodeIgniter->runController(Object(App\Controllers\SuratMasuk))
#4 C:\xampp\htdocs\pengarsipan_terbaru_banget\pengarsipan\vendor\codeigniter4\framework\system\CodeIgniter.php(317): CodeIgniter\CodeIgniter->handleRequest(NULL, Object(Config\Cache), false)
#5 C:\xampp\htdocs\pengarsipan_terbaru_banget\pengarsipan\public\index.php(37): CodeIgniter\CodeIgniter->run()
#6 C:\xampp\htdocs\pengarsipan_terbaru_banget\pengarsipan\vendor\codeigniter4\framework\system\Commands\Server\rewrite.php(43): require_once('C:\\xampp\\htdocs...')
#7 {main}
CRITICAL - 2021-11-18 22:32:34 --> The original file is not a valid file.
#0 C:\xampp\htdocs\pengarsipan_terbaru_banget\pengarsipan\vendor\codeigniter4\framework\system\HTTP\Files\UploadedFile.php(137): CodeIgniter\HTTP\Exceptions\HTTPException::forInvalidFile()
#1 C:\xampp\htdocs\pengarsipan_terbaru_banget\pengarsipan\app\Controllers\SuratMasuk.php(91): CodeIgniter\HTTP\Files\UploadedFile->move('file_upload/', '')
#2 C:\xampp\htdocs\pengarsipan_terbaru_banget\pengarsipan\vendor\codeigniter4\framework\system\CodeIgniter.php(802): App\Controllers\SuratMasuk->simpan()
#3 C:\xampp\htdocs\pengarsipan_terbaru_banget\pengarsipan\vendor\codeigniter4\framework\system\CodeIgniter.php(399): CodeIgniter\CodeIgniter->runController(Object(App\Controllers\SuratMasuk))
#4 C:\xampp\htdocs\pengarsipan_terbaru_banget\pengarsipan\vendor\codeigniter4\framework\system\CodeIgniter.php(317): CodeIgniter\CodeIgniter->handleRequest(NULL, Object(Config\Cache), false)
#5 C:\xampp\htdocs\pengarsipan_terbaru_banget\pengarsipan\public\index.php(37): CodeIgniter\CodeIgniter->run()
#6 C:\xampp\htdocs\pengarsipan_terbaru_banget\pengarsipan\vendor\codeigniter4\framework\system\Commands\Server\rewrite.php(43): require_once('C:\\xampp\\htdocs...')
#7 {main}
