CRITICAL - 2021-11-09 16:18:11 --> Undefined variable: joinsuratmasukxkategori
#0 C:\xampp\htdocs\pengarsipan\app\Views\SuratMasuk\edit_surat_masuk.php(26): CodeIgniter\Debug\Exceptions->errorHandler(8, 'Undefined varia...', 'C:\\xampp\\htdocs...', 26, Array)
#1 C:\xampp\htdocs\pengarsipan\vendor\codeigniter4\framework\system\View\View.php(214): include('C:\\xampp\\htdocs...')
#2 C:\xampp\htdocs\pengarsipan\vendor\codeigniter4\framework\system\View\View.php(217): CodeIgniter\View\View->CodeIgniter\View\{closure}()
#3 C:\xampp\htdocs\pengarsipan\vendor\codeigniter4\framework\system\Common.php(1092): CodeIgniter\View\View->render('SuratMasuk/edit...', Array, true)
#4 C:\xampp\htdocs\pengarsipan\app\Controllers\SuratMasuk.php(125): view('SuratMasuk/edit...', Array)
#5 C:\xampp\htdocs\pengarsipan\vendor\codeigniter4\framework\system\CodeIgniter.php(802): App\Controllers\SuratMasuk->edit('12')
#6 C:\xampp\htdocs\pengarsipan\vendor\codeigniter4\framework\system\CodeIgniter.php(399): CodeIgniter\CodeIgniter->runController(Object(App\Controllers\SuratMasuk))
#7 C:\xampp\htdocs\pengarsipan\vendor\codeigniter4\framework\system\CodeIgniter.php(317): CodeIgniter\CodeIgniter->handleRequest(NULL, Object(Config\Cache), false)
#8 C:\xampp\htdocs\pengarsipan\public\index.php(37): CodeIgniter\CodeIgniter->run()
#9 C:\xampp\htdocs\pengarsipan\vendor\codeigniter4\framework\system\Commands\Server\rewrite.php(43): require_once('C:\\xampp\\htdocs...')
#10 {main}
CRITICAL - 2021-11-09 16:18:41 --> Undefined variable: joinsuratmasukxkategori
#0 C:\xampp\htdocs\pengarsipan\app\Views\SuratMasuk\edit_surat_masuk.php(24): CodeIgniter\Debug\Exceptions->errorHandler(8, 'Undefined varia...', 'C:\\xampp\\htdocs...', 24, Array)
#1 C:\xampp\htdocs\pengarsipan\vendor\codeigniter4\framework\system\View\View.php(214): include('C:\\xampp\\htdocs...')
#2 C:\xampp\htdocs\pengarsipan\vendor\codeigniter4\framework\system\View\View.php(217): CodeIgniter\View\View->CodeIgniter\View\{closure}()
#3 C:\xampp\htdocs\pengarsipan\vendor\codeigniter4\framework\system\Common.php(1092): CodeIgniter\View\View->render('SuratMasuk/edit...', Array, true)
#4 C:\xampp\htdocs\pengarsipan\app\Controllers\SuratMasuk.php(125): view('SuratMasuk/edit...', Array)
#5 C:\xampp\htdocs\pengarsipan\vendor\codeigniter4\framework\system\CodeIgniter.php(802): App\Controllers\SuratMasuk->edit('12')
#6 C:\xampp\htdocs\pengarsipan\vendor\codeigniter4\framework\system\CodeIgniter.php(399): CodeIgniter\CodeIgniter->runController(Object(App\Controllers\SuratMasuk))
#7 C:\xampp\htdocs\pengarsipan\vendor\codeigniter4\framework\system\CodeIgniter.php(317): CodeIgniter\CodeIgniter->handleRequest(NULL, Object(Config\Cache), false)
#8 C:\xampp\htdocs\pengarsipan\public\index.php(37): CodeIgniter\CodeIgniter->run()
#9 C:\xampp\htdocs\pengarsipan\vendor\codeigniter4\framework\system\Commands\Server\rewrite.php(43): require_once('C:\\xampp\\htdocs...')
#10 {main}
CRITICAL - 2021-11-09 16:19:44 --> Undefined variable: row
#0 C:\xampp\htdocs\pengarsipan\app\Views\SuratMasuk\edit_surat_masuk.php(70): CodeIgniter\Debug\Exceptions->errorHandler(8, 'Undefined varia...', 'C:\\xampp\\htdocs...', 70, Array)
#1 C:\xampp\htdocs\pengarsipan\vendor\codeigniter4\framework\system\View\View.php(214): include('C:\\xampp\\htdocs...')
#2 C:\xampp\htdocs\pengarsipan\vendor\codeigniter4\framework\system\View\View.php(217): CodeIgniter\View\View->CodeIgniter\View\{closure}()
#3 C:\xampp\htdocs\pengarsipan\vendor\codeigniter4\framework\system\Common.php(1092): CodeIgniter\View\View->render('SuratMasuk/edit...', Array, true)
#4 C:\xampp\htdocs\pengarsipan\app\Controllers\SuratMasuk.php(125): view('SuratMasuk/edit...', Array)
#5 C:\xampp\htdocs\pengarsipan\vendor\codeigniter4\framework\system\CodeIgniter.php(802): App\Controllers\SuratMasuk->edit('12')
#6 C:\xampp\htdocs\pengarsipan\vendor\codeigniter4\framework\system\CodeIgniter.php(399): CodeIgniter\CodeIgniter->runController(Object(App\Controllers\SuratMasuk))
#7 C:\xampp\htdocs\pengarsipan\vendor\codeigniter4\framework\system\CodeIgniter.php(317): CodeIgniter\CodeIgniter->handleRequest(NULL, Object(Config\Cache), false)
#8 C:\xampp\htdocs\pengarsipan\public\index.php(37): CodeIgniter\CodeIgniter->run()
#9 C:\xampp\htdocs\pengarsipan\vendor\codeigniter4\framework\system\Commands\Server\rewrite.php(43): require_once('C:\\xampp\\htdocs...')
#10 {main}
CRITICAL - 2021-11-09 16:20:42 --> Undefined index: nama_kategori
#0 C:\xampp\htdocs\pengarsipan\app\Views\SuratMasuk\edit_surat_masuk.php(69): CodeIgniter\Debug\Exceptions->errorHandler(8, 'Undefined index...', 'C:\\xampp\\htdocs...', 69, Array)
#1 C:\xampp\htdocs\pengarsipan\vendor\codeigniter4\framework\system\View\View.php(214): include('C:\\xampp\\htdocs...')
#2 C:\xampp\htdocs\pengarsipan\vendor\codeigniter4\framework\system\View\View.php(217): CodeIgniter\View\View->CodeIgniter\View\{closure}()
#3 C:\xampp\htdocs\pengarsipan\vendor\codeigniter4\framework\system\Common.php(1092): CodeIgniter\View\View->render('SuratMasuk/edit...', Array, true)
#4 C:\xampp\htdocs\pengarsipan\app\Controllers\SuratMasuk.php(125): view('SuratMasuk/edit...', Array)
#5 C:\xampp\htdocs\pengarsipan\vendor\codeigniter4\framework\system\CodeIgniter.php(802): App\Controllers\SuratMasuk->edit('12')
#6 C:\xampp\htdocs\pengarsipan\vendor\codeigniter4\framework\system\CodeIgniter.php(399): CodeIgniter\CodeIgniter->runController(Object(App\Controllers\SuratMasuk))
#7 C:\xampp\htdocs\pengarsipan\vendor\codeigniter4\framework\system\CodeIgniter.php(317): CodeIgniter\CodeIgniter->handleRequest(NULL, Object(Config\Cache), false)
#8 C:\xampp\htdocs\pengarsipan\public\index.php(37): CodeIgniter\CodeIgniter->run()
#9 C:\xampp\htdocs\pengarsipan\vendor\codeigniter4\framework\system\Commands\Server\rewrite.php(43): require_once('C:\\xampp\\htdocs...')
#10 {main}
CRITICAL - 2021-11-09 16:23:49 --> syntax error, unexpected end of file
#0 C:\xampp\htdocs\pengarsipan\vendor\codeigniter4\framework\system\View\View.php(217): CodeIgniter\View\View->CodeIgniter\View\{closure}()
#1 C:\xampp\htdocs\pengarsipan\vendor\codeigniter4\framework\system\Common.php(1092): CodeIgniter\View\View->render('SuratMasuk/edit...', Array, true)
#2 C:\xampp\htdocs\pengarsipan\app\Controllers\SuratMasuk.php(125): view('SuratMasuk/edit...', Array)
#3 C:\xampp\htdocs\pengarsipan\vendor\codeigniter4\framework\system\CodeIgniter.php(802): App\Controllers\SuratMasuk->edit('12')
#4 C:\xampp\htdocs\pengarsipan\vendor\codeigniter4\framework\system\CodeIgniter.php(399): CodeIgniter\CodeIgniter->runController(Object(App\Controllers\SuratMasuk))
#5 C:\xampp\htdocs\pengarsipan\vendor\codeigniter4\framework\system\CodeIgniter.php(317): CodeIgniter\CodeIgniter->handleRequest(NULL, Object(Config\Cache), false)
#6 C:\xampp\htdocs\pengarsipan\public\index.php(37): CodeIgniter\CodeIgniter->run()
#7 C:\xampp\htdocs\pengarsipan\vendor\codeigniter4\framework\system\Commands\Server\rewrite.php(43): require_once('C:\\xampp\\htdocs...')
#8 {main}
CRITICAL - 2021-11-09 16:24:28 --> Undefined variable: joinsuratmasukxkategori
#0 C:\xampp\htdocs\pengarsipan\app\Views\SuratMasuk\edit_surat_masuk.php(26): CodeIgniter\Debug\Exceptions->errorHandler(8, 'Undefined varia...', 'C:\\xampp\\htdocs...', 26, Array)
#1 C:\xampp\htdocs\pengarsipan\vendor\codeigniter4\framework\system\View\View.php(214): include('C:\\xampp\\htdocs...')
#2 C:\xampp\htdocs\pengarsipan\vendor\codeigniter4\framework\system\View\View.php(217): CodeIgniter\View\View->CodeIgniter\View\{closure}()
#3 C:\xampp\htdocs\pengarsipan\vendor\codeigniter4\framework\system\Common.php(1092): CodeIgniter\View\View->render('SuratMasuk/edit...', Array, true)
#4 C:\xampp\htdocs\pengarsipan\app\Controllers\SuratMasuk.php(125): view('SuratMasuk/edit...', Array)
#5 C:\xampp\htdocs\pengarsipan\vendor\codeigniter4\framework\system\CodeIgniter.php(802): App\Controllers\SuratMasuk->edit('12')
#6 C:\xampp\htdocs\pengarsipan\vendor\codeigniter4\framework\system\CodeIgniter.php(399): CodeIgniter\CodeIgniter->runController(Object(App\Controllers\SuratMasuk))
#7 C:\xampp\htdocs\pengarsipan\vendor\codeigniter4\framework\system\CodeIgniter.php(317): CodeIgniter\CodeIgniter->handleRequest(NULL, Object(Config\Cache), false)
#8 C:\xampp\htdocs\pengarsipan\public\index.php(37): CodeIgniter\CodeIgniter->run()
#9 C:\xampp\htdocs\pengarsipan\vendor\codeigniter4\framework\system\Commands\Server\rewrite.php(43): require_once('C:\\xampp\\htdocs...')
#10 {main}
CRITICAL - 2021-11-09 19:46:04 --> Undefined variable: joinsuratmasukxkategori
#0 C:\xampp\htdocs\pengarsipan\app\Views\SuratMasuk\edit_surat_masuk.php(26): CodeIgniter\Debug\Exceptions->errorHandler(8, 'Undefined varia...', 'C:\\xampp\\htdocs...', 26, Array)
#1 C:\xampp\htdocs\pengarsipan\vendor\codeigniter4\framework\system\View\View.php(214): include('C:\\xampp\\htdocs...')
#2 C:\xampp\htdocs\pengarsipan\vendor\codeigniter4\framework\system\View\View.php(217): CodeIgniter\View\View->CodeIgniter\View\{closure}()
#3 C:\xampp\htdocs\pengarsipan\vendor\codeigniter4\framework\system\Common.php(1092): CodeIgniter\View\View->render('SuratMasuk/edit...', Array, true)
#4 C:\xampp\htdocs\pengarsipan\app\Controllers\SuratMasuk.php(125): view('SuratMasuk/edit...', Array)
#5 C:\xampp\htdocs\pengarsipan\vendor\codeigniter4\framework\system\CodeIgniter.php(802): App\Controllers\SuratMasuk->edit('12')
#6 C:\xampp\htdocs\pengarsipan\vendor\codeigniter4\framework\system\CodeIgniter.php(399): CodeIgniter\CodeIgniter->runController(Object(App\Controllers\SuratMasuk))
#7 C:\xampp\htdocs\pengarsipan\vendor\codeigniter4\framework\system\CodeIgniter.php(317): CodeIgniter\CodeIgniter->handleRequest(NULL, Object(Config\Cache), false)
#8 C:\xampp\htdocs\pengarsipan\public\index.php(37): CodeIgniter\CodeIgniter->run()
#9 C:\xampp\htdocs\pengarsipan\vendor\codeigniter4\framework\system\Commands\Server\rewrite.php(43): require_once('C:\\xampp\\htdocs...')
#10 {main}
CRITICAL - 2021-11-09 20:14:43 --> Undefined variable: joinsuratmasukxkategori
#0 C:\xampp\htdocs\pengarsipan\app\Views\SuratMasuk\edit_surat_masuk.php(71): CodeIgniter\Debug\Exceptions->errorHandler(8, 'Undefined varia...', 'C:\\xampp\\htdocs...', 71, Array)
#1 C:\xampp\htdocs\pengarsipan\vendor\codeigniter4\framework\system\View\View.php(214): include('C:\\xampp\\htdocs...')
#2 C:\xampp\htdocs\pengarsipan\vendor\codeigniter4\framework\system\View\View.php(217): CodeIgniter\View\View->CodeIgniter\View\{closure}()
#3 C:\xampp\htdocs\pengarsipan\vendor\codeigniter4\framework\system\Common.php(1092): CodeIgniter\View\View->render('SuratMasuk/edit...', Array, true)
#4 C:\xampp\htdocs\pengarsipan\app\Controllers\SuratMasuk.php(125): view('SuratMasuk/edit...', Array)
#5 C:\xampp\htdocs\pengarsipan\vendor\codeigniter4\framework\system\CodeIgniter.php(802): App\Controllers\SuratMasuk->edit('12')
#6 C:\xampp\htdocs\pengarsipan\vendor\codeigniter4\framework\system\CodeIgniter.php(399): CodeIgniter\CodeIgniter->runController(Object(App\Controllers\SuratMasuk))
#7 C:\xampp\htdocs\pengarsipan\vendor\codeigniter4\framework\system\CodeIgniter.php(317): CodeIgniter\CodeIgniter->handleRequest(NULL, Object(Config\Cache), false)
#8 C:\xampp\htdocs\pengarsipan\public\index.php(37): CodeIgniter\CodeIgniter->run()
#9 C:\xampp\htdocs\pengarsipan\vendor\codeigniter4\framework\system\Commands\Server\rewrite.php(43): require_once('C:\\xampp\\htdocs...')
#10 {main}
