CRITICAL - 2023-06-23 21:03:23 --> syntax error, unexpected 'public' (T_PUBLIC), expecting end of file
#0 D:\ci-4(2)\vendor\codeigniter4\framework\system\Router\Router.php(160): CodeIgniter\Router\Router->autoRoute('auth/valid_regi...')
#1 D:\ci-4(2)\vendor\codeigniter4\framework\system\CodeIgniter.php(702): CodeIgniter\Router\Router->handle('auth/valid_regi...')
#2 D:\ci-4(2)\vendor\codeigniter4\framework\system\CodeIgniter.php(358): CodeIgniter\CodeIgniter->tryToRouteIt(Object(CodeIgniter\Router\RouteCollection))
#3 D:\ci-4(2)\vendor\codeigniter4\framework\system\CodeIgniter.php(317): CodeIgniter\CodeIgniter->handleRequest(NULL, Object(Config\Cache), false)
#4 D:\ci-4(2)\public\index.php(37): CodeIgniter\CodeIgniter->run()
#5 D:\ci-4(2)\vendor\codeigniter4\framework\system\Commands\Server\rewrite.php(43): require_once('D:\\ci-4(2)\\publ...')
#6 {main}
CRITICAL - 2023-06-23 21:04:42 --> Invalid argument supplied for foreach()
#0 D:\ci-4(2)\app\Views\register.php(35): CodeIgniter\Debug\Exceptions->errorHandler(2, 'Invalid argumen...', 'D:\\ci-4(2)\\app\\...', 35, Array)
#1 D:\ci-4(2)\vendor\codeigniter4\framework\system\View\View.php(214): include('D:\\ci-4(2)\\app\\...')
#2 D:\ci-4(2)\vendor\codeigniter4\framework\system\View\View.php(217): CodeIgniter\View\View->CodeIgniter\View\{closure}()
#3 D:\ci-4(2)\vendor\codeigniter4\framework\system\Common.php(1092): CodeIgniter\View\View->render('register', Array, true)
#4 D:\ci-4(2)\app\Controllers\Register.php(11): view('register')
#5 D:\ci-4(2)\vendor\codeigniter4\framework\system\CodeIgniter.php(802): App\Controllers\Register->index()
#6 D:\ci-4(2)\vendor\codeigniter4\framework\system\CodeIgniter.php(399): CodeIgniter\CodeIgniter->runController(Object(App\Controllers\Register))
#7 D:\ci-4(2)\vendor\codeigniter4\framework\system\CodeIgniter.php(317): CodeIgniter\CodeIgniter->handleRequest(NULL, Object(Config\Cache), false)
#8 D:\ci-4(2)\public\index.php(37): CodeIgniter\CodeIgniter->run()
#9 D:\ci-4(2)\vendor\codeigniter4\framework\system\Commands\Server\rewrite.php(43): require_once('D:\\ci-4(2)\\publ...')
#10 {main}
CRITICAL - 2023-06-23 21:24:10 --> Object of class CodeIgniter\Session\Session could not be converted to string
#0 D:\ci-4(2)\app\Views\index.php(28): CodeIgniter\Debug\Exceptions->errorHandler(4096, 'Object of class...', 'D:\\ci-4(2)\\app\\...', 28, Array)
#1 D:\ci-4(2)\vendor\codeigniter4\framework\system\View\View.php(214): include('D:\\ci-4(2)\\app\\...')
#2 D:\ci-4(2)\vendor\codeigniter4\framework\system\View\View.php(217): CodeIgniter\View\View->CodeIgniter\View\{closure}()
#3 D:\ci-4(2)\vendor\codeigniter4\framework\system\Common.php(1092): CodeIgniter\View\View->render('index', Array, true)
#4 D:\ci-4(2)\app\Controllers\Home.php(28): view('index')
#5 D:\ci-4(2)\vendor\codeigniter4\framework\system\CodeIgniter.php(802): App\Controllers\Home->dashboard()
#6 D:\ci-4(2)\vendor\codeigniter4\framework\system\CodeIgniter.php(399): CodeIgniter\CodeIgniter->runController(Object(App\Controllers\Home))
#7 D:\ci-4(2)\vendor\codeigniter4\framework\system\CodeIgniter.php(317): CodeIgniter\CodeIgniter->handleRequest(NULL, Object(Config\Cache), false)
#8 D:\ci-4(2)\public\index.php(37): CodeIgniter\CodeIgniter->run()
#9 D:\ci-4(2)\vendor\codeigniter4\framework\system\Commands\Server\rewrite.php(43): require_once('D:\\ci-4(2)\\publ...')
#10 {main}
CRITICAL - 2023-06-23 21:24:25 --> Object of class CodeIgniter\Session\Session could not be converted to string
#0 D:\ci-4(2)\app\Views\index.php(28): CodeIgniter\Debug\Exceptions->errorHandler(4096, 'Object of class...', 'D:\\ci-4(2)\\app\\...', 28, Array)
#1 D:\ci-4(2)\vendor\codeigniter4\framework\system\View\View.php(214): include('D:\\ci-4(2)\\app\\...')
#2 D:\ci-4(2)\vendor\codeigniter4\framework\system\View\View.php(217): CodeIgniter\View\View->CodeIgniter\View\{closure}()
#3 D:\ci-4(2)\vendor\codeigniter4\framework\system\Common.php(1092): CodeIgniter\View\View->render('index', Array, true)
#4 D:\ci-4(2)\app\Controllers\Home.php(28): view('index')
#5 D:\ci-4(2)\vendor\codeigniter4\framework\system\CodeIgniter.php(802): App\Controllers\Home->dashboard()
#6 D:\ci-4(2)\vendor\codeigniter4\framework\system\CodeIgniter.php(399): CodeIgniter\CodeIgniter->runController(Object(App\Controllers\Home))
#7 D:\ci-4(2)\vendor\codeigniter4\framework\system\CodeIgniter.php(317): CodeIgniter\CodeIgniter->handleRequest(NULL, Object(Config\Cache), false)
#8 D:\ci-4(2)\public\index.php(37): CodeIgniter\CodeIgniter->run()
#9 D:\ci-4(2)\vendor\codeigniter4\framework\system\Commands\Server\rewrite.php(43): require_once('D:\\ci-4(2)\\publ...')
#10 {main}
CRITICAL - 2023-06-23 21:30:09 --> Object of class CodeIgniter\Session\Session could not be converted to string
#0 D:\ci-4(2)\app\Views\index.php(28): CodeIgniter\Debug\Exceptions->errorHandler(4096, 'Object of class...', 'D:\\ci-4(2)\\app\\...', 28, Array)
#1 D:\ci-4(2)\vendor\codeigniter4\framework\system\View\View.php(214): include('D:\\ci-4(2)\\app\\...')
#2 D:\ci-4(2)\vendor\codeigniter4\framework\system\View\View.php(217): CodeIgniter\View\View->CodeIgniter\View\{closure}()
#3 D:\ci-4(2)\vendor\codeigniter4\framework\system\Common.php(1092): CodeIgniter\View\View->render('index', Array, true)
#4 D:\ci-4(2)\app\Controllers\Home.php(28): view('index')
#5 D:\ci-4(2)\vendor\codeigniter4\framework\system\CodeIgniter.php(802): App\Controllers\Home->dashboard()
#6 D:\ci-4(2)\vendor\codeigniter4\framework\system\CodeIgniter.php(399): CodeIgniter\CodeIgniter->runController(Object(App\Controllers\Home))
#7 D:\ci-4(2)\vendor\codeigniter4\framework\system\CodeIgniter.php(317): CodeIgniter\CodeIgniter->handleRequest(NULL, Object(Config\Cache), false)
#8 D:\ci-4(2)\public\index.php(37): CodeIgniter\CodeIgniter->run()
#9 D:\ci-4(2)\vendor\codeigniter4\framework\system\Commands\Server\rewrite.php(43): require_once('D:\\ci-4(2)\\publ...')
#10 {main}
CRITICAL - 2023-06-23 22:14:01 --> Invalid argument supplied for foreach()
#0 D:\ci-4(2)\app\Views\register.php(35): CodeIgniter\Debug\Exceptions->errorHandler(2, 'Invalid argumen...', 'D:\\ci-4(2)\\app\\...', 35, Array)
#1 D:\ci-4(2)\vendor\codeigniter4\framework\system\View\View.php(214): include('D:\\ci-4(2)\\app\\...')
#2 D:\ci-4(2)\vendor\codeigniter4\framework\system\View\View.php(217): CodeIgniter\View\View->CodeIgniter\View\{closure}()
#3 D:\ci-4(2)\vendor\codeigniter4\framework\system\Common.php(1092): CodeIgniter\View\View->render('register', Array, true)
#4 D:\ci-4(2)\app\Controllers\Register.php(11): view('register')
#5 D:\ci-4(2)\vendor\codeigniter4\framework\system\CodeIgniter.php(802): App\Controllers\Register->index()
#6 D:\ci-4(2)\vendor\codeigniter4\framework\system\CodeIgniter.php(399): CodeIgniter\CodeIgniter->runController(Object(App\Controllers\Register))
#7 D:\ci-4(2)\vendor\codeigniter4\framework\system\CodeIgniter.php(317): CodeIgniter\CodeIgniter->handleRequest(NULL, Object(Config\Cache), false)
#8 D:\ci-4(2)\public\index.php(37): CodeIgniter\CodeIgniter->run()
#9 D:\ci-4(2)\vendor\codeigniter4\framework\system\Commands\Server\rewrite.php(43): require_once('D:\\ci-4(2)\\publ...')
#10 {main}
CRITICAL - 2023-06-23 22:29:41 --> Invalid argument supplied for foreach()
#0 D:\ci-4(2)\app\Views\register.php(35): CodeIgniter\Debug\Exceptions->errorHandler(2, 'Invalid argumen...', 'D:\\ci-4(2)\\app\\...', 35, Array)
#1 D:\ci-4(2)\vendor\codeigniter4\framework\system\View\View.php(214): include('D:\\ci-4(2)\\app\\...')
#2 D:\ci-4(2)\vendor\codeigniter4\framework\system\View\View.php(217): CodeIgniter\View\View->CodeIgniter\View\{closure}()
#3 D:\ci-4(2)\vendor\codeigniter4\framework\system\Common.php(1092): CodeIgniter\View\View->render('register', Array, true)
#4 D:\ci-4(2)\app\Controllers\Register.php(11): view('register')
#5 D:\ci-4(2)\vendor\codeigniter4\framework\system\CodeIgniter.php(802): App\Controllers\Register->index()
#6 D:\ci-4(2)\vendor\codeigniter4\framework\system\CodeIgniter.php(399): CodeIgniter\CodeIgniter->runController(Object(App\Controllers\Register))
#7 D:\ci-4(2)\vendor\codeigniter4\framework\system\CodeIgniter.php(317): CodeIgniter\CodeIgniter->handleRequest(NULL, Object(Config\Cache), false)
#8 D:\ci-4(2)\public\index.php(37): CodeIgniter\CodeIgniter->run()
#9 D:\ci-4(2)\vendor\codeigniter4\framework\system\Commands\Server\rewrite.php(43): require_once('D:\\ci-4(2)\\publ...')
#10 {main}
CRITICAL - 2023-06-23 22:31:20 --> Invalid argument supplied for foreach()
#0 D:\ci-4(2)\app\Views\register.php(35): CodeIgniter\Debug\Exceptions->errorHandler(2, 'Invalid argumen...', 'D:\\ci-4(2)\\app\\...', 35, Array)
#1 D:\ci-4(2)\vendor\codeigniter4\framework\system\View\View.php(214): include('D:\\ci-4(2)\\app\\...')
#2 D:\ci-4(2)\vendor\codeigniter4\framework\system\View\View.php(217): CodeIgniter\View\View->CodeIgniter\View\{closure}()
#3 D:\ci-4(2)\vendor\codeigniter4\framework\system\Common.php(1092): CodeIgniter\View\View->render('register', Array, true)
#4 D:\ci-4(2)\app\Controllers\Register.php(11): view('register')
#5 D:\ci-4(2)\vendor\codeigniter4\framework\system\CodeIgniter.php(802): App\Controllers\Register->index()
#6 D:\ci-4(2)\vendor\codeigniter4\framework\system\CodeIgniter.php(399): CodeIgniter\CodeIgniter->runController(Object(App\Controllers\Register))
#7 D:\ci-4(2)\vendor\codeigniter4\framework\system\CodeIgniter.php(317): CodeIgniter\CodeIgniter->handleRequest(NULL, Object(Config\Cache), false)
#8 D:\ci-4(2)\public\index.php(37): CodeIgniter\CodeIgniter->run()
#9 D:\ci-4(2)\vendor\codeigniter4\framework\system\Commands\Server\rewrite.php(43): require_once('D:\\ci-4(2)\\publ...')
#10 {main}
CRITICAL - 2023-06-23 22:33:25 --> Invalid argument supplied for foreach()
#0 D:\ci-4(2)\app\Views\register.php(35): CodeIgniter\Debug\Exceptions->errorHandler(2, 'Invalid argumen...', 'D:\\ci-4(2)\\app\\...', 35, Array)
#1 D:\ci-4(2)\vendor\codeigniter4\framework\system\View\View.php(214): include('D:\\ci-4(2)\\app\\...')
#2 D:\ci-4(2)\vendor\codeigniter4\framework\system\View\View.php(217): CodeIgniter\View\View->CodeIgniter\View\{closure}()
#3 D:\ci-4(2)\vendor\codeigniter4\framework\system\Common.php(1092): CodeIgniter\View\View->render('register', Array, true)
#4 D:\ci-4(2)\app\Controllers\Register.php(11): view('register')
#5 D:\ci-4(2)\vendor\codeigniter4\framework\system\CodeIgniter.php(802): App\Controllers\Register->index()
#6 D:\ci-4(2)\vendor\codeigniter4\framework\system\CodeIgniter.php(399): CodeIgniter\CodeIgniter->runController(Object(App\Controllers\Register))
#7 D:\ci-4(2)\vendor\codeigniter4\framework\system\CodeIgniter.php(317): CodeIgniter\CodeIgniter->handleRequest(NULL, Object(Config\Cache), false)
#8 D:\ci-4(2)\public\index.php(37): CodeIgniter\CodeIgniter->run()
#9 D:\ci-4(2)\vendor\codeigniter4\framework\system\Commands\Server\rewrite.php(43): require_once('D:\\ci-4(2)\\publ...')
#10 {main}
CRITICAL - 2023-06-23 22:43:15 --> Invalid argument supplied for foreach()
#0 D:\ci-4(2)\app\Views\register.php(35): CodeIgniter\Debug\Exceptions->errorHandler(2, 'Invalid argumen...', 'D:\\ci-4(2)\\app\\...', 35, Array)
#1 D:\ci-4(2)\vendor\codeigniter4\framework\system\View\View.php(214): include('D:\\ci-4(2)\\app\\...')
#2 D:\ci-4(2)\vendor\codeigniter4\framework\system\View\View.php(217): CodeIgniter\View\View->CodeIgniter\View\{closure}()
#3 D:\ci-4(2)\vendor\codeigniter4\framework\system\Common.php(1092): CodeIgniter\View\View->render('register', Array, true)
#4 D:\ci-4(2)\app\Controllers\Register.php(11): view('register')
#5 D:\ci-4(2)\vendor\codeigniter4\framework\system\CodeIgniter.php(802): App\Controllers\Register->index()
#6 D:\ci-4(2)\vendor\codeigniter4\framework\system\CodeIgniter.php(399): CodeIgniter\CodeIgniter->runController(Object(App\Controllers\Register))
#7 D:\ci-4(2)\vendor\codeigniter4\framework\system\CodeIgniter.php(317): CodeIgniter\CodeIgniter->handleRequest(NULL, Object(Config\Cache), false)
#8 D:\ci-4(2)\public\index.php(37): CodeIgniter\CodeIgniter->run()
#9 D:\ci-4(2)\vendor\codeigniter4\framework\system\Commands\Server\rewrite.php(43): require_once('D:\\ci-4(2)\\publ...')
#10 {main}
CRITICAL - 2023-06-23 22:48:49 --> Invalid argument supplied for foreach()
#0 D:\ci-4(2)\app\Views\register.php(35): CodeIgniter\Debug\Exceptions->errorHandler(2, 'Invalid argumen...', 'D:\\ci-4(2)\\app\\...', 35, Array)
#1 D:\ci-4(2)\vendor\codeigniter4\framework\system\View\View.php(214): include('D:\\ci-4(2)\\app\\...')
#2 D:\ci-4(2)\vendor\codeigniter4\framework\system\View\View.php(217): CodeIgniter\View\View->CodeIgniter\View\{closure}()
#3 D:\ci-4(2)\vendor\codeigniter4\framework\system\Common.php(1092): CodeIgniter\View\View->render('register', Array, true)
#4 D:\ci-4(2)\app\Controllers\Register.php(11): view('register')
#5 D:\ci-4(2)\vendor\codeigniter4\framework\system\CodeIgniter.php(802): App\Controllers\Register->index()
#6 D:\ci-4(2)\vendor\codeigniter4\framework\system\CodeIgniter.php(399): CodeIgniter\CodeIgniter->runController(Object(App\Controllers\Register))
#7 D:\ci-4(2)\vendor\codeigniter4\framework\system\CodeIgniter.php(317): CodeIgniter\CodeIgniter->handleRequest(NULL, Object(Config\Cache), false)
#8 D:\ci-4(2)\public\index.php(37): CodeIgniter\CodeIgniter->run()
#9 D:\ci-4(2)\vendor\codeigniter4\framework\system\Commands\Server\rewrite.php(43): require_once('D:\\ci-4(2)\\publ...')
#10 {main}
CRITICAL - 2023-06-23 22:49:44 --> Invalid argument supplied for foreach()
#0 D:\ci-4(2)\app\Views\register.php(35): CodeIgniter\Debug\Exceptions->errorHandler(2, 'Invalid argumen...', 'D:\\ci-4(2)\\app\\...', 35, Array)
#1 D:\ci-4(2)\vendor\codeigniter4\framework\system\View\View.php(214): include('D:\\ci-4(2)\\app\\...')
#2 D:\ci-4(2)\vendor\codeigniter4\framework\system\View\View.php(217): CodeIgniter\View\View->CodeIgniter\View\{closure}()
#3 D:\ci-4(2)\vendor\codeigniter4\framework\system\Common.php(1092): CodeIgniter\View\View->render('register', Array, true)
#4 D:\ci-4(2)\app\Controllers\Register.php(11): view('register')
#5 D:\ci-4(2)\vendor\codeigniter4\framework\system\CodeIgniter.php(802): App\Controllers\Register->index()
#6 D:\ci-4(2)\vendor\codeigniter4\framework\system\CodeIgniter.php(399): CodeIgniter\CodeIgniter->runController(Object(App\Controllers\Register))
#7 D:\ci-4(2)\vendor\codeigniter4\framework\system\CodeIgniter.php(317): CodeIgniter\CodeIgniter->handleRequest(NULL, Object(Config\Cache), false)
#8 D:\ci-4(2)\public\index.php(37): CodeIgniter\CodeIgniter->run()
#9 D:\ci-4(2)\vendor\codeigniter4\framework\system\Commands\Server\rewrite.php(43): require_once('D:\\ci-4(2)\\publ...')
#10 {main}
CRITICAL - 2023-06-23 22:51:22 --> Invalid argument supplied for foreach()
#0 D:\ci-4(2)\app\Views\register.php(35): CodeIgniter\Debug\Exceptions->errorHandler(2, 'Invalid argumen...', 'D:\\ci-4(2)\\app\\...', 35, Array)
#1 D:\ci-4(2)\vendor\codeigniter4\framework\system\View\View.php(214): include('D:\\ci-4(2)\\app\\...')
#2 D:\ci-4(2)\vendor\codeigniter4\framework\system\View\View.php(217): CodeIgniter\View\View->CodeIgniter\View\{closure}()
#3 D:\ci-4(2)\vendor\codeigniter4\framework\system\Common.php(1092): CodeIgniter\View\View->render('register', Array, true)
#4 D:\ci-4(2)\app\Controllers\Register.php(11): view('register')
#5 D:\ci-4(2)\vendor\codeigniter4\framework\system\CodeIgniter.php(802): App\Controllers\Register->index()
#6 D:\ci-4(2)\vendor\codeigniter4\framework\system\CodeIgniter.php(399): CodeIgniter\CodeIgniter->runController(Object(App\Controllers\Register))
#7 D:\ci-4(2)\vendor\codeigniter4\framework\system\CodeIgniter.php(317): CodeIgniter\CodeIgniter->handleRequest(NULL, Object(Config\Cache), false)
#8 D:\ci-4(2)\public\index.php(37): CodeIgniter\CodeIgniter->run()
#9 D:\ci-4(2)\vendor\codeigniter4\framework\system\Commands\Server\rewrite.php(43): require_once('D:\\ci-4(2)\\publ...')
#10 {main}
CRITICAL - 2023-06-23 22:57:35 --> Invalid argument supplied for foreach()
#0 D:\ci-4(2)\app\Views\register.php(35): CodeIgniter\Debug\Exceptions->errorHandler(2, 'Invalid argumen...', 'D:\\ci-4(2)\\app\\...', 35, Array)
#1 D:\ci-4(2)\vendor\codeigniter4\framework\system\View\View.php(214): include('D:\\ci-4(2)\\app\\...')
#2 D:\ci-4(2)\vendor\codeigniter4\framework\system\View\View.php(217): CodeIgniter\View\View->CodeIgniter\View\{closure}()
#3 D:\ci-4(2)\vendor\codeigniter4\framework\system\Common.php(1092): CodeIgniter\View\View->render('register', Array, true)
#4 D:\ci-4(2)\app\Controllers\Register.php(11): view('register')
#5 D:\ci-4(2)\vendor\codeigniter4\framework\system\CodeIgniter.php(802): App\Controllers\Register->index()
#6 D:\ci-4(2)\vendor\codeigniter4\framework\system\CodeIgniter.php(399): CodeIgniter\CodeIgniter->runController(Object(App\Controllers\Register))
#7 D:\ci-4(2)\vendor\codeigniter4\framework\system\CodeIgniter.php(317): CodeIgniter\CodeIgniter->handleRequest(NULL, Object(Config\Cache), false)
#8 D:\ci-4(2)\public\index.php(37): CodeIgniter\CodeIgniter->run()
#9 D:\ci-4(2)\vendor\codeigniter4\framework\system\Commands\Server\rewrite.php(43): require_once('D:\\ci-4(2)\\publ...')
#10 {main}
CRITICAL - 2023-06-23 22:59:02 --> Invalid argument supplied for foreach()
#0 D:\ci-4(2)\app\Views\register.php(35): CodeIgniter\Debug\Exceptions->errorHandler(2, 'Invalid argumen...', 'D:\\ci-4(2)\\app\\...', 35, Array)
#1 D:\ci-4(2)\vendor\codeigniter4\framework\system\View\View.php(214): include('D:\\ci-4(2)\\app\\...')
#2 D:\ci-4(2)\vendor\codeigniter4\framework\system\View\View.php(217): CodeIgniter\View\View->CodeIgniter\View\{closure}()
#3 D:\ci-4(2)\vendor\codeigniter4\framework\system\Common.php(1092): CodeIgniter\View\View->render('register', Array, true)
#4 D:\ci-4(2)\app\Controllers\Register.php(11): view('register')
#5 D:\ci-4(2)\vendor\codeigniter4\framework\system\CodeIgniter.php(802): App\Controllers\Register->index()
#6 D:\ci-4(2)\vendor\codeigniter4\framework\system\CodeIgniter.php(399): CodeIgniter\CodeIgniter->runController(Object(App\Controllers\Register))
#7 D:\ci-4(2)\vendor\codeigniter4\framework\system\CodeIgniter.php(317): CodeIgniter\CodeIgniter->handleRequest(NULL, Object(Config\Cache), false)
#8 D:\ci-4(2)\public\index.php(37): CodeIgniter\CodeIgniter->run()
#9 D:\ci-4(2)\vendor\codeigniter4\framework\system\Commands\Server\rewrite.php(43): require_once('D:\\ci-4(2)\\publ...')
#10 {main}
CRITICAL - 2023-06-23 22:59:34 --> Invalid argument supplied for foreach()
#0 D:\ci-4(2)\app\Views\register.php(35): CodeIgniter\Debug\Exceptions->errorHandler(2, 'Invalid argumen...', 'D:\\ci-4(2)\\app\\...', 35, Array)
#1 D:\ci-4(2)\vendor\codeigniter4\framework\system\View\View.php(214): include('D:\\ci-4(2)\\app\\...')
#2 D:\ci-4(2)\vendor\codeigniter4\framework\system\View\View.php(217): CodeIgniter\View\View->CodeIgniter\View\{closure}()
#3 D:\ci-4(2)\vendor\codeigniter4\framework\system\Common.php(1092): CodeIgniter\View\View->render('register', Array, true)
#4 D:\ci-4(2)\app\Controllers\Register.php(11): view('register')
#5 D:\ci-4(2)\vendor\codeigniter4\framework\system\CodeIgniter.php(802): App\Controllers\Register->index()
#6 D:\ci-4(2)\vendor\codeigniter4\framework\system\CodeIgniter.php(399): CodeIgniter\CodeIgniter->runController(Object(App\Controllers\Register))
#7 D:\ci-4(2)\vendor\codeigniter4\framework\system\CodeIgniter.php(317): CodeIgniter\CodeIgniter->handleRequest(NULL, Object(Config\Cache), false)
#8 D:\ci-4(2)\public\index.php(37): CodeIgniter\CodeIgniter->run()
#9 D:\ci-4(2)\vendor\codeigniter4\framework\system\Commands\Server\rewrite.php(43): require_once('D:\\ci-4(2)\\publ...')
#10 {main}
CRITICAL - 2023-06-23 23:02:09 --> Invalid argument supplied for foreach()
#0 D:\ci-4(2)\app\Views\register.php(35): CodeIgniter\Debug\Exceptions->errorHandler(2, 'Invalid argumen...', 'D:\\ci-4(2)\\app\\...', 35, Array)
#1 D:\ci-4(2)\vendor\codeigniter4\framework\system\View\View.php(214): include('D:\\ci-4(2)\\app\\...')
#2 D:\ci-4(2)\vendor\codeigniter4\framework\system\View\View.php(217): CodeIgniter\View\View->CodeIgniter\View\{closure}()
#3 D:\ci-4(2)\vendor\codeigniter4\framework\system\Common.php(1092): CodeIgniter\View\View->render('register', Array, true)
#4 D:\ci-4(2)\app\Controllers\Register.php(11): view('register')
#5 D:\ci-4(2)\vendor\codeigniter4\framework\system\CodeIgniter.php(802): App\Controllers\Register->index()
#6 D:\ci-4(2)\vendor\codeigniter4\framework\system\CodeIgniter.php(399): CodeIgniter\CodeIgniter->runController(Object(App\Controllers\Register))
#7 D:\ci-4(2)\vendor\codeigniter4\framework\system\CodeIgniter.php(317): CodeIgniter\CodeIgniter->handleRequest(NULL, Object(Config\Cache), false)
#8 D:\ci-4(2)\public\index.php(37): CodeIgniter\CodeIgniter->run()
#9 D:\ci-4(2)\vendor\codeigniter4\framework\system\Commands\Server\rewrite.php(43): require_once('D:\\ci-4(2)\\publ...')
#10 {main}
