CRITICAL - 2023-06-25 05:25:22 --> Call to undefined function CodeIgniter\locale_set_default()
#0 D:\ci-4(2)\vendor\codeigniter4\framework\system\bootstrap.php(146): CodeIgniter\CodeIgniter->initialize()
#1 D:\ci-4(2)\spark(45): require('D:\\ci-4(2)\\vend...')
#2 {main}
CRITICAL - 2023-06-25 05:27:05 --> Call to undefined function CodeIgniter\locale_set_default()
#0 D:\ci-4(2)\vendor\codeigniter4\framework\system\bootstrap.php(146): CodeIgniter\CodeIgniter->initialize()
#1 D:\ci-4(2)\spark(45): require('D:\\ci-4(2)\\vend...')
#2 {main}
CRITICAL - 2023-06-25 08:17:41 --> Call to undefined function CodeIgniter\locale_set_default()
#0 D:\ci-4(2)\vendor\codeigniter4\framework\system\bootstrap.php(146): CodeIgniter\CodeIgniter->initialize()
#1 D:\ci-4(2)\spark(45): require('D:\\ci-4(2)\\vend...')
#2 {main}
CRITICAL - 2023-06-25 01:26:27 --> Invalid file: login.php
#0 D:\ci-4(2)\vendor\codeigniter4\framework\system\View\View.php(198): CodeIgniter\Exceptions\FrameworkException::forInvalidFile('login.php')
#1 D:\ci-4(2)\vendor\codeigniter4\framework\system\Common.php(1092): CodeIgniter\View\View->render('login', Array, true)
#2 D:\ci-4(2)\app\Controllers\Auth.php(29): view('login')
#3 D:\ci-4(2)\vendor\codeigniter4\framework\system\CodeIgniter.php(802): App\Controllers\Auth->login()
#4 D:\ci-4(2)\vendor\codeigniter4\framework\system\CodeIgniter.php(399): CodeIgniter\CodeIgniter->runController(Object(App\Controllers\Auth))
#5 D:\ci-4(2)\vendor\codeigniter4\framework\system\CodeIgniter.php(317): CodeIgniter\CodeIgniter->handleRequest(NULL, Object(Config\Cache), false)
#6 D:\ci-4(2)\public\index.php(37): CodeIgniter\CodeIgniter->run()
#7 D:\ci-4(2)\vendor\codeigniter4\framework\system\Commands\Server\rewrite.php(43): require_once('D:\\ci-4(2)\\publ...')
#8 {main}
CRITICAL - 2023-06-25 01:26:39 --> Invalid file: login.php
#0 D:\ci-4(2)\vendor\codeigniter4\framework\system\View\View.php(198): CodeIgniter\Exceptions\FrameworkException::forInvalidFile('login.php')
#1 D:\ci-4(2)\vendor\codeigniter4\framework\system\Common.php(1092): CodeIgniter\View\View->render('login', Array, true)
#2 D:\ci-4(2)\app\Controllers\Auth.php(29): view('login')
#3 D:\ci-4(2)\vendor\codeigniter4\framework\system\CodeIgniter.php(802): App\Controllers\Auth->login()
#4 D:\ci-4(2)\vendor\codeigniter4\framework\system\CodeIgniter.php(399): CodeIgniter\CodeIgniter->runController(Object(App\Controllers\Auth))
#5 D:\ci-4(2)\vendor\codeigniter4\framework\system\CodeIgniter.php(317): CodeIgniter\CodeIgniter->handleRequest(NULL, Object(Config\Cache), false)
#6 D:\ci-4(2)\public\index.php(37): CodeIgniter\CodeIgniter->run()
#7 D:\ci-4(2)\vendor\codeigniter4\framework\system\Commands\Server\rewrite.php(43): require_once('D:\\ci-4(2)\\publ...')
#8 {main}
