ERROR - 2021-09-22 00:09:36 --> Column 'id' cannot be null
ERROR - 2021-09-22 00:16:47 --> Column 'id' cannot be null
ERROR - 2021-09-22 01:00:15 --> Column 'id' cannot be null
ERROR - 2021-09-22 01:02:09 --> Column 'id' cannot be null
ERROR - 2021-09-22 01:04:09 --> Column 'id' cannot be null
CRITICAL - 2021-09-22 01:57:49 --> Invalid file: SuratMasuk/edit_suratmasuk.php
#0 C:\xampp\htdocs\pengarsipan\vendor\codeigniter4\framework\system\View\View.php(198): CodeIgniter\Exceptions\FrameworkException::forInvalidFile('SuratMasuk/edit...')
#1 C:\xampp\htdocs\pengarsipan\vendor\codeigniter4\framework\system\Common.php(1092): CodeIgniter\View\View->render('SuratMasuk/edit...', Array, true)
#2 C:\xampp\htdocs\pengarsipan\app\Controllers\SuratMasuk.php(43): view('SuratMasuk/edit...', Array)
#3 C:\xampp\htdocs\pengarsipan\vendor\codeigniter4\framework\system\CodeIgniter.php(802): App\Controllers\SuratMasuk->edit('001')
#4 C:\xampp\htdocs\pengarsipan\vendor\codeigniter4\framework\system\CodeIgniter.php(399): CodeIgniter\CodeIgniter->runController(Object(App\Controllers\SuratMasuk))
#5 C:\xampp\htdocs\pengarsipan\vendor\codeigniter4\framework\system\CodeIgniter.php(317): CodeIgniter\CodeIgniter->handleRequest(NULL, Object(Config\Cache), false)
#6 C:\xampp\htdocs\pengarsipan\public\index.php(37): CodeIgniter\CodeIgniter->run()
#7 C:\xampp\htdocs\pengarsipan\vendor\codeigniter4\framework\system\Commands\Server\rewrite.php(43): require_once('C:\\xampp\\htdocs...')
#8 {main}
CRITICAL - 2021-09-22 02:34:12 --> Invalid argument supplied for foreach()
#0 C:\xampp\htdocs\pengarsipan\app\Views\SuratMasuk\surat_masuk.php(47): CodeIgniter\Debug\Exceptions->errorHandler(2, 'Invalid argumen...', 'C:\\xampp\\htdocs...', 47, Array)
#1 C:\xampp\htdocs\pengarsipan\vendor\codeigniter4\framework\system\View\View.php(214): include('C:\\xampp\\htdocs...')
#2 C:\xampp\htdocs\pengarsipan\vendor\codeigniter4\framework\system\View\View.php(217): CodeIgniter\View\View->CodeIgniter\View\{closure}()
#3 C:\xampp\htdocs\pengarsipan\vendor\codeigniter4\framework\system\Common.php(1092): CodeIgniter\View\View->render('SuratMasuk/sura...', Array, true)
#4 C:\xampp\htdocs\pengarsipan\app\Controllers\SuratMasuk.php(36): view('SuratMasuk/sura...', Array)
#5 C:\xampp\htdocs\pengarsipan\vendor\codeigniter4\framework\system\CodeIgniter.php(802): App\Controllers\SuratMasuk->datasurat()
#6 C:\xampp\htdocs\pengarsipan\vendor\codeigniter4\framework\system\CodeIgniter.php(399): CodeIgniter\CodeIgniter->runController(Object(App\Controllers\SuratMasuk))
#7 C:\xampp\htdocs\pengarsipan\vendor\codeigniter4\framework\system\CodeIgniter.php(317): CodeIgniter\CodeIgniter->handleRequest(NULL, Object(Config\Cache), false)
#8 C:\xampp\htdocs\pengarsipan\public\index.php(37): CodeIgniter\CodeIgniter->run()
#9 C:\xampp\htdocs\pengarsipan\vendor\codeigniter4\framework\system\Commands\Server\rewrite.php(43): require_once('C:\\xampp\\htdocs...')
#10 {main}
CRITICAL - 2021-09-22 23:11:26 --> Too few arguments to function App\Controllers\SuratMasuk::proses_edit(), 0 passed in C:\xampp\htdocs\pengarsipan\vendor\codeigniter4\framework\system\CodeIgniter.php on line 802 and exactly 1 expected
#0 C:\xampp\htdocs\pengarsipan\vendor\codeigniter4\framework\system\CodeIgniter.php(802): App\Controllers\SuratMasuk->proses_edit()
#1 C:\xampp\htdocs\pengarsipan\vendor\codeigniter4\framework\system\CodeIgniter.php(399): CodeIgniter\CodeIgniter->runController(Object(App\Controllers\SuratMasuk))
#2 C:\xampp\htdocs\pengarsipan\vendor\codeigniter4\framework\system\CodeIgniter.php(317): CodeIgniter\CodeIgniter->handleRequest(NULL, Object(Config\Cache), false)
#3 C:\xampp\htdocs\pengarsipan\public\index.php(37): CodeIgniter\CodeIgniter->run()
#4 C:\xampp\htdocs\pengarsipan\vendor\codeigniter4\framework\system\Commands\Server\rewrite.php(43): require_once('C:\\xampp\\htdocs...')
#5 {main}
CRITICAL - 2021-09-22 23:36:26 --> Call to undefined function App\Controllers\getVar()
#0 C:\xampp\htdocs\pengarsipan\vendor\codeigniter4\framework\system\CodeIgniter.php(802): App\Controllers\SuratMasuk->proses_edit(' 002')
#1 C:\xampp\htdocs\pengarsipan\vendor\codeigniter4\framework\system\CodeIgniter.php(399): CodeIgniter\CodeIgniter->runController(Object(App\Controllers\SuratMasuk))
#2 C:\xampp\htdocs\pengarsipan\vendor\codeigniter4\framework\system\CodeIgniter.php(317): CodeIgniter\CodeIgniter->handleRequest(NULL, Object(Config\Cache), false)
#3 C:\xampp\htdocs\pengarsipan\public\index.php(37): CodeIgniter\CodeIgniter->run()
#4 C:\xampp\htdocs\pengarsipan\vendor\codeigniter4\framework\system\Commands\Server\rewrite.php(43): require_once('C:\\xampp\\htdocs...')
#5 {main}
CRITICAL - 2021-09-22 23:36:38 --> Call to undefined function App\Controllers\getVar()
#0 C:\xampp\htdocs\pengarsipan\vendor\codeigniter4\framework\system\CodeIgniter.php(802): App\Controllers\SuratMasuk->proses_edit(' 002')
#1 C:\xampp\htdocs\pengarsipan\vendor\codeigniter4\framework\system\CodeIgniter.php(399): CodeIgniter\CodeIgniter->runController(Object(App\Controllers\SuratMasuk))
#2 C:\xampp\htdocs\pengarsipan\vendor\codeigniter4\framework\system\CodeIgniter.php(317): CodeIgniter\CodeIgniter->handleRequest(NULL, Object(Config\Cache), false)
#3 C:\xampp\htdocs\pengarsipan\public\index.php(37): CodeIgniter\CodeIgniter->run()
#4 C:\xampp\htdocs\pengarsipan\vendor\codeigniter4\framework\system\Commands\Server\rewrite.php(43): require_once('C:\\xampp\\htdocs...')
#5 {main}
CRITICAL - 2021-09-22 23:36:41 --> Call to undefined function App\Controllers\getVar()
#0 C:\xampp\htdocs\pengarsipan\vendor\codeigniter4\framework\system\CodeIgniter.php(802): App\Controllers\SuratMasuk->proses_edit(' 002')
#1 C:\xampp\htdocs\pengarsipan\vendor\codeigniter4\framework\system\CodeIgniter.php(399): CodeIgniter\CodeIgniter->runController(Object(App\Controllers\SuratMasuk))
#2 C:\xampp\htdocs\pengarsipan\vendor\codeigniter4\framework\system\CodeIgniter.php(317): CodeIgniter\CodeIgniter->handleRequest(NULL, Object(Config\Cache), false)
#3 C:\xampp\htdocs\pengarsipan\public\index.php(37): CodeIgniter\CodeIgniter->run()
#4 C:\xampp\htdocs\pengarsipan\vendor\codeigniter4\framework\system\Commands\Server\rewrite.php(43): require_once('C:\\xampp\\htdocs...')
#5 {main}
CRITICAL - 2021-09-22 23:45:23 --> Call to undefined method CodeIgniter\HTTP\IncomingRequest::datasuratgetVar()
#0 C:\xampp\htdocs\pengarsipan\vendor\codeigniter4\framework\system\CodeIgniter.php(802): App\Controllers\SuratMasuk->proses_edit(' 003')
#1 C:\xampp\htdocs\pengarsipan\vendor\codeigniter4\framework\system\CodeIgniter.php(399): CodeIgniter\CodeIgniter->runController(Object(App\Controllers\SuratMasuk))
#2 C:\xampp\htdocs\pengarsipan\vendor\codeigniter4\framework\system\CodeIgniter.php(317): CodeIgniter\CodeIgniter->handleRequest(NULL, Object(Config\Cache), false)
#3 C:\xampp\htdocs\pengarsipan\public\index.php(37): CodeIgniter\CodeIgniter->run()
#4 C:\xampp\htdocs\pengarsipan\vendor\codeigniter4\framework\system\Commands\Server\rewrite.php(43): require_once('C:\\xampp\\htdocs...')
#5 {main}
CRITICAL - 2021-09-22 23:53:42 --> Call to undefined method CodeIgniter\HTTP\IncomingRequest::datasuratgetVar()
#0 C:\xampp\htdocs\pengarsipan\vendor\codeigniter4\framework\system\CodeIgniter.php(802): App\Controllers\SuratMasuk->proses_edit(' 003')
#1 C:\xampp\htdocs\pengarsipan\vendor\codeigniter4\framework\system\CodeIgniter.php(399): CodeIgniter\CodeIgniter->runController(Object(App\Controllers\SuratMasuk))
#2 C:\xampp\htdocs\pengarsipan\vendor\codeigniter4\framework\system\CodeIgniter.php(317): CodeIgniter\CodeIgniter->handleRequest(NULL, Object(Config\Cache), false)
#3 C:\xampp\htdocs\pengarsipan\public\index.php(37): CodeIgniter\CodeIgniter->run()
#4 C:\xampp\htdocs\pengarsipan\vendor\codeigniter4\framework\system\Commands\Server\rewrite.php(43): require_once('C:\\xampp\\htdocs...')
#5 {main}
