CRITICAL - 2021-09-21 01:54:57 --> Cannot declare class App\Controllers\ArsipMasuk, because the name is already in use
#0 [internal function]: CodeIgniter\Debug\Exceptions->shutdownHandler()
#1 {main}
CRITICAL - 2021-09-21 07:50:18 --> Invalid argument supplied for foreach()
#0 C:\Users\ACER\pengarsipan\app\Views\SuratMasuk\surat_masuk.php(35): CodeIgniter\Debug\Exceptions->errorHandler(2, 'Invalid argumen...', 'C:\\Users\\ACER\\p...', 35, Array)
#1 C:\Users\ACER\pengarsipan\vendor\codeigniter4\framework\system\View\View.php(214): include('C:\\Users\\ACER\\p...')
#2 C:\Users\ACER\pengarsipan\vendor\codeigniter4\framework\system\View\View.php(217): CodeIgniter\View\View->CodeIgniter\View\{closure}()
#3 C:\Users\ACER\pengarsipan\vendor\codeigniter4\framework\system\Common.php(1092): CodeIgniter\View\View->render('SuratMasuk/sura...', Array, true)
#4 C:\Users\ACER\pengarsipan\app\Controllers\SuratMasuk.php(12): view('SuratMasuk/sura...')
#5 C:\Users\ACER\pengarsipan\vendor\codeigniter4\framework\system\CodeIgniter.php(802): App\Controllers\SuratMasuk->index()
#6 C:\Users\ACER\pengarsipan\vendor\codeigniter4\framework\system\CodeIgniter.php(399): CodeIgniter\CodeIgniter->runController(Object(App\Controllers\SuratMasuk))
#7 C:\Users\ACER\pengarsipan\vendor\codeigniter4\framework\system\CodeIgniter.php(317): CodeIgniter\CodeIgniter->handleRequest(NULL, Object(Config\Cache), false)
#8 C:\Users\ACER\pengarsipan\public\index.php(37): CodeIgniter\CodeIgniter->run()
#9 C:\Users\ACER\pengarsipan\vendor\codeigniter4\framework\system\Commands\Server\rewrite.php(43): require_once('C:\\Users\\ACER\\p...')
#10 {main}
CRITICAL - 2021-09-21 07:50:33 --> Invalid argument supplied for foreach()
#0 C:\Users\ACER\pengarsipan\app\Views\SuratMasuk\surat_masuk.php(35): CodeIgniter\Debug\Exceptions->errorHandler(2, 'Invalid argumen...', 'C:\\Users\\ACER\\p...', 35, Array)
#1 C:\Users\ACER\pengarsipan\vendor\codeigniter4\framework\system\View\View.php(214): include('C:\\Users\\ACER\\p...')
#2 C:\Users\ACER\pengarsipan\vendor\codeigniter4\framework\system\View\View.php(217): CodeIgniter\View\View->CodeIgniter\View\{closure}()
#3 C:\Users\ACER\pengarsipan\vendor\codeigniter4\framework\system\Common.php(1092): CodeIgniter\View\View->render('SuratMasuk/sura...', Array, true)
#4 C:\Users\ACER\pengarsipan\app\Controllers\SuratMasuk.php(12): view('SuratMasuk/sura...')
#5 C:\Users\ACER\pengarsipan\vendor\codeigniter4\framework\system\CodeIgniter.php(802): App\Controllers\SuratMasuk->index()
#6 C:\Users\ACER\pengarsipan\vendor\codeigniter4\framework\system\CodeIgniter.php(399): CodeIgniter\CodeIgniter->runController(Object(App\Controllers\SuratMasuk))
#7 C:\Users\ACER\pengarsipan\vendor\codeigniter4\framework\system\CodeIgniter.php(317): CodeIgniter\CodeIgniter->handleRequest(NULL, Object(Config\Cache), false)
#8 C:\Users\ACER\pengarsipan\public\index.php(37): CodeIgniter\CodeIgniter->run()
#9 C:\Users\ACER\pengarsipan\vendor\codeigniter4\framework\system\Commands\Server\rewrite.php(43): require_once('C:\\Users\\ACER\\p...')
#10 {main}
CRITICAL - 2021-09-21 07:50:51 --> Invalid argument supplied for foreach()
#0 C:\Users\ACER\pengarsipan\app\Views\SuratMasuk\surat_masuk.php(35): CodeIgniter\Debug\Exceptions->errorHandler(2, 'Invalid argumen...', 'C:\\Users\\ACER\\p...', 35, Array)
#1 C:\Users\ACER\pengarsipan\vendor\codeigniter4\framework\system\View\View.php(214): include('C:\\Users\\ACER\\p...')
#2 C:\Users\ACER\pengarsipan\vendor\codeigniter4\framework\system\View\View.php(217): CodeIgniter\View\View->CodeIgniter\View\{closure}()
#3 C:\Users\ACER\pengarsipan\vendor\codeigniter4\framework\system\Common.php(1092): CodeIgniter\View\View->render('SuratMasuk/sura...', Array, true)
#4 C:\Users\ACER\pengarsipan\app\Controllers\SuratMasuk.php(12): view('SuratMasuk/sura...')
#5 C:\Users\ACER\pengarsipan\vendor\codeigniter4\framework\system\CodeIgniter.php(802): App\Controllers\SuratMasuk->index()
#6 C:\Users\ACER\pengarsipan\vendor\codeigniter4\framework\system\CodeIgniter.php(399): CodeIgniter\CodeIgniter->runController(Object(App\Controllers\SuratMasuk))
#7 C:\Users\ACER\pengarsipan\vendor\codeigniter4\framework\system\CodeIgniter.php(317): CodeIgniter\CodeIgniter->handleRequest(NULL, Object(Config\Cache), false)
#8 C:\Users\ACER\pengarsipan\public\index.php(37): CodeIgniter\CodeIgniter->run()
#9 C:\Users\ACER\pengarsipan\vendor\codeigniter4\framework\system\Commands\Server\rewrite.php(43): require_once('C:\\Users\\ACER\\p...')
#10 {main}
CRITICAL - 2021-09-21 07:51:58 --> Invalid argument supplied for foreach()
#0 C:\Users\ACER\pengarsipan\app\Views\SuratMasuk\surat_masuk.php(35): CodeIgniter\Debug\Exceptions->errorHandler(2, 'Invalid argumen...', 'C:\\Users\\ACER\\p...', 35, Array)
#1 C:\Users\ACER\pengarsipan\vendor\codeigniter4\framework\system\View\View.php(214): include('C:\\Users\\ACER\\p...')
#2 C:\Users\ACER\pengarsipan\vendor\codeigniter4\framework\system\View\View.php(217): CodeIgniter\View\View->CodeIgniter\View\{closure}()
#3 C:\Users\ACER\pengarsipan\vendor\codeigniter4\framework\system\Common.php(1092): CodeIgniter\View\View->render('SuratMasuk/sura...', Array, true)
#4 C:\Users\ACER\pengarsipan\app\Controllers\SuratMasuk.php(12): view('SuratMasuk/sura...')
#5 C:\Users\ACER\pengarsipan\vendor\codeigniter4\framework\system\CodeIgniter.php(802): App\Controllers\SuratMasuk->index()
#6 C:\Users\ACER\pengarsipan\vendor\codeigniter4\framework\system\CodeIgniter.php(399): CodeIgniter\CodeIgniter->runController(Object(App\Controllers\SuratMasuk))
#7 C:\Users\ACER\pengarsipan\vendor\codeigniter4\framework\system\CodeIgniter.php(317): CodeIgniter\CodeIgniter->handleRequest(NULL, Object(Config\Cache), false)
#8 C:\Users\ACER\pengarsipan\public\index.php(37): CodeIgniter\CodeIgniter->run()
#9 C:\Users\ACER\pengarsipan\vendor\codeigniter4\framework\system\Commands\Server\rewrite.php(43): require_once('C:\\Users\\ACER\\p...')
#10 {main}
CRITICAL - 2021-09-21 07:53:49 --> Invalid argument supplied for foreach()
#0 C:\Users\ACER\pengarsipan\app\Views\SuratMasuk\surat_masuk.php(35): CodeIgniter\Debug\Exceptions->errorHandler(2, 'Invalid argumen...', 'C:\\Users\\ACER\\p...', 35, Array)
#1 C:\Users\ACER\pengarsipan\vendor\codeigniter4\framework\system\View\View.php(214): include('C:\\Users\\ACER\\p...')
#2 C:\Users\ACER\pengarsipan\vendor\codeigniter4\framework\system\View\View.php(217): CodeIgniter\View\View->CodeIgniter\View\{closure}()
#3 C:\Users\ACER\pengarsipan\vendor\codeigniter4\framework\system\Common.php(1092): CodeIgniter\View\View->render('SuratMasuk/sura...', Array, true)
#4 C:\Users\ACER\pengarsipan\app\Controllers\SuratMasuk.php(12): view('SuratMasuk/sura...')
#5 C:\Users\ACER\pengarsipan\vendor\codeigniter4\framework\system\CodeIgniter.php(802): App\Controllers\SuratMasuk->index()
#6 C:\Users\ACER\pengarsipan\vendor\codeigniter4\framework\system\CodeIgniter.php(399): CodeIgniter\CodeIgniter->runController(Object(App\Controllers\SuratMasuk))
#7 C:\Users\ACER\pengarsipan\vendor\codeigniter4\framework\system\CodeIgniter.php(317): CodeIgniter\CodeIgniter->handleRequest(NULL, Object(Config\Cache), false)
#8 C:\Users\ACER\pengarsipan\public\index.php(37): CodeIgniter\CodeIgniter->run()
#9 C:\Users\ACER\pengarsipan\vendor\codeigniter4\framework\system\Commands\Server\rewrite.php(43): require_once('C:\\Users\\ACER\\p...')
#10 {main}
CRITICAL - 2021-09-21 07:56:26 --> Invalid argument supplied for foreach()
#0 C:\Users\ACER\pengarsipan\app\Views\SuratMasuk\surat_masuk.php(35): CodeIgniter\Debug\Exceptions->errorHandler(2, 'Invalid argumen...', 'C:\\Users\\ACER\\p...', 35, Array)
#1 C:\Users\ACER\pengarsipan\vendor\codeigniter4\framework\system\View\View.php(214): include('C:\\Users\\ACER\\p...')
#2 C:\Users\ACER\pengarsipan\vendor\codeigniter4\framework\system\View\View.php(217): CodeIgniter\View\View->CodeIgniter\View\{closure}()
#3 C:\Users\ACER\pengarsipan\vendor\codeigniter4\framework\system\Common.php(1092): CodeIgniter\View\View->render('SuratMasuk/sura...', Array, true)
#4 C:\Users\ACER\pengarsipan\app\Controllers\SuratMasuk.php(12): view('SuratMasuk/sura...')
#5 C:\Users\ACER\pengarsipan\vendor\codeigniter4\framework\system\CodeIgniter.php(802): App\Controllers\SuratMasuk->index()
#6 C:\Users\ACER\pengarsipan\vendor\codeigniter4\framework\system\CodeIgniter.php(399): CodeIgniter\CodeIgniter->runController(Object(App\Controllers\SuratMasuk))
#7 C:\Users\ACER\pengarsipan\vendor\codeigniter4\framework\system\CodeIgniter.php(317): CodeIgniter\CodeIgniter->handleRequest(NULL, Object(Config\Cache), false)
#8 C:\Users\ACER\pengarsipan\public\index.php(37): CodeIgniter\CodeIgniter->run()
#9 C:\Users\ACER\pengarsipan\vendor\codeigniter4\framework\system\Commands\Server\rewrite.php(43): require_once('C:\\Users\\ACER\\p...')
#10 {main}
CRITICAL - 2021-09-21 08:19:50 --> Invalid file: surat_masuk.php
#0 C:\Users\ACER\pengarsipan\vendor\codeigniter4\framework\system\View\View.php(198): CodeIgniter\Exceptions\FrameworkException::forInvalidFile('surat_masuk.php')
#1 C:\Users\ACER\pengarsipan\vendor\codeigniter4\framework\system\Common.php(1092): CodeIgniter\View\View->render('surat_masuk', Array, true)
#2 C:\Users\ACER\pengarsipan\app\Controllers\SuratMasuk.php(17): view('surat_masuk', Array)
#3 C:\Users\ACER\pengarsipan\vendor\codeigniter4\framework\system\CodeIgniter.php(802): App\Controllers\SuratMasuk->datasuratmasuk()
#4 C:\Users\ACER\pengarsipan\vendor\codeigniter4\framework\system\CodeIgniter.php(399): CodeIgniter\CodeIgniter->runController(Object(App\Controllers\SuratMasuk))
#5 C:\Users\ACER\pengarsipan\vendor\codeigniter4\framework\system\CodeIgniter.php(317): CodeIgniter\CodeIgniter->handleRequest(NULL, Object(Config\Cache), false)
#6 C:\Users\ACER\pengarsipan\public\index.php(37): CodeIgniter\CodeIgniter->run()
#7 C:\Users\ACER\pengarsipan\vendor\codeigniter4\framework\system\Commands\Server\rewrite.php(43): require_once('C:\\Users\\ACER\\p...')
#8 {main}
CRITICAL - 2021-09-21 08:20:28 --> Invalid file: surat_masuk.php
#0 C:\Users\ACER\pengarsipan\vendor\codeigniter4\framework\system\View\View.php(198): CodeIgniter\Exceptions\FrameworkException::forInvalidFile('surat_masuk.php')
#1 C:\Users\ACER\pengarsipan\vendor\codeigniter4\framework\system\Common.php(1092): CodeIgniter\View\View->render('surat_masuk', Array, true)
#2 C:\Users\ACER\pengarsipan\app\Controllers\SuratMasuk.php(17): view('surat_masuk', Array)
#3 C:\Users\ACER\pengarsipan\vendor\codeigniter4\framework\system\CodeIgniter.php(802): App\Controllers\SuratMasuk->datasuratmasuk()
#4 C:\Users\ACER\pengarsipan\vendor\codeigniter4\framework\system\CodeIgniter.php(399): CodeIgniter\CodeIgniter->runController(Object(App\Controllers\SuratMasuk))
#5 C:\Users\ACER\pengarsipan\vendor\codeigniter4\framework\system\CodeIgniter.php(317): CodeIgniter\CodeIgniter->handleRequest(NULL, Object(Config\Cache), false)
#6 C:\Users\ACER\pengarsipan\public\index.php(37): CodeIgniter\CodeIgniter->run()
#7 C:\Users\ACER\pengarsipan\vendor\codeigniter4\framework\system\Commands\Server\rewrite.php(43): require_once('C:\\Users\\ACER\\p...')
#8 {main}
CRITICAL - 2021-09-21 08:58:21 --> Invalid file: input_surat_masuk.php
#0 C:\Users\ACER\pengarsipan\vendor\codeigniter4\framework\system\View\View.php(198): CodeIgniter\Exceptions\FrameworkException::forInvalidFile('input_surat_mas...')
#1 C:\Users\ACER\pengarsipan\vendor\codeigniter4\framework\system\Common.php(1092): CodeIgniter\View\View->render('input_surat_mas...', Array, true)
#2 C:\Users\ACER\pengarsipan\app\Controllers\SuratMasuk.php(21): view('input_surat_mas...')
#3 C:\Users\ACER\pengarsipan\vendor\codeigniter4\framework\system\CodeIgniter.php(802): App\Controllers\SuratMasuk->input()
#4 C:\Users\ACER\pengarsipan\vendor\codeigniter4\framework\system\CodeIgniter.php(399): CodeIgniter\CodeIgniter->runController(Object(App\Controllers\SuratMasuk))
#5 C:\Users\ACER\pengarsipan\vendor\codeigniter4\framework\system\CodeIgniter.php(317): CodeIgniter\CodeIgniter->handleRequest(NULL, Object(Config\Cache), false)
#6 C:\Users\ACER\pengarsipan\public\index.php(37): CodeIgniter\CodeIgniter->run()
#7 C:\Users\ACER\pengarsipan\vendor\codeigniter4\framework\system\Commands\Server\rewrite.php(43): require_once('C:\\Users\\ACER\\p...')
#8 {main}
CRITICAL - 2021-09-21 09:01:02 --> Invalid file: input_surat_masuk.php
#0 C:\Users\ACER\pengarsipan\vendor\codeigniter4\framework\system\View\View.php(198): CodeIgniter\Exceptions\FrameworkException::forInvalidFile('input_surat_mas...')
#1 C:\Users\ACER\pengarsipan\vendor\codeigniter4\framework\system\Common.php(1092): CodeIgniter\View\View->render('input_surat_mas...', Array, true)
#2 C:\Users\ACER\pengarsipan\app\Controllers\SuratMasuk.php(21): view('input_surat_mas...')
#3 C:\Users\ACER\pengarsipan\vendor\codeigniter4\framework\system\CodeIgniter.php(802): App\Controllers\SuratMasuk->input()
#4 C:\Users\ACER\pengarsipan\vendor\codeigniter4\framework\system\CodeIgniter.php(399): CodeIgniter\CodeIgniter->runController(Object(App\Controllers\SuratMasuk))
#5 C:\Users\ACER\pengarsipan\vendor\codeigniter4\framework\system\CodeIgniter.php(317): CodeIgniter\CodeIgniter->handleRequest(NULL, Object(Config\Cache), false)
#6 C:\Users\ACER\pengarsipan\public\index.php(37): CodeIgniter\CodeIgniter->run()
#7 C:\Users\ACER\pengarsipan\vendor\codeigniter4\framework\system\Commands\Server\rewrite.php(43): require_once('C:\\Users\\ACER\\p...')
#8 {main}
ERROR - 2021-09-21 21:03:35 --> Column 'id' cannot be null
ERROR - 2021-09-21 21:07:50 --> Column 'id' cannot be null
ERROR - 2021-09-21 21:10:24 --> Column 'id' cannot be null
ERROR - 2021-09-21 21:11:41 --> Column 'id' cannot be null
ERROR - 2021-09-21 21:13:13 --> Column 'id' cannot be null
ERROR - 2021-09-21 21:14:23 --> Column 'id' cannot be null
ERROR - 2021-09-21 21:15:52 --> Column 'id' cannot be null
CRITICAL - 2021-09-21 21:22:01 --> Invalid file: home.php
#0 C:\xampp\htdocs\pengarsipan\vendor\codeigniter4\framework\system\View\View.php(198): CodeIgniter\Exceptions\FrameworkException::forInvalidFile('home.php')
#1 C:\xampp\htdocs\pengarsipan\vendor\codeigniter4\framework\system\Common.php(1092): CodeIgniter\View\View->render('home', Array, true)
#2 C:\xampp\htdocs\pengarsipan\app\Controllers\Home.php(9): view('home')
#3 C:\xampp\htdocs\pengarsipan\vendor\codeigniter4\framework\system\CodeIgniter.php(802): App\Controllers\Home->index()
#4 C:\xampp\htdocs\pengarsipan\vendor\codeigniter4\framework\system\CodeIgniter.php(399): CodeIgniter\CodeIgniter->runController(Object(App\Controllers\Home))
#5 C:\xampp\htdocs\pengarsipan\vendor\codeigniter4\framework\system\CodeIgniter.php(317): CodeIgniter\CodeIgniter->handleRequest(NULL, Object(Config\Cache), false)
#6 C:\xampp\htdocs\pengarsipan\public\index.php(37): CodeIgniter\CodeIgniter->run()
#7 {main}
CRITICAL - 2021-09-21 21:22:05 --> Invalid file: home.php
#0 C:\xampp\htdocs\pengarsipan\vendor\codeigniter4\framework\system\View\View.php(198): CodeIgniter\Exceptions\FrameworkException::forInvalidFile('home.php')
#1 C:\xampp\htdocs\pengarsipan\vendor\codeigniter4\framework\system\Common.php(1092): CodeIgniter\View\View->render('home', Array, true)
#2 C:\xampp\htdocs\pengarsipan\app\Controllers\Home.php(9): view('home')
#3 C:\xampp\htdocs\pengarsipan\vendor\codeigniter4\framework\system\CodeIgniter.php(802): App\Controllers\Home->index()
#4 C:\xampp\htdocs\pengarsipan\vendor\codeigniter4\framework\system\CodeIgniter.php(399): CodeIgniter\CodeIgniter->runController(Object(App\Controllers\Home))
#5 C:\xampp\htdocs\pengarsipan\vendor\codeigniter4\framework\system\CodeIgniter.php(317): CodeIgniter\CodeIgniter->handleRequest(NULL, Object(Config\Cache), false)
#6 C:\xampp\htdocs\pengarsipan\public\index.php(37): CodeIgniter\CodeIgniter->run()
#7 C:\xampp\htdocs\pengarsipan\vendor\codeigniter4\framework\system\Commands\Server\rewrite.php(43): require_once('C:\\xampp\\htdocs...')
#8 {main}
ERROR - 2021-09-21 21:22:51 --> Column 'id' cannot be null
CRITICAL - 2021-09-21 23:04:01 --> Invalid file: home.php
#0 C:\xampp\htdocs\pengarsipan\vendor\codeigniter4\framework\system\View\View.php(198): CodeIgniter\Exceptions\FrameworkException::forInvalidFile('home.php')
#1 C:\xampp\htdocs\pengarsipan\vendor\codeigniter4\framework\system\Common.php(1092): CodeIgniter\View\View->render('home', Array, true)
#2 C:\xampp\htdocs\pengarsipan\app\Controllers\Home.php(9): view('home')
#3 C:\xampp\htdocs\pengarsipan\vendor\codeigniter4\framework\system\CodeIgniter.php(802): App\Controllers\Home->index()
#4 C:\xampp\htdocs\pengarsipan\vendor\codeigniter4\framework\system\CodeIgniter.php(399): CodeIgniter\CodeIgniter->runController(Object(App\Controllers\Home))
#5 C:\xampp\htdocs\pengarsipan\vendor\codeigniter4\framework\system\CodeIgniter.php(317): CodeIgniter\CodeIgniter->handleRequest(NULL, Object(Config\Cache), false)
#6 C:\xampp\htdocs\pengarsipan\public\index.php(37): CodeIgniter\CodeIgniter->run()
#7 C:\xampp\htdocs\pengarsipan\vendor\codeigniter4\framework\system\Commands\Server\rewrite.php(43): require_once('C:\\xampp\\htdocs...')
#8 {main}
ERROR - 2021-09-21 23:59:52 --> Column 'id' cannot be null
