CRITICAL - 2021-11-03 21:35:15 --> Invalid file: cek_email.php
#0 C:\xampp\htdocs\pengarsipan\vendor\codeigniter4\framework\system\View\View.php(198): CodeIgniter\Exceptions\FrameworkException::forInvalidFile('cek_email.php')
#1 C:\xampp\htdocs\pengarsipan\vendor\codeigniter4\framework\system\Common.php(1092): CodeIgniter\View\View->render('cek_email', Array, true)
#2 C:\xampp\htdocs\pengarsipan\app\Controllers\Auth.php(43): view('cek_email')
#3 C:\xampp\htdocs\pengarsipan\vendor\codeigniter4\framework\system\CodeIgniter.php(802): App\Controllers\Auth->cekemail()
#4 C:\xampp\htdocs\pengarsipan\vendor\codeigniter4\framework\system\CodeIgniter.php(399): CodeIgniter\CodeIgniter->runController(Object(App\Controllers\Auth))
#5 C:\xampp\htdocs\pengarsipan\vendor\codeigniter4\framework\system\CodeIgniter.php(317): CodeIgniter\CodeIgniter->handleRequest(NULL, Object(Config\Cache), false)
#6 C:\xampp\htdocs\pengarsipan\public\index.php(37): CodeIgniter\CodeIgniter->run()
#7 C:\xampp\htdocs\pengarsipan\vendor\codeigniter4\framework\system\Commands\Server\rewrite.php(43): require_once('C:\\xampp\\htdocs...')
#8 {main}
CRITICAL - 2021-11-03 21:44:46 --> Undefined index: username
#0 C:\xampp\htdocs\pengarsipan\app\Controllers\Auth.php(44): CodeIgniter\Debug\Exceptions->errorHandler(8, 'Undefined index...', 'C:\\xampp\\htdocs...', 44, Array)
#1 C:\xampp\htdocs\pengarsipan\vendor\codeigniter4\framework\system\CodeIgniter.php(802): App\Controllers\Auth->cekusername()
#2 C:\xampp\htdocs\pengarsipan\vendor\codeigniter4\framework\system\CodeIgniter.php(399): CodeIgniter\CodeIgniter->runController(Object(App\Controllers\Auth))
#3 C:\xampp\htdocs\pengarsipan\vendor\codeigniter4\framework\system\CodeIgniter.php(317): CodeIgniter\CodeIgniter->handleRequest(NULL, Object(Config\Cache), false)
#4 C:\xampp\htdocs\pengarsipan\public\index.php(37): CodeIgniter\CodeIgniter->run()
#5 C:\xampp\htdocs\pengarsipan\vendor\codeigniter4\framework\system\Commands\Server\rewrite.php(43): require_once('C:\\xampp\\htdocs...')
#6 {main}
CRITICAL - 2021-11-03 22:39:15 --> syntax error, unexpected ':', expecting ',' or ';'
#0 C:\xampp\htdocs\pengarsipan\vendor\codeigniter4\framework\system\View\View.php(217): CodeIgniter\View\View->CodeIgniter\View\{closure}()
#1 C:\xampp\htdocs\pengarsipan\vendor\codeigniter4\framework\system\Common.php(1092): CodeIgniter\View\View->render('login', Array, true)
#2 C:\xampp\htdocs\pengarsipan\app\Controllers\Auth.php(29): view('login')
#3 C:\xampp\htdocs\pengarsipan\vendor\codeigniter4\framework\system\CodeIgniter.php(802): App\Controllers\Auth->login()
#4 C:\xampp\htdocs\pengarsipan\vendor\codeigniter4\framework\system\CodeIgniter.php(399): CodeIgniter\CodeIgniter->runController(Object(App\Controllers\Auth))
#5 C:\xampp\htdocs\pengarsipan\vendor\codeigniter4\framework\system\CodeIgniter.php(317): CodeIgniter\CodeIgniter->handleRequest(NULL, Object(Config\Cache), false)
#6 C:\xampp\htdocs\pengarsipan\public\index.php(37): CodeIgniter\CodeIgniter->run()
#7 C:\xampp\htdocs\pengarsipan\vendor\codeigniter4\framework\system\Commands\Server\rewrite.php(43): require_once('C:\\xampp\\htdocs...')
#8 {main}
CRITICAL - 2021-11-03 23:21:17 --> Too few arguments to function App\Controllers\Auth::proses_edit_password(), 0 passed in C:\xampp\htdocs\pengarsipan\vendor\codeigniter4\framework\system\CodeIgniter.php on line 802 and exactly 1 expected
#0 C:\xampp\htdocs\pengarsipan\vendor\codeigniter4\framework\system\CodeIgniter.php(802): App\Controllers\Auth->proses_edit_password()
#1 C:\xampp\htdocs\pengarsipan\vendor\codeigniter4\framework\system\CodeIgniter.php(399): CodeIgniter\CodeIgniter->runController(Object(App\Controllers\Auth))
#2 C:\xampp\htdocs\pengarsipan\vendor\codeigniter4\framework\system\CodeIgniter.php(317): CodeIgniter\CodeIgniter->handleRequest(NULL, Object(Config\Cache), false)
#3 C:\xampp\htdocs\pengarsipan\public\index.php(37): CodeIgniter\CodeIgniter->run()
#4 C:\xampp\htdocs\pengarsipan\vendor\codeigniter4\framework\system\Commands\Server\rewrite.php(43): require_once('C:\\xampp\\htdocs...')
#5 {main}
CRITICAL - 2021-11-03 23:22:58 --> Too few arguments to function App\Controllers\Auth::proses_edit_password(), 0 passed in C:\xampp\htdocs\pengarsipan\vendor\codeigniter4\framework\system\CodeIgniter.php on line 802 and exactly 1 expected
#0 C:\xampp\htdocs\pengarsipan\vendor\codeigniter4\framework\system\CodeIgniter.php(802): App\Controllers\Auth->proses_edit_password()
#1 C:\xampp\htdocs\pengarsipan\vendor\codeigniter4\framework\system\CodeIgniter.php(399): CodeIgniter\CodeIgniter->runController(Object(App\Controllers\Auth))
#2 C:\xampp\htdocs\pengarsipan\vendor\codeigniter4\framework\system\CodeIgniter.php(317): CodeIgniter\CodeIgniter->handleRequest(NULL, Object(Config\Cache), false)
#3 C:\xampp\htdocs\pengarsipan\public\index.php(37): CodeIgniter\CodeIgniter->run()
#4 C:\xampp\htdocs\pengarsipan\vendor\codeigniter4\framework\system\Commands\Server\rewrite.php(43): require_once('C:\\xampp\\htdocs...')
#5 {main}
